09:28:09.423 [main                     ] DEBUG Logger               - Configured Logger
09:28:09.445 [main                     ] DEBUG GameApplication      - Logging settings
Title: Don't Jump in Lava
Version: 0.0
Width: 960
Height: 540
Fullscreen: false
Intro: false
Profiling: false
Single step:false
App Mode: DEVELOPER
Menu Key: ESCAPE
Stage Style: DECORATED
Scene Factory: class com.almasb.fxgl.app.scene.SceneFactory

09:28:09.814 [JavaFX Application Thread] DEBUG FXGLApplication      - Initializing FXGL
09:28:09.817 [JavaFX Application Thread] INFO  Engine               - FXGL-21.1 (27.03.2024 07.52) on WINDOWS (J:21.0.8 FX:17.0.1)
09:28:09.817 [JavaFX Application Thread] DEBUG Engine               - JRE Vendor Name: Eclipse Adoptium
09:28:09.818 [JavaFX Application Thread] DEBUG Engine               - Running on OS: Windows 11 version 10.0
09:28:09.818 [JavaFX Application Thread] DEBUG Engine               - Architecture: amd64
09:28:09.818 [JavaFX Application Thread] INFO  Engine               - Source code and latest versions at: https://github.com/AlmasB/FXGL
09:28:09.818 [JavaFX Application Thread] INFO  Engine               -       Ask questions and discuss at: https://github.com/AlmasB/FXGL/discussions
09:28:09.818 [JavaFX Application Thread] INFO  Engine               -              Join the FXGL chat at: https://gitter.im/AlmasB/FXGL
09:28:09.874 [JavaFX Application Thread] DEBUG PrimaryStageWindow   - Creating a JavaFX scene
09:28:09.903 [JavaFX Application Thread] DEBUG PrimaryStageWindow   - Target settings size: 960.0 x 540.0
09:28:09.904 [JavaFX Application Thread] DEBUG PrimaryStageWindow   - Scaled scene size:    960.0 x 540.0
09:28:09.904 [JavaFX Application Thread] DEBUG PrimaryStageWindow   - Scaled ratio: (1.0, 1.0)
09:28:09.904 [JavaFX Application Thread] DEBUG PrimaryStageWindow   - Set initial scene to FXGLStartupScene
09:28:09.909 [JavaFX Application Thread] DEBUG PrimaryStageWindow   - Opening main window
09:28:09.969 [JavaFX Application Thread] DEBUG PrimaryStageWindow   - Window border size: (16.0, 39.0)
09:28:09.969 [JavaFX Application Thread] DEBUG PrimaryStageWindow   - Scaled size: 960.0 x 540.0
09:28:09.969 [JavaFX Application Thread] DEBUG PrimaryStageWindow   - Scaled ratio: (1.0, 1.0)
09:28:09.969 [JavaFX Application Thread] DEBUG PrimaryStageWindow   - Scene size: 960.0 x 540.0
09:28:09.969 [JavaFX Application Thread] DEBUG PrimaryStageWindow   - Stage size: 976.0 x 579.0
09:28:09.976 [FXGL Background Thread 1 ] DEBUG Engine               - Initializing environment variables
09:28:10.015 [FXGL Background Thread 1 ] DEBUG FXGLAssetLoaderServi - User app class for loading assets: class com.dontjumpinlava.Main
09:28:10.015 [FXGL Background Thread 1 ] DEBUG GameApplicationServi - Applying CSS: fxgl_dark.css
09:28:10.015 [FXGL Background Thread 1 ] DEBUG FXGLAssetLoaderServi - Loading from file system: jar:file:/C:/Users/MichaelMgbeojirikwe/.m2/repository/com/github/almasb/fxgl/21.1/fxgl-21.1.jar!/fxglassets/ui/css/fxgl_dark.css
09:28:10.041 [FXGL Background Thread 1 ] DEBUG GameApplicationServi - Initializing application scenes
09:28:10.082 [FXGL Background Thread 1 ] DEBUG GameWorld            - Game world initialized
09:28:10.140 [FXGL Background Thread 1 ] DEBUG PhysicsWorld         - Physics world initialized: appHeight=540, physics.ppm=50.0
09:28:10.140 [FXGL Background Thread 1 ] DEBUG PhysicsWorld         - Using strategy: BRUTE_FORCE
09:28:10.143 [FXGL Background Thread 1 ] DEBUG GameScene            - Game scene initialized: 960x540
09:28:10.152 [FXGL Background Thread 1 ] WARN  FXGL.DefaultMenu     - FXGLDefaultMenu is not designed for resolutions < 800x600
09:28:10.152 [FXGL Background Thread 1 ] DEBUG FXGL.DefaultMenu     - createMenuBodyGameMenu()
09:28:10.162 [FXGL Background Thread 1 ] DEBUG FXGL.DefaultMenu     - createOptionsMenu()
09:28:10.171 [FXGL Background Thread 1 ] DEBUG FXGLAssetLoaderServi - Loading from file system: jar:file:/C:/Users/MichaelMgbeojirikwe/.m2/repository/com/github/almasb/fxgl/21.1/fxgl-21.1.jar!/fxglassets/textures/particles/smoke.png
09:28:10.257 [FXGL Background Thread 1 ] DEBUG FXGLAssetLoaderServi - Loading from file system: jar:file:/C:/Users/MichaelMgbeojirikwe/.m2/repository/com/github/almasb/fxgl/21.1/fxgl-21.1.jar!/fxglassets/textures/particles/trace_horizontal.png
09:28:10.273 [FXGL Background Thread 1 ] DEBUG GameApplicationServi - Application scenes initialized
09:28:10.282 [FXGL Background Thread 1 ] DEBUG SystemBundleService  - Loading FXGL system data
09:28:10.286 [FXGL Background Thread 1 ] DEBUG FileSystemAccess     - Reading from: C:\Users\MichaelMgbeojirikwe\OneDrive - NYC Public Schools\Desktop\Java\games\dontjumpinlava\system\fxgl.bundle
09:28:10.293 [FXGL Background Thread 1 ] DEBUG SystemBundleService  - Bundle FXGL: {}
09:28:10.293 [FXGL Background Thread 1 ] DEBUG UpdaterService       - Checking for updates
09:28:10.296 [FXGL Background Thread 4 ] DEBUG FXGLApplication      - Loading fonts
09:28:10.296 [FXGL Background Thread 4 ] DEBUG FXGLAssetLoaderServi - Loading from file system: jar:file:/C:/Users/MichaelMgbeojirikwe/.m2/repository/com/github/almasb/fxgl/21.1/fxgl-21.1.jar!/fxglassets/ui/fonts/VarelaRound-Regular.ttf
09:28:10.296 [FXGL Background Thread 1 ] DEBUG FXGLApplication      - Loading default localization
09:28:10.297 [FXGL Background Thread 1 ] DEBUG FXGLAssetLoaderServi - Loading from file system: jar:file:/C:/Users/MichaelMgbeojirikwe/.m2/repository/com/github/almasb/fxgl/21.1/fxgl-21.1.jar!/fxglassets/languages/english.lang
09:28:10.336 [FXGL Background Thread 1 ] INFO  FXGLApplication      - FXGL initialization took: 0.360 sec
09:28:10.337 [FXGL Background Thread 4 ] DEBUG FXGLAssetLoaderServi - Loading from file system: jar:file:/C:/Users/MichaelMgbeojirikwe/.m2/repository/com/github/almasb/fxgl/21.1/fxgl-21.1.jar!/fxglassets/ui/fonts/Abel-Regular.ttf
09:28:10.341 [FXGL Background Thread 4 ] DEBUG FXGLAssetLoaderServi - Loading from file system: jar:file:/C:/Users/MichaelMgbeojirikwe/.m2/repository/com/github/almasb/fxgl/21.1/fxgl-21.1.jar!/fxglassets/ui/fonts/TerminalLandMono-Regular.otf
09:28:10.341 [JavaFX Application Thread] DEBUG Input                - Registered new binding: Right - Right
09:28:10.341 [JavaFX Application Thread] DEBUG Input                - Registered new binding: Left - Left
09:28:10.341 [JavaFX Application Thread] DEBUG Input                - Registered new binding: Up - Up
09:28:10.341 [JavaFX Application Thread] DEBUG Input                - Registered new binding: Down - Down
09:28:10.341 [JavaFX Application Thread] DEBUG FXGLAssetLoaderServi - Loading from file system: jar:file:/C:/Users/MichaelMgbeojirikwe/.m2/repository/com/github/almasb/fxgl/21.1/fxgl-21.1.jar!/fxglassets/textures/fxgl_icon.png
09:28:10.345 [FXGL Background Thread 4 ] DEBUG FXGLAssetLoaderServi - Loading from file system: jar:file:/C:/Users/MichaelMgbeojirikwe/.m2/repository/com/github/almasb/fxgl/21.1/fxgl-21.1.jar!/fxglassets/ui/fonts/Courier-Prime.ttf
09:28:10.356 [JavaFX Application Thread] DEBUG FXGLAssetLoaderServi - Loading from file system: jar:file:/C:/Users/MichaelMgbeojirikwe/.m2/repository/com/github/almasb/fxgl/21.1/fxgl-21.1.jar!/fxglassets/textures/fxgl_default_cursor.png
09:28:10.358 [JavaFX Application Thread] DEBUG Input                - Registered new binding: Screenshot - CTRL+8
09:28:10.358 [JavaFX Application Thread] DEBUG Input                - Registered new binding: System info dump - CTRL+9
09:28:10.359 [JavaFX Application Thread] DEBUG Input                - Registered new binding: Restart - CTRL+R
09:28:10.359 [JavaFX Application Thread] DEBUG Input                - Registered new binding: Toggle Debug Camera - CTRL+7
09:28:10.362 [JavaFX Application Thread] DEBUG LoopRunner           - Starting loop
09:28:10.362 [JavaFX Application Thread] DEBUG LoopRunner           - Initializing JavaFX AnimationTimerLoop
09:28:10.363 [JavaFX Application Thread] DEBUG GameApplicationServi - Starting new game
09:28:10.363 [JavaFX Application Thread] DEBUG Input                - Clearing active input actions
09:28:10.374 [JavaFX Application Thread] DEBUG GameApplicationServi - Removing overlay from FXGLStartupScene and adding to FXGLLoadingScene
09:28:10.374 [JavaFX Application Thread] DEBUG PrimaryStageWindow   - FXGLStartupScene -> FXGLLoadingScene
09:28:10.375 [JavaFX Application Thread] DEBUG GameApplicationServi - Clearing previous game
09:28:10.375 [JavaFX Application Thread] DEBUG GameScene            - Clearing game scene
09:28:10.375 [JavaFX Application Thread] DEBUG GameWorld            - Clearing game world
09:28:10.375 [JavaFX Application Thread] DEBUG PhysicsWorld         - Clearing physics world
09:28:10.377 [FXGL Background Thread 4 ] DEBUG FXGLApplication      - Initializing game
09:28:10.379 [JavaFX Application Thread] DEBUG FXGLApplication      - Registering font factories with UI factory
09:28:10.787 [FXGL Background Thread 4 ] INFO  FXGLApplication      - Game initialization took: 0.409 sec
09:28:10.789 [JavaFX Application Thread] DEBUG Input                - Clearing active input actions
09:28:10.801 [JavaFX Application Thread] DEBUG GameApplicationServi - Removing overlay from FXGLLoadingScene and adding to GameScene
09:28:10.801 [JavaFX Application Thread] DEBUG PrimaryStageWindow   - FXGLLoadingScene -> GameScene
09:28:12.607 [JavaFX Application Thread] DEBUG FXGLApplication      - Exiting FXGL
09:28:12.607 [JavaFX Application Thread] DEBUG LoopRunner           - Stopping loop
09:28:12.608 [JavaFX Application Thread] DEBUG SystemBundleService  - Saving FXGL system data
09:28:12.612 [JavaFX Application Thread] DEBUG FileSystemAccess     - Writing to: C:\Users\MichaelMgbeojirikwe\OneDrive - NYC Public Schools\Desktop\Java\games\dontjumpinlava\system\fxgl.bundle
09:28:12.615 [JavaFX Application Thread] DEBUG Async                - Shutting down background threads
09:28:12.615 [JavaFX Application Thread] DEBUG PrimaryStageWindow   - Closing main window
09:28:12.625 [JavaFX Application Thread] DEBUG Logger               - Closing Logger
