09:33:27.955 [main                     ] DEBUG Logger               - Configured Logger
09:33:27.978 [main                     ] DEBUG GameApplication      - Logging settings
Title: Don't Jump in Lava
Version: 0.0
Width: 960
Height: 540
Fullscreen: false
Intro: false
Profiling: false
Single step:false
App Mode: DEVELOPER
Menu Key: ESCAPE
Stage Style: DECORATED
Scene Factory: class com.almasb.fxgl.app.scene.SceneFactory

09:33:28.348 [JavaFX Application Thread] DEBUG FXGLApplication      - Initializing FXGL
09:33:28.351 [JavaFX Application Thread] INFO  Engine               - FXGL-21+dev-SNAPSHOT (26.03.2024 21.04) on WINDOWS (J:21.0.6 FX:21)
09:33:28.352 [JavaFX Application Thread] DEBUG Engine               - JRE Vendor Name: Oracle Corporation
09:33:28.352 [JavaFX Application Thread] DEBUG Engine               - Running on OS: Windows 11 version 10.0
09:33:28.352 [JavaFX Application Thread] DEBUG Engine               - Architecture: amd64
09:33:28.352 [JavaFX Application Thread] INFO  Engine               - Source code and latest versions at: https://github.com/AlmasB/FXGL
09:33:28.352 [JavaFX Application Thread] INFO  Engine               -       Ask questions and discuss at: https://github.com/AlmasB/FXGL/discussions
09:33:28.352 [JavaFX Application Thread] INFO  Engine               -              Join the FXGL chat at: https://gitter.im/AlmasB/FXGL
09:33:28.422 [JavaFX Application Thread] DEBUG PrimaryStageWindow   - Creating a JavaFX scene
09:33:28.457 [JavaFX Application Thread] DEBUG PrimaryStageWindow   - Target settings size: 960.0 x 540.0
09:33:28.457 [JavaFX Application Thread] DEBUG PrimaryStageWindow   - Scaled scene size:    960.0 x 540.0
09:33:28.457 [JavaFX Application Thread] DEBUG PrimaryStageWindow   - Scaled ratio: (1.0, 1.0)
09:33:28.458 [JavaFX Application Thread] DEBUG PrimaryStageWindow   - Set initial scene to FXGLStartupScene
09:33:28.460 [JavaFX Application Thread] DEBUG PrimaryStageWindow   - Opening main window
09:33:28.523 [JavaFX Application Thread] DEBUG PrimaryStageWindow   - Window border size: (16.0, 39.0)
09:33:28.524 [JavaFX Application Thread] DEBUG PrimaryStageWindow   - Scaled size: 960.0 x 540.0
09:33:28.524 [JavaFX Application Thread] DEBUG PrimaryStageWindow   - Scaled ratio: (1.0, 1.0)
09:33:28.524 [JavaFX Application Thread] DEBUG PrimaryStageWindow   - Scene size: 960.0 x 540.0
09:33:28.524 [JavaFX Application Thread] DEBUG PrimaryStageWindow   - Stage size: 976.0 x 579.0
09:33:28.530 [FXGL Background Thread 1 ] DEBUG Engine               - Initializing environment variables
09:33:28.564 [FXGL Background Thread 1 ] DEBUG FXGLAssetLoaderServi - User app class for loading assets: class com.dontjumpinlava.Main
09:33:28.564 [FXGL Background Thread 1 ] DEBUG GameApplicationServi - Applying CSS: fxgl_dark.css
09:33:28.565 [FXGL Background Thread 1 ] DEBUG FXGLAssetLoaderServi - Loading from file system: jar:file:/C:/Users/MichaelMgbeojirikwe/.m2/repository/com/github/almasb/fxgl/fxgl/21.1/fxgl-21.1.jar!/fxglassets/ui/css/fxgl_dark.css
09:33:28.591 [FXGL Background Thread 1 ] DEBUG GameApplicationServi - Initializing application scenes
09:33:28.630 [FXGL Background Thread 1 ] DEBUG GameWorld            - Game world initialized
09:33:28.681 [FXGL Background Thread 1 ] DEBUG PhysicsWorld         - Physics world initialized: appHeight=540, physics.ppm=50.0
09:33:28.681 [FXGL Background Thread 1 ] DEBUG PhysicsWorld         - Using strategy: BRUTE_FORCE
09:33:28.684 [FXGL Background Thread 1 ] DEBUG GameScene            - Game scene initialized: 960x540
09:33:28.692 [FXGL Background Thread 1 ] WARN  FXGL.DefaultMenu     - FXGLDefaultMenu is not designed for resolutions < 800x600
09:33:28.692 [FXGL Background Thread 1 ] DEBUG FXGL.DefaultMenu     - createMenuBodyGameMenu()
09:33:28.701 [FXGL Background Thread 1 ] DEBUG FXGL.DefaultMenu     - createOptionsMenu()
09:33:28.708 [FXGL Background Thread 1 ] DEBUG FXGLAssetLoaderServi - Loading from file system: jar:file:/C:/Users/MichaelMgbeojirikwe/.m2/repository/com/github/almasb/fxgl/fxgl/21.1/fxgl-21.1.jar!/fxglassets/textures/particles/smoke.png
09:33:28.803 [FXGL Background Thread 1 ] DEBUG FXGLAssetLoaderServi - Loading from file system: jar:file:/C:/Users/MichaelMgbeojirikwe/.m2/repository/com/github/almasb/fxgl/fxgl/21.1/fxgl-21.1.jar!/fxglassets/textures/particles/trace_horizontal.png
09:33:28.821 [FXGL Background Thread 1 ] DEBUG GameApplicationServi - Application scenes initialized
09:33:28.831 [FXGL Background Thread 1 ] DEBUG SystemBundleService  - Loading FXGL system data
09:33:28.835 [FXGL Background Thread 1 ] DEBUG FileSystemAccess     - Reading from: C:\Users\MichaelMgbeojirikwe\OneDrive - NYC Public Schools\Desktop\Java\games\dontjumpinlava\system\fxgl.bundle
09:33:28.840 [FXGL Background Thread 1 ] DEBUG SystemBundleService  - Bundle FXGL: {}
09:33:28.841 [FXGL Background Thread 1 ] DEBUG UpdaterService       - Checking for updates
09:33:28.843 [FXGL Background Thread 4 ] DEBUG FXGLApplication      - Loading fonts
09:33:28.843 [FXGL Background Thread 4 ] DEBUG FXGLAssetLoaderServi - Loading from file system: jar:file:/C:/Users/MichaelMgbeojirikwe/.m2/repository/com/github/almasb/fxgl/fxgl/21.1/fxgl-21.1.jar!/fxglassets/ui/fonts/VarelaRound-Regular.ttf
09:33:28.843 [FXGL Background Thread 1 ] DEBUG FXGLApplication      - Loading default localization
09:33:28.845 [FXGL Background Thread 1 ] DEBUG FXGLAssetLoaderServi - Loading from file system: jar:file:/C:/Users/MichaelMgbeojirikwe/.m2/repository/com/github/almasb/fxgl/fxgl/21.1/fxgl-21.1.jar!/fxglassets/languages/english.lang
09:33:28.880 [FXGL Background Thread 4 ] DEBUG FXGLAssetLoaderServi - Loading from file system: jar:file:/C:/Users/MichaelMgbeojirikwe/.m2/repository/com/github/almasb/fxgl/fxgl/21.1/fxgl-21.1.jar!/fxglassets/ui/fonts/Abel-Regular.ttf
09:33:28.881 [FXGL Background Thread 1 ] INFO  FXGLApplication      - FXGL initialization took: 0.351 sec
09:33:28.884 [FXGL Background Thread 4 ] DEBUG FXGLAssetLoaderServi - Loading from file system: jar:file:/C:/Users/MichaelMgbeojirikwe/.m2/repository/com/github/almasb/fxgl/fxgl/21.1/fxgl-21.1.jar!/fxglassets/ui/fonts/TerminalLandMono-Regular.otf
09:33:28.889 [FXGL Background Thread 4 ] DEBUG FXGLAssetLoaderServi - Loading from file system: jar:file:/C:/Users/MichaelMgbeojirikwe/.m2/repository/com/github/almasb/fxgl/fxgl/21.1/fxgl-21.1.jar!/fxglassets/ui/fonts/Courier-Prime.ttf
09:33:28.891 [JavaFX Application Thread] DEBUG Input                - Registered new binding: Up - Up
09:33:28.891 [JavaFX Application Thread] DEBUG Input                - Registered new binding: Right - Right
09:33:28.891 [JavaFX Application Thread] DEBUG Input                - Registered new binding: Left - Left
09:33:28.891 [JavaFX Application Thread] DEBUG Input                - Registered new binding: Down - Down
09:33:28.892 [JavaFX Application Thread] DEBUG Input                - Registered new binding: W - W
09:33:28.892 [JavaFX Application Thread] DEBUG Input                - Registered new binding: A - A
09:33:28.892 [JavaFX Application Thread] DEBUG Input                - Registered new binding: S - S
09:33:28.892 [JavaFX Application Thread] DEBUG Input                - Registered new binding: D - D
09:33:28.892 [JavaFX Application Thread] DEBUG Input                - Registered new binding: E - E
09:33:28.892 [JavaFX Application Thread] DEBUG Input                - Registered new binding: Eyedrop - Q
09:33:28.892 [JavaFX Application Thread] DEBUG Input                - Registered new binding: Space - Space
09:33:28.894 [JavaFX Application Thread] DEBUG Input                - Registered new binding: Click - LMB
09:33:28.894 [JavaFX Application Thread] DEBUG Input                - Registered new binding: Grass - 1
09:33:28.894 [JavaFX Application Thread] DEBUG Input                - Registered new binding: Dirt - 2
09:33:28.894 [JavaFX Application Thread] DEBUG Input                - Registered new binding: Stone - 3
09:33:28.894 [JavaFX Application Thread] DEBUG Input                - Registered new binding: Bedrock - 4
09:33:28.894 [JavaFX Application Thread] DEBUG FXGLAssetLoaderServi - Loading from file system: jar:file:/C:/Users/MichaelMgbeojirikwe/.m2/repository/com/github/almasb/fxgl/fxgl/21.1/fxgl-21.1.jar!/fxglassets/textures/fxgl_icon.png
09:33:28.905 [JavaFX Application Thread] DEBUG FXGLAssetLoaderServi - Loading from file system: jar:file:/C:/Users/MichaelMgbeojirikwe/.m2/repository/com/github/almasb/fxgl/fxgl/21.1/fxgl-21.1.jar!/fxglassets/textures/fxgl_default_cursor.png
09:33:28.908 [JavaFX Application Thread] DEBUG Input                - Registered new binding: Screenshot - CTRL+8
09:33:28.909 [JavaFX Application Thread] DEBUG Input                - Registered new binding: System info dump - CTRL+9
09:33:28.909 [JavaFX Application Thread] DEBUG Input                - Registered new binding: Restart - CTRL+R
09:33:28.911 [JavaFX Application Thread] DEBUG Input                - Registered new binding: Toggle Debug Camera - CTRL+7
09:33:28.916 [JavaFX Application Thread] DEBUG LoopRunner           - Starting loop
09:33:28.916 [JavaFX Application Thread] DEBUG LoopRunner           - Initializing JavaFX AnimationTimerLoop
09:33:28.921 [JavaFX Application Thread] DEBUG GameApplicationServi - Starting new game
09:33:28.921 [JavaFX Application Thread] DEBUG Input                - Clearing active input actions
09:33:28.935 [JavaFX Application Thread] DEBUG GameApplicationServi - Removing overlay from FXGLStartupScene and adding to FXGLLoadingScene
09:33:28.935 [JavaFX Application Thread] DEBUG PrimaryStageWindow   - FXGLStartupScene -> FXGLLoadingScene
09:33:28.935 [JavaFX Application Thread] DEBUG GameApplicationServi - Clearing previous game
09:33:28.935 [JavaFX Application Thread] DEBUG GameScene            - Clearing game scene
09:33:28.935 [JavaFX Application Thread] DEBUG GameWorld            - Clearing game world
09:33:28.935 [JavaFX Application Thread] DEBUG PhysicsWorld         - Clearing physics world
09:33:28.938 [JavaFX Application Thread] DEBUG FXGLApplication      - Registering font factories with UI factory
09:33:29.430 [FXGL Background Thread 2 ] INFO  UpdaterService       - Your current version:  21+dev-SNAPSHOT
09:33:29.430 [FXGL Background Thread 2 ] INFO  UpdaterService       - Latest stable version: 21.1
09:33:29.467 [FXGL Background Thread 4 ] INFO  FXGLApplication      - Game initialization took: 0.530 sec
09:33:29.473 [JavaFX Application Thread] DEBUG Input                - Clearing active input actions
09:33:29.488 [JavaFX Application Thread] DEBUG GameApplicationServi - Removing overlay from FXGLLoadingScene and adding to GameScene
09:33:29.488 [JavaFX Application Thread] DEBUG PrimaryStageWindow   - FXGLLoadingScene -> GameScene
09:33:30.685 [JavaFX Application Thread] DEBUG FXGLApplication      - Exiting FXGL
09:33:30.685 [JavaFX Application Thread] DEBUG LoopRunner           - Stopping loop
09:33:30.685 [JavaFX Application Thread] DEBUG SystemBundleService  - Saving FXGL system data
09:33:30.687 [JavaFX Application Thread] DEBUG FileSystemAccess     - Writing to: C:\Users\MichaelMgbeojirikwe\OneDrive - NYC Public Schools\Desktop\Java\games\dontjumpinlava\system\fxgl.bundle
09:33:30.690 [JavaFX Application Thread] DEBUG Async                - Shutting down background threads
09:33:30.690 [JavaFX Application Thread] DEBUG PrimaryStageWindow   - Closing main window
09:33:30.700 [JavaFX Application Thread] DEBUG Logger               - Closing Logger
