08:52:22.140 [main                     ] DEBUG Logger               - Configured Logger
08:52:22.154 [main                     ] DEBUG GameApplication      - Logging settings
Title: Don't Jump in Lava
Version: 0.0
Width: 960
Height: 540
Fullscreen: false
Intro: false
Profiling: false
Single step:false
App Mode: DEVELOPER
Menu Key: ESCAPE
Stage Style: DECORATED
Scene Factory: class com.almasb.fxgl.app.scene.SceneFactory

08:52:22.498 [JavaFX Application Thread] DEBUG FXGLApplication      - Initializing FXGL
08:52:22.501 [JavaFX Application Thread] INFO  Engine               - FXGL-21.1 (27.03.2024 07.52) on WINDOWS (J:21.0.8 FX:17.0.1)
08:52:22.501 [JavaFX Application Thread] DEBUG Engine               - JRE Vendor Name: Eclipse Adoptium
08:52:22.502 [JavaFX Application Thread] DEBUG Engine               - Running on OS: Windows 11 version 10.0
08:52:22.502 [JavaFX Application Thread] DEBUG Engine               - Architecture: amd64
08:52:22.502 [JavaFX Application Thread] INFO  Engine               - Source code and latest versions at: https://github.com/AlmasB/FXGL
08:52:22.502 [JavaFX Application Thread] INFO  Engine               -       Ask questions and discuss at: https://github.com/AlmasB/FXGL/discussions
08:52:22.502 [JavaFX Application Thread] INFO  Engine               -              Join the FXGL chat at: https://gitter.im/AlmasB/FXGL
08:52:22.562 [JavaFX Application Thread] DEBUG PrimaryStageWindow   - Creating a JavaFX scene
08:52:22.591 [JavaFX Application Thread] DEBUG PrimaryStageWindow   - Target settings size: 960.0 x 540.0
08:52:22.591 [JavaFX Application Thread] DEBUG PrimaryStageWindow   - Scaled scene size:    960.0 x 540.0
08:52:22.592 [JavaFX Application Thread] DEBUG PrimaryStageWindow   - Scaled ratio: (1.0, 1.0)
08:52:22.592 [JavaFX Application Thread] DEBUG PrimaryStageWindow   - Set initial scene to FXGLStartupScene
08:52:22.596 [JavaFX Application Thread] DEBUG PrimaryStageWindow   - Opening main window
08:52:22.662 [JavaFX Application Thread] DEBUG PrimaryStageWindow   - Window border size: (16.0, 39.0)
08:52:22.662 [JavaFX Application Thread] DEBUG PrimaryStageWindow   - Scaled size: 960.0 x 540.0
08:52:22.662 [JavaFX Application Thread] DEBUG PrimaryStageWindow   - Scaled ratio: (1.0, 1.0)
08:52:22.662 [JavaFX Application Thread] DEBUG PrimaryStageWindow   - Scene size: 960.0 x 540.0
08:52:22.662 [JavaFX Application Thread] DEBUG PrimaryStageWindow   - Stage size: 976.0 x 579.0
08:52:22.667 [FXGL Background Thread 1 ] DEBUG Engine               - Initializing environment variables
08:52:22.703 [FXGL Background Thread 1 ] DEBUG FXGLAssetLoaderServi - User app class for loading assets: class com.dontjumpinlava.Main
08:52:22.703 [FXGL Background Thread 1 ] DEBUG GameApplicationServi - Applying CSS: fxgl_dark.css
08:52:22.704 [FXGL Background Thread 1 ] DEBUG FXGLAssetLoaderServi - Loading from file system: jar:file:/C:/Users/MichaelMgbeojirikwe/.m2/repository/com/github/almasb/fxgl/21.1/fxgl-21.1.jar!/fxglassets/ui/css/fxgl_dark.css
08:52:22.729 [FXGL Background Thread 1 ] DEBUG GameApplicationServi - Initializing application scenes
08:52:22.767 [FXGL Background Thread 1 ] DEBUG GameWorld            - Game world initialized
08:52:22.817 [FXGL Background Thread 1 ] DEBUG PhysicsWorld         - Physics world initialized: appHeight=540, physics.ppm=50.0
08:52:22.817 [FXGL Background Thread 1 ] DEBUG PhysicsWorld         - Using strategy: BRUTE_FORCE
08:52:22.819 [FXGL Background Thread 1 ] DEBUG GameScene            - Game scene initialized: 960x540
08:52:22.826 [FXGL Background Thread 1 ] WARN  FXGL.DefaultMenu     - FXGLDefaultMenu is not designed for resolutions < 800x600
08:52:22.826 [FXGL Background Thread 1 ] DEBUG FXGL.DefaultMenu     - createMenuBodyGameMenu()
08:52:22.834 [FXGL Background Thread 1 ] DEBUG FXGL.DefaultMenu     - createOptionsMenu()
08:52:22.840 [FXGL Background Thread 1 ] DEBUG FXGLAssetLoaderServi - Loading from file system: jar:file:/C:/Users/MichaelMgbeojirikwe/.m2/repository/com/github/almasb/fxgl/21.1/fxgl-21.1.jar!/fxglassets/textures/particles/smoke.png
08:52:22.917 [FXGL Background Thread 1 ] DEBUG FXGLAssetLoaderServi - Loading from file system: jar:file:/C:/Users/MichaelMgbeojirikwe/.m2/repository/com/github/almasb/fxgl/21.1/fxgl-21.1.jar!/fxglassets/textures/particles/trace_horizontal.png
08:52:22.935 [FXGL Background Thread 1 ] DEBUG GameApplicationServi - Application scenes initialized
08:52:22.944 [FXGL Background Thread 1 ] DEBUG SystemBundleService  - Loading FXGL system data
08:52:22.946 [FXGL Background Thread 1 ] DEBUG FileSystemAccess     - Reading from: C:\Users\MichaelMgbeojirikwe\OneDrive - NYC Public Schools\Desktop\Java\games\dontjumpinlava\system\fxgl.bundle
08:52:22.952 [FXGL Background Thread 1 ] DEBUG SystemBundleService  - Bundle FXGL: {}
08:52:22.953 [FXGL Background Thread 1 ] DEBUG UpdaterService       - Checking for updates
08:52:22.955 [FXGL Background Thread 4 ] DEBUG FXGLApplication      - Loading fonts
08:52:22.956 [FXGL Background Thread 4 ] DEBUG FXGLAssetLoaderServi - Loading from file system: jar:file:/C:/Users/MichaelMgbeojirikwe/.m2/repository/com/github/almasb/fxgl/21.1/fxgl-21.1.jar!/fxglassets/ui/fonts/VarelaRound-Regular.ttf
08:52:22.956 [FXGL Background Thread 1 ] DEBUG FXGLApplication      - Loading default localization
08:52:22.956 [FXGL Background Thread 1 ] DEBUG FXGLAssetLoaderServi - Loading from file system: jar:file:/C:/Users/MichaelMgbeojirikwe/.m2/repository/com/github/almasb/fxgl/21.1/fxgl-21.1.jar!/fxglassets/languages/english.lang
08:52:22.987 [FXGL Background Thread 4 ] DEBUG FXGLAssetLoaderServi - Loading from file system: jar:file:/C:/Users/MichaelMgbeojirikwe/.m2/repository/com/github/almasb/fxgl/21.1/fxgl-21.1.jar!/fxglassets/ui/fonts/Abel-Regular.ttf
08:52:22.989 [FXGL Background Thread 1 ] INFO  FXGLApplication      - FXGL initialization took: 0.322 sec
08:52:22.991 [FXGL Background Thread 4 ] DEBUG FXGLAssetLoaderServi - Loading from file system: jar:file:/C:/Users/MichaelMgbeojirikwe/.m2/repository/com/github/almasb/fxgl/21.1/fxgl-21.1.jar!/fxglassets/ui/fonts/TerminalLandMono-Regular.otf
08:52:22.994 [JavaFX Application Thread] DEBUG Input                - Registered new binding: Right - Right
08:52:22.995 [JavaFX Application Thread] DEBUG Input                - Registered new binding: Left - Left
08:52:22.995 [JavaFX Application Thread] DEBUG Input                - Registered new binding: Up - Up
08:52:22.995 [JavaFX Application Thread] DEBUG Input                - Registered new binding: Down - Down
08:52:22.995 [FXGL Background Thread 4 ] DEBUG FXGLAssetLoaderServi - Loading from file system: jar:file:/C:/Users/MichaelMgbeojirikwe/.m2/repository/com/github/almasb/fxgl/21.1/fxgl-21.1.jar!/fxglassets/ui/fonts/Courier-Prime.ttf
08:52:22.995 [JavaFX Application Thread] DEBUG FXGLAssetLoaderServi - Loading from file system: jar:file:/C:/Users/MichaelMgbeojirikwe/.m2/repository/com/github/almasb/fxgl/21.1/fxgl-21.1.jar!/fxglassets/textures/fxgl_icon.png
08:52:23.012 [JavaFX Application Thread] DEBUG FXGLAssetLoaderServi - Loading from file system: jar:file:/C:/Users/MichaelMgbeojirikwe/.m2/repository/com/github/almasb/fxgl/21.1/fxgl-21.1.jar!/fxglassets/textures/fxgl_default_cursor.png
08:52:23.013 [JavaFX Application Thread] DEBUG Input                - Registered new binding: Screenshot - CTRL+8
08:52:23.014 [JavaFX Application Thread] DEBUG Input                - Registered new binding: System info dump - CTRL+9
08:52:23.014 [JavaFX Application Thread] DEBUG Input                - Registered new binding: Restart - CTRL+R
08:52:23.014 [JavaFX Application Thread] DEBUG Input                - Registered new binding: Toggle Debug Camera - CTRL+7
08:52:23.017 [JavaFX Application Thread] DEBUG LoopRunner           - Starting loop
08:52:23.017 [JavaFX Application Thread] DEBUG LoopRunner           - Initializing JavaFX AnimationTimerLoop
08:52:23.020 [JavaFX Application Thread] DEBUG GameApplicationServi - Starting new game
08:52:23.020 [JavaFX Application Thread] DEBUG Input                - Clearing active input actions
08:52:23.031 [JavaFX Application Thread] DEBUG GameApplicationServi - Removing overlay from FXGLStartupScene and adding to FXGLLoadingScene
08:52:23.031 [JavaFX Application Thread] DEBUG PrimaryStageWindow   - FXGLStartupScene -> FXGLLoadingScene
08:52:23.031 [JavaFX Application Thread] DEBUG GameApplicationServi - Clearing previous game
08:52:23.031 [JavaFX Application Thread] DEBUG GameScene            - Clearing game scene
08:52:23.031 [JavaFX Application Thread] DEBUG GameWorld            - Clearing game world
08:52:23.031 [JavaFX Application Thread] DEBUG PhysicsWorld         - Clearing physics world
08:52:23.034 [FXGL Background Thread 4 ] DEBUG FXGLApplication      - Initializing game
08:52:23.034 [JavaFX Application Thread] DEBUG FXGLApplication      - Registering font factories with UI factory
08:52:23.377 [FXGL Background Thread 4 ] INFO  FXGLApplication      - Game initialization took: 0.343 sec
08:52:23.377 [JavaFX Application Thread] DEBUG Input                - Clearing active input actions
08:52:23.389 [JavaFX Application Thread] DEBUG GameApplicationServi - Removing overlay from FXGLLoadingScene and adding to GameScene
08:52:23.390 [JavaFX Application Thread] DEBUG PrimaryStageWindow   - FXGLLoadingScene -> GameScene
08:52:25.956 [FXGL Background Thread 3 ] DEBUG Engine               - Logging environment variables
08:52:25.956 [FXGL Background Thread 3 ] DEBUG Engine               - achievements: []
08:52:25.956 [FXGL Background Thread 3 ] DEBUG Engine               - actualHeight: 540.0
08:52:25.956 [FXGL Background Thread 3 ] DEBUG Engine               - actualHeightProperty: ReadOnlyDoubleProperty [value: 540.0]
08:52:25.956 [FXGL Background Thread 3 ] DEBUG Engine               - actualWidth: 960.0
08:52:25.956 [FXGL Background Thread 3 ] DEBUG Engine               - actualWidthProperty: ReadOnlyDoubleProperty [value: 960.0]
08:52:25.956 [FXGL Background Thread 3 ] DEBUG Engine               - appIcon: fxgl_icon.png
08:52:25.956 [FXGL Background Thread 3 ] DEBUG Engine               - applicationMode: DEVELOPER
08:52:25.956 [FXGL Background Thread 3 ] DEBUG Engine               - cSSList: [fxgl_dark.css]
08:52:25.956 [FXGL Background Thread 3 ] DEBUG Engine               - collisionDetectionStrategy: BRUTE_FORCE
08:52:25.956 [FXGL Background Thread 3 ] DEBUG Engine               - configClass: Optional.empty
08:52:25.956 [FXGL Background Thread 3 ] DEBUG Engine               - credits: []
08:52:25.957 [FXGL Background Thread 3 ] DEBUG Engine               - defaultCursor: CursorInfo(imageName=fxgl_default_cursor.png, hotspotX=7.0, hotspotY=6.0)
08:52:25.957 [FXGL Background Thread 3 ] DEBUG Engine               - devBBoxColorProperty: ObjectProperty [value: 0xff0000ff]
08:52:25.957 [FXGL Background Thread 3 ] DEBUG Engine               - devEnableDebugCameraProperty: BooleanProperty [value: false]
08:52:25.957 [FXGL Background Thread 3 ] DEBUG Engine               - devSensorColorProperty: ObjectProperty [value: 0xffff00ff]
08:52:25.957 [FXGL Background Thread 3 ] DEBUG Engine               - devShowBBoxProperty: BooleanProperty [value: false]
08:52:25.957 [FXGL Background Thread 3 ] DEBUG Engine               - devShowPositionProperty: BooleanProperty [value: false]
08:52:25.957 [FXGL Background Thread 3 ] DEBUG Engine               - enabledMenuItems: []
08:52:25.957 [FXGL Background Thread 3 ] DEBUG Engine               - engineServices: [class com.almasb.fxgl.app.services.FXGLAssetLoaderService, class com.almasb.fxgl.app.FXGLApplication$GameApplicationService, class com.almasb.fxgl.app.services.FXGLDialogService, class com.almasb.fxgl.app.services.IOTaskExecutorService, class com.almasb.fxgl.io.FileSystemService, class com.almasb.fxgl.localization.LocalizationService, class com.almasb.fxgl.app.services.SystemBundleService, class com.almasb.fxgl.profile.SaveLoadService, class com.almasb.fxgl.ui.FXGLUIFactoryServiceProvider, class com.almasb.fxgl.ui.FXGLDialogFactoryServiceProvider, class com.almasb.fxgl.audio.AudioPlayer, class com.almasb.fxgl.notification.impl.NotificationServiceProvider, class com.almasb.fxgl.achievement.AchievementService, class com.almasb.fxgl.cutscene.CutsceneService, class com.almasb.fxgl.minigames.MiniGameService, class com.almasb.fxgl.net.NetService, class com.almasb.fxgl.app.services.UpdaterService, class com.almasb.fxgl.dev.DevService]
08:52:25.957 [FXGL Background Thread 3 ] DEBUG Engine               - fontGame: Abel-Regular.ttf
08:52:25.957 [FXGL Background Thread 3 ] DEBUG Engine               - fontMono: TerminalLandMono-Regular.otf
08:52:25.957 [FXGL Background Thread 3 ] DEBUG Engine               - fontSizeScaleUI: 1.0
08:52:25.957 [FXGL Background Thread 3 ] DEBUG Engine               - fontText: Courier-Prime.ttf
08:52:25.957 [FXGL Background Thread 3 ] DEBUG Engine               - fontUI: VarelaRound-Regular.ttf
08:52:25.957 [FXGL Background Thread 3 ] DEBUG Engine               - fullScreen: BooleanProperty [value: false]
08:52:25.957 [FXGL Background Thread 3 ] DEBUG Engine               - gameDifficulty: MEDIUM
08:52:25.957 [FXGL Background Thread 3 ] DEBUG Engine               - gameDifficultyProperty: ObjectProperty [value: MEDIUM]
08:52:25.957 [FXGL Background Thread 3 ] DEBUG Engine               - globalMusicVolume: 0.5
08:52:25.957 [FXGL Background Thread 3 ] DEBUG Engine               - globalMusicVolumeProperty: DoubleProperty [value: 0.5]
08:52:25.957 [FXGL Background Thread 3 ] DEBUG Engine               - globalSoundVolume: 0.5
08:52:25.957 [FXGL Background Thread 3 ] DEBUG Engine               - globalSoundVolumeProperty: DoubleProperty [value: 0.5]
08:52:25.957 [FXGL Background Thread 3 ] DEBUG Engine               - height: 540
08:52:25.958 [FXGL Background Thread 3 ] DEBUG Engine               - is3D: false
08:52:25.958 [FXGL Background Thread 3 ] DEBUG Engine               - isAndroid: false
08:52:25.958 [FXGL Background Thread 3 ] DEBUG Engine               - isBrowser: false
08:52:25.958 [FXGL Background Thread 3 ] DEBUG Engine               - isClickFeedbackEnabled: false
08:52:25.958 [FXGL Background Thread 3 ] DEBUG Engine               - isCloseConfirmation: false
08:52:25.958 [FXGL Background Thread 3 ] DEBUG Engine               - isDesktop: true
08:52:25.958 [FXGL Background Thread 3 ] DEBUG Engine               - isDeveloperMenuEnabled: false
08:52:25.958 [FXGL Background Thread 3 ] DEBUG Engine               - isEmbedded: false
08:52:25.958 [FXGL Background Thread 3 ] DEBUG Engine               - isEntityPreloadEnabled: true
08:52:25.958 [FXGL Background Thread 3 ] DEBUG Engine               - isExperimentalTiledLargeMap: false
08:52:25.958 [FXGL Background Thread 3 ] DEBUG Engine               - isFileSystemWriteAllowed: true
08:52:25.958 [FXGL Background Thread 3 ] DEBUG Engine               - isFullScreenAllowed: false
08:52:25.958 [FXGL Background Thread 3 ] DEBUG Engine               - isFullScreenFromStart: false
08:52:25.958 [FXGL Background Thread 3 ] DEBUG Engine               - isGameMenuEnabled: true
08:52:25.958 [FXGL Background Thread 3 ] DEBUG Engine               - isIOS: false
08:52:25.958 [FXGL Background Thread 3 ] DEBUG Engine               - isIntroEnabled: false
08:52:25.958 [FXGL Background Thread 3 ] DEBUG Engine               - isLinux: false
08:52:25.958 [FXGL Background Thread 3 ] DEBUG Engine               - isMac: false
08:52:25.958 [FXGL Background Thread 3 ] DEBUG Engine               - isMainMenuEnabled: false
08:52:25.958 [FXGL Background Thread 3 ] DEBUG Engine               - isManualResizeEnabled: false
08:52:25.958 [FXGL Background Thread 3 ] DEBUG Engine               - isMobile: false
08:52:25.958 [FXGL Background Thread 3 ] DEBUG Engine               - isNative: false
08:52:25.958 [FXGL Background Thread 3 ] DEBUG Engine               - isPauseMusicWhenMinimized: true
08:52:25.958 [FXGL Background Thread 3 ] DEBUG Engine               - isPreserveResizeRatio: false
08:52:25.958 [FXGL Background Thread 3 ] DEBUG Engine               - isProfilingEnabled: false
08:52:25.958 [FXGL Background Thread 3 ] DEBUG Engine               - isScaleAffectedOnResize: true
08:52:25.958 [FXGL Background Thread 3 ] DEBUG Engine               - isSingleStep: false
08:52:25.958 [FXGL Background Thread 3 ] DEBUG Engine               - isUserProfileEnabled: false
08:52:25.958 [FXGL Background Thread 3 ] DEBUG Engine               - isWindows: true
08:52:25.958 [FXGL Background Thread 3 ] DEBUG Engine               - language: ObjectProperty [value: ENGLISH]
08:52:25.958 [FXGL Background Thread 3 ] DEBUG Engine               - menuKey: ESCAPE
08:52:25.958 [FXGL Background Thread 3 ] DEBUG Engine               - mouseSensitivity: 0.2
08:52:25.958 [FXGL Background Thread 3 ] DEBUG Engine               - notificationViewClass: class com.almasb.fxgl.notification.view.XboxNotificationView
08:52:25.959 [FXGL Background Thread 3 ] DEBUG Engine               - pixelsPerMeter: 50.0
08:52:25.959 [FXGL Background Thread 3 ] DEBUG Engine               - platform: WINDOWS
08:52:25.959 [FXGL Background Thread 3 ] DEBUG Engine               - prefHeightProperty: ReadOnlyDoubleProperty [value: 540.0]
08:52:25.959 [FXGL Background Thread 3 ] DEBUG Engine               - prefWidthProperty: ReadOnlyDoubleProperty [value: 960.0]
08:52:25.959 [FXGL Background Thread 3 ] DEBUG Engine               - profileDir: profiles/
08:52:25.959 [FXGL Background Thread 3 ] DEBUG Engine               - profileName: StringProperty [value: DEFAULT]
08:52:25.959 [FXGL Background Thread 3 ] DEBUG Engine               - randomSeed: -1
08:52:25.959 [FXGL Background Thread 3 ] DEBUG Engine               - runtimeInfo: RuntimeInfo(platform=WINDOWS, version=21.1, build=27.03.2024 07.52)
08:52:25.959 [FXGL Background Thread 3 ] DEBUG Engine               - saveFileExt: sav
08:52:25.959 [FXGL Background Thread 3 ] DEBUG Engine               - scaledHeightProp$fxgl: DoubleProperty [bound, value: 540.0]
08:52:25.959 [FXGL Background Thread 3 ] DEBUG Engine               - scaledWidthProp$fxgl: DoubleProperty [bound, value: 960.0]
08:52:25.959 [FXGL Background Thread 3 ] DEBUG Engine               - sceneFactory: com.almasb.fxgl.app.scene.SceneFactory@6128aee5
08:52:25.959 [FXGL Background Thread 3 ] DEBUG Engine               - secondsIn24h: 60
08:52:25.959 [FXGL Background Thread 3 ] DEBUG Engine               - soundMenuBack: menu/back.wav
08:52:25.959 [FXGL Background Thread 3 ] DEBUG Engine               - soundMenuPress: menu/press.wav
08:52:25.959 [FXGL Background Thread 3 ] DEBUG Engine               - soundMenuSelect: menu/select.wav
08:52:25.959 [FXGL Background Thread 3 ] DEBUG Engine               - soundNotification: core/notification.wav
08:52:25.959 [FXGL Background Thread 3 ] DEBUG Engine               - stageStyle: DECORATED
08:52:25.959 [FXGL Background Thread 3 ] DEBUG Engine               - supportedLanguages: [ENGLISH, FRENCH, GERMAN, HUNGARIAN, RUSSIAN]
08:52:25.959 [FXGL Background Thread 3 ] DEBUG Engine               - ticksPerSecond: -1
08:52:25.959 [FXGL Background Thread 3 ] DEBUG Engine               - title: Don't Jump in Lava
08:52:25.959 [FXGL Background Thread 3 ] DEBUG Engine               - urlGithub: https://github.com/AlmasB/FXGL
08:52:25.959 [FXGL Background Thread 3 ] DEBUG Engine               - urlLeaderboard: http://fxgl-top.herokuapp.com/
08:52:25.959 [FXGL Background Thread 3 ] DEBUG Engine               - urlPOM: https://raw.githubusercontent.com/AlmasB/FXGL/release/README.md
08:52:25.959 [FXGL Background Thread 3 ] DEBUG Engine               - userAppClass: class com.dontjumpinlava.Main
08:52:25.959 [FXGL Background Thread 3 ] DEBUG Engine               - version: 0.0
08:52:25.960 [FXGL Background Thread 3 ] DEBUG Engine               - versionCheckDays: 7
08:52:25.960 [FXGL Background Thread 3 ] DEBUG Engine               - width: 960
08:52:25.960 [FXGL Background Thread 3 ] DEBUG Engine               - Logging services
08:52:25.960 [FXGL Background Thread 3 ] DEBUG Engine               - class com.almasb.fxgl.app.services.FXGLAssetLoaderService
08:52:25.960 [FXGL Background Thread 3 ] DEBUG Engine               - class com.almasb.fxgl.app.FXGLApplication$GameApplicationService
08:52:25.960 [FXGL Background Thread 3 ] DEBUG Engine               - class com.almasb.fxgl.app.services.FXGLDialogService
08:52:25.960 [FXGL Background Thread 3 ] DEBUG Engine               - class com.almasb.fxgl.app.services.IOTaskExecutorService
08:52:25.960 [FXGL Background Thread 3 ] DEBUG Engine               - class com.almasb.fxgl.io.FileSystemService
08:52:25.960 [FXGL Background Thread 3 ] DEBUG Engine               - class com.almasb.fxgl.localization.LocalizationService
08:52:25.960 [FXGL Background Thread 3 ] DEBUG Engine               - class com.almasb.fxgl.app.services.SystemBundleService
08:52:25.960 [FXGL Background Thread 3 ] DEBUG Engine               - class com.almasb.fxgl.profile.SaveLoadService
08:52:25.960 [FXGL Background Thread 3 ] DEBUG Engine               - class com.almasb.fxgl.ui.FXGLUIFactoryServiceProvider
08:52:25.960 [FXGL Background Thread 3 ] DEBUG Engine               - class com.almasb.fxgl.ui.FXGLDialogFactoryServiceProvider
08:52:25.960 [FXGL Background Thread 3 ] DEBUG Engine               - class com.almasb.fxgl.audio.AudioPlayer
08:52:25.960 [FXGL Background Thread 3 ] DEBUG Engine               - class com.almasb.fxgl.notification.impl.NotificationServiceProvider
08:52:25.960 [FXGL Background Thread 3 ] DEBUG Engine               - class com.almasb.fxgl.achievement.AchievementService
08:52:25.960 [FXGL Background Thread 3 ] DEBUG Engine               - class com.almasb.fxgl.cutscene.CutsceneService
08:52:25.960 [FXGL Background Thread 3 ] DEBUG Engine               - class com.almasb.fxgl.minigames.MiniGameService
08:52:25.960 [FXGL Background Thread 3 ] DEBUG Engine               - class com.almasb.fxgl.net.NetService
08:52:25.960 [FXGL Background Thread 3 ] DEBUG Engine               - class com.almasb.fxgl.app.services.UpdaterService
08:52:25.960 [FXGL Background Thread 3 ] DEBUG Engine               - class com.almasb.fxgl.dev.DevService
08:52:27.278 [JavaFX Application Thread] DEBUG FXGLApplication      - Exiting FXGL
08:52:27.278 [JavaFX Application Thread] DEBUG LoopRunner           - Stopping loop
08:52:27.278 [JavaFX Application Thread] DEBUG SystemBundleService  - Saving FXGL system data
08:52:27.281 [JavaFX Application Thread] DEBUG FileSystemAccess     - Writing to: C:\Users\MichaelMgbeojirikwe\OneDrive - NYC Public Schools\Desktop\Java\games\dontjumpinlava\system\fxgl.bundle
08:52:27.283 [JavaFX Application Thread] DEBUG Async                - Shutting down background threads
08:52:27.283 [JavaFX Application Thread] DEBUG PrimaryStageWindow   - Closing main window
08:52:27.299 [JavaFX Application Thread] DEBUG Logger               - Closing Logger
