08:45:07.189 [main                     ] DEBUG Logger               - Configured Logger
08:45:07.209 [main                     ] DEBUG GameApplication      - Logging settings
Title: Don't Jump in Lava
Version: 0.0
Width: 960
Height: 540
Fullscreen: false
Intro: false
Profiling: false
Single step:false
App Mode: DEVELOPER
Menu Key: ESCAPE
Stage Style: DECORATED
Scene Factory: class com.almasb.fxgl.app.scene.SceneFactory

08:45:07.593 [JavaFX Application Thread] DEBUG FXGLApplication      - Initializing FXGL
08:45:07.595 [JavaFX Application Thread] INFO  Engine               - FXGL-21+dev-SNAPSHOT (26.03.2024 21.04) on WINDOWS (J:21.0.6 FX:21)
08:45:07.596 [JavaFX Application Thread] DEBUG Engine               - JRE Vendor Name: Oracle Corporation
08:45:07.596 [JavaFX Application Thread] DEBUG Engine               - Running on OS: Windows 11 version 10.0
08:45:07.596 [JavaFX Application Thread] DEBUG Engine               - Architecture: amd64
08:45:07.596 [JavaFX Application Thread] INFO  Engine               - Source code and latest versions at: https://github.com/AlmasB/FXGL
08:45:07.596 [JavaFX Application Thread] INFO  Engine               -       Ask questions and discuss at: https://github.com/AlmasB/FXGL/discussions
08:45:07.596 [JavaFX Application Thread] INFO  Engine               -              Join the FXGL chat at: https://gitter.im/AlmasB/FXGL
08:45:07.667 [JavaFX Application Thread] DEBUG PrimaryStageWindow   - Creating a JavaFX scene
08:45:07.710 [JavaFX Application Thread] DEBUG PrimaryStageWindow   - Target settings size: 960.0 x 540.0
08:45:07.710 [JavaFX Application Thread] DEBUG PrimaryStageWindow   - Scaled scene size:    960.0 x 540.0
08:45:07.710 [JavaFX Application Thread] DEBUG PrimaryStageWindow   - Scaled ratio: (1.0, 1.0)
08:45:07.711 [JavaFX Application Thread] DEBUG PrimaryStageWindow   - Set initial scene to FXGLStartupScene
08:45:07.714 [JavaFX Application Thread] DEBUG PrimaryStageWindow   - Opening main window
08:45:07.785 [JavaFX Application Thread] DEBUG PrimaryStageWindow   - Window border size: (16.0, 39.0)
08:45:07.785 [JavaFX Application Thread] DEBUG PrimaryStageWindow   - Scaled size: 960.0 x 540.0
08:45:07.786 [JavaFX Application Thread] DEBUG PrimaryStageWindow   - Scaled ratio: (1.0, 1.0)
08:45:07.786 [JavaFX Application Thread] DEBUG PrimaryStageWindow   - Scene size: 960.0 x 540.0
08:45:07.786 [JavaFX Application Thread] DEBUG PrimaryStageWindow   - Stage size: 976.0 x 579.0
08:45:07.792 [FXGL Background Thread 1 ] DEBUG Engine               - Initializing environment variables
08:45:07.830 [FXGL Background Thread 1 ] DEBUG FXGLAssetLoaderServi - User app class for loading assets: class com.dontjumpinlava.Main
08:45:07.830 [FXGL Background Thread 1 ] DEBUG GameApplicationServi - Applying CSS: fxgl_dark.css
08:45:07.831 [FXGL Background Thread 1 ] DEBUG FXGLAssetLoaderServi - Loading from file system: jar:file:/C:/Users/MichaelMgbeojirikwe/.m2/repository/com/github/almasb/fxgl/fxgl/21.1/fxgl-21.1.jar!/fxglassets/ui/css/fxgl_dark.css
08:45:07.860 [FXGL Background Thread 1 ] DEBUG GameApplicationServi - Initializing application scenes
08:45:07.903 [FXGL Background Thread 1 ] DEBUG GameWorld            - Game world initialized
08:45:07.947 [FXGL Background Thread 1 ] DEBUG PhysicsWorld         - Physics world initialized: appHeight=540, physics.ppm=50.0
08:45:07.947 [FXGL Background Thread 1 ] DEBUG PhysicsWorld         - Using strategy: BRUTE_FORCE
08:45:07.949 [FXGL Background Thread 1 ] DEBUG GameScene            - Game scene initialized: 960x540
08:45:07.959 [FXGL Background Thread 1 ] WARN  FXGL.DefaultMenu     - FXGLDefaultMenu is not designed for resolutions < 800x600
08:45:07.959 [FXGL Background Thread 1 ] DEBUG FXGL.DefaultMenu     - createMenuBodyGameMenu()
08:45:07.968 [FXGL Background Thread 1 ] DEBUG FXGL.DefaultMenu     - createOptionsMenu()
08:45:07.979 [FXGL Background Thread 1 ] DEBUG FXGLAssetLoaderServi - Loading from file system: jar:file:/C:/Users/MichaelMgbeojirikwe/.m2/repository/com/github/almasb/fxgl/fxgl/21.1/fxgl-21.1.jar!/fxglassets/textures/particles/smoke.png
08:45:08.067 [FXGL Background Thread 1 ] DEBUG FXGLAssetLoaderServi - Loading from file system: jar:file:/C:/Users/MichaelMgbeojirikwe/.m2/repository/com/github/almasb/fxgl/fxgl/21.1/fxgl-21.1.jar!/fxglassets/textures/particles/trace_horizontal.png
08:45:08.087 [FXGL Background Thread 1 ] DEBUG GameApplicationServi - Application scenes initialized
08:45:08.096 [FXGL Background Thread 1 ] DEBUG SystemBundleService  - Loading FXGL system data
08:45:08.098 [FXGL Background Thread 1 ] DEBUG FileSystemAccess     - Reading from: C:\Users\MichaelMgbeojirikwe\OneDrive - NYC Public Schools\Desktop\Java\games\dontjumpinlava\system\fxgl.bundle
08:45:08.104 [FXGL Background Thread 1 ] DEBUG SystemBundleService  - Bundle FXGL: {}
08:45:08.104 [FXGL Background Thread 1 ] DEBUG UpdaterService       - Checking for updates
08:45:08.107 [FXGL Background Thread 4 ] DEBUG FXGLApplication      - Loading fonts
08:45:08.108 [FXGL Background Thread 4 ] DEBUG FXGLAssetLoaderServi - Loading from file system: jar:file:/C:/Users/MichaelMgbeojirikwe/.m2/repository/com/github/almasb/fxgl/fxgl/21.1/fxgl-21.1.jar!/fxglassets/ui/fonts/VarelaRound-Regular.ttf
08:45:08.108 [FXGL Background Thread 1 ] DEBUG FXGLApplication      - Loading default localization
08:45:08.109 [FXGL Background Thread 1 ] DEBUG FXGLAssetLoaderServi - Loading from file system: jar:file:/C:/Users/MichaelMgbeojirikwe/.m2/repository/com/github/almasb/fxgl/fxgl/21.1/fxgl-21.1.jar!/fxglassets/languages/english.lang
08:45:08.143 [FXGL Background Thread 4 ] DEBUG FXGLAssetLoaderServi - Loading from file system: jar:file:/C:/Users/MichaelMgbeojirikwe/.m2/repository/com/github/almasb/fxgl/fxgl/21.1/fxgl-21.1.jar!/fxglassets/ui/fonts/Abel-Regular.ttf
08:45:08.147 [FXGL Background Thread 4 ] DEBUG FXGLAssetLoaderServi - Loading from file system: jar:file:/C:/Users/MichaelMgbeojirikwe/.m2/repository/com/github/almasb/fxgl/fxgl/21.1/fxgl-21.1.jar!/fxglassets/ui/fonts/TerminalLandMono-Regular.otf
08:45:08.149 [FXGL Background Thread 1 ] INFO  FXGLApplication      - FXGL initialization took: 0.356 sec
08:45:08.151 [FXGL Background Thread 4 ] DEBUG FXGLAssetLoaderServi - Loading from file system: jar:file:/C:/Users/MichaelMgbeojirikwe/.m2/repository/com/github/almasb/fxgl/fxgl/21.1/fxgl-21.1.jar!/fxglassets/ui/fonts/Courier-Prime.ttf
08:45:08.155 [JavaFX Application Thread] DEBUG Input                - Registered new binding: Up - Up
08:45:08.156 [JavaFX Application Thread] DEBUG Input                - Registered new binding: Right - Right
08:45:08.156 [JavaFX Application Thread] DEBUG Input                - Registered new binding: Left - Left
08:45:08.156 [JavaFX Application Thread] DEBUG Input                - Registered new binding: Down - Down
08:45:08.156 [JavaFX Application Thread] DEBUG Input                - Registered new binding: W - W
08:45:08.156 [JavaFX Application Thread] DEBUG Input                - Registered new binding: A - A
08:45:08.156 [JavaFX Application Thread] DEBUG Input                - Registered new binding: S - S
08:45:08.156 [JavaFX Application Thread] DEBUG Input                - Registered new binding: D - D
08:45:08.156 [JavaFX Application Thread] DEBUG Input                - Registered new binding: E - E
08:45:08.156 [JavaFX Application Thread] DEBUG Input                - Registered new binding: Eyedrop - Q
08:45:08.156 [JavaFX Application Thread] DEBUG Input                - Registered new binding: Space - Space
08:45:08.158 [JavaFX Application Thread] DEBUG Input                - Registered new binding: Click - LMB
08:45:08.158 [JavaFX Application Thread] DEBUG Input                - Registered new binding: Grass - 1
08:45:08.158 [JavaFX Application Thread] DEBUG Input                - Registered new binding: Dirt - 2
08:45:08.158 [JavaFX Application Thread] DEBUG Input                - Registered new binding: Stone - 3
08:45:08.158 [JavaFX Application Thread] DEBUG Input                - Registered new binding: Bedrock - 4
08:45:08.158 [JavaFX Application Thread] DEBUG Input                - Registered new binding: L - L
08:45:08.158 [JavaFX Application Thread] DEBUG Input                - Registered new binding: R - R
08:45:08.158 [JavaFX Application Thread] DEBUG Input                - Registered new binding: Debug - Back Slash
08:45:08.159 [JavaFX Application Thread] DEBUG FXGLAssetLoaderServi - Loading from file system: jar:file:/C:/Users/MichaelMgbeojirikwe/.m2/repository/com/github/almasb/fxgl/fxgl/21.1/fxgl-21.1.jar!/fxglassets/textures/fxgl_icon.png
08:45:08.172 [JavaFX Application Thread] DEBUG FXGLAssetLoaderServi - Loading from file system: jar:file:/C:/Users/MichaelMgbeojirikwe/.m2/repository/com/github/almasb/fxgl/fxgl/21.1/fxgl-21.1.jar!/fxglassets/textures/fxgl_default_cursor.png
08:45:08.175 [JavaFX Application Thread] DEBUG Input                - Registered new binding: Screenshot - CTRL+8
08:45:08.176 [JavaFX Application Thread] DEBUG Input                - Registered new binding: System info dump - CTRL+9
08:45:08.176 [JavaFX Application Thread] DEBUG Input                - Registered new binding: Restart - CTRL+R
08:45:08.178 [JavaFX Application Thread] DEBUG Input                - Registered new binding: Toggle Debug Camera - CTRL+7
08:45:08.185 [JavaFX Application Thread] DEBUG LoopRunner           - Starting loop
08:45:08.185 [JavaFX Application Thread] DEBUG LoopRunner           - Initializing JavaFX AnimationTimerLoop
08:45:08.189 [JavaFX Application Thread] DEBUG GameApplicationServi - Starting new game
08:45:08.190 [JavaFX Application Thread] DEBUG Input                - Clearing active input actions
08:45:08.202 [JavaFX Application Thread] DEBUG GameApplicationServi - Removing overlay from FXGLStartupScene and adding to FXGLLoadingScene
08:45:08.203 [JavaFX Application Thread] DEBUG PrimaryStageWindow   - FXGLStartupScene -> FXGLLoadingScene
08:45:08.203 [JavaFX Application Thread] DEBUG GameApplicationServi - Clearing previous game
08:45:08.203 [JavaFX Application Thread] DEBUG GameScene            - Clearing game scene
08:45:08.203 [JavaFX Application Thread] DEBUG GameWorld            - Clearing game world
08:45:08.203 [JavaFX Application Thread] DEBUG PhysicsWorld         - Clearing physics world
08:45:08.205 [FXGL Background Thread 4 ] DEBUG FXGLApplication      - Initializing game
08:45:08.207 [JavaFX Application Thread] DEBUG FXGLApplication      - Registering font factories with UI factory
08:45:08.661 [FXGL Background Thread 2 ] INFO  UpdaterService       - Your current version:  21+dev-SNAPSHOT
08:45:08.661 [FXGL Background Thread 2 ] INFO  UpdaterService       - Latest stable version: 21.1
08:45:08.739 [FXGL Background Thread 4 ] INFO  FXGLApplication      - Game initialization took: 0.534 sec
08:45:08.744 [JavaFX Application Thread] DEBUG Input                - Clearing active input actions
08:45:08.759 [JavaFX Application Thread] DEBUG GameApplicationServi - Removing overlay from FXGLLoadingScene and adding to GameScene
08:45:08.760 [JavaFX Application Thread] DEBUG PrimaryStageWindow   - FXGLLoadingScene -> GameScene
08:45:11.106 [FXGL Background Thread 3 ] DEBUG Engine               - Logging environment variables
08:45:11.106 [FXGL Background Thread 3 ] DEBUG Engine               - achievements: []
08:45:11.106 [FXGL Background Thread 3 ] DEBUG Engine               - actualHeight: 540.0
08:45:11.106 [FXGL Background Thread 3 ] DEBUG Engine               - actualHeightProperty: ReadOnlyDoubleProperty [value: 540.0]
08:45:11.106 [FXGL Background Thread 3 ] DEBUG Engine               - actualWidth: 960.0
08:45:11.106 [FXGL Background Thread 3 ] DEBUG Engine               - actualWidthProperty: ReadOnlyDoubleProperty [value: 960.0]
08:45:11.106 [FXGL Background Thread 3 ] DEBUG Engine               - appIcon: fxgl_icon.png
08:45:11.106 [FXGL Background Thread 3 ] DEBUG Engine               - applicationMode: DEVELOPER
08:45:11.106 [FXGL Background Thread 3 ] DEBUG Engine               - cSSList: [fxgl_dark.css]
08:45:11.106 [FXGL Background Thread 3 ] DEBUG Engine               - collisionDetectionStrategy: BRUTE_FORCE
08:45:11.106 [FXGL Background Thread 3 ] DEBUG Engine               - configClass: Optional.empty
08:45:11.106 [FXGL Background Thread 3 ] DEBUG Engine               - credits: []
08:45:11.106 [FXGL Background Thread 3 ] DEBUG Engine               - defaultCursor: CursorInfo(imageName=fxgl_default_cursor.png, hotspotX=7.0, hotspotY=6.0)
08:45:11.106 [FXGL Background Thread 3 ] DEBUG Engine               - devBBoxColorProperty: ObjectProperty [value: 0xff0000ff]
08:45:11.106 [FXGL Background Thread 3 ] DEBUG Engine               - devEnableDebugCameraProperty: BooleanProperty [value: false]
08:45:11.106 [FXGL Background Thread 3 ] DEBUG Engine               - devSensorColorProperty: ObjectProperty [value: 0xffff00ff]
08:45:11.106 [FXGL Background Thread 3 ] DEBUG Engine               - devShowBBoxProperty: BooleanProperty [value: false]
08:45:11.106 [FXGL Background Thread 3 ] DEBUG Engine               - devShowPositionProperty: BooleanProperty [value: false]
08:45:11.106 [FXGL Background Thread 3 ] DEBUG Engine               - enabledMenuItems: []
08:45:11.107 [FXGL Background Thread 3 ] DEBUG Engine               - engineServices: [class com.almasb.fxgl.app.services.FXGLAssetLoaderService, class com.almasb.fxgl.app.FXGLApplication$GameApplicationService, class com.almasb.fxgl.app.services.FXGLDialogService, class com.almasb.fxgl.app.services.IOTaskExecutorService, class com.almasb.fxgl.io.FileSystemService, class com.almasb.fxgl.localization.LocalizationService, class com.almasb.fxgl.app.services.SystemBundleService, class com.almasb.fxgl.profile.SaveLoadService, class com.almasb.fxgl.ui.FXGLUIFactoryServiceProvider, class com.almasb.fxgl.ui.FXGLDialogFactoryServiceProvider, class com.almasb.fxgl.audio.AudioPlayer, class com.almasb.fxgl.notification.impl.NotificationServiceProvider, class com.almasb.fxgl.achievement.AchievementService, class com.almasb.fxgl.cutscene.CutsceneService, class com.almasb.fxgl.minigames.MiniGameService, class com.almasb.fxgl.net.NetService, class com.almasb.fxgl.app.services.UpdaterService, class com.almasb.fxgl.dev.DevService]
08:45:11.107 [FXGL Background Thread 3 ] DEBUG Engine               - fontGame: Abel-Regular.ttf
08:45:11.107 [FXGL Background Thread 3 ] DEBUG Engine               - fontMono: TerminalLandMono-Regular.otf
08:45:11.107 [FXGL Background Thread 3 ] DEBUG Engine               - fontSizeScaleUI: 1.0
08:45:11.107 [FXGL Background Thread 3 ] DEBUG Engine               - fontText: Courier-Prime.ttf
08:45:11.107 [FXGL Background Thread 3 ] DEBUG Engine               - fontUI: VarelaRound-Regular.ttf
08:45:11.107 [FXGL Background Thread 3 ] DEBUG Engine               - fullScreen: BooleanProperty [value: false]
08:45:11.107 [FXGL Background Thread 3 ] DEBUG Engine               - gameDifficulty: MEDIUM
08:45:11.107 [FXGL Background Thread 3 ] DEBUG Engine               - gameDifficultyProperty: ObjectProperty [value: MEDIUM]
08:45:11.107 [FXGL Background Thread 3 ] DEBUG Engine               - globalMusicVolume: 0.5
08:45:11.107 [FXGL Background Thread 3 ] DEBUG Engine               - globalMusicVolumeProperty: DoubleProperty [value: 0.5]
08:45:11.107 [FXGL Background Thread 3 ] DEBUG Engine               - globalSoundVolume: 0.5
08:45:11.107 [FXGL Background Thread 3 ] DEBUG Engine               - globalSoundVolumeProperty: DoubleProperty [value: 0.5]
08:45:11.107 [FXGL Background Thread 3 ] DEBUG Engine               - height: 540
08:45:11.107 [FXGL Background Thread 3 ] DEBUG Engine               - is3D: false
08:45:11.107 [FXGL Background Thread 3 ] DEBUG Engine               - isAndroid: false
08:45:11.107 [FXGL Background Thread 3 ] DEBUG Engine               - isBrowser: false
08:45:11.107 [FXGL Background Thread 3 ] DEBUG Engine               - isClickFeedbackEnabled: false
08:45:11.107 [FXGL Background Thread 3 ] DEBUG Engine               - isCloseConfirmation: false
08:45:11.107 [FXGL Background Thread 3 ] DEBUG Engine               - isDesktop: true
08:45:11.107 [FXGL Background Thread 3 ] DEBUG Engine               - isDeveloperMenuEnabled: false
08:45:11.107 [FXGL Background Thread 3 ] DEBUG Engine               - isEmbedded: false
08:45:11.107 [FXGL Background Thread 3 ] DEBUG Engine               - isEntityPreloadEnabled: true
08:45:11.107 [FXGL Background Thread 3 ] DEBUG Engine               - isExperimentalTiledLargeMap: false
08:45:11.107 [FXGL Background Thread 3 ] DEBUG Engine               - isFileSystemWriteAllowed: true
08:45:11.107 [FXGL Background Thread 3 ] DEBUG Engine               - isFullScreenAllowed: false
08:45:11.107 [FXGL Background Thread 3 ] DEBUG Engine               - isFullScreenFromStart: false
08:45:11.107 [FXGL Background Thread 3 ] DEBUG Engine               - isGameMenuEnabled: true
08:45:11.107 [FXGL Background Thread 3 ] DEBUG Engine               - isIOS: false
08:45:11.107 [FXGL Background Thread 3 ] DEBUG Engine               - isIntroEnabled: false
08:45:11.107 [FXGL Background Thread 3 ] DEBUG Engine               - isLinux: false
08:45:11.107 [FXGL Background Thread 3 ] DEBUG Engine               - isMac: false
08:45:11.107 [FXGL Background Thread 3 ] DEBUG Engine               - isMainMenuEnabled: false
08:45:11.107 [FXGL Background Thread 3 ] DEBUG Engine               - isManualResizeEnabled: false
08:45:11.107 [FXGL Background Thread 3 ] DEBUG Engine               - isMobile: false
08:45:11.107 [FXGL Background Thread 3 ] DEBUG Engine               - isNative: false
08:45:11.107 [FXGL Background Thread 3 ] DEBUG Engine               - isPauseMusicWhenMinimized: true
08:45:11.107 [FXGL Background Thread 3 ] DEBUG Engine               - isPreserveResizeRatio: false
08:45:11.107 [FXGL Background Thread 3 ] DEBUG Engine               - isProfilingEnabled: false
08:45:11.107 [FXGL Background Thread 3 ] DEBUG Engine               - isScaleAffectedOnResize: true
08:45:11.107 [FXGL Background Thread 3 ] DEBUG Engine               - isSingleStep: false
08:45:11.107 [FXGL Background Thread 3 ] DEBUG Engine               - isUserProfileEnabled: false
08:45:11.107 [FXGL Background Thread 3 ] DEBUG Engine               - isWindows: true
08:45:11.107 [FXGL Background Thread 3 ] DEBUG Engine               - language: ObjectProperty [value: ENGLISH]
08:45:11.107 [FXGL Background Thread 3 ] DEBUG Engine               - menuKey: ESCAPE
08:45:11.107 [FXGL Background Thread 3 ] DEBUG Engine               - mouseSensitivity: 0.2
08:45:11.107 [FXGL Background Thread 3 ] DEBUG Engine               - notificationViewClass: class com.almasb.fxgl.notification.view.XboxNotificationView
08:45:11.107 [FXGL Background Thread 3 ] DEBUG Engine               - pixelsPerMeter: 50.0
08:45:11.107 [FXGL Background Thread 3 ] DEBUG Engine               - platform: WINDOWS
08:45:11.107 [FXGL Background Thread 3 ] DEBUG Engine               - prefHeightProperty: ReadOnlyDoubleProperty [value: 540.0]
08:45:11.107 [FXGL Background Thread 3 ] DEBUG Engine               - prefWidthProperty: ReadOnlyDoubleProperty [value: 960.0]
08:45:11.107 [FXGL Background Thread 3 ] DEBUG Engine               - profileDir: profiles/
08:45:11.107 [FXGL Background Thread 3 ] DEBUG Engine               - profileName: StringProperty [value: DEFAULT]
08:45:11.107 [FXGL Background Thread 3 ] DEBUG Engine               - randomSeed: -1
08:45:11.108 [FXGL Background Thread 3 ] DEBUG Engine               - runtimeInfo: RuntimeInfo(platform=WINDOWS, version=21+dev-SNAPSHOT, build=26.03.2024 21.04)
08:45:11.108 [FXGL Background Thread 3 ] DEBUG Engine               - saveFileExt: sav
08:45:11.108 [FXGL Background Thread 3 ] DEBUG Engine               - scaledHeightProp$fxgl: DoubleProperty [bound, value: 540.0]
08:45:11.108 [FXGL Background Thread 3 ] DEBUG Engine               - scaledWidthProp$fxgl: DoubleProperty [bound, value: 960.0]
08:45:11.108 [FXGL Background Thread 3 ] DEBUG Engine               - sceneFactory: com.almasb.fxgl.app.scene.SceneFactory@19902c4
08:45:11.108 [FXGL Background Thread 3 ] DEBUG Engine               - secondsIn24h: 60
08:45:11.108 [FXGL Background Thread 3 ] DEBUG Engine               - soundMenuBack: menu/back.wav
08:45:11.108 [FXGL Background Thread 3 ] DEBUG Engine               - soundMenuPress: menu/press.wav
08:45:11.108 [FXGL Background Thread 3 ] DEBUG Engine               - soundMenuSelect: menu/select.wav
08:45:11.108 [FXGL Background Thread 3 ] DEBUG Engine               - soundNotification: core/notification.wav
08:45:11.108 [FXGL Background Thread 3 ] DEBUG Engine               - stageStyle: DECORATED
08:45:11.108 [FXGL Background Thread 3 ] DEBUG Engine               - supportedLanguages: [ENGLISH, FRENCH, GERMAN, HUNGARIAN, RUSSIAN]
08:45:11.108 [FXGL Background Thread 3 ] DEBUG Engine               - ticksPerSecond: -1
08:45:11.108 [FXGL Background Thread 3 ] DEBUG Engine               - title: Don't Jump in Lava
08:45:11.108 [FXGL Background Thread 3 ] DEBUG Engine               - urlGithub: https://github.com/AlmasB/FXGL
08:45:11.108 [FXGL Background Thread 3 ] DEBUG Engine               - urlLeaderboard: http://fxgl-top.herokuapp.com/
08:45:11.108 [FXGL Background Thread 3 ] DEBUG Engine               - urlPOM: https://raw.githubusercontent.com/AlmasB/FXGL/release/README.md
08:45:11.108 [FXGL Background Thread 3 ] DEBUG Engine               - userAppClass: class com.dontjumpinlava.Main
08:45:11.108 [FXGL Background Thread 3 ] DEBUG Engine               - version: 0.0
08:45:11.108 [FXGL Background Thread 3 ] DEBUG Engine               - versionCheckDays: 7
08:45:11.108 [FXGL Background Thread 3 ] DEBUG Engine               - width: 960
08:45:11.108 [FXGL Background Thread 3 ] DEBUG Engine               - Logging services
08:45:11.108 [FXGL Background Thread 3 ] DEBUG Engine               - class com.almasb.fxgl.app.services.FXGLAssetLoaderService
08:45:11.108 [FXGL Background Thread 3 ] DEBUG Engine               - class com.almasb.fxgl.app.FXGLApplication$GameApplicationService
08:45:11.108 [FXGL Background Thread 3 ] DEBUG Engine               - class com.almasb.fxgl.app.services.FXGLDialogService
08:45:11.108 [FXGL Background Thread 3 ] DEBUG Engine               - class com.almasb.fxgl.app.services.IOTaskExecutorService
08:45:11.108 [FXGL Background Thread 3 ] DEBUG Engine               - class com.almasb.fxgl.io.FileSystemService
08:45:11.108 [FXGL Background Thread 3 ] DEBUG Engine               - class com.almasb.fxgl.localization.LocalizationService
08:45:11.108 [FXGL Background Thread 3 ] DEBUG Engine               - class com.almasb.fxgl.app.services.SystemBundleService
08:45:11.108 [FXGL Background Thread 3 ] DEBUG Engine               - class com.almasb.fxgl.profile.SaveLoadService
08:45:11.108 [FXGL Background Thread 3 ] DEBUG Engine               - class com.almasb.fxgl.ui.FXGLUIFactoryServiceProvider
08:45:11.108 [FXGL Background Thread 3 ] DEBUG Engine               - class com.almasb.fxgl.ui.FXGLDialogFactoryServiceProvider
08:45:11.108 [FXGL Background Thread 3 ] DEBUG Engine               - class com.almasb.fxgl.audio.AudioPlayer
08:45:11.108 [FXGL Background Thread 3 ] DEBUG Engine               - class com.almasb.fxgl.notification.impl.NotificationServiceProvider
08:45:11.108 [FXGL Background Thread 3 ] DEBUG Engine               - class com.almasb.fxgl.achievement.AchievementService
08:45:11.108 [FXGL Background Thread 3 ] DEBUG Engine               - class com.almasb.fxgl.cutscene.CutsceneService
08:45:11.108 [FXGL Background Thread 3 ] DEBUG Engine               - class com.almasb.fxgl.minigames.MiniGameService
08:45:11.108 [FXGL Background Thread 3 ] DEBUG Engine               - class com.almasb.fxgl.net.NetService
08:45:11.108 [FXGL Background Thread 3 ] DEBUG Engine               - class com.almasb.fxgl.app.services.UpdaterService
08:45:11.108 [FXGL Background Thread 3 ] DEBUG Engine               - class com.almasb.fxgl.dev.DevService
08:45:14.087 [JavaFX Application Thread] DEBUG FXGLApplication      - Exiting FXGL
08:45:14.087 [JavaFX Application Thread] DEBUG LoopRunner           - Stopping loop
08:45:14.087 [JavaFX Application Thread] DEBUG SystemBundleService  - Saving FXGL system data
08:45:14.089 [JavaFX Application Thread] DEBUG FileSystemAccess     - Writing to: C:\Users\MichaelMgbeojirikwe\OneDrive - NYC Public Schools\Desktop\Java\games\dontjumpinlava\system\fxgl.bundle
08:45:14.092 [JavaFX Application Thread] DEBUG Async                - Shutting down background threads
08:45:14.092 [JavaFX Application Thread] DEBUG PrimaryStageWindow   - Closing main window
08:45:14.102 [JavaFX Application Thread] DEBUG Logger               - Closing Logger
