08:56:23.616 [main                     ] DEBUG Logger               - Configured Logger
08:56:23.644 [main                     ] DEBUG GameApplication      - Logging settings
Title: Don't Jump in Lava
Version: 0.0
Width: 960
Height: 540
Fullscreen: false
Intro: false
Profiling: false
Single step:false
App Mode: DEVELOPER
Menu Key: ESCAPE
Stage Style: DECORATED
Scene Factory: class com.almasb.fxgl.app.scene.SceneFactory

08:56:24.170 [JavaFX Application Thread] DEBUG FXGLApplication      - Initializing FXGL
08:56:24.173 [JavaFX Application Thread] INFO  Engine               - FXGL-21+dev-SNAPSHOT (26.03.2024 21.04) on WINDOWS (J:21.0.6 FX:21)
08:56:24.173 [JavaFX Application Thread] DEBUG Engine               - JRE Vendor Name: Oracle Corporation
08:56:24.174 [JavaFX Application Thread] DEBUG Engine               - Running on OS: Windows 11 version 10.0
08:56:24.174 [JavaFX Application Thread] DEBUG Engine               - Architecture: amd64
08:56:24.174 [JavaFX Application Thread] INFO  Engine               - Source code and latest versions at: https://github.com/AlmasB/FXGL
08:56:24.174 [JavaFX Application Thread] INFO  Engine               -       Ask questions and discuss at: https://github.com/AlmasB/FXGL/discussions
08:56:24.174 [JavaFX Application Thread] INFO  Engine               -              Join the FXGL chat at: https://gitter.im/AlmasB/FXGL
08:56:24.259 [JavaFX Application Thread] DEBUG PrimaryStageWindow   - Creating a JavaFX scene
08:56:24.300 [JavaFX Application Thread] DEBUG PrimaryStageWindow   - Target settings size: 960.0 x 540.0
08:56:24.300 [JavaFX Application Thread] DEBUG PrimaryStageWindow   - Scaled scene size:    960.0 x 540.0
08:56:24.300 [JavaFX Application Thread] DEBUG PrimaryStageWindow   - Scaled ratio: (1.0, 1.0)
08:56:24.301 [JavaFX Application Thread] DEBUG PrimaryStageWindow   - Set initial scene to FXGLStartupScene
08:56:24.304 [JavaFX Application Thread] DEBUG PrimaryStageWindow   - Opening main window
08:56:24.398 [JavaFX Application Thread] DEBUG PrimaryStageWindow   - Window border size: (16.0, 39.0)
08:56:24.399 [JavaFX Application Thread] DEBUG PrimaryStageWindow   - Scaled size: 960.0 x 540.0
08:56:24.399 [JavaFX Application Thread] DEBUG PrimaryStageWindow   - Scaled ratio: (1.0, 1.0)
08:56:24.399 [JavaFX Application Thread] DEBUG PrimaryStageWindow   - Scene size: 960.0 x 540.0
08:56:24.400 [JavaFX Application Thread] DEBUG PrimaryStageWindow   - Stage size: 976.0 x 579.0
08:56:24.406 [FXGL Background Thread 1 ] DEBUG Engine               - Initializing environment variables
08:56:24.459 [FXGL Background Thread 1 ] DEBUG FXGLAssetLoaderServi - User app class for loading assets: class com.dontjumpinlava.Main
08:56:24.459 [FXGL Background Thread 1 ] DEBUG GameApplicationServi - Applying CSS: fxgl_dark.css
08:56:24.460 [FXGL Background Thread 1 ] DEBUG FXGLAssetLoaderServi - Loading from file system: jar:file:/C:/Users/MichaelMgbeojirikwe/.m2/repository/com/github/almasb/fxgl/fxgl/21.1/fxgl-21.1.jar!/fxglassets/ui/css/fxgl_dark.css
08:56:24.509 [FXGL Background Thread 1 ] DEBUG GameApplicationServi - Initializing application scenes
08:56:24.570 [FXGL Background Thread 1 ] DEBUG GameWorld            - Game world initialized
08:56:24.665 [FXGL Background Thread 1 ] DEBUG PhysicsWorld         - Physics world initialized: appHeight=540, physics.ppm=50.0
08:56:24.666 [FXGL Background Thread 1 ] DEBUG PhysicsWorld         - Using strategy: BRUTE_FORCE
08:56:24.670 [FXGL Background Thread 1 ] DEBUG GameScene            - Game scene initialized: 960x540
08:56:24.684 [FXGL Background Thread 1 ] WARN  FXGL.DefaultMenu     - FXGLDefaultMenu is not designed for resolutions < 800x600
08:56:24.684 [FXGL Background Thread 1 ] DEBUG FXGL.DefaultMenu     - createMenuBodyGameMenu()
08:56:24.699 [FXGL Background Thread 1 ] DEBUG FXGL.DefaultMenu     - createOptionsMenu()
08:56:24.710 [FXGL Background Thread 1 ] DEBUG FXGLAssetLoaderServi - Loading from file system: jar:file:/C:/Users/MichaelMgbeojirikwe/.m2/repository/com/github/almasb/fxgl/fxgl/21.1/fxgl-21.1.jar!/fxglassets/textures/particles/smoke.png
08:56:24.855 [FXGL Background Thread 1 ] DEBUG FXGLAssetLoaderServi - Loading from file system: jar:file:/C:/Users/MichaelMgbeojirikwe/.m2/repository/com/github/almasb/fxgl/fxgl/21.1/fxgl-21.1.jar!/fxglassets/textures/particles/trace_horizontal.png
08:56:24.884 [FXGL Background Thread 1 ] DEBUG GameApplicationServi - Application scenes initialized
08:56:24.898 [FXGL Background Thread 1 ] DEBUG SystemBundleService  - Loading FXGL system data
08:56:24.907 [FXGL Background Thread 1 ] DEBUG FileSystemAccess     - Reading from: C:\Users\MichaelMgbeojirikwe\OneDrive - NYC Public Schools\Desktop\Java\games\dontjumpinlava\system\fxgl.bundle
08:56:24.918 [FXGL Background Thread 1 ] DEBUG SystemBundleService  - Bundle FXGL: {}
08:56:24.918 [FXGL Background Thread 1 ] DEBUG UpdaterService       - Checking for updates
08:56:24.924 [FXGL Background Thread 4 ] DEBUG FXGLApplication      - Loading fonts
08:56:24.924 [FXGL Background Thread 4 ] DEBUG FXGLAssetLoaderServi - Loading from file system: jar:file:/C:/Users/MichaelMgbeojirikwe/.m2/repository/com/github/almasb/fxgl/fxgl/21.1/fxgl-21.1.jar!/fxglassets/ui/fonts/VarelaRound-Regular.ttf
08:56:24.926 [FXGL Background Thread 1 ] DEBUG FXGLApplication      - Loading default localization
08:56:24.927 [FXGL Background Thread 1 ] DEBUG FXGLAssetLoaderServi - Loading from file system: jar:file:/C:/Users/MichaelMgbeojirikwe/.m2/repository/com/github/almasb/fxgl/fxgl/21.1/fxgl-21.1.jar!/fxglassets/languages/english.lang
08:56:24.966 [FXGL Background Thread 1 ] INFO  FXGLApplication      - FXGL initialization took: 0.560 sec
08:56:24.988 [JavaFX Application Thread] DEBUG Input                - Registered new binding: Up - Up
08:56:24.988 [JavaFX Application Thread] DEBUG Input                - Registered new binding: Right - Right
08:56:24.988 [JavaFX Application Thread] DEBUG Input                - Registered new binding: Left - Left
08:56:24.988 [JavaFX Application Thread] DEBUG Input                - Registered new binding: Down - Down
08:56:24.988 [JavaFX Application Thread] DEBUG Input                - Registered new binding: W - W
08:56:24.988 [JavaFX Application Thread] DEBUG Input                - Registered new binding: A - A
08:56:24.988 [JavaFX Application Thread] DEBUG Input                - Registered new binding: S - S
08:56:24.988 [JavaFX Application Thread] DEBUG Input                - Registered new binding: D - D
08:56:24.989 [JavaFX Application Thread] DEBUG Input                - Registered new binding: E - E
08:56:24.989 [JavaFX Application Thread] DEBUG Input                - Registered new binding: Eyedrop - Q
08:56:24.989 [JavaFX Application Thread] DEBUG Input                - Registered new binding: Space - Space
08:56:24.992 [JavaFX Application Thread] DEBUG Input                - Registered new binding: Click - LMB
08:56:24.992 [JavaFX Application Thread] DEBUG Input                - Registered new binding: Grass - 1
08:56:24.992 [JavaFX Application Thread] DEBUG Input                - Registered new binding: Dirt - 2
08:56:24.993 [JavaFX Application Thread] DEBUG Input                - Registered new binding: Stone - 3
08:56:24.993 [JavaFX Application Thread] DEBUG Input                - Registered new binding: Bedrock - 4
08:56:24.993 [FXGL Background Thread 4 ] DEBUG FXGLAssetLoaderServi - Loading from file system: jar:file:/C:/Users/MichaelMgbeojirikwe/.m2/repository/com/github/almasb/fxgl/fxgl/21.1/fxgl-21.1.jar!/fxglassets/ui/fonts/Abel-Regular.ttf
08:56:24.993 [JavaFX Application Thread] DEBUG FXGLAssetLoaderServi - Loading from file system: jar:file:/C:/Users/MichaelMgbeojirikwe/.m2/repository/com/github/almasb/fxgl/fxgl/21.1/fxgl-21.1.jar!/fxglassets/textures/fxgl_icon.png
08:56:25.000 [FXGL Background Thread 4 ] DEBUG FXGLAssetLoaderServi - Loading from file system: jar:file:/C:/Users/MichaelMgbeojirikwe/.m2/repository/com/github/almasb/fxgl/fxgl/21.1/fxgl-21.1.jar!/fxglassets/ui/fonts/TerminalLandMono-Regular.otf
08:56:25.008 [FXGL Background Thread 4 ] DEBUG FXGLAssetLoaderServi - Loading from file system: jar:file:/C:/Users/MichaelMgbeojirikwe/.m2/repository/com/github/almasb/fxgl/fxgl/21.1/fxgl-21.1.jar!/fxglassets/ui/fonts/Courier-Prime.ttf
08:56:25.017 [JavaFX Application Thread] DEBUG FXGLAssetLoaderServi - Loading from file system: jar:file:/C:/Users/MichaelMgbeojirikwe/.m2/repository/com/github/almasb/fxgl/fxgl/21.1/fxgl-21.1.jar!/fxglassets/textures/fxgl_default_cursor.png
08:56:25.021 [JavaFX Application Thread] DEBUG Input                - Registered new binding: Screenshot - CTRL+8
08:56:25.023 [JavaFX Application Thread] DEBUG Input                - Registered new binding: System info dump - CTRL+9
08:56:25.024 [JavaFX Application Thread] DEBUG Input                - Registered new binding: Restart - CTRL+R
08:56:25.026 [JavaFX Application Thread] DEBUG Input                - Registered new binding: Toggle Debug Camera - CTRL+7
08:56:25.036 [JavaFX Application Thread] DEBUG LoopRunner           - Starting loop
08:56:25.036 [JavaFX Application Thread] DEBUG LoopRunner           - Initializing JavaFX AnimationTimerLoop
08:56:25.042 [JavaFX Application Thread] DEBUG GameApplicationServi - Starting new game
08:56:25.043 [JavaFX Application Thread] DEBUG Input                - Clearing active input actions
08:56:25.063 [JavaFX Application Thread] DEBUG GameApplicationServi - Removing overlay from FXGLStartupScene and adding to FXGLLoadingScene
08:56:25.063 [JavaFX Application Thread] DEBUG PrimaryStageWindow   - FXGLStartupScene -> FXGLLoadingScene
08:56:25.064 [JavaFX Application Thread] DEBUG GameApplicationServi - Clearing previous game
08:56:25.064 [JavaFX Application Thread] DEBUG GameScene            - Clearing game scene
08:56:25.064 [JavaFX Application Thread] DEBUG GameWorld            - Clearing game world
08:56:25.064 [JavaFX Application Thread] DEBUG PhysicsWorld         - Clearing physics world
08:56:25.068 [FXGL Background Thread 4 ] DEBUG FXGLApplication      - Initializing game
08:56:25.070 [JavaFX Application Thread] DEBUG FXGLApplication      - Registering font factories with UI factory
08:56:25.473 [JavaFX Application Thread] DEBUG LoopRunner           - Stopping loop
08:56:25.478 [JavaFX Application Thread] FATAL FXGLApplication      - Uncaught Exception:
java.lang.RuntimeException: Initialization failed
	at com.almasb.fxgl.app.FXGLApplication$InitAppTask.failed(FXGLApplication.kt:347)
	at javafx.concurrent.Task.setState(Task.java:710)
	at javafx.concurrent.Task$TaskCallable.lambda$call$2(Task.java:1429)
	at com.sun.javafx.application.PlatformImpl.lambda$runLater$10(PlatformImpl.java:456)
	at java.base/java.security.AccessController.doPrivileged(AccessController.java:400)
	at com.sun.javafx.application.PlatformImpl.lambda$runLater$11(PlatformImpl.java:455)
	at com.sun.glass.ui.InvokeLaterDispatcher$Future.run(InvokeLaterDispatcher.java:95)
	at com.sun.glass.ui.win.WinApplication._runLoop(Native Method)
	at com.sun.glass.ui.win.WinApplication.lambda$runLoop$3(WinApplication.java:185)
	at java.base/java.lang.Thread.run(Thread.java:1583)
Caused by: java.lang.IndexOutOfBoundsException: Index 4039 out of bounds for length 4000
	at java.base/jdk.internal.util.Preconditions.outOfBounds(Preconditions.java:100)
	at java.base/jdk.internal.util.Preconditions.outOfBoundsCheckIndex(Preconditions.java:106)
	at java.base/jdk.internal.util.Preconditions.checkIndex(Preconditions.java:302)
	at java.base/java.util.Objects.checkIndex(Objects.java:385)
	at java.base/java.util.ArrayList.get(ArrayList.java:427)
	at com.dontjumpinlava.Main.setup(Main.java:1238)
	at com.dontjumpinlava.Main.cloneLevelTiles(Main.java:1258)
	at com.dontjumpinlava.Main.initGame(Main.java:1591)
	at com.almasb.fxgl.app.FXGLApplication$InitAppTask.initGame(FXGLApplication.kt:343)
	at com.almasb.fxgl.app.FXGLApplication$InitAppTask.call(FXGLApplication.kt:321)
	at com.almasb.fxgl.app.FXGLApplication$InitAppTask.call(FXGLApplication.kt:313)
	at javafx.concurrent.Task$TaskCallable.call(Task.java:1399)
	at java.base/java.util.concurrent.FutureTask.run(FutureTask.java:317)
	at java.base/java.util.concurrent.Executors$RunnableAdapter.call(Executors.java:572)
	at java.base/java.util.concurrent.FutureTask.run(FutureTask.java:317)
	at java.base/java.util.concurrent.ThreadPoolExecutor.runWorker(ThreadPoolExecutor.java:1144)
	at java.base/java.util.concurrent.ThreadPoolExecutor$Worker.run(ThreadPoolExecutor.java:642)
	... 1 more

08:56:25.478 [JavaFX Application Thread] FATAL FXGLApplication      - Application will now exit
08:56:25.513 [JavaFX Application Thread] DEBUG PrimaryStageWindow   - Push state: ErrorSubScene
08:56:25.514 [JavaFX Application Thread] DEBUG Input                - Clearing active input actions
08:56:25.526 [JavaFX Application Thread] DEBUG GameApplicationServi - Removing overlay from FXGLLoadingScene and adding to ErrorSubScene
08:56:25.527 [JavaFX Application Thread] DEBUG PrimaryStageWindow   - FXGLLoadingScene -> ErrorSubScene
08:56:25.731 [FXGL Background Thread 2 ] INFO  UpdaterService       - Your current version:  21+dev-SNAPSHOT
08:56:25.732 [FXGL Background Thread 2 ] INFO  UpdaterService       - Latest stable version: 21.1
08:56:26.932 [JavaFX Application Thread] DEBUG FXGLApplication      - Exiting FXGL
08:56:26.932 [JavaFX Application Thread] DEBUG Async                - Shutting down background threads
08:56:26.932 [JavaFX Application Thread] DEBUG PrimaryStageWindow   - Closing main window
08:56:26.941 [JavaFX Application Thread] DEBUG Logger               - Closing Logger
