09:25:07.977 [main                     ] DEBUG Logger               - Configured Logger
09:25:07.997 [main                     ] DEBUG GameApplication      - Logging settings
Title: Don't Jump in Lava
Version: 0.0
Width: 960
Height: 540
Fullscreen: false
Intro: false
Profiling: false
Single step:false
App Mode: DEVELOPER
Menu Key: ESCAPE
Stage Style: DECORATED
Scene Factory: class com.almasb.fxgl.app.scene.SceneFactory

09:25:09.505 [JavaFX Application Thread] DEBUG FXGLApplication      - Initializing FXGL
09:25:09.507 [JavaFX Application Thread] INFO  Engine               - FXGL-21+dev-SNAPSHOT (26.03.2024 21.04) on WINDOWS (J:21.0.6 FX:21)
09:25:09.507 [JavaFX Application Thread] DEBUG Engine               - JRE Vendor Name: Oracle Corporation
09:25:09.507 [JavaFX Application Thread] DEBUG Engine               - Running on OS: Windows 11 version 10.0
09:25:09.507 [JavaFX Application Thread] DEBUG Engine               - Architecture: amd64
09:25:09.508 [JavaFX Application Thread] INFO  Engine               - Source code and latest versions at: https://github.com/AlmasB/FXGL
09:25:09.508 [JavaFX Application Thread] INFO  Engine               -       Ask questions and discuss at: https://github.com/AlmasB/FXGL/discussions
09:25:09.508 [JavaFX Application Thread] INFO  Engine               -              Join the FXGL chat at: https://gitter.im/AlmasB/FXGL
09:25:09.572 [JavaFX Application Thread] DEBUG PrimaryStageWindow   - Creating a JavaFX scene
09:25:09.823 [JavaFX Application Thread] DEBUG PrimaryStageWindow   - Target settings size: 960.0 x 540.0
09:25:09.823 [JavaFX Application Thread] DEBUG PrimaryStageWindow   - Scaled scene size:    960.0 x 540.0
09:25:09.823 [JavaFX Application Thread] DEBUG PrimaryStageWindow   - Scaled ratio: (1.0, 1.0)
09:25:09.824 [JavaFX Application Thread] DEBUG PrimaryStageWindow   - Set initial scene to FXGLStartupScene
09:25:09.826 [JavaFX Application Thread] DEBUG PrimaryStageWindow   - Opening main window
09:25:09.885 [JavaFX Application Thread] DEBUG PrimaryStageWindow   - Window border size: (16.0, 39.0)
09:25:09.885 [JavaFX Application Thread] DEBUG PrimaryStageWindow   - Scaled size: 960.0 x 540.0
09:25:09.885 [JavaFX Application Thread] DEBUG PrimaryStageWindow   - Scaled ratio: (1.0, 1.0)
09:25:09.885 [JavaFX Application Thread] DEBUG PrimaryStageWindow   - Scene size: 960.0 x 540.0
09:25:09.885 [JavaFX Application Thread] DEBUG PrimaryStageWindow   - Stage size: 976.0 x 579.0
09:25:09.891 [FXGL Background Thread 1 ] DEBUG Engine               - Initializing environment variables
09:25:09.920 [FXGL Background Thread 1 ] DEBUG FXGLAssetLoaderServi - User app class for loading assets: class com.dontjumpinlava.Main
09:25:09.921 [FXGL Background Thread 1 ] DEBUG GameApplicationServi - Applying CSS: fxgl_dark.css
09:25:09.921 [FXGL Background Thread 1 ] DEBUG FXGLAssetLoaderServi - Loading from file system: jar:file:/C:/Users/MichaelMgbeojirikwe/.m2/repository/com/github/almasb/fxgl/fxgl/21.1/fxgl-21.1.jar!/fxglassets/ui/css/fxgl_dark.css
09:25:09.948 [FXGL Background Thread 1 ] DEBUG GameApplicationServi - Initializing application scenes
09:25:09.988 [FXGL Background Thread 1 ] DEBUG GameWorld            - Game world initialized
09:25:10.033 [FXGL Background Thread 1 ] DEBUG PhysicsWorld         - Physics world initialized: appHeight=540, physics.ppm=50.0
09:25:10.033 [FXGL Background Thread 1 ] DEBUG PhysicsWorld         - Using strategy: BRUTE_FORCE
09:25:10.035 [FXGL Background Thread 1 ] DEBUG GameScene            - Game scene initialized: 960x540
09:25:10.045 [FXGL Background Thread 1 ] WARN  FXGL.DefaultMenu     - FXGLDefaultMenu is not designed for resolutions < 800x600
09:25:10.045 [FXGL Background Thread 1 ] DEBUG FXGL.DefaultMenu     - createMenuBodyGameMenu()
09:25:10.054 [FXGL Background Thread 1 ] DEBUG FXGL.DefaultMenu     - createOptionsMenu()
09:25:10.060 [FXGL Background Thread 1 ] DEBUG FXGLAssetLoaderServi - Loading from file system: jar:file:/C:/Users/MichaelMgbeojirikwe/.m2/repository/com/github/almasb/fxgl/fxgl/21.1/fxgl-21.1.jar!/fxglassets/textures/particles/smoke.png
09:25:10.132 [FXGL Background Thread 1 ] DEBUG FXGLAssetLoaderServi - Loading from file system: jar:file:/C:/Users/MichaelMgbeojirikwe/.m2/repository/com/github/almasb/fxgl/fxgl/21.1/fxgl-21.1.jar!/fxglassets/textures/particles/trace_horizontal.png
09:25:10.148 [FXGL Background Thread 1 ] DEBUG GameApplicationServi - Application scenes initialized
09:25:10.156 [FXGL Background Thread 1 ] DEBUG SystemBundleService  - Loading FXGL system data
09:25:10.159 [FXGL Background Thread 1 ] DEBUG FileSystemAccess     - Reading from: C:\Users\MichaelMgbeojirikwe\OneDrive - NYC Public Schools\Desktop\Java\games\dontjumpinlava\system\fxgl.bundle
09:25:10.166 [FXGL Background Thread 1 ] DEBUG SystemBundleService  - Bundle FXGL: {}
09:25:10.166 [FXGL Background Thread 1 ] DEBUG UpdaterService       - Checking for updates
09:25:10.169 [FXGL Background Thread 4 ] DEBUG FXGLApplication      - Loading fonts
09:25:10.169 [FXGL Background Thread 4 ] DEBUG FXGLAssetLoaderServi - Loading from file system: jar:file:/C:/Users/MichaelMgbeojirikwe/.m2/repository/com/github/almasb/fxgl/fxgl/21.1/fxgl-21.1.jar!/fxglassets/ui/fonts/VarelaRound-Regular.ttf
09:25:10.169 [FXGL Background Thread 1 ] DEBUG FXGLApplication      - Loading default localization
09:25:10.170 [FXGL Background Thread 1 ] DEBUG FXGLAssetLoaderServi - Loading from file system: jar:file:/C:/Users/MichaelMgbeojirikwe/.m2/repository/com/github/almasb/fxgl/fxgl/21.1/fxgl-21.1.jar!/fxglassets/languages/english.lang
09:25:10.187 [FXGL Background Thread 1 ] INFO  FXGLApplication      - FXGL initialization took: 0.297 sec
09:25:10.197 [JavaFX Application Thread] DEBUG Input                - Registered new binding: Right - Right
09:25:10.198 [JavaFX Application Thread] DEBUG Input                - Registered new binding: Left - Left
09:25:10.198 [JavaFX Application Thread] DEBUG Input                - Registered new binding: Up - Up
09:25:10.198 [JavaFX Application Thread] DEBUG Input                - Registered new binding: Down - Down
09:25:10.198 [JavaFX Application Thread] DEBUG FXGLAssetLoaderServi - Loading from file system: jar:file:/C:/Users/MichaelMgbeojirikwe/.m2/repository/com/github/almasb/fxgl/fxgl/21.1/fxgl-21.1.jar!/fxglassets/textures/fxgl_icon.png
09:25:10.215 [FXGL Background Thread 4 ] DEBUG FXGLAssetLoaderServi - Loading from file system: jar:file:/C:/Users/MichaelMgbeojirikwe/.m2/repository/com/github/almasb/fxgl/fxgl/21.1/fxgl-21.1.jar!/fxglassets/ui/fonts/Abel-Regular.ttf
09:25:10.219 [JavaFX Application Thread] DEBUG FXGLAssetLoaderServi - Loading from file system: jar:file:/C:/Users/MichaelMgbeojirikwe/.m2/repository/com/github/almasb/fxgl/fxgl/21.1/fxgl-21.1.jar!/fxglassets/textures/fxgl_default_cursor.png
09:25:10.219 [FXGL Background Thread 4 ] DEBUG FXGLAssetLoaderServi - Loading from file system: jar:file:/C:/Users/MichaelMgbeojirikwe/.m2/repository/com/github/almasb/fxgl/fxgl/21.1/fxgl-21.1.jar!/fxglassets/ui/fonts/TerminalLandMono-Regular.otf
09:25:10.223 [JavaFX Application Thread] DEBUG Input                - Registered new binding: Screenshot - CTRL+8
09:25:10.224 [JavaFX Application Thread] DEBUG Input                - Registered new binding: System info dump - CTRL+9
09:25:10.224 [FXGL Background Thread 4 ] DEBUG FXGLAssetLoaderServi - Loading from file system: jar:file:/C:/Users/MichaelMgbeojirikwe/.m2/repository/com/github/almasb/fxgl/fxgl/21.1/fxgl-21.1.jar!/fxglassets/ui/fonts/Courier-Prime.ttf
09:25:10.225 [JavaFX Application Thread] DEBUG Input                - Registered new binding: Restart - CTRL+R
09:25:10.226 [JavaFX Application Thread] DEBUG Input                - Registered new binding: Toggle Debug Camera - CTRL+7
09:25:10.233 [JavaFX Application Thread] DEBUG LoopRunner           - Starting loop
09:25:10.233 [JavaFX Application Thread] DEBUG LoopRunner           - Initializing JavaFX AnimationTimerLoop
09:25:10.236 [JavaFX Application Thread] DEBUG GameApplicationServi - Starting new game
09:25:10.237 [JavaFX Application Thread] DEBUG Input                - Clearing active input actions
09:25:10.248 [JavaFX Application Thread] DEBUG GameApplicationServi - Removing overlay from FXGLStartupScene and adding to FXGLLoadingScene
09:25:10.249 [JavaFX Application Thread] DEBUG PrimaryStageWindow   - FXGLStartupScene -> FXGLLoadingScene
09:25:10.249 [JavaFX Application Thread] DEBUG GameApplicationServi - Clearing previous game
09:25:10.249 [JavaFX Application Thread] DEBUG GameScene            - Clearing game scene
09:25:10.249 [JavaFX Application Thread] DEBUG GameWorld            - Clearing game world
09:25:10.249 [JavaFX Application Thread] DEBUG PhysicsWorld         - Clearing physics world
09:25:10.251 [JavaFX Application Thread] DEBUG FXGLApplication      - Registering font factories with UI factory
09:25:10.305 [JavaFX Application Thread] DEBUG LoopRunner           - Stopping loop
09:25:10.309 [JavaFX Application Thread] FATAL FXGLApplication      - Uncaught Exception:
java.lang.RuntimeException: Initialization failed
	at com.almasb.fxgl.app.FXGLApplication$InitAppTask.failed(FXGLApplication.kt:347)
	at javafx.concurrent.Task.setState(Task.java:710)
	at javafx.concurrent.Task$TaskCallable.lambda$call$2(Task.java:1429)
	at com.sun.javafx.application.PlatformImpl.lambda$runLater$10(PlatformImpl.java:456)
	at java.base/java.security.AccessController.doPrivileged(AccessController.java:400)
	at com.sun.javafx.application.PlatformImpl.lambda$runLater$11(PlatformImpl.java:455)
	at com.sun.glass.ui.InvokeLaterDispatcher$Future.run(InvokeLaterDispatcher.java:95)
	at com.sun.glass.ui.win.WinApplication._runLoop(Native Method)
	at com.sun.glass.ui.win.WinApplication.lambda$runLoop$3(WinApplication.java:185)
	at java.base/java.lang.Thread.run(Thread.java:1583)
Caused by: java.lang.IllegalArgumentException: Invalid URL: Invalid URL or resource not found
	at javafx.scene.image.Image.validateUrl(Image.java:1133)
	at javafx.scene.image.Image.<init>(Image.java:627)
	at com.dontjumpinlava.Block.<init>(Main.java:63)
	at com.dontjumpinlava.Main.createBlock(Main.java:392)
	at com.dontjumpinlava.Main.setup(Main.java:408)
	at com.dontjumpinlava.Main.cloneLevelTiles(Main.java:425)
	at com.dontjumpinlava.Main.initGame(Main.java:475)
	at com.almasb.fxgl.app.FXGLApplication$InitAppTask.initGame(FXGLApplication.kt:343)
	at com.almasb.fxgl.app.FXGLApplication$InitAppTask.call(FXGLApplication.kt:321)
	at com.almasb.fxgl.app.FXGLApplication$InitAppTask.call(FXGLApplication.kt:313)
	at javafx.concurrent.Task$TaskCallable.call(Task.java:1399)
	at java.base/java.util.concurrent.FutureTask.run(FutureTask.java:317)
	at java.base/java.util.concurrent.Executors$RunnableAdapter.call(Executors.java:572)
	at java.base/java.util.concurrent.FutureTask.run(FutureTask.java:317)
	at java.base/java.util.concurrent.ThreadPoolExecutor.runWorker(ThreadPoolExecutor.java:1144)
	at java.base/java.util.concurrent.ThreadPoolExecutor$Worker.run(ThreadPoolExecutor.java:642)
	... 1 more
Caused by: java.lang.IllegalArgumentException: Invalid URL or resource not found
	at javafx.scene.image.Image.validateUrl(Image.java:1122)
	... 16 more

09:25:10.310 [JavaFX Application Thread] FATAL FXGLApplication      - Application will now exit
09:25:10.343 [JavaFX Application Thread] DEBUG PrimaryStageWindow   - Push state: ErrorSubScene
09:25:10.343 [JavaFX Application Thread] DEBUG Input                - Clearing active input actions
09:25:10.353 [JavaFX Application Thread] DEBUG GameApplicationServi - Removing overlay from FXGLLoadingScene and adding to ErrorSubScene
09:25:10.353 [JavaFX Application Thread] DEBUG PrimaryStageWindow   - FXGLLoadingScene -> ErrorSubScene
09:25:10.680 [FXGL Background Thread 2 ] INFO  UpdaterService       - Your current version:  21+dev-SNAPSHOT
09:25:10.680 [FXGL Background Thread 2 ] INFO  UpdaterService       - Latest stable version: 21.1
09:25:11.815 [JavaFX Application Thread] DEBUG FXGLApplication      - Exiting FXGL
09:25:11.816 [JavaFX Application Thread] DEBUG Async                - Shutting down background threads
09:25:11.816 [JavaFX Application Thread] DEBUG PrimaryStageWindow   - Closing main window
09:25:11.827 [JavaFX Application Thread] DEBUG Logger               - Closing Logger
