09:32:58.240 [main                     ] DEBUG Logger               - Configured Logger
09:32:58.259 [main                     ] DEBUG GameApplication      - Logging settings
Title: Don't Jump in Lava
Version: 0.0
Width: 960
Height: 540
Fullscreen: false
Intro: false
Profiling: false
Single step:false
App Mode: DEVELOPER
Menu Key: ESCAPE
Stage Style: DECORATED
Scene Factory: class com.almasb.fxgl.app.scene.SceneFactory

09:32:58.623 [JavaFX Application Thread] DEBUG FXGLApplication      - Initializing FXGL
09:32:58.626 [JavaFX Application Thread] INFO  Engine               - FXGL-21+dev-SNAPSHOT (26.03.2024 21.04) on WINDOWS (J:21.0.6 FX:21)
09:32:58.626 [JavaFX Application Thread] DEBUG Engine               - JRE Vendor Name: Oracle Corporation
09:32:58.626 [JavaFX Application Thread] DEBUG Engine               - Running on OS: Windows 11 version 10.0
09:32:58.626 [JavaFX Application Thread] DEBUG Engine               - Architecture: amd64
09:32:58.626 [JavaFX Application Thread] INFO  Engine               - Source code and latest versions at: https://github.com/AlmasB/FXGL
09:32:58.626 [JavaFX Application Thread] INFO  Engine               -       Ask questions and discuss at: https://github.com/AlmasB/FXGL/discussions
09:32:58.626 [JavaFX Application Thread] INFO  Engine               -              Join the FXGL chat at: https://gitter.im/AlmasB/FXGL
09:32:58.690 [JavaFX Application Thread] DEBUG PrimaryStageWindow   - Creating a JavaFX scene
09:32:58.724 [JavaFX Application Thread] DEBUG PrimaryStageWindow   - Target settings size: 960.0 x 540.0
09:32:58.724 [JavaFX Application Thread] DEBUG PrimaryStageWindow   - Scaled scene size:    960.0 x 540.0
09:32:58.724 [JavaFX Application Thread] DEBUG PrimaryStageWindow   - Scaled ratio: (1.0, 1.0)
09:32:58.725 [JavaFX Application Thread] DEBUG PrimaryStageWindow   - Set initial scene to FXGLStartupScene
09:32:58.727 [JavaFX Application Thread] DEBUG PrimaryStageWindow   - Opening main window
09:32:58.790 [JavaFX Application Thread] DEBUG PrimaryStageWindow   - Window border size: (16.0, 39.0)
09:32:58.790 [JavaFX Application Thread] DEBUG PrimaryStageWindow   - Scaled size: 960.0 x 540.0
09:32:58.790 [JavaFX Application Thread] DEBUG PrimaryStageWindow   - Scaled ratio: (1.0, 1.0)
09:32:58.790 [JavaFX Application Thread] DEBUG PrimaryStageWindow   - Scene size: 960.0 x 540.0
09:32:58.790 [JavaFX Application Thread] DEBUG PrimaryStageWindow   - Stage size: 976.0 x 579.0
09:32:58.796 [FXGL Background Thread 1 ] DEBUG Engine               - Initializing environment variables
09:32:58.833 [FXGL Background Thread 1 ] DEBUG FXGLAssetLoaderServi - User app class for loading assets: class com.dontjumpinlava.Main
09:32:58.833 [FXGL Background Thread 1 ] DEBUG GameApplicationServi - Applying CSS: fxgl_dark.css
09:32:58.834 [FXGL Background Thread 1 ] DEBUG FXGLAssetLoaderServi - Loading from file system: jar:file:/C:/Users/MichaelMgbeojirikwe/.m2/repository/com/github/almasb/fxgl/fxgl/21.1/fxgl-21.1.jar!/fxglassets/ui/css/fxgl_dark.css
09:32:58.863 [FXGL Background Thread 1 ] DEBUG GameApplicationServi - Initializing application scenes
09:32:58.905 [FXGL Background Thread 1 ] DEBUG GameWorld            - Game world initialized
09:32:58.953 [FXGL Background Thread 1 ] DEBUG PhysicsWorld         - Physics world initialized: appHeight=540, physics.ppm=50.0
09:32:58.954 [FXGL Background Thread 1 ] DEBUG PhysicsWorld         - Using strategy: BRUTE_FORCE
09:32:58.956 [FXGL Background Thread 1 ] DEBUG GameScene            - Game scene initialized: 960x540
09:32:58.964 [FXGL Background Thread 1 ] WARN  FXGL.DefaultMenu     - FXGLDefaultMenu is not designed for resolutions < 800x600
09:32:58.964 [FXGL Background Thread 1 ] DEBUG FXGL.DefaultMenu     - createMenuBodyGameMenu()
09:32:58.974 [FXGL Background Thread 1 ] DEBUG FXGL.DefaultMenu     - createOptionsMenu()
09:32:58.980 [FXGL Background Thread 1 ] DEBUG FXGLAssetLoaderServi - Loading from file system: jar:file:/C:/Users/MichaelMgbeojirikwe/.m2/repository/com/github/almasb/fxgl/fxgl/21.1/fxgl-21.1.jar!/fxglassets/textures/particles/smoke.png
09:32:59.057 [FXGL Background Thread 1 ] DEBUG FXGLAssetLoaderServi - Loading from file system: jar:file:/C:/Users/MichaelMgbeojirikwe/.m2/repository/com/github/almasb/fxgl/fxgl/21.1/fxgl-21.1.jar!/fxglassets/textures/particles/trace_horizontal.png
09:32:59.073 [FXGL Background Thread 1 ] DEBUG GameApplicationServi - Application scenes initialized
09:32:59.082 [FXGL Background Thread 1 ] DEBUG SystemBundleService  - Loading FXGL system data
09:32:59.086 [FXGL Background Thread 1 ] DEBUG FileSystemAccess     - Reading from: C:\Users\MichaelMgbeojirikwe\OneDrive - NYC Public Schools\Desktop\Java\games\dontjumpinlava\system\fxgl.bundle
09:32:59.092 [FXGL Background Thread 1 ] DEBUG SystemBundleService  - Bundle FXGL: {}
09:32:59.092 [FXGL Background Thread 1 ] DEBUG UpdaterService       - Checking for updates
09:32:59.095 [FXGL Background Thread 4 ] DEBUG FXGLApplication      - Loading fonts
09:32:59.095 [FXGL Background Thread 4 ] DEBUG FXGLAssetLoaderServi - Loading from file system: jar:file:/C:/Users/MichaelMgbeojirikwe/.m2/repository/com/github/almasb/fxgl/fxgl/21.1/fxgl-21.1.jar!/fxglassets/ui/fonts/VarelaRound-Regular.ttf
09:32:59.096 [FXGL Background Thread 1 ] DEBUG FXGLApplication      - Loading default localization
09:32:59.096 [FXGL Background Thread 1 ] DEBUG FXGLAssetLoaderServi - Loading from file system: jar:file:/C:/Users/MichaelMgbeojirikwe/.m2/repository/com/github/almasb/fxgl/fxgl/21.1/fxgl-21.1.jar!/fxglassets/languages/english.lang
09:32:59.126 [FXGL Background Thread 4 ] DEBUG FXGLAssetLoaderServi - Loading from file system: jar:file:/C:/Users/MichaelMgbeojirikwe/.m2/repository/com/github/almasb/fxgl/fxgl/21.1/fxgl-21.1.jar!/fxglassets/ui/fonts/Abel-Regular.ttf
09:32:59.129 [FXGL Background Thread 1 ] INFO  FXGLApplication      - FXGL initialization took: 0.333 sec
09:32:59.130 [FXGL Background Thread 4 ] DEBUG FXGLAssetLoaderServi - Loading from file system: jar:file:/C:/Users/MichaelMgbeojirikwe/.m2/repository/com/github/almasb/fxgl/fxgl/21.1/fxgl-21.1.jar!/fxglassets/ui/fonts/TerminalLandMono-Regular.otf
09:32:59.135 [FXGL Background Thread 4 ] DEBUG FXGLAssetLoaderServi - Loading from file system: jar:file:/C:/Users/MichaelMgbeojirikwe/.m2/repository/com/github/almasb/fxgl/fxgl/21.1/fxgl-21.1.jar!/fxglassets/ui/fonts/Courier-Prime.ttf
09:32:59.137 [JavaFX Application Thread] DEBUG Input                - Registered new binding: Up - Up
09:32:59.137 [JavaFX Application Thread] DEBUG Input                - Registered new binding: Right - Right
09:32:59.137 [JavaFX Application Thread] DEBUG Input                - Registered new binding: Left - Left
09:32:59.137 [JavaFX Application Thread] DEBUG Input                - Registered new binding: Down - Down
09:32:59.137 [JavaFX Application Thread] DEBUG Input                - Registered new binding: W - W
09:32:59.137 [JavaFX Application Thread] DEBUG Input                - Registered new binding: A - A
09:32:59.137 [JavaFX Application Thread] DEBUG Input                - Registered new binding: S - S
09:32:59.137 [JavaFX Application Thread] DEBUG Input                - Registered new binding: D - D
09:32:59.138 [JavaFX Application Thread] DEBUG Input                - Registered new binding: E - E
09:32:59.138 [JavaFX Application Thread] DEBUG Input                - Registered new binding: Eyedrop - Q
09:32:59.138 [JavaFX Application Thread] DEBUG Input                - Registered new binding: Space - Space
09:32:59.142 [JavaFX Application Thread] DEBUG Input                - Registered new binding: Click - LMB
09:32:59.142 [JavaFX Application Thread] DEBUG Input                - Registered new binding: Grass - 1
09:32:59.142 [JavaFX Application Thread] DEBUG Input                - Registered new binding: Dirt - 2
09:32:59.142 [JavaFX Application Thread] DEBUG Input                - Registered new binding: Stone - 3
09:32:59.143 [JavaFX Application Thread] DEBUG Input                - Registered new binding: Bedrock - 4
09:32:59.143 [JavaFX Application Thread] DEBUG FXGLAssetLoaderServi - Loading from file system: jar:file:/C:/Users/MichaelMgbeojirikwe/.m2/repository/com/github/almasb/fxgl/fxgl/21.1/fxgl-21.1.jar!/fxglassets/textures/fxgl_icon.png
09:32:59.156 [JavaFX Application Thread] DEBUG FXGLAssetLoaderServi - Loading from file system: jar:file:/C:/Users/MichaelMgbeojirikwe/.m2/repository/com/github/almasb/fxgl/fxgl/21.1/fxgl-21.1.jar!/fxglassets/textures/fxgl_default_cursor.png
09:32:59.159 [JavaFX Application Thread] DEBUG Input                - Registered new binding: Screenshot - CTRL+8
09:32:59.160 [JavaFX Application Thread] DEBUG Input                - Registered new binding: System info dump - CTRL+9
09:32:59.161 [JavaFX Application Thread] DEBUG Input                - Registered new binding: Restart - CTRL+R
09:32:59.163 [JavaFX Application Thread] DEBUG Input                - Registered new binding: Toggle Debug Camera - CTRL+7
09:32:59.171 [JavaFX Application Thread] DEBUG LoopRunner           - Starting loop
09:32:59.171 [JavaFX Application Thread] DEBUG LoopRunner           - Initializing JavaFX AnimationTimerLoop
09:32:59.177 [JavaFX Application Thread] DEBUG GameApplicationServi - Starting new game
09:32:59.178 [JavaFX Application Thread] DEBUG Input                - Clearing active input actions
09:32:59.192 [JavaFX Application Thread] DEBUG GameApplicationServi - Removing overlay from FXGLStartupScene and adding to FXGLLoadingScene
09:32:59.192 [JavaFX Application Thread] DEBUG PrimaryStageWindow   - FXGLStartupScene -> FXGLLoadingScene
09:32:59.192 [JavaFX Application Thread] DEBUG GameApplicationServi - Clearing previous game
09:32:59.192 [JavaFX Application Thread] DEBUG GameScene            - Clearing game scene
09:32:59.192 [JavaFX Application Thread] DEBUG GameWorld            - Clearing game world
09:32:59.192 [JavaFX Application Thread] DEBUG PhysicsWorld         - Clearing physics world
09:32:59.194 [FXGL Background Thread 4 ] DEBUG FXGLApplication      - Initializing game
09:32:59.196 [JavaFX Application Thread] DEBUG FXGLApplication      - Registering font factories with UI factory
09:32:59.660 [FXGL Background Thread 2 ] INFO  UpdaterService       - Your current version:  21+dev-SNAPSHOT
09:32:59.661 [FXGL Background Thread 2 ] INFO  UpdaterService       - Latest stable version: 21.1
09:32:59.737 [FXGL Background Thread 4 ] INFO  FXGLApplication      - Game initialization took: 0.543 sec
09:32:59.742 [JavaFX Application Thread] DEBUG Input                - Clearing active input actions
09:32:59.760 [JavaFX Application Thread] DEBUG GameApplicationServi - Removing overlay from FXGLLoadingScene and adding to GameScene
09:32:59.760 [JavaFX Application Thread] DEBUG PrimaryStageWindow   - FXGLLoadingScene -> GameScene
09:33:00.973 [JavaFX Application Thread] DEBUG FXGLApplication      - Exiting FXGL
09:33:00.973 [JavaFX Application Thread] DEBUG LoopRunner           - Stopping loop
09:33:00.973 [JavaFX Application Thread] DEBUG SystemBundleService  - Saving FXGL system data
09:33:00.976 [JavaFX Application Thread] DEBUG FileSystemAccess     - Writing to: C:\Users\MichaelMgbeojirikwe\OneDrive - NYC Public Schools\Desktop\Java\games\dontjumpinlava\system\fxgl.bundle
09:33:00.980 [JavaFX Application Thread] DEBUG Async                - Shutting down background threads
09:33:00.980 [JavaFX Application Thread] DEBUG PrimaryStageWindow   - Closing main window
09:33:00.997 [JavaFX Application Thread] DEBUG Logger               - Closing Logger
