08:52:01.418 [main                     ] DEBUG Logger               - Configured Logger
08:52:01.438 [main                     ] DEBUG GameApplication      - Logging settings
Title: Don't Jump in Lava
Version: 0.0
Width: 960
Height: 540
Fullscreen: false
Intro: false
Profiling: false
Single step:false
App Mode: DEVELOPER
Menu Key: ESCAPE
Stage Style: DECORATED
Scene Factory: class com.almasb.fxgl.app.scene.SceneFactory

08:52:01.807 [JavaFX Application Thread] DEBUG FXGLApplication      - Initializing FXGL
08:52:01.810 [JavaFX Application Thread] INFO  Engine               - FXGL-21.1 (27.03.2024 07.52) on WINDOWS (J:21.0.8 FX:17.0.1)
08:52:01.810 [JavaFX Application Thread] DEBUG Engine               - JRE Vendor Name: Eclipse Adoptium
08:52:01.810 [JavaFX Application Thread] DEBUG Engine               - Running on OS: Windows 11 version 10.0
08:52:01.811 [JavaFX Application Thread] DEBUG Engine               - Architecture: amd64
08:52:01.811 [JavaFX Application Thread] INFO  Engine               - Source code and latest versions at: https://github.com/AlmasB/FXGL
08:52:01.811 [JavaFX Application Thread] INFO  Engine               -       Ask questions and discuss at: https://github.com/AlmasB/FXGL/discussions
08:52:01.811 [JavaFX Application Thread] INFO  Engine               -              Join the FXGL chat at: https://gitter.im/AlmasB/FXGL
08:52:01.877 [JavaFX Application Thread] DEBUG PrimaryStageWindow   - Creating a JavaFX scene
08:52:01.911 [JavaFX Application Thread] DEBUG PrimaryStageWindow   - Target settings size: 960.0 x 540.0
08:52:01.912 [JavaFX Application Thread] DEBUG PrimaryStageWindow   - Scaled scene size:    960.0 x 540.0
08:52:01.912 [JavaFX Application Thread] DEBUG PrimaryStageWindow   - Scaled ratio: (1.0, 1.0)
08:52:01.912 [JavaFX Application Thread] DEBUG PrimaryStageWindow   - Set initial scene to FXGLStartupScene
08:52:01.917 [JavaFX Application Thread] DEBUG PrimaryStageWindow   - Opening main window
08:52:01.989 [JavaFX Application Thread] DEBUG PrimaryStageWindow   - Window border size: (16.0, 39.0)
08:52:01.990 [JavaFX Application Thread] DEBUG PrimaryStageWindow   - Scaled size: 960.0 x 540.0
08:52:01.990 [JavaFX Application Thread] DEBUG PrimaryStageWindow   - Scaled ratio: (1.0, 1.0)
08:52:01.990 [JavaFX Application Thread] DEBUG PrimaryStageWindow   - Scene size: 960.0 x 540.0
08:52:01.990 [JavaFX Application Thread] DEBUG PrimaryStageWindow   - Stage size: 976.0 x 579.0
08:52:01.995 [FXGL Background Thread 1 ] DEBUG Engine               - Initializing environment variables
08:52:02.029 [FXGL Background Thread 1 ] DEBUG FXGLAssetLoaderServi - User app class for loading assets: class com.dontjumpinlava.Main
08:52:02.030 [FXGL Background Thread 1 ] DEBUG GameApplicationServi - Applying CSS: fxgl_dark.css
08:52:02.030 [FXGL Background Thread 1 ] DEBUG FXGLAssetLoaderServi - Loading from file system: jar:file:/C:/Users/MichaelMgbeojirikwe/.m2/repository/com/github/almasb/fxgl/21.1/fxgl-21.1.jar!/fxglassets/ui/css/fxgl_dark.css
08:52:02.054 [FXGL Background Thread 1 ] DEBUG GameApplicationServi - Initializing application scenes
08:52:02.089 [FXGL Background Thread 1 ] DEBUG GameWorld            - Game world initialized
08:52:02.147 [FXGL Background Thread 1 ] DEBUG PhysicsWorld         - Physics world initialized: appHeight=540, physics.ppm=50.0
08:52:02.147 [FXGL Background Thread 1 ] DEBUG PhysicsWorld         - Using strategy: BRUTE_FORCE
08:52:02.150 [FXGL Background Thread 1 ] DEBUG GameScene            - Game scene initialized: 960x540
08:52:02.158 [FXGL Background Thread 1 ] WARN  FXGL.DefaultMenu     - FXGLDefaultMenu is not designed for resolutions < 800x600
08:52:02.158 [FXGL Background Thread 1 ] DEBUG FXGL.DefaultMenu     - createMenuBodyGameMenu()
08:52:02.167 [FXGL Background Thread 1 ] DEBUG FXGL.DefaultMenu     - createOptionsMenu()
08:52:02.173 [FXGL Background Thread 1 ] DEBUG FXGLAssetLoaderServi - Loading from file system: jar:file:/C:/Users/MichaelMgbeojirikwe/.m2/repository/com/github/almasb/fxgl/21.1/fxgl-21.1.jar!/fxglassets/textures/particles/smoke.png
08:52:02.269 [FXGL Background Thread 1 ] DEBUG FXGLAssetLoaderServi - Loading from file system: jar:file:/C:/Users/MichaelMgbeojirikwe/.m2/repository/com/github/almasb/fxgl/21.1/fxgl-21.1.jar!/fxglassets/textures/particles/trace_horizontal.png
08:52:02.287 [FXGL Background Thread 1 ] DEBUG GameApplicationServi - Application scenes initialized
08:52:02.295 [FXGL Background Thread 1 ] DEBUG SystemBundleService  - Loading FXGL system data
08:52:02.298 [FXGL Background Thread 1 ] DEBUG FileSystemAccess     - Reading from: C:\Users\MichaelMgbeojirikwe\OneDrive - NYC Public Schools\Desktop\Java\games\dontjumpinlava\system\fxgl.bundle
08:52:02.304 [FXGL Background Thread 1 ] DEBUG SystemBundleService  - Bundle FXGL: {}
08:52:02.304 [FXGL Background Thread 1 ] DEBUG UpdaterService       - Checking for updates
08:52:02.306 [FXGL Background Thread 4 ] DEBUG FXGLApplication      - Loading fonts
08:52:02.307 [FXGL Background Thread 4 ] DEBUG FXGLAssetLoaderServi - Loading from file system: jar:file:/C:/Users/MichaelMgbeojirikwe/.m2/repository/com/github/almasb/fxgl/21.1/fxgl-21.1.jar!/fxglassets/ui/fonts/VarelaRound-Regular.ttf
08:52:02.307 [FXGL Background Thread 1 ] DEBUG FXGLApplication      - Loading default localization
08:52:02.308 [FXGL Background Thread 1 ] DEBUG FXGLAssetLoaderServi - Loading from file system: jar:file:/C:/Users/MichaelMgbeojirikwe/.m2/repository/com/github/almasb/fxgl/21.1/fxgl-21.1.jar!/fxglassets/languages/english.lang
08:52:02.326 [FXGL Background Thread 1 ] INFO  FXGLApplication      - FXGL initialization took: 0.331 sec
08:52:02.328 [JavaFX Application Thread] DEBUG FXGLAssetLoaderServi - Loading from file system: jar:file:/C:/Users/MichaelMgbeojirikwe/.m2/repository/com/github/almasb/fxgl/21.1/fxgl-21.1.jar!/fxglassets/textures/fxgl_icon.png
08:52:02.341 [JavaFX Application Thread] DEBUG FXGLAssetLoaderServi - Loading from file system: jar:file:/C:/Users/MichaelMgbeojirikwe/.m2/repository/com/github/almasb/fxgl/21.1/fxgl-21.1.jar!/fxglassets/textures/fxgl_default_cursor.png
08:52:02.343 [FXGL Background Thread 4 ] DEBUG FXGLAssetLoaderServi - Loading from file system: jar:file:/C:/Users/MichaelMgbeojirikwe/.m2/repository/com/github/almasb/fxgl/21.1/fxgl-21.1.jar!/fxglassets/ui/fonts/Abel-Regular.ttf
08:52:02.347 [FXGL Background Thread 4 ] DEBUG FXGLAssetLoaderServi - Loading from file system: jar:file:/C:/Users/MichaelMgbeojirikwe/.m2/repository/com/github/almasb/fxgl/21.1/fxgl-21.1.jar!/fxglassets/ui/fonts/TerminalLandMono-Regular.otf
08:52:02.351 [FXGL Background Thread 4 ] DEBUG FXGLAssetLoaderServi - Loading from file system: jar:file:/C:/Users/MichaelMgbeojirikwe/.m2/repository/com/github/almasb/fxgl/21.1/fxgl-21.1.jar!/fxglassets/ui/fonts/Courier-Prime.ttf
08:52:02.354 [JavaFX Application Thread] DEBUG Input                - Registered new binding: Screenshot - CTRL+8
08:52:02.354 [JavaFX Application Thread] DEBUG Input                - Registered new binding: System info dump - CTRL+9
08:52:02.354 [JavaFX Application Thread] DEBUG Input                - Registered new binding: Restart - CTRL+R
08:52:02.355 [JavaFX Application Thread] DEBUG Input                - Registered new binding: Toggle Debug Camera - CTRL+7
08:52:02.356 [JavaFX Application Thread] DEBUG LoopRunner           - Starting loop
08:52:02.356 [JavaFX Application Thread] DEBUG LoopRunner           - Initializing JavaFX AnimationTimerLoop
08:52:02.357 [JavaFX Application Thread] DEBUG GameApplicationServi - Starting new game
08:52:02.358 [JavaFX Application Thread] DEBUG Input                - Clearing active input actions
08:52:02.369 [JavaFX Application Thread] DEBUG GameApplicationServi - Removing overlay from FXGLStartupScene and adding to FXGLLoadingScene
08:52:02.369 [JavaFX Application Thread] DEBUG PrimaryStageWindow   - FXGLStartupScene -> FXGLLoadingScene
08:52:02.369 [JavaFX Application Thread] DEBUG GameApplicationServi - Clearing previous game
08:52:02.369 [JavaFX Application Thread] DEBUG GameScene            - Clearing game scene
08:52:02.369 [JavaFX Application Thread] DEBUG GameWorld            - Clearing game world
08:52:02.369 [JavaFX Application Thread] DEBUG PhysicsWorld         - Clearing physics world
08:52:02.372 [JavaFX Application Thread] DEBUG FXGLApplication      - Registering font factories with UI factory
08:52:02.372 [FXGL Background Thread 4 ] DEBUG FXGLApplication      - Initializing game
08:52:02.780 [FXGL Background Thread 4 ] INFO  FXGLApplication      - Game initialization took: 0.409 sec
08:52:02.781 [JavaFX Application Thread] DEBUG Input                - Clearing active input actions
08:52:02.797 [JavaFX Application Thread] DEBUG GameApplicationServi - Removing overlay from FXGLLoadingScene and adding to GameScene
08:52:02.797 [JavaFX Application Thread] DEBUG PrimaryStageWindow   - FXGLLoadingScene -> GameScene
08:52:04.102 [JavaFX Application Thread] DEBUG FXGLApplication      - Exiting FXGL
08:52:04.102 [JavaFX Application Thread] DEBUG LoopRunner           - Stopping loop
08:52:04.102 [JavaFX Application Thread] DEBUG SystemBundleService  - Saving FXGL system data
08:52:04.104 [JavaFX Application Thread] DEBUG FileSystemAccess     - Writing to: C:\Users\MichaelMgbeojirikwe\OneDrive - NYC Public Schools\Desktop\Java\games\dontjumpinlava\system\fxgl.bundle
08:52:04.106 [JavaFX Application Thread] DEBUG Async                - Shutting down background threads
08:52:04.106 [JavaFX Application Thread] DEBUG PrimaryStageWindow   - Closing main window
08:52:04.116 [JavaFX Application Thread] DEBUG Logger               - Closing Logger
