09:33:33.401 [main                     ] DEBUG Logger               - Configured Logger
09:33:33.421 [main                     ] DEBUG GameApplication      - Logging settings
Title: Don't Jump in Lava
Version: 0.0
Width: 960
Height: 540
Fullscreen: false
Intro: false
Profiling: false
Single step:false
App Mode: DEVELOPER
Menu Key: ESCAPE
Stage Style: DECORATED
Scene Factory: class com.almasb.fxgl.app.scene.SceneFactory

09:33:33.802 [JavaFX Application Thread] DEBUG FXGLApplication      - Initializing FXGL
09:33:33.804 [JavaFX Application Thread] INFO  Engine               - FXGL-21+dev-SNAPSHOT (26.03.2024 21.04) on WINDOWS (J:21.0.6 FX:21)
09:33:33.805 [JavaFX Application Thread] DEBUG Engine               - JRE Vendor Name: Oracle Corporation
09:33:33.805 [JavaFX Application Thread] DEBUG Engine               - Running on OS: Windows 11 version 10.0
09:33:33.805 [JavaFX Application Thread] DEBUG Engine               - Architecture: amd64
09:33:33.805 [JavaFX Application Thread] INFO  Engine               - Source code and latest versions at: https://github.com/AlmasB/FXGL
09:33:33.805 [JavaFX Application Thread] INFO  Engine               -       Ask questions and discuss at: https://github.com/AlmasB/FXGL/discussions
09:33:33.805 [JavaFX Application Thread] INFO  Engine               -              Join the FXGL chat at: https://gitter.im/AlmasB/FXGL
09:33:33.869 [JavaFX Application Thread] DEBUG PrimaryStageWindow   - Creating a JavaFX scene
09:33:33.903 [JavaFX Application Thread] DEBUG PrimaryStageWindow   - Target settings size: 960.0 x 540.0
09:33:33.904 [JavaFX Application Thread] DEBUG PrimaryStageWindow   - Scaled scene size:    960.0 x 540.0
09:33:33.904 [JavaFX Application Thread] DEBUG PrimaryStageWindow   - Scaled ratio: (1.0, 1.0)
09:33:33.904 [JavaFX Application Thread] DEBUG PrimaryStageWindow   - Set initial scene to FXGLStartupScene
09:33:33.907 [JavaFX Application Thread] DEBUG PrimaryStageWindow   - Opening main window
09:33:33.972 [JavaFX Application Thread] DEBUG PrimaryStageWindow   - Window border size: (16.0, 39.0)
09:33:33.972 [JavaFX Application Thread] DEBUG PrimaryStageWindow   - Scaled size: 960.0 x 540.0
09:33:33.972 [JavaFX Application Thread] DEBUG PrimaryStageWindow   - Scaled ratio: (1.0, 1.0)
09:33:33.972 [JavaFX Application Thread] DEBUG PrimaryStageWindow   - Scene size: 960.0 x 540.0
09:33:33.972 [JavaFX Application Thread] DEBUG PrimaryStageWindow   - Stage size: 976.0 x 579.0
09:33:33.977 [FXGL Background Thread 1 ] DEBUG Engine               - Initializing environment variables
09:33:34.010 [FXGL Background Thread 1 ] DEBUG FXGLAssetLoaderServi - User app class for loading assets: class com.dontjumpinlava.Main
09:33:34.010 [FXGL Background Thread 1 ] DEBUG GameApplicationServi - Applying CSS: fxgl_dark.css
09:33:34.011 [FXGL Background Thread 1 ] DEBUG FXGLAssetLoaderServi - Loading from file system: jar:file:/C:/Users/MichaelMgbeojirikwe/.m2/repository/com/github/almasb/fxgl/fxgl/21.1/fxgl-21.1.jar!/fxglassets/ui/css/fxgl_dark.css
09:33:34.038 [FXGL Background Thread 1 ] DEBUG GameApplicationServi - Initializing application scenes
09:33:34.078 [FXGL Background Thread 1 ] DEBUG GameWorld            - Game world initialized
09:33:34.127 [FXGL Background Thread 1 ] DEBUG PhysicsWorld         - Physics world initialized: appHeight=540, physics.ppm=50.0
09:33:34.127 [FXGL Background Thread 1 ] DEBUG PhysicsWorld         - Using strategy: BRUTE_FORCE
09:33:34.129 [FXGL Background Thread 1 ] DEBUG GameScene            - Game scene initialized: 960x540
09:33:34.136 [FXGL Background Thread 1 ] WARN  FXGL.DefaultMenu     - FXGLDefaultMenu is not designed for resolutions < 800x600
09:33:34.137 [FXGL Background Thread 1 ] DEBUG FXGL.DefaultMenu     - createMenuBodyGameMenu()
09:33:34.147 [FXGL Background Thread 1 ] DEBUG FXGL.DefaultMenu     - createOptionsMenu()
09:33:34.153 [FXGL Background Thread 1 ] DEBUG FXGLAssetLoaderServi - Loading from file system: jar:file:/C:/Users/MichaelMgbeojirikwe/.m2/repository/com/github/almasb/fxgl/fxgl/21.1/fxgl-21.1.jar!/fxglassets/textures/particles/smoke.png
09:33:34.236 [FXGL Background Thread 1 ] DEBUG FXGLAssetLoaderServi - Loading from file system: jar:file:/C:/Users/MichaelMgbeojirikwe/.m2/repository/com/github/almasb/fxgl/fxgl/21.1/fxgl-21.1.jar!/fxglassets/textures/particles/trace_horizontal.png
09:33:34.254 [FXGL Background Thread 1 ] DEBUG GameApplicationServi - Application scenes initialized
09:33:34.264 [FXGL Background Thread 1 ] DEBUG SystemBundleService  - Loading FXGL system data
09:33:34.267 [FXGL Background Thread 1 ] DEBUG FileSystemAccess     - Reading from: C:\Users\MichaelMgbeojirikwe\OneDrive - NYC Public Schools\Desktop\Java\games\dontjumpinlava\system\fxgl.bundle
09:33:34.274 [FXGL Background Thread 1 ] DEBUG SystemBundleService  - Bundle FXGL: {}
09:33:34.274 [FXGL Background Thread 1 ] DEBUG UpdaterService       - Checking for updates
09:33:34.279 [FXGL Background Thread 4 ] DEBUG FXGLApplication      - Loading fonts
09:33:34.279 [FXGL Background Thread 4 ] DEBUG FXGLAssetLoaderServi - Loading from file system: jar:file:/C:/Users/MichaelMgbeojirikwe/.m2/repository/com/github/almasb/fxgl/fxgl/21.1/fxgl-21.1.jar!/fxglassets/ui/fonts/VarelaRound-Regular.ttf
09:33:34.280 [FXGL Background Thread 1 ] DEBUG FXGLApplication      - Loading default localization
09:33:34.281 [FXGL Background Thread 1 ] DEBUG FXGLAssetLoaderServi - Loading from file system: jar:file:/C:/Users/MichaelMgbeojirikwe/.m2/repository/com/github/almasb/fxgl/fxgl/21.1/fxgl-21.1.jar!/fxglassets/languages/english.lang
09:33:34.315 [FXGL Background Thread 4 ] DEBUG FXGLAssetLoaderServi - Loading from file system: jar:file:/C:/Users/MichaelMgbeojirikwe/.m2/repository/com/github/almasb/fxgl/fxgl/21.1/fxgl-21.1.jar!/fxglassets/ui/fonts/Abel-Regular.ttf
09:33:34.318 [FXGL Background Thread 1 ] INFO  FXGLApplication      - FXGL initialization took: 0.341 sec
09:33:34.320 [FXGL Background Thread 4 ] DEBUG FXGLAssetLoaderServi - Loading from file system: jar:file:/C:/Users/MichaelMgbeojirikwe/.m2/repository/com/github/almasb/fxgl/fxgl/21.1/fxgl-21.1.jar!/fxglassets/ui/fonts/TerminalLandMono-Regular.otf
09:33:34.324 [FXGL Background Thread 4 ] DEBUG FXGLAssetLoaderServi - Loading from file system: jar:file:/C:/Users/MichaelMgbeojirikwe/.m2/repository/com/github/almasb/fxgl/fxgl/21.1/fxgl-21.1.jar!/fxglassets/ui/fonts/Courier-Prime.ttf
09:33:34.330 [JavaFX Application Thread] DEBUG Input                - Registered new binding: Up - Up
09:33:34.330 [JavaFX Application Thread] DEBUG Input                - Registered new binding: Right - Right
09:33:34.330 [JavaFX Application Thread] DEBUG Input                - Registered new binding: Left - Left
09:33:34.330 [JavaFX Application Thread] DEBUG Input                - Registered new binding: Down - Down
09:33:34.330 [JavaFX Application Thread] DEBUG Input                - Registered new binding: W - W
09:33:34.330 [JavaFX Application Thread] DEBUG Input                - Registered new binding: A - A
09:33:34.330 [JavaFX Application Thread] DEBUG Input                - Registered new binding: S - S
09:33:34.330 [JavaFX Application Thread] DEBUG Input                - Registered new binding: D - D
09:33:34.331 [JavaFX Application Thread] DEBUG Input                - Registered new binding: E - E
09:33:34.331 [JavaFX Application Thread] DEBUG Input                - Registered new binding: Eyedrop - Q
09:33:34.331 [JavaFX Application Thread] DEBUG Input                - Registered new binding: Space - Space
09:33:34.332 [JavaFX Application Thread] DEBUG Input                - Registered new binding: Click - LMB
09:33:34.332 [JavaFX Application Thread] DEBUG Input                - Registered new binding: Grass - 1
09:33:34.332 [JavaFX Application Thread] DEBUG Input                - Registered new binding: Dirt - 2
09:33:34.332 [JavaFX Application Thread] DEBUG Input                - Registered new binding: Stone - 3
09:33:34.332 [JavaFX Application Thread] DEBUG Input                - Registered new binding: Bedrock - 4
09:33:34.333 [JavaFX Application Thread] DEBUG Input                - Registered new binding: Enemy - 5
09:33:34.333 [JavaFX Application Thread] DEBUG Input                - Registered new binding: L - L
09:33:34.333 [JavaFX Application Thread] DEBUG Input                - Registered new binding: R - R
09:33:34.333 [JavaFX Application Thread] DEBUG Input                - Registered new binding: G - G
09:33:34.333 [JavaFX Application Thread] DEBUG FXGLAssetLoaderServi - Loading from file system: jar:file:/C:/Users/MichaelMgbeojirikwe/.m2/repository/com/github/almasb/fxgl/fxgl/21.1/fxgl-21.1.jar!/fxglassets/textures/fxgl_icon.png
09:33:34.347 [JavaFX Application Thread] DEBUG FXGLAssetLoaderServi - Loading from file system: jar:file:/C:/Users/MichaelMgbeojirikwe/.m2/repository/com/github/almasb/fxgl/fxgl/21.1/fxgl-21.1.jar!/fxglassets/textures/fxgl_default_cursor.png
09:33:34.350 [JavaFX Application Thread] DEBUG Input                - Registered new binding: Screenshot - CTRL+8
09:33:34.351 [JavaFX Application Thread] DEBUG Input                - Registered new binding: System info dump - CTRL+9
09:33:34.351 [JavaFX Application Thread] DEBUG Input                - Registered new binding: Restart - CTRL+R
09:33:34.353 [JavaFX Application Thread] DEBUG Input                - Registered new binding: Toggle Debug Camera - CTRL+7
09:33:34.361 [JavaFX Application Thread] DEBUG LoopRunner           - Starting loop
09:33:34.361 [JavaFX Application Thread] DEBUG LoopRunner           - Initializing JavaFX AnimationTimerLoop
09:33:34.366 [JavaFX Application Thread] DEBUG GameApplicationServi - Starting new game
09:33:34.366 [JavaFX Application Thread] DEBUG Input                - Clearing active input actions
09:33:34.380 [JavaFX Application Thread] DEBUG GameApplicationServi - Removing overlay from FXGLStartupScene and adding to FXGLLoadingScene
09:33:34.381 [JavaFX Application Thread] DEBUG PrimaryStageWindow   - FXGLStartupScene -> FXGLLoadingScene
09:33:34.381 [JavaFX Application Thread] DEBUG GameApplicationServi - Clearing previous game
09:33:34.381 [JavaFX Application Thread] DEBUG GameScene            - Clearing game scene
09:33:34.381 [JavaFX Application Thread] DEBUG GameWorld            - Clearing game world
09:33:34.381 [JavaFX Application Thread] DEBUG PhysicsWorld         - Clearing physics world
09:33:34.383 [FXGL Background Thread 4 ] DEBUG FXGLApplication      - Initializing game
09:33:34.386 [JavaFX Application Thread] DEBUG FXGLApplication      - Registering font factories with UI factory
09:33:34.506 [JavaFX Application Thread] DEBUG LoopRunner           - Stopping loop
09:33:34.507 [JavaFX Application Thread] FATAL FXGLApplication      - Uncaught Exception:
java.lang.RuntimeException: Initialization failed
	at com.almasb.fxgl.app.FXGLApplication$InitAppTask.failed(FXGLApplication.kt:347)
	at javafx.concurrent.Task.setState(Task.java:710)
	at javafx.concurrent.Task$TaskCallable.lambda$call$2(Task.java:1429)
	at com.sun.javafx.application.PlatformImpl.lambda$runLater$10(PlatformImpl.java:456)
	at java.base/java.security.AccessController.doPrivileged(AccessController.java:400)
	at com.sun.javafx.application.PlatformImpl.lambda$runLater$11(PlatformImpl.java:455)
	at com.sun.glass.ui.InvokeLaterDispatcher$Future.run(InvokeLaterDispatcher.java:95)
	at com.sun.glass.ui.win.WinApplication._runLoop(Native Method)
	at com.sun.glass.ui.win.WinApplication.lambda$runLoop$3(WinApplication.java:185)
	at java.base/java.lang.Thread.run(Thread.java:1583)
Caused by: java.lang.NumberFormatException: For input string: ""
	at java.base/java.lang.NumberFormatException.forInputString(NumberFormatException.java:67)
	at java.base/java.lang.Integer.parseInt(Integer.java:672)
	at java.base/java.lang.Integer.valueOf(Integer.java:989)
	at com.dontjumpinlava.Main.decodeObjects(Main.java:1122)
	at com.dontjumpinlava.Main.decodeLevel(Main.java:1202)
	at com.dontjumpinlava.Main.generateLevel(Main.java:168)
	at com.dontjumpinlava.Main.initGame(Main.java:1236)
	at com.almasb.fxgl.app.FXGLApplication$InitAppTask.initGame(FXGLApplication.kt:343)
	at com.almasb.fxgl.app.FXGLApplication$InitAppTask.call(FXGLApplication.kt:321)
	at com.almasb.fxgl.app.FXGLApplication$InitAppTask.call(FXGLApplication.kt:313)
	at javafx.concurrent.Task$TaskCallable.call(Task.java:1399)
	at java.base/java.util.concurrent.FutureTask.run(FutureTask.java:317)
	at java.base/java.util.concurrent.Executors$RunnableAdapter.call(Executors.java:572)
	at java.base/java.util.concurrent.FutureTask.run(FutureTask.java:317)
	at java.base/java.util.concurrent.ThreadPoolExecutor.runWorker(ThreadPoolExecutor.java:1144)
	at java.base/java.util.concurrent.ThreadPoolExecutor$Worker.run(ThreadPoolExecutor.java:642)
	... 1 more

09:33:34.508 [JavaFX Application Thread] FATAL FXGLApplication      - Application will now exit
09:33:34.527 [JavaFX Application Thread] DEBUG PrimaryStageWindow   - Push state: ErrorSubScene
09:33:34.528 [JavaFX Application Thread] DEBUG Input                - Clearing active input actions
09:33:34.536 [JavaFX Application Thread] DEBUG GameApplicationServi - Removing overlay from FXGLLoadingScene and adding to ErrorSubScene
09:33:34.536 [JavaFX Application Thread] DEBUG PrimaryStageWindow   - FXGLLoadingScene -> ErrorSubScene
09:33:34.741 [FXGL Background Thread 2 ] INFO  UpdaterService       - Your current version:  21+dev-SNAPSHOT
09:33:34.742 [FXGL Background Thread 2 ] INFO  UpdaterService       - Latest stable version: 21.1
09:33:36.648 [JavaFX Application Thread] DEBUG FXGLApplication      - Exiting FXGL
09:33:36.648 [JavaFX Application Thread] DEBUG Async                - Shutting down background threads
09:33:36.648 [JavaFX Application Thread] DEBUG PrimaryStageWindow   - Closing main window
09:33:36.657 [JavaFX Application Thread] DEBUG Logger               - Closing Logger
