08:58:15.325 [main                     ] DEBUG Logger               - Configured Logger
08:58:15.354 [main                     ] DEBUG GameApplication      - Logging settings
Title: Don't Jump in Lava
Version: 0.0
Width: 960
Height: 540
Fullscreen: false
Intro: false
Profiling: false
Single step:false
App Mode: DEVELOPER
Menu Key: ESCAPE
Stage Style: DECORATED
Scene Factory: class com.almasb.fxgl.app.scene.SceneFactory

08:58:15.873 [JavaFX Application Thread] DEBUG FXGLApplication      - Initializing FXGL
08:58:15.876 [JavaFX Application Thread] INFO  Engine               - FXGL-21+dev-SNAPSHOT (26.03.2024 21.04) on WINDOWS (J:21.0.6 FX:21)
08:58:15.876 [JavaFX Application Thread] DEBUG Engine               - JRE Vendor Name: Oracle Corporation
08:58:15.876 [JavaFX Application Thread] DEBUG Engine               - Running on OS: Windows 11 version 10.0
08:58:15.876 [JavaFX Application Thread] DEBUG Engine               - Architecture: amd64
08:58:15.876 [JavaFX Application Thread] INFO  Engine               - Source code and latest versions at: https://github.com/AlmasB/FXGL
08:58:15.877 [JavaFX Application Thread] INFO  Engine               -       Ask questions and discuss at: https://github.com/AlmasB/FXGL/discussions
08:58:15.877 [JavaFX Application Thread] INFO  Engine               -              Join the FXGL chat at: https://gitter.im/AlmasB/FXGL
08:58:15.952 [JavaFX Application Thread] DEBUG PrimaryStageWindow   - Creating a JavaFX scene
08:58:15.988 [JavaFX Application Thread] DEBUG PrimaryStageWindow   - Target settings size: 960.0 x 540.0
08:58:15.988 [JavaFX Application Thread] DEBUG PrimaryStageWindow   - Scaled scene size:    960.0 x 540.0
08:58:15.989 [JavaFX Application Thread] DEBUG PrimaryStageWindow   - Scaled ratio: (1.0, 1.0)
08:58:15.989 [JavaFX Application Thread] DEBUG PrimaryStageWindow   - Set initial scene to FXGLStartupScene
08:58:15.992 [JavaFX Application Thread] DEBUG PrimaryStageWindow   - Opening main window
08:58:16.069 [JavaFX Application Thread] DEBUG PrimaryStageWindow   - Window border size: (16.0, 39.0)
08:58:16.070 [JavaFX Application Thread] DEBUG PrimaryStageWindow   - Scaled size: 960.0 x 540.0
08:58:16.070 [JavaFX Application Thread] DEBUG PrimaryStageWindow   - Scaled ratio: (1.0, 1.0)
08:58:16.070 [JavaFX Application Thread] DEBUG PrimaryStageWindow   - Scene size: 960.0 x 540.0
08:58:16.070 [JavaFX Application Thread] DEBUG PrimaryStageWindow   - Stage size: 976.0 x 579.0
08:58:16.076 [FXGL Background Thread 1 ] DEBUG Engine               - Initializing environment variables
08:58:16.122 [FXGL Background Thread 1 ] DEBUG FXGLAssetLoaderServi - User app class for loading assets: class com.dontjumpinlava.Main
08:58:16.122 [FXGL Background Thread 1 ] DEBUG GameApplicationServi - Applying CSS: fxgl_dark.css
08:58:16.123 [FXGL Background Thread 1 ] DEBUG FXGLAssetLoaderServi - Loading from file system: jar:file:/C:/Users/MichaelMgbeojirikwe/.m2/repository/com/github/almasb/fxgl/fxgl/21.1/fxgl-21.1.jar!/fxglassets/ui/css/fxgl_dark.css
08:58:16.158 [FXGL Background Thread 1 ] DEBUG GameApplicationServi - Initializing application scenes
08:58:16.208 [FXGL Background Thread 1 ] DEBUG GameWorld            - Game world initialized
08:58:16.266 [FXGL Background Thread 1 ] DEBUG PhysicsWorld         - Physics world initialized: appHeight=540, physics.ppm=50.0
08:58:16.266 [FXGL Background Thread 1 ] DEBUG PhysicsWorld         - Using strategy: BRUTE_FORCE
08:58:16.269 [FXGL Background Thread 1 ] DEBUG GameScene            - Game scene initialized: 960x540
08:58:16.280 [FXGL Background Thread 1 ] WARN  FXGL.DefaultMenu     - FXGLDefaultMenu is not designed for resolutions < 800x600
08:58:16.281 [FXGL Background Thread 1 ] DEBUG FXGL.DefaultMenu     - createMenuBodyGameMenu()
08:58:16.293 [FXGL Background Thread 1 ] DEBUG FXGL.DefaultMenu     - createOptionsMenu()
08:58:16.301 [FXGL Background Thread 1 ] DEBUG FXGLAssetLoaderServi - Loading from file system: jar:file:/C:/Users/MichaelMgbeojirikwe/.m2/repository/com/github/almasb/fxgl/fxgl/21.1/fxgl-21.1.jar!/fxglassets/textures/particles/smoke.png
08:58:16.419 [FXGL Background Thread 1 ] DEBUG FXGLAssetLoaderServi - Loading from file system: jar:file:/C:/Users/MichaelMgbeojirikwe/.m2/repository/com/github/almasb/fxgl/fxgl/21.1/fxgl-21.1.jar!/fxglassets/textures/particles/trace_horizontal.png
08:58:16.442 [FXGL Background Thread 1 ] DEBUG GameApplicationServi - Application scenes initialized
08:58:16.453 [FXGL Background Thread 1 ] DEBUG SystemBundleService  - Loading FXGL system data
08:58:16.457 [FXGL Background Thread 1 ] DEBUG FileSystemAccess     - Reading from: C:\Users\MichaelMgbeojirikwe\OneDrive - NYC Public Schools\Desktop\Java\games\dontjumpinlava\system\fxgl.bundle
08:58:16.464 [FXGL Background Thread 1 ] DEBUG SystemBundleService  - Bundle FXGL: {}
08:58:16.464 [FXGL Background Thread 1 ] DEBUG UpdaterService       - Checking for updates
08:58:16.467 [FXGL Background Thread 4 ] DEBUG FXGLApplication      - Loading fonts
08:58:16.468 [FXGL Background Thread 4 ] DEBUG FXGLAssetLoaderServi - Loading from file system: jar:file:/C:/Users/MichaelMgbeojirikwe/.m2/repository/com/github/almasb/fxgl/fxgl/21.1/fxgl-21.1.jar!/fxglassets/ui/fonts/VarelaRound-Regular.ttf
08:58:16.468 [FXGL Background Thread 1 ] DEBUG FXGLApplication      - Loading default localization
08:58:16.469 [FXGL Background Thread 1 ] DEBUG FXGLAssetLoaderServi - Loading from file system: jar:file:/C:/Users/MichaelMgbeojirikwe/.m2/repository/com/github/almasb/fxgl/fxgl/21.1/fxgl-21.1.jar!/fxglassets/languages/english.lang
08:58:16.503 [FXGL Background Thread 1 ] INFO  FXGLApplication      - FXGL initialization took: 0.427 sec
08:58:16.506 [FXGL Background Thread 4 ] DEBUG FXGLAssetLoaderServi - Loading from file system: jar:file:/C:/Users/MichaelMgbeojirikwe/.m2/repository/com/github/almasb/fxgl/fxgl/21.1/fxgl-21.1.jar!/fxglassets/ui/fonts/Abel-Regular.ttf
08:58:16.515 [FXGL Background Thread 4 ] DEBUG FXGLAssetLoaderServi - Loading from file system: jar:file:/C:/Users/MichaelMgbeojirikwe/.m2/repository/com/github/almasb/fxgl/fxgl/21.1/fxgl-21.1.jar!/fxglassets/ui/fonts/TerminalLandMono-Regular.otf
08:58:16.517 [JavaFX Application Thread] DEBUG Input                - Registered new binding: Up - Up
08:58:16.517 [JavaFX Application Thread] DEBUG Input                - Registered new binding: Right - Right
08:58:16.517 [JavaFX Application Thread] DEBUG Input                - Registered new binding: Left - Left
08:58:16.517 [JavaFX Application Thread] DEBUG Input                - Registered new binding: Down - Down
08:58:16.517 [JavaFX Application Thread] DEBUG Input                - Registered new binding: W - W
08:58:16.518 [JavaFX Application Thread] DEBUG Input                - Registered new binding: A - A
08:58:16.518 [JavaFX Application Thread] DEBUG Input                - Registered new binding: S - S
08:58:16.518 [JavaFX Application Thread] DEBUG Input                - Registered new binding: D - D
08:58:16.518 [JavaFX Application Thread] DEBUG Input                - Registered new binding: E - E
08:58:16.518 [JavaFX Application Thread] DEBUG Input                - Registered new binding: Eyedrop - Q
08:58:16.518 [JavaFX Application Thread] DEBUG Input                - Registered new binding: Space - Space
08:58:16.521 [JavaFX Application Thread] DEBUG Input                - Registered new binding: Click - LMB
08:58:16.522 [JavaFX Application Thread] DEBUG Input                - Registered new binding: Grass - 1
08:58:16.522 [JavaFX Application Thread] DEBUG Input                - Registered new binding: Dirt - 2
08:58:16.522 [JavaFX Application Thread] DEBUG Input                - Registered new binding: Stone - 3
08:58:16.522 [FXGL Background Thread 4 ] DEBUG FXGLAssetLoaderServi - Loading from file system: jar:file:/C:/Users/MichaelMgbeojirikwe/.m2/repository/com/github/almasb/fxgl/fxgl/21.1/fxgl-21.1.jar!/fxglassets/ui/fonts/Courier-Prime.ttf
08:58:16.522 [JavaFX Application Thread] DEBUG Input                - Registered new binding: Bedrock - 4
08:58:16.523 [JavaFX Application Thread] DEBUG FXGLAssetLoaderServi - Loading from file system: jar:file:/C:/Users/MichaelMgbeojirikwe/.m2/repository/com/github/almasb/fxgl/fxgl/21.1/fxgl-21.1.jar!/fxglassets/textures/fxgl_icon.png
08:58:16.547 [JavaFX Application Thread] DEBUG FXGLAssetLoaderServi - Loading from file system: jar:file:/C:/Users/MichaelMgbeojirikwe/.m2/repository/com/github/almasb/fxgl/fxgl/21.1/fxgl-21.1.jar!/fxglassets/textures/fxgl_default_cursor.png
08:58:16.550 [JavaFX Application Thread] DEBUG Input                - Registered new binding: Screenshot - CTRL+8
08:58:16.551 [JavaFX Application Thread] DEBUG Input                - Registered new binding: System info dump - CTRL+9
08:58:16.552 [JavaFX Application Thread] DEBUG Input                - Registered new binding: Restart - CTRL+R
08:58:16.554 [JavaFX Application Thread] DEBUG Input                - Registered new binding: Toggle Debug Camera - CTRL+7
08:58:16.562 [JavaFX Application Thread] DEBUG LoopRunner           - Starting loop
08:58:16.562 [JavaFX Application Thread] DEBUG LoopRunner           - Initializing JavaFX AnimationTimerLoop
08:58:16.567 [JavaFX Application Thread] DEBUG GameApplicationServi - Starting new game
08:58:16.568 [JavaFX Application Thread] DEBUG Input                - Clearing active input actions
08:58:16.586 [JavaFX Application Thread] DEBUG GameApplicationServi - Removing overlay from FXGLStartupScene and adding to FXGLLoadingScene
08:58:16.586 [JavaFX Application Thread] DEBUG PrimaryStageWindow   - FXGLStartupScene -> FXGLLoadingScene
08:58:16.586 [JavaFX Application Thread] DEBUG GameApplicationServi - Clearing previous game
08:58:16.586 [JavaFX Application Thread] DEBUG GameScene            - Clearing game scene
08:58:16.586 [JavaFX Application Thread] DEBUG GameWorld            - Clearing game world
08:58:16.586 [JavaFX Application Thread] DEBUG PhysicsWorld         - Clearing physics world
08:58:16.589 [FXGL Background Thread 4 ] DEBUG FXGLApplication      - Initializing game
08:58:16.589 [JavaFX Application Thread] DEBUG FXGLApplication      - Registering font factories with UI factory
08:58:16.979 [JavaFX Application Thread] DEBUG LoopRunner           - Stopping loop
08:58:16.982 [JavaFX Application Thread] FATAL FXGLApplication      - Uncaught Exception:
java.lang.RuntimeException: Initialization failed
	at com.almasb.fxgl.app.FXGLApplication$InitAppTask.failed(FXGLApplication.kt:347)
	at javafx.concurrent.Task.setState(Task.java:710)
	at javafx.concurrent.Task$TaskCallable.lambda$call$2(Task.java:1429)
	at com.sun.javafx.application.PlatformImpl.lambda$runLater$10(PlatformImpl.java:456)
	at java.base/java.security.AccessController.doPrivileged(AccessController.java:400)
	at com.sun.javafx.application.PlatformImpl.lambda$runLater$11(PlatformImpl.java:455)
	at com.sun.glass.ui.InvokeLaterDispatcher$Future.run(InvokeLaterDispatcher.java:95)
	at com.sun.glass.ui.win.WinApplication._runLoop(Native Method)
	at com.sun.glass.ui.win.WinApplication.lambda$runLoop$3(WinApplication.java:185)
	at java.base/java.lang.Thread.run(Thread.java:1583)
Caused by: java.lang.IndexOutOfBoundsException: Index 4039 out of bounds for length 4000
	at java.base/jdk.internal.util.Preconditions.outOfBounds(Preconditions.java:100)
	at java.base/jdk.internal.util.Preconditions.outOfBoundsCheckIndex(Preconditions.java:106)
	at java.base/jdk.internal.util.Preconditions.checkIndex(Preconditions.java:302)
	at java.base/java.util.Objects.checkIndex(Objects.java:385)
	at java.base/java.util.ArrayList.get(ArrayList.java:427)
	at com.dontjumpinlava.Main.setup(Main.java:1242)
	at com.dontjumpinlava.Main.cloneLevelTiles(Main.java:1262)
	at com.dontjumpinlava.Main.initGame(Main.java:1595)
	at com.almasb.fxgl.app.FXGLApplication$InitAppTask.initGame(FXGLApplication.kt:343)
	at com.almasb.fxgl.app.FXGLApplication$InitAppTask.call(FXGLApplication.kt:321)
	at com.almasb.fxgl.app.FXGLApplication$InitAppTask.call(FXGLApplication.kt:313)
	at javafx.concurrent.Task$TaskCallable.call(Task.java:1399)
	at java.base/java.util.concurrent.FutureTask.run(FutureTask.java:317)
	at java.base/java.util.concurrent.Executors$RunnableAdapter.call(Executors.java:572)
	at java.base/java.util.concurrent.FutureTask.run(FutureTask.java:317)
	at java.base/java.util.concurrent.ThreadPoolExecutor.runWorker(ThreadPoolExecutor.java:1144)
	at java.base/java.util.concurrent.ThreadPoolExecutor$Worker.run(ThreadPoolExecutor.java:642)
	... 1 more

08:58:16.984 [JavaFX Application Thread] FATAL FXGLApplication      - Application will now exit
08:58:17.001 [JavaFX Application Thread] DEBUG PrimaryStageWindow   - Push state: ErrorSubScene
08:58:17.002 [JavaFX Application Thread] DEBUG Input                - Clearing active input actions
08:58:17.008 [JavaFX Application Thread] DEBUG GameApplicationServi - Removing overlay from FXGLLoadingScene and adding to ErrorSubScene
08:58:17.009 [JavaFX Application Thread] DEBUG PrimaryStageWindow   - FXGLLoadingScene -> ErrorSubScene
08:58:17.016 [FXGL Background Thread 2 ] INFO  UpdaterService       - Your current version:  21+dev-SNAPSHOT
08:58:17.016 [FXGL Background Thread 2 ] INFO  UpdaterService       - Latest stable version: 21.1
08:58:19.466 [FXGL Background Thread 3 ] DEBUG Engine               - Logging environment variables
08:58:19.466 [FXGL Background Thread 3 ] DEBUG Engine               - achievements: []
08:58:19.467 [FXGL Background Thread 3 ] DEBUG Engine               - actualHeight: 540.0
08:58:19.467 [FXGL Background Thread 3 ] DEBUG Engine               - actualHeightProperty: ReadOnlyDoubleProperty [value: 540.0]
08:58:19.467 [FXGL Background Thread 3 ] DEBUG Engine               - actualWidth: 960.0
08:58:19.467 [FXGL Background Thread 3 ] DEBUG Engine               - actualWidthProperty: ReadOnlyDoubleProperty [value: 960.0]
08:58:19.467 [FXGL Background Thread 3 ] DEBUG Engine               - appIcon: fxgl_icon.png
08:58:19.467 [FXGL Background Thread 3 ] DEBUG Engine               - applicationMode: DEVELOPER
08:58:19.467 [FXGL Background Thread 3 ] DEBUG Engine               - cSSList: [fxgl_dark.css]
08:58:19.467 [FXGL Background Thread 3 ] DEBUG Engine               - collisionDetectionStrategy: BRUTE_FORCE
08:58:19.467 [FXGL Background Thread 3 ] DEBUG Engine               - configClass: Optional.empty
08:58:19.467 [FXGL Background Thread 3 ] DEBUG Engine               - credits: []
08:58:19.468 [FXGL Background Thread 3 ] DEBUG Engine               - defaultCursor: CursorInfo(imageName=fxgl_default_cursor.png, hotspotX=7.0, hotspotY=6.0)
08:58:19.468 [FXGL Background Thread 3 ] DEBUG Engine               - devBBoxColorProperty: ObjectProperty [value: 0xff0000ff]
08:58:19.468 [FXGL Background Thread 3 ] DEBUG Engine               - devEnableDebugCameraProperty: BooleanProperty [value: false]
08:58:19.468 [FXGL Background Thread 3 ] DEBUG Engine               - devSensorColorProperty: ObjectProperty [value: 0xffff00ff]
08:58:19.468 [FXGL Background Thread 3 ] DEBUG Engine               - devShowBBoxProperty: BooleanProperty [value: false]
08:58:19.468 [FXGL Background Thread 3 ] DEBUG Engine               - devShowPositionProperty: BooleanProperty [value: false]
08:58:19.468 [FXGL Background Thread 3 ] DEBUG Engine               - enabledMenuItems: []
08:58:19.468 [FXGL Background Thread 3 ] DEBUG Engine               - engineServices: [class com.almasb.fxgl.app.services.FXGLAssetLoaderService, class com.almasb.fxgl.app.FXGLApplication$GameApplicationService, class com.almasb.fxgl.app.services.FXGLDialogService, class com.almasb.fxgl.app.services.IOTaskExecutorService, class com.almasb.fxgl.io.FileSystemService, class com.almasb.fxgl.localization.LocalizationService, class com.almasb.fxgl.app.services.SystemBundleService, class com.almasb.fxgl.profile.SaveLoadService, class com.almasb.fxgl.ui.FXGLUIFactoryServiceProvider, class com.almasb.fxgl.ui.FXGLDialogFactoryServiceProvider, class com.almasb.fxgl.audio.AudioPlayer, class com.almasb.fxgl.notification.impl.NotificationServiceProvider, class com.almasb.fxgl.achievement.AchievementService, class com.almasb.fxgl.cutscene.CutsceneService, class com.almasb.fxgl.minigames.MiniGameService, class com.almasb.fxgl.net.NetService, class com.almasb.fxgl.app.services.UpdaterService, class com.almasb.fxgl.dev.DevService]
08:58:19.468 [FXGL Background Thread 3 ] DEBUG Engine               - fontGame: Abel-Regular.ttf
08:58:19.468 [FXGL Background Thread 3 ] DEBUG Engine               - fontMono: TerminalLandMono-Regular.otf
08:58:19.468 [FXGL Background Thread 3 ] DEBUG Engine               - fontSizeScaleUI: 1.0
08:58:19.468 [FXGL Background Thread 3 ] DEBUG Engine               - fontText: Courier-Prime.ttf
08:58:19.468 [FXGL Background Thread 3 ] DEBUG Engine               - fontUI: VarelaRound-Regular.ttf
08:58:19.468 [FXGL Background Thread 3 ] DEBUG Engine               - fullScreen: BooleanProperty [value: false]
08:58:19.468 [FXGL Background Thread 3 ] DEBUG Engine               - gameDifficulty: MEDIUM
08:58:19.468 [FXGL Background Thread 3 ] DEBUG Engine               - gameDifficultyProperty: ObjectProperty [value: MEDIUM]
08:58:19.468 [FXGL Background Thread 3 ] DEBUG Engine               - globalMusicVolume: 0.5
08:58:19.468 [FXGL Background Thread 3 ] DEBUG Engine               - globalMusicVolumeProperty: DoubleProperty [value: 0.5]
08:58:19.468 [FXGL Background Thread 3 ] DEBUG Engine               - globalSoundVolume: 0.5
08:58:19.468 [FXGL Background Thread 3 ] DEBUG Engine               - globalSoundVolumeProperty: DoubleProperty [value: 0.5]
08:58:19.468 [FXGL Background Thread 3 ] DEBUG Engine               - height: 540
08:58:19.468 [FXGL Background Thread 3 ] DEBUG Engine               - is3D: false
08:58:19.468 [FXGL Background Thread 3 ] DEBUG Engine               - isAndroid: false
08:58:19.468 [FXGL Background Thread 3 ] DEBUG Engine               - isBrowser: false
08:58:19.468 [FXGL Background Thread 3 ] DEBUG Engine               - isClickFeedbackEnabled: false
08:58:19.468 [FXGL Background Thread 3 ] DEBUG Engine               - isCloseConfirmation: false
08:58:19.468 [FXGL Background Thread 3 ] DEBUG Engine               - isDesktop: true
08:58:19.468 [FXGL Background Thread 3 ] DEBUG Engine               - isDeveloperMenuEnabled: false
08:58:19.469 [FXGL Background Thread 3 ] DEBUG Engine               - isEmbedded: false
08:58:19.469 [FXGL Background Thread 3 ] DEBUG Engine               - isEntityPreloadEnabled: true
08:58:19.469 [FXGL Background Thread 3 ] DEBUG Engine               - isExperimentalTiledLargeMap: false
08:58:19.469 [FXGL Background Thread 3 ] DEBUG Engine               - isFileSystemWriteAllowed: true
08:58:19.469 [FXGL Background Thread 3 ] DEBUG Engine               - isFullScreenAllowed: false
08:58:19.469 [FXGL Background Thread 3 ] DEBUG Engine               - isFullScreenFromStart: false
08:58:19.469 [FXGL Background Thread 3 ] DEBUG Engine               - isGameMenuEnabled: true
08:58:19.469 [FXGL Background Thread 3 ] DEBUG Engine               - isIOS: false
08:58:19.469 [FXGL Background Thread 3 ] DEBUG Engine               - isIntroEnabled: false
08:58:19.469 [FXGL Background Thread 3 ] DEBUG Engine               - isLinux: false
08:58:19.469 [FXGL Background Thread 3 ] DEBUG Engine               - isMac: false
08:58:19.469 [FXGL Background Thread 3 ] DEBUG Engine               - isMainMenuEnabled: false
08:58:19.469 [FXGL Background Thread 3 ] DEBUG Engine               - isManualResizeEnabled: false
08:58:19.469 [FXGL Background Thread 3 ] DEBUG Engine               - isMobile: false
08:58:19.469 [FXGL Background Thread 3 ] DEBUG Engine               - isNative: false
08:58:19.469 [FXGL Background Thread 3 ] DEBUG Engine               - isPauseMusicWhenMinimized: true
08:58:19.469 [FXGL Background Thread 3 ] DEBUG Engine               - isPreserveResizeRatio: false
08:58:19.469 [FXGL Background Thread 3 ] DEBUG Engine               - isProfilingEnabled: false
08:58:19.469 [FXGL Background Thread 3 ] DEBUG Engine               - isScaleAffectedOnResize: true
08:58:19.469 [FXGL Background Thread 3 ] DEBUG Engine               - isSingleStep: false
08:58:19.469 [FXGL Background Thread 3 ] DEBUG Engine               - isUserProfileEnabled: false
08:58:19.469 [FXGL Background Thread 3 ] DEBUG Engine               - isWindows: true
08:58:19.469 [FXGL Background Thread 3 ] DEBUG Engine               - language: ObjectProperty [value: ENGLISH]
08:58:19.469 [FXGL Background Thread 3 ] DEBUG Engine               - menuKey: ESCAPE
08:58:19.469 [FXGL Background Thread 3 ] DEBUG Engine               - mouseSensitivity: 0.2
08:58:19.469 [FXGL Background Thread 3 ] DEBUG Engine               - notificationViewClass: class com.almasb.fxgl.notification.view.XboxNotificationView
08:58:19.469 [FXGL Background Thread 3 ] DEBUG Engine               - pixelsPerMeter: 50.0
08:58:19.469 [FXGL Background Thread 3 ] DEBUG Engine               - platform: WINDOWS
08:58:19.469 [FXGL Background Thread 3 ] DEBUG Engine               - prefHeightProperty: ReadOnlyDoubleProperty [value: 540.0]
08:58:19.469 [FXGL Background Thread 3 ] DEBUG Engine               - prefWidthProperty: ReadOnlyDoubleProperty [value: 960.0]
08:58:19.469 [FXGL Background Thread 3 ] DEBUG Engine               - profileDir: profiles/
08:58:19.469 [FXGL Background Thread 3 ] DEBUG Engine               - profileName: StringProperty [value: DEFAULT]
08:58:19.469 [FXGL Background Thread 3 ] DEBUG Engine               - randomSeed: -1
08:58:19.469 [FXGL Background Thread 3 ] DEBUG Engine               - runtimeInfo: RuntimeInfo(platform=WINDOWS, version=21+dev-SNAPSHOT, build=26.03.2024 21.04)
08:58:19.469 [FXGL Background Thread 3 ] DEBUG Engine               - saveFileExt: sav
08:58:19.469 [FXGL Background Thread 3 ] DEBUG Engine               - scaledHeightProp$fxgl: DoubleProperty [bound, value: 540.0]
08:58:19.469 [FXGL Background Thread 3 ] DEBUG Engine               - scaledWidthProp$fxgl: DoubleProperty [bound, value: 960.0]
08:58:19.469 [FXGL Background Thread 3 ] DEBUG Engine               - sceneFactory: com.almasb.fxgl.app.scene.SceneFactory@6e5e7db2
08:58:19.469 [FXGL Background Thread 3 ] DEBUG Engine               - secondsIn24h: 60
08:58:19.469 [FXGL Background Thread 3 ] DEBUG Engine               - soundMenuBack: menu/back.wav
08:58:19.469 [FXGL Background Thread 3 ] DEBUG Engine               - soundMenuPress: menu/press.wav
08:58:19.469 [FXGL Background Thread 3 ] DEBUG Engine               - soundMenuSelect: menu/select.wav
08:58:19.469 [FXGL Background Thread 3 ] DEBUG Engine               - soundNotification: core/notification.wav
08:58:19.469 [FXGL Background Thread 3 ] DEBUG Engine               - stageStyle: DECORATED
08:58:19.469 [FXGL Background Thread 3 ] DEBUG Engine               - supportedLanguages: [ENGLISH, FRENCH, GERMAN, HUNGARIAN, RUSSIAN]
08:58:19.469 [FXGL Background Thread 3 ] DEBUG Engine               - ticksPerSecond: -1
08:58:19.469 [FXGL Background Thread 3 ] DEBUG Engine               - title: Don't Jump in Lava
08:58:19.469 [FXGL Background Thread 3 ] DEBUG Engine               - urlGithub: https://github.com/AlmasB/FXGL
08:58:19.469 [FXGL Background Thread 3 ] DEBUG Engine               - urlLeaderboard: http://fxgl-top.herokuapp.com/
08:58:19.469 [FXGL Background Thread 3 ] DEBUG Engine               - urlPOM: https://raw.githubusercontent.com/AlmasB/FXGL/release/README.md
08:58:19.469 [FXGL Background Thread 3 ] DEBUG Engine               - userAppClass: class com.dontjumpinlava.Main
08:58:19.469 [FXGL Background Thread 3 ] DEBUG Engine               - version: 0.0
08:58:19.469 [FXGL Background Thread 3 ] DEBUG Engine               - versionCheckDays: 7
08:58:19.469 [FXGL Background Thread 3 ] DEBUG Engine               - width: 960
08:58:19.469 [FXGL Background Thread 3 ] DEBUG Engine               - Logging services
08:58:19.469 [FXGL Background Thread 3 ] DEBUG Engine               - class com.almasb.fxgl.app.services.FXGLAssetLoaderService
08:58:19.469 [FXGL Background Thread 3 ] DEBUG Engine               - class com.almasb.fxgl.app.FXGLApplication$GameApplicationService
08:58:19.469 [FXGL Background Thread 3 ] DEBUG Engine               - class com.almasb.fxgl.app.services.FXGLDialogService
08:58:19.470 [FXGL Background Thread 3 ] DEBUG Engine               - class com.almasb.fxgl.app.services.IOTaskExecutorService
08:58:19.470 [FXGL Background Thread 3 ] DEBUG Engine               - class com.almasb.fxgl.io.FileSystemService
08:58:19.470 [FXGL Background Thread 3 ] DEBUG Engine               - class com.almasb.fxgl.localization.LocalizationService
08:58:19.470 [FXGL Background Thread 3 ] DEBUG Engine               - class com.almasb.fxgl.app.services.SystemBundleService
08:58:19.470 [FXGL Background Thread 3 ] DEBUG Engine               - class com.almasb.fxgl.profile.SaveLoadService
08:58:19.470 [FXGL Background Thread 3 ] DEBUG Engine               - class com.almasb.fxgl.ui.FXGLUIFactoryServiceProvider
08:58:19.470 [FXGL Background Thread 3 ] DEBUG Engine               - class com.almasb.fxgl.ui.FXGLDialogFactoryServiceProvider
08:58:19.470 [FXGL Background Thread 3 ] DEBUG Engine               - class com.almasb.fxgl.audio.AudioPlayer
08:58:19.470 [FXGL Background Thread 3 ] DEBUG Engine               - class com.almasb.fxgl.notification.impl.NotificationServiceProvider
08:58:19.470 [FXGL Background Thread 3 ] DEBUG Engine               - class com.almasb.fxgl.achievement.AchievementService
08:58:19.470 [FXGL Background Thread 3 ] DEBUG Engine               - class com.almasb.fxgl.cutscene.CutsceneService
08:58:19.470 [FXGL Background Thread 3 ] DEBUG Engine               - class com.almasb.fxgl.minigames.MiniGameService
08:58:19.470 [FXGL Background Thread 3 ] DEBUG Engine               - class com.almasb.fxgl.net.NetService
08:58:19.470 [FXGL Background Thread 3 ] DEBUG Engine               - class com.almasb.fxgl.app.services.UpdaterService
08:58:19.470 [FXGL Background Thread 3 ] DEBUG Engine               - class com.almasb.fxgl.dev.DevService
08:59:30.926 [JavaFX Application Thread] DEBUG FXGLApplication      - Exiting FXGL
08:59:30.926 [JavaFX Application Thread] DEBUG Async                - Shutting down background threads
08:59:30.927 [JavaFX Application Thread] DEBUG PrimaryStageWindow   - Closing main window
08:59:30.941 [JavaFX Application Thread] DEBUG Logger               - Closing Logger
