08:53:47.304 [main                     ] DEBUG Logger               - Configured Logger
08:53:47.326 [main                     ] DEBUG GameApplication      - Logging settings
Title: Don't Jump in Lava
Version: 0.0
Width: 960
Height: 540
Fullscreen: false
Intro: false
Profiling: false
Single step:false
App Mode: DEVELOPER
Menu Key: ESCAPE
Stage Style: DECORATED
Scene Factory: class com.almasb.fxgl.app.scene.SceneFactory

08:53:47.786 [JavaFX Application Thread] DEBUG FXGLApplication      - Initializing FXGL
08:53:47.789 [JavaFX Application Thread] INFO  Engine               - FXGL-21+dev-SNAPSHOT (26.03.2024 21.04) on WINDOWS (J:21.0.6 FX:21)
08:53:47.789 [JavaFX Application Thread] DEBUG Engine               - JRE Vendor Name: Oracle Corporation
08:53:47.790 [JavaFX Application Thread] DEBUG Engine               - Running on OS: Windows 11 version 10.0
08:53:47.790 [JavaFX Application Thread] DEBUG Engine               - Architecture: amd64
08:53:47.790 [JavaFX Application Thread] INFO  Engine               - Source code and latest versions at: https://github.com/AlmasB/FXGL
08:53:47.790 [JavaFX Application Thread] INFO  Engine               -       Ask questions and discuss at: https://github.com/AlmasB/FXGL/discussions
08:53:47.790 [JavaFX Application Thread] INFO  Engine               -              Join the FXGL chat at: https://gitter.im/AlmasB/FXGL
08:53:47.865 [JavaFX Application Thread] DEBUG PrimaryStageWindow   - Creating a JavaFX scene
08:53:47.904 [JavaFX Application Thread] DEBUG PrimaryStageWindow   - Target settings size: 960.0 x 540.0
08:53:47.904 [JavaFX Application Thread] DEBUG PrimaryStageWindow   - Scaled scene size:    960.0 x 540.0
08:53:47.904 [JavaFX Application Thread] DEBUG PrimaryStageWindow   - Scaled ratio: (1.0, 1.0)
08:53:47.905 [JavaFX Application Thread] DEBUG PrimaryStageWindow   - Set initial scene to FXGLStartupScene
08:53:47.907 [JavaFX Application Thread] DEBUG PrimaryStageWindow   - Opening main window
08:53:47.978 [JavaFX Application Thread] DEBUG PrimaryStageWindow   - Window border size: (16.0, 39.0)
08:53:47.978 [JavaFX Application Thread] DEBUG PrimaryStageWindow   - Scaled size: 960.0 x 540.0
08:53:47.978 [JavaFX Application Thread] DEBUG PrimaryStageWindow   - Scaled ratio: (1.0, 1.0)
08:53:47.978 [JavaFX Application Thread] DEBUG PrimaryStageWindow   - Scene size: 960.0 x 540.0
08:53:47.978 [JavaFX Application Thread] DEBUG PrimaryStageWindow   - Stage size: 976.0 x 579.0
08:53:47.984 [FXGL Background Thread 1 ] DEBUG Engine               - Initializing environment variables
08:53:48.024 [FXGL Background Thread 1 ] DEBUG FXGLAssetLoaderServi - User app class for loading assets: class com.dontjumpinlava.Main
08:53:48.024 [FXGL Background Thread 1 ] DEBUG GameApplicationServi - Applying CSS: fxgl_dark.css
08:53:48.025 [FXGL Background Thread 1 ] DEBUG FXGLAssetLoaderServi - Loading from file system: jar:file:/C:/Users/MichaelMgbeojirikwe/.m2/repository/com/github/almasb/fxgl/fxgl/21.1/fxgl-21.1.jar!/fxglassets/ui/css/fxgl_dark.css
08:53:48.057 [FXGL Background Thread 1 ] DEBUG GameApplicationServi - Initializing application scenes
08:53:48.106 [FXGL Background Thread 1 ] DEBUG GameWorld            - Game world initialized
08:53:48.173 [FXGL Background Thread 1 ] DEBUG PhysicsWorld         - Physics world initialized: appHeight=540, physics.ppm=50.0
08:53:48.173 [FXGL Background Thread 1 ] DEBUG PhysicsWorld         - Using strategy: BRUTE_FORCE
08:53:48.176 [FXGL Background Thread 1 ] DEBUG GameScene            - Game scene initialized: 960x540
08:53:48.187 [FXGL Background Thread 1 ] WARN  FXGL.DefaultMenu     - FXGLDefaultMenu is not designed for resolutions < 800x600
08:53:48.187 [FXGL Background Thread 1 ] DEBUG FXGL.DefaultMenu     - createMenuBodyGameMenu()
08:53:48.200 [FXGL Background Thread 1 ] DEBUG FXGL.DefaultMenu     - createOptionsMenu()
08:53:48.209 [FXGL Background Thread 1 ] DEBUG FXGLAssetLoaderServi - Loading from file system: jar:file:/C:/Users/MichaelMgbeojirikwe/.m2/repository/com/github/almasb/fxgl/fxgl/21.1/fxgl-21.1.jar!/fxglassets/textures/particles/smoke.png
08:53:48.319 [FXGL Background Thread 1 ] DEBUG FXGLAssetLoaderServi - Loading from file system: jar:file:/C:/Users/MichaelMgbeojirikwe/.m2/repository/com/github/almasb/fxgl/fxgl/21.1/fxgl-21.1.jar!/fxglassets/textures/particles/trace_horizontal.png
08:53:48.342 [FXGL Background Thread 1 ] DEBUG GameApplicationServi - Application scenes initialized
08:53:48.355 [FXGL Background Thread 1 ] DEBUG SystemBundleService  - Loading FXGL system data
08:53:48.360 [FXGL Background Thread 1 ] DEBUG FileSystemAccess     - Reading from: C:\Users\MichaelMgbeojirikwe\OneDrive - NYC Public Schools\Desktop\Java\games\dontjumpinlava\system\fxgl.bundle
08:53:48.368 [FXGL Background Thread 1 ] DEBUG SystemBundleService  - Bundle FXGL: {}
08:53:48.368 [FXGL Background Thread 1 ] DEBUG UpdaterService       - Checking for updates
08:53:48.372 [FXGL Background Thread 4 ] DEBUG FXGLApplication      - Loading fonts
08:53:48.372 [FXGL Background Thread 4 ] DEBUG FXGLAssetLoaderServi - Loading from file system: jar:file:/C:/Users/MichaelMgbeojirikwe/.m2/repository/com/github/almasb/fxgl/fxgl/21.1/fxgl-21.1.jar!/fxglassets/ui/fonts/VarelaRound-Regular.ttf
08:53:48.373 [FXGL Background Thread 1 ] DEBUG FXGLApplication      - Loading default localization
08:53:48.373 [FXGL Background Thread 1 ] DEBUG FXGLAssetLoaderServi - Loading from file system: jar:file:/C:/Users/MichaelMgbeojirikwe/.m2/repository/com/github/almasb/fxgl/fxgl/21.1/fxgl-21.1.jar!/fxglassets/languages/english.lang
08:53:48.417 [FXGL Background Thread 4 ] DEBUG FXGLAssetLoaderServi - Loading from file system: jar:file:/C:/Users/MichaelMgbeojirikwe/.m2/repository/com/github/almasb/fxgl/fxgl/21.1/fxgl-21.1.jar!/fxglassets/ui/fonts/Abel-Regular.ttf
08:53:48.423 [FXGL Background Thread 1 ] INFO  FXGLApplication      - FXGL initialization took: 0.439 sec
08:53:48.423 [FXGL Background Thread 4 ] DEBUG FXGLAssetLoaderServi - Loading from file system: jar:file:/C:/Users/MichaelMgbeojirikwe/.m2/repository/com/github/almasb/fxgl/fxgl/21.1/fxgl-21.1.jar!/fxglassets/ui/fonts/TerminalLandMono-Regular.otf
08:53:48.431 [FXGL Background Thread 4 ] DEBUG FXGLAssetLoaderServi - Loading from file system: jar:file:/C:/Users/MichaelMgbeojirikwe/.m2/repository/com/github/almasb/fxgl/fxgl/21.1/fxgl-21.1.jar!/fxglassets/ui/fonts/Courier-Prime.ttf
08:53:48.433 [JavaFX Application Thread] DEBUG Input                - Registered new binding: Up - Up
08:53:48.433 [JavaFX Application Thread] DEBUG Input                - Registered new binding: Right - Right
08:53:48.433 [JavaFX Application Thread] DEBUG Input                - Registered new binding: Left - Left
08:53:48.433 [JavaFX Application Thread] DEBUG Input                - Registered new binding: Down - Down
08:53:48.433 [JavaFX Application Thread] DEBUG Input                - Registered new binding: W - W
08:53:48.433 [JavaFX Application Thread] DEBUG Input                - Registered new binding: A - A
08:53:48.433 [JavaFX Application Thread] DEBUG Input                - Registered new binding: S - S
08:53:48.434 [JavaFX Application Thread] DEBUG Input                - Registered new binding: D - D
08:53:48.434 [JavaFX Application Thread] DEBUG Input                - Registered new binding: E - E
08:53:48.434 [JavaFX Application Thread] DEBUG Input                - Registered new binding: Eyedrop - Q
08:53:48.434 [JavaFX Application Thread] DEBUG Input                - Registered new binding: Space - Space
08:53:48.435 [JavaFX Application Thread] DEBUG Input                - Registered new binding: Click - LMB
08:53:48.435 [JavaFX Application Thread] DEBUG Input                - Registered new binding: Grass - 1
08:53:48.435 [JavaFX Application Thread] DEBUG Input                - Registered new binding: Dirt - 2
08:53:48.436 [JavaFX Application Thread] DEBUG Input                - Registered new binding: Stone - 3
08:53:48.436 [JavaFX Application Thread] DEBUG Input                - Registered new binding: Bedrock - 4
08:53:48.436 [JavaFX Application Thread] DEBUG FXGLAssetLoaderServi - Loading from file system: jar:file:/C:/Users/MichaelMgbeojirikwe/.m2/repository/com/github/almasb/fxgl/fxgl/21.1/fxgl-21.1.jar!/fxglassets/textures/fxgl_icon.png
08:53:48.453 [JavaFX Application Thread] DEBUG FXGLAssetLoaderServi - Loading from file system: jar:file:/C:/Users/MichaelMgbeojirikwe/.m2/repository/com/github/almasb/fxgl/fxgl/21.1/fxgl-21.1.jar!/fxglassets/textures/fxgl_default_cursor.png
08:53:48.457 [JavaFX Application Thread] DEBUG Input                - Registered new binding: Screenshot - CTRL+8
08:53:48.458 [JavaFX Application Thread] DEBUG Input                - Registered new binding: System info dump - CTRL+9
08:53:48.459 [JavaFX Application Thread] DEBUG Input                - Registered new binding: Restart - CTRL+R
08:53:48.461 [JavaFX Application Thread] DEBUG Input                - Registered new binding: Toggle Debug Camera - CTRL+7
08:53:48.469 [JavaFX Application Thread] DEBUG LoopRunner           - Starting loop
08:53:48.469 [JavaFX Application Thread] DEBUG LoopRunner           - Initializing JavaFX AnimationTimerLoop
08:53:48.477 [JavaFX Application Thread] DEBUG GameApplicationServi - Starting new game
08:53:48.477 [JavaFX Application Thread] DEBUG Input                - Clearing active input actions
08:53:48.495 [JavaFX Application Thread] DEBUG GameApplicationServi - Removing overlay from FXGLStartupScene and adding to FXGLLoadingScene
08:53:48.496 [JavaFX Application Thread] DEBUG PrimaryStageWindow   - FXGLStartupScene -> FXGLLoadingScene
08:53:48.496 [JavaFX Application Thread] DEBUG GameApplicationServi - Clearing previous game
08:53:48.496 [JavaFX Application Thread] DEBUG GameScene            - Clearing game scene
08:53:48.496 [JavaFX Application Thread] DEBUG GameWorld            - Clearing game world
08:53:48.496 [JavaFX Application Thread] DEBUG PhysicsWorld         - Clearing physics world
08:53:48.499 [FXGL Background Thread 4 ] DEBUG FXGLApplication      - Initializing game
08:53:48.514 [JavaFX Application Thread] DEBUG FXGLApplication      - Registering font factories with UI factory
08:53:49.259 [FXGL Background Thread 2 ] INFO  UpdaterService       - Your current version:  21+dev-SNAPSHOT
08:53:49.259 [FXGL Background Thread 2 ] INFO  UpdaterService       - Latest stable version: 21.1
08:53:49.388 [FXGL Background Thread 4 ] INFO  FXGLApplication      - Game initialization took: 0.889 sec
08:53:49.389 [JavaFX Application Thread] DEBUG Input                - Clearing active input actions
08:53:49.412 [JavaFX Application Thread] DEBUG GameApplicationServi - Removing overlay from FXGLLoadingScene and adding to GameScene
08:53:49.412 [JavaFX Application Thread] DEBUG PrimaryStageWindow   - FXGLLoadingScene -> GameScene
08:53:50.985 [JavaFX Application Thread] DEBUG FXGLApplication      - Exiting FXGL
08:53:50.985 [JavaFX Application Thread] DEBUG LoopRunner           - Stopping loop
08:53:50.986 [JavaFX Application Thread] DEBUG SystemBundleService  - Saving FXGL system data
08:53:50.989 [JavaFX Application Thread] DEBUG FileSystemAccess     - Writing to: C:\Users\MichaelMgbeojirikwe\OneDrive - NYC Public Schools\Desktop\Java\games\dontjumpinlava\system\fxgl.bundle
08:53:50.992 [JavaFX Application Thread] DEBUG Async                - Shutting down background threads
08:53:50.992 [JavaFX Application Thread] DEBUG PrimaryStageWindow   - Closing main window
08:53:51.001 [JavaFX Application Thread] DEBUG Logger               - Closing Logger
