09:33:51.233 [main                     ] DEBUG Logger               - Configured Logger
09:33:51.260 [main                     ] DEBUG GameApplication      - Logging settings
Title: Don't Jump in Lava
Version: 0.0
Width: 960
Height: 540
Fullscreen: false
Intro: false
Profiling: false
Single step:false
App Mode: DEVELOPER
Menu Key: ESCAPE
Stage Style: DECORATED
Scene Factory: class com.almasb.fxgl.app.scene.SceneFactory

09:33:51.705 [JavaFX Application Thread] DEBUG FXGLApplication      - Initializing FXGL
09:33:51.708 [JavaFX Application Thread] INFO  Engine               - FXGL-21+dev-SNAPSHOT (26.03.2024 21.04) on WINDOWS (J:21.0.6 FX:21)
09:33:51.708 [JavaFX Application Thread] DEBUG Engine               - JRE Vendor Name: Oracle Corporation
09:33:51.708 [JavaFX Application Thread] DEBUG Engine               - Running on OS: Windows 11 version 10.0
09:33:51.708 [JavaFX Application Thread] DEBUG Engine               - Architecture: amd64
09:33:51.708 [JavaFX Application Thread] INFO  Engine               - Source code and latest versions at: https://github.com/AlmasB/FXGL
09:33:51.708 [JavaFX Application Thread] INFO  Engine               -       Ask questions and discuss at: https://github.com/AlmasB/FXGL/discussions
09:33:51.709 [JavaFX Application Thread] INFO  Engine               -              Join the FXGL chat at: https://gitter.im/AlmasB/FXGL
09:33:51.789 [JavaFX Application Thread] DEBUG PrimaryStageWindow   - Creating a JavaFX scene
09:33:51.829 [JavaFX Application Thread] DEBUG PrimaryStageWindow   - Target settings size: 960.0 x 540.0
09:33:51.829 [JavaFX Application Thread] DEBUG PrimaryStageWindow   - Scaled scene size:    960.0 x 540.0
09:33:51.829 [JavaFX Application Thread] DEBUG PrimaryStageWindow   - Scaled ratio: (1.0, 1.0)
09:33:51.830 [JavaFX Application Thread] DEBUG PrimaryStageWindow   - Set initial scene to FXGLStartupScene
09:33:51.833 [JavaFX Application Thread] DEBUG PrimaryStageWindow   - Opening main window
09:33:51.902 [JavaFX Application Thread] DEBUG PrimaryStageWindow   - Window border size: (16.0, 39.0)
09:33:51.903 [JavaFX Application Thread] DEBUG PrimaryStageWindow   - Scaled size: 960.0 x 540.0
09:33:51.903 [JavaFX Application Thread] DEBUG PrimaryStageWindow   - Scaled ratio: (1.0, 1.0)
09:33:51.903 [JavaFX Application Thread] DEBUG PrimaryStageWindow   - Scene size: 960.0 x 540.0
09:33:51.903 [JavaFX Application Thread] DEBUG PrimaryStageWindow   - Stage size: 976.0 x 579.0
09:33:51.912 [FXGL Background Thread 1 ] DEBUG Engine               - Initializing environment variables
09:33:51.952 [FXGL Background Thread 1 ] DEBUG FXGLAssetLoaderServi - User app class for loading assets: class com.dontjumpinlava.Main
09:33:51.952 [FXGL Background Thread 1 ] DEBUG GameApplicationServi - Applying CSS: fxgl_dark.css
09:33:51.953 [FXGL Background Thread 1 ] DEBUG FXGLAssetLoaderServi - Loading from file system: jar:file:/C:/Users/MichaelMgbeojirikwe/.m2/repository/com/github/almasb/fxgl/fxgl/21.1/fxgl-21.1.jar!/fxglassets/ui/css/fxgl_dark.css
09:33:51.979 [FXGL Background Thread 1 ] DEBUG GameApplicationServi - Initializing application scenes
09:33:52.033 [FXGL Background Thread 1 ] DEBUG GameWorld            - Game world initialized
09:33:52.086 [FXGL Background Thread 1 ] DEBUG PhysicsWorld         - Physics world initialized: appHeight=540, physics.ppm=50.0
09:33:52.086 [FXGL Background Thread 1 ] DEBUG PhysicsWorld         - Using strategy: BRUTE_FORCE
09:33:52.089 [FXGL Background Thread 1 ] DEBUG GameScene            - Game scene initialized: 960x540
09:33:52.097 [FXGL Background Thread 1 ] WARN  FXGL.DefaultMenu     - FXGLDefaultMenu is not designed for resolutions < 800x600
09:33:52.097 [FXGL Background Thread 1 ] DEBUG FXGL.DefaultMenu     - createMenuBodyGameMenu()
09:33:52.107 [FXGL Background Thread 1 ] DEBUG FXGL.DefaultMenu     - createOptionsMenu()
09:33:52.128 [FXGL Background Thread 1 ] DEBUG FXGLAssetLoaderServi - Loading from file system: jar:file:/C:/Users/MichaelMgbeojirikwe/.m2/repository/com/github/almasb/fxgl/fxgl/21.1/fxgl-21.1.jar!/fxglassets/textures/particles/smoke.png
09:33:52.216 [FXGL Background Thread 1 ] DEBUG FXGLAssetLoaderServi - Loading from file system: jar:file:/C:/Users/MichaelMgbeojirikwe/.m2/repository/com/github/almasb/fxgl/fxgl/21.1/fxgl-21.1.jar!/fxglassets/textures/particles/trace_horizontal.png
09:33:52.239 [FXGL Background Thread 1 ] DEBUG GameApplicationServi - Application scenes initialized
09:33:52.249 [FXGL Background Thread 1 ] DEBUG SystemBundleService  - Loading FXGL system data
09:33:52.252 [FXGL Background Thread 1 ] DEBUG FileSystemAccess     - Reading from: C:\Users\MichaelMgbeojirikwe\OneDrive - NYC Public Schools\Desktop\Java\games\dontjumpinlava\system\fxgl.bundle
09:33:52.262 [FXGL Background Thread 1 ] DEBUG SystemBundleService  - Bundle FXGL: {}
09:33:52.262 [FXGL Background Thread 1 ] DEBUG UpdaterService       - Checking for updates
09:33:52.266 [FXGL Background Thread 4 ] DEBUG FXGLApplication      - Loading fonts
09:33:52.266 [FXGL Background Thread 4 ] DEBUG FXGLAssetLoaderServi - Loading from file system: jar:file:/C:/Users/MichaelMgbeojirikwe/.m2/repository/com/github/almasb/fxgl/fxgl/21.1/fxgl-21.1.jar!/fxglassets/ui/fonts/VarelaRound-Regular.ttf
09:33:52.266 [FXGL Background Thread 1 ] DEBUG FXGLApplication      - Loading default localization
09:33:52.267 [FXGL Background Thread 1 ] DEBUG FXGLAssetLoaderServi - Loading from file system: jar:file:/C:/Users/MichaelMgbeojirikwe/.m2/repository/com/github/almasb/fxgl/fxgl/21.1/fxgl-21.1.jar!/fxglassets/languages/english.lang
09:33:52.292 [FXGL Background Thread 1 ] INFO  FXGLApplication      - FXGL initialization took: 0.380 sec
09:33:52.303 [JavaFX Application Thread] DEBUG Input                - Registered new binding: Up - Up
09:33:52.303 [JavaFX Application Thread] DEBUG Input                - Registered new binding: Right - Right
09:33:52.303 [JavaFX Application Thread] DEBUG Input                - Registered new binding: Left - Left
09:33:52.303 [JavaFX Application Thread] DEBUG Input                - Registered new binding: Down - Down
09:33:52.303 [JavaFX Application Thread] DEBUG Input                - Registered new binding: W - W
09:33:52.304 [JavaFX Application Thread] DEBUG Input                - Registered new binding: A - A
09:33:52.304 [JavaFX Application Thread] DEBUG Input                - Registered new binding: S - S
09:33:52.304 [JavaFX Application Thread] DEBUG Input                - Registered new binding: D - D
09:33:52.304 [JavaFX Application Thread] DEBUG Input                - Registered new binding: E - E
09:33:52.304 [JavaFX Application Thread] DEBUG Input                - Registered new binding: Eyedrop - Q
09:33:52.304 [JavaFX Application Thread] DEBUG Input                - Registered new binding: Space - Space
09:33:52.304 [FXGL Background Thread 4 ] DEBUG FXGLAssetLoaderServi - Loading from file system: jar:file:/C:/Users/MichaelMgbeojirikwe/.m2/repository/com/github/almasb/fxgl/fxgl/21.1/fxgl-21.1.jar!/fxglassets/ui/fonts/Abel-Regular.ttf
09:33:52.308 [JavaFX Application Thread] DEBUG Input                - Registered new binding: Click - LMB
09:33:52.308 [JavaFX Application Thread] DEBUG Input                - Registered new binding: Grass - 1
09:33:52.308 [JavaFX Application Thread] DEBUG Input                - Registered new binding: Dirt - 2
09:33:52.308 [JavaFX Application Thread] DEBUG Input                - Registered new binding: Stone - 3
09:33:52.308 [JavaFX Application Thread] DEBUG Input                - Registered new binding: Bedrock - 4
09:33:52.308 [JavaFX Application Thread] DEBUG Input                - Registered new binding: L - L
09:33:52.308 [JavaFX Application Thread] DEBUG Input                - Registered new binding: R - R
09:33:52.309 [JavaFX Application Thread] DEBUG FXGLAssetLoaderServi - Loading from file system: jar:file:/C:/Users/MichaelMgbeojirikwe/.m2/repository/com/github/almasb/fxgl/fxgl/21.1/fxgl-21.1.jar!/fxglassets/textures/fxgl_icon.png
09:33:52.309 [FXGL Background Thread 4 ] DEBUG FXGLAssetLoaderServi - Loading from file system: jar:file:/C:/Users/MichaelMgbeojirikwe/.m2/repository/com/github/almasb/fxgl/fxgl/21.1/fxgl-21.1.jar!/fxglassets/ui/fonts/TerminalLandMono-Regular.otf
09:33:52.313 [FXGL Background Thread 4 ] DEBUG FXGLAssetLoaderServi - Loading from file system: jar:file:/C:/Users/MichaelMgbeojirikwe/.m2/repository/com/github/almasb/fxgl/fxgl/21.1/fxgl-21.1.jar!/fxglassets/ui/fonts/Courier-Prime.ttf
09:33:52.331 [JavaFX Application Thread] DEBUG FXGLAssetLoaderServi - Loading from file system: jar:file:/C:/Users/MichaelMgbeojirikwe/.m2/repository/com/github/almasb/fxgl/fxgl/21.1/fxgl-21.1.jar!/fxglassets/textures/fxgl_default_cursor.png
09:33:52.334 [JavaFX Application Thread] DEBUG Input                - Registered new binding: Screenshot - CTRL+8
09:33:52.335 [JavaFX Application Thread] DEBUG Input                - Registered new binding: System info dump - CTRL+9
09:33:52.336 [JavaFX Application Thread] DEBUG Input                - Registered new binding: Restart - CTRL+R
09:33:52.338 [JavaFX Application Thread] DEBUG Input                - Registered new binding: Toggle Debug Camera - CTRL+7
09:33:52.346 [JavaFX Application Thread] DEBUG LoopRunner           - Starting loop
09:33:52.346 [JavaFX Application Thread] DEBUG LoopRunner           - Initializing JavaFX AnimationTimerLoop
09:33:52.351 [JavaFX Application Thread] DEBUG GameApplicationServi - Starting new game
09:33:52.352 [JavaFX Application Thread] DEBUG Input                - Clearing active input actions
09:33:52.369 [JavaFX Application Thread] DEBUG GameApplicationServi - Removing overlay from FXGLStartupScene and adding to FXGLLoadingScene
09:33:52.369 [JavaFX Application Thread] DEBUG PrimaryStageWindow   - FXGLStartupScene -> FXGLLoadingScene
09:33:52.369 [JavaFX Application Thread] DEBUG GameApplicationServi - Clearing previous game
09:33:52.369 [JavaFX Application Thread] DEBUG GameScene            - Clearing game scene
09:33:52.369 [JavaFX Application Thread] DEBUG GameWorld            - Clearing game world
09:33:52.369 [JavaFX Application Thread] DEBUG PhysicsWorld         - Clearing physics world
09:33:52.372 [JavaFX Application Thread] DEBUG FXGLApplication      - Registering font factories with UI factory
09:33:52.372 [FXGL Background Thread 4 ] DEBUG FXGLApplication      - Initializing game
09:33:52.796 [FXGL Background Thread 2 ] INFO  UpdaterService       - Your current version:  21+dev-SNAPSHOT
09:33:52.796 [FXGL Background Thread 2 ] INFO  UpdaterService       - Latest stable version: 21.1
09:33:52.997 [FXGL Background Thread 4 ] INFO  FXGLApplication      - Game initialization took: 0.626 sec
09:33:52.998 [JavaFX Application Thread] DEBUG Input                - Clearing active input actions
09:33:53.013 [JavaFX Application Thread] DEBUG GameApplicationServi - Removing overlay from FXGLLoadingScene and adding to GameScene
09:33:53.014 [JavaFX Application Thread] DEBUG PrimaryStageWindow   - FXGLLoadingScene -> GameScene
09:33:54.719 [JavaFX Application Thread] DEBUG LoopRunner           - Stopping loop
09:33:54.720 [JavaFX Application Thread] FATAL FXGLApplication      - Uncaught Exception:
java.lang.IndexOutOfBoundsException: Index -8 out of bounds for length 800
	at java.base/jdk.internal.util.Preconditions.outOfBounds(Preconditions.java:100)
	at java.base/jdk.internal.util.Preconditions.outOfBoundsCheckIndex(Preconditions.java:106)
	at java.base/jdk.internal.util.Preconditions.checkIndex(Preconditions.java:302)
	at java.base/java.util.Objects.checkIndex(Objects.java:385)
	at java.base/java.util.ArrayList.get(ArrayList.java:427)
	at com.dontjumpinlava.Player.getTile(Main.java:473)
	at com.dontjumpinlava.Player.fixCollisionAtPoint(Main.java:483)
	at com.dontjumpinlava.Player.fixCollisionInDirection(Main.java:533)
	at com.dontjumpinlava.Player.moveSpriteY(Main.java:556)
	at com.dontjumpinlava.Player.onUpdate(Main.java:660)
	at com.almasb.fxgl.entity.Entity$ComponentMap.update(Entity.java:60)
	at com.almasb.fxgl.entity.Entity.update(Entity.java:248)
	at com.almasb.fxgl.entity.GameWorld.onUpdate(GameWorld.kt:177)
	at com.almasb.fxgl.app.scene.GameScene.step(GameScene.kt:228)
	at com.almasb.fxgl.app.scene.GameScene.onUpdate(GameScene.kt:224)
	at com.almasb.fxgl.scene.Scene.update(Scene.kt:105)
	at com.almasb.fxgl.app.MainWindow$update$1.invoke(MainWindow.kt:121)
	at com.almasb.fxgl.app.MainWindow$update$1.invoke(MainWindow.kt:121)
	at com.almasb.fxgl.core.fsm.StateMachine.runOnActiveStates(StateMachine.kt:69)
	at com.almasb.fxgl.app.MainWindow.update(MainWindow.kt:121)
	at com.almasb.fxgl.app.FXGLApplication$GameApplicationService.onUpdate(FXGLApplication.kt:445)
	at com.almasb.fxgl.app.Engine.loop(Engine.kt:134)
	at com.almasb.fxgl.app.Engine.access$loop(Engine.kt:24)
	at com.almasb.fxgl.app.Engine$loop$1.invoke(Engine.kt:28)
	at com.almasb.fxgl.app.Engine$loop$1.invoke(Engine.kt:28)
	at com.almasb.fxgl.app.LoopRunner.frame(LoopRunner.kt:103)
	at com.almasb.fxgl.app.LoopRunner.access$frame(LoopRunner.kt:23)
	at com.almasb.fxgl.app.LoopRunner$impl$2$1.onTick(LoopRunner.kt:57)
	at com.almasb.fxgl.app.AnimationTimerLoop$timer$1.handle(LoopRunner.kt:137)
	at javafx.animation.AnimationTimer$AnimationTimerReceiver.lambda$handle$0(AnimationTimer.java:58)
	at java.base/java.security.AccessController.doPrivileged(AccessController.java:400)
	at javafx.animation.AnimationTimer$AnimationTimerReceiver.handle(AnimationTimer.java:57)
	at com.sun.scenario.animation.AbstractPrimaryTimer.timePulseImpl(AbstractPrimaryTimer.java:356)
	at com.sun.scenario.animation.AbstractPrimaryTimer$MainLoop.run(AbstractPrimaryTimer.java:266)
	at com.sun.javafx.tk.quantum.QuantumToolkit.pulse(QuantumToolkit.java:588)
	at com.sun.javafx.tk.quantum.QuantumToolkit.pulse(QuantumToolkit.java:572)
	at com.sun.javafx.tk.quantum.QuantumToolkit.pulseFromQueue(QuantumToolkit.java:565)
	at com.sun.javafx.tk.quantum.QuantumToolkit.lambda$runToolkit$11(QuantumToolkit.java:352)
	at com.sun.glass.ui.InvokeLaterDispatcher$Future.run(InvokeLaterDispatcher.java:95)
	at com.sun.glass.ui.win.WinApplication._runLoop(Native Method)
	at com.sun.glass.ui.win.WinApplication.lambda$runLoop$3(WinApplication.java:185)
	at java.base/java.lang.Thread.run(Thread.java:1583)

09:33:54.720 [JavaFX Application Thread] FATAL FXGLApplication      - Application will now exit
09:33:54.730 [JavaFX Application Thread] DEBUG PrimaryStageWindow   - Push state: ErrorSubScene
09:33:54.730 [JavaFX Application Thread] DEBUG Input                - Clearing active input actions
09:33:54.733 [JavaFX Application Thread] DEBUG GameApplicationServi - Removing overlay from GameScene and adding to ErrorSubScene
09:33:54.734 [JavaFX Application Thread] DEBUG PrimaryStageWindow   - GameScene -> ErrorSubScene
09:33:55.264 [FXGL Background Thread 3 ] DEBUG Engine               - Logging environment variables
09:33:55.264 [FXGL Background Thread 3 ] DEBUG Engine               - achievements: []
09:33:55.264 [FXGL Background Thread 3 ] DEBUG Engine               - actualHeight: 540.0
09:33:55.264 [FXGL Background Thread 3 ] DEBUG Engine               - actualHeightProperty: ReadOnlyDoubleProperty [value: 540.0]
09:33:55.264 [FXGL Background Thread 3 ] DEBUG Engine               - actualWidth: 960.0
09:33:55.264 [FXGL Background Thread 3 ] DEBUG Engine               - actualWidthProperty: ReadOnlyDoubleProperty [value: 960.0]
09:33:55.264 [FXGL Background Thread 3 ] DEBUG Engine               - appIcon: fxgl_icon.png
09:33:55.264 [FXGL Background Thread 3 ] DEBUG Engine               - applicationMode: DEVELOPER
09:33:55.264 [FXGL Background Thread 3 ] DEBUG Engine               - cSSList: [fxgl_dark.css]
09:33:55.264 [FXGL Background Thread 3 ] DEBUG Engine               - collisionDetectionStrategy: BRUTE_FORCE
09:33:55.264 [FXGL Background Thread 3 ] DEBUG Engine               - configClass: Optional.empty
09:33:55.264 [FXGL Background Thread 3 ] DEBUG Engine               - credits: []
09:33:55.264 [FXGL Background Thread 3 ] DEBUG Engine               - defaultCursor: CursorInfo(imageName=fxgl_default_cursor.png, hotspotX=7.0, hotspotY=6.0)
09:33:55.265 [FXGL Background Thread 3 ] DEBUG Engine               - devBBoxColorProperty: ObjectProperty [value: 0xff0000ff]
09:33:55.265 [FXGL Background Thread 3 ] DEBUG Engine               - devEnableDebugCameraProperty: BooleanProperty [value: false]
09:33:55.265 [FXGL Background Thread 3 ] DEBUG Engine               - devSensorColorProperty: ObjectProperty [value: 0xffff00ff]
09:33:55.265 [FXGL Background Thread 3 ] DEBUG Engine               - devShowBBoxProperty: BooleanProperty [value: false]
09:33:55.265 [FXGL Background Thread 3 ] DEBUG Engine               - devShowPositionProperty: BooleanProperty [value: false]
09:33:55.265 [FXGL Background Thread 3 ] DEBUG Engine               - enabledMenuItems: []
09:33:55.265 [FXGL Background Thread 3 ] DEBUG Engine               - engineServices: [class com.almasb.fxgl.app.services.FXGLAssetLoaderService, class com.almasb.fxgl.app.FXGLApplication$GameApplicationService, class com.almasb.fxgl.app.services.FXGLDialogService, class com.almasb.fxgl.app.services.IOTaskExecutorService, class com.almasb.fxgl.io.FileSystemService, class com.almasb.fxgl.localization.LocalizationService, class com.almasb.fxgl.app.services.SystemBundleService, class com.almasb.fxgl.profile.SaveLoadService, class com.almasb.fxgl.ui.FXGLUIFactoryServiceProvider, class com.almasb.fxgl.ui.FXGLDialogFactoryServiceProvider, class com.almasb.fxgl.audio.AudioPlayer, class com.almasb.fxgl.notification.impl.NotificationServiceProvider, class com.almasb.fxgl.achievement.AchievementService, class com.almasb.fxgl.cutscene.CutsceneService, class com.almasb.fxgl.minigames.MiniGameService, class com.almasb.fxgl.net.NetService, class com.almasb.fxgl.app.services.UpdaterService, class com.almasb.fxgl.dev.DevService]
09:33:55.265 [FXGL Background Thread 3 ] DEBUG Engine               - fontGame: Abel-Regular.ttf
09:33:55.265 [FXGL Background Thread 3 ] DEBUG Engine               - fontMono: TerminalLandMono-Regular.otf
09:33:55.265 [FXGL Background Thread 3 ] DEBUG Engine               - fontSizeScaleUI: 1.0
09:33:55.265 [FXGL Background Thread 3 ] DEBUG Engine               - fontText: Courier-Prime.ttf
09:33:55.265 [FXGL Background Thread 3 ] DEBUG Engine               - fontUI: VarelaRound-Regular.ttf
09:33:55.265 [FXGL Background Thread 3 ] DEBUG Engine               - fullScreen: BooleanProperty [value: false]
09:33:55.266 [FXGL Background Thread 3 ] DEBUG Engine               - gameDifficulty: MEDIUM
09:33:55.266 [FXGL Background Thread 3 ] DEBUG Engine               - gameDifficultyProperty: ObjectProperty [value: MEDIUM]
09:33:55.266 [FXGL Background Thread 3 ] DEBUG Engine               - globalMusicVolume: 0.5
09:33:55.266 [FXGL Background Thread 3 ] DEBUG Engine               - globalMusicVolumeProperty: DoubleProperty [value: 0.5]
09:33:55.266 [FXGL Background Thread 3 ] DEBUG Engine               - globalSoundVolume: 0.5
09:33:55.266 [FXGL Background Thread 3 ] DEBUG Engine               - globalSoundVolumeProperty: DoubleProperty [value: 0.5]
09:33:55.266 [FXGL Background Thread 3 ] DEBUG Engine               - height: 540
09:33:55.266 [FXGL Background Thread 3 ] DEBUG Engine               - is3D: false
09:33:55.266 [FXGL Background Thread 3 ] DEBUG Engine               - isAndroid: false
09:33:55.266 [FXGL Background Thread 3 ] DEBUG Engine               - isBrowser: false
09:33:55.266 [FXGL Background Thread 3 ] DEBUG Engine               - isClickFeedbackEnabled: false
09:33:55.266 [FXGL Background Thread 3 ] DEBUG Engine               - isCloseConfirmation: false
09:33:55.266 [FXGL Background Thread 3 ] DEBUG Engine               - isDesktop: true
09:33:55.266 [FXGL Background Thread 3 ] DEBUG Engine               - isDeveloperMenuEnabled: false
09:33:55.266 [FXGL Background Thread 3 ] DEBUG Engine               - isEmbedded: false
09:33:55.266 [FXGL Background Thread 3 ] DEBUG Engine               - isEntityPreloadEnabled: true
09:33:55.266 [FXGL Background Thread 3 ] DEBUG Engine               - isExperimentalTiledLargeMap: false
09:33:55.266 [FXGL Background Thread 3 ] DEBUG Engine               - isFileSystemWriteAllowed: true
09:33:55.266 [FXGL Background Thread 3 ] DEBUG Engine               - isFullScreenAllowed: false
09:33:55.266 [FXGL Background Thread 3 ] DEBUG Engine               - isFullScreenFromStart: false
09:33:55.266 [FXGL Background Thread 3 ] DEBUG Engine               - isGameMenuEnabled: true
09:33:55.266 [FXGL Background Thread 3 ] DEBUG Engine               - isIOS: false
09:33:55.267 [FXGL Background Thread 3 ] DEBUG Engine               - isIntroEnabled: false
09:33:55.267 [FXGL Background Thread 3 ] DEBUG Engine               - isLinux: false
09:33:55.267 [FXGL Background Thread 3 ] DEBUG Engine               - isMac: false
09:33:55.267 [FXGL Background Thread 3 ] DEBUG Engine               - isMainMenuEnabled: false
09:33:55.267 [FXGL Background Thread 3 ] DEBUG Engine               - isManualResizeEnabled: false
09:33:55.267 [FXGL Background Thread 3 ] DEBUG Engine               - isMobile: false
09:33:55.267 [FXGL Background Thread 3 ] DEBUG Engine               - isNative: false
09:33:55.267 [FXGL Background Thread 3 ] DEBUG Engine               - isPauseMusicWhenMinimized: true
09:33:55.267 [FXGL Background Thread 3 ] DEBUG Engine               - isPreserveResizeRatio: false
09:33:55.267 [FXGL Background Thread 3 ] DEBUG Engine               - isProfilingEnabled: false
09:33:55.267 [FXGL Background Thread 3 ] DEBUG Engine               - isScaleAffectedOnResize: true
09:33:55.267 [FXGL Background Thread 3 ] DEBUG Engine               - isSingleStep: false
09:33:55.267 [FXGL Background Thread 3 ] DEBUG Engine               - isUserProfileEnabled: false
09:33:55.267 [FXGL Background Thread 3 ] DEBUG Engine               - isWindows: true
09:33:55.267 [FXGL Background Thread 3 ] DEBUG Engine               - language: ObjectProperty [value: ENGLISH]
09:33:55.267 [FXGL Background Thread 3 ] DEBUG Engine               - menuKey: ESCAPE
09:33:55.267 [FXGL Background Thread 3 ] DEBUG Engine               - mouseSensitivity: 0.2
09:33:55.267 [FXGL Background Thread 3 ] DEBUG Engine               - notificationViewClass: class com.almasb.fxgl.notification.view.XboxNotificationView
09:33:55.267 [FXGL Background Thread 3 ] DEBUG Engine               - pixelsPerMeter: 50.0
09:33:55.267 [FXGL Background Thread 3 ] DEBUG Engine               - platform: WINDOWS
09:33:55.267 [FXGL Background Thread 3 ] DEBUG Engine               - prefHeightProperty: ReadOnlyDoubleProperty [value: 540.0]
09:33:55.267 [FXGL Background Thread 3 ] DEBUG Engine               - prefWidthProperty: ReadOnlyDoubleProperty [value: 960.0]
09:33:55.267 [FXGL Background Thread 3 ] DEBUG Engine               - profileDir: profiles/
09:33:55.267 [FXGL Background Thread 3 ] DEBUG Engine               - profileName: StringProperty [value: DEFAULT]
09:33:55.267 [FXGL Background Thread 3 ] DEBUG Engine               - randomSeed: -1
09:33:55.267 [FXGL Background Thread 3 ] DEBUG Engine               - runtimeInfo: RuntimeInfo(platform=WINDOWS, version=21+dev-SNAPSHOT, build=26.03.2024 21.04)
09:33:55.267 [FXGL Background Thread 3 ] DEBUG Engine               - saveFileExt: sav
09:33:55.267 [FXGL Background Thread 3 ] DEBUG Engine               - scaledHeightProp$fxgl: DoubleProperty [bound, value: 540.0]
09:33:55.267 [FXGL Background Thread 3 ] DEBUG Engine               - scaledWidthProp$fxgl: DoubleProperty [bound, value: 960.0]
09:33:55.267 [FXGL Background Thread 3 ] DEBUG Engine               - sceneFactory: com.almasb.fxgl.app.scene.SceneFactory@55d39189
09:33:55.267 [FXGL Background Thread 3 ] DEBUG Engine               - secondsIn24h: 60
09:33:55.267 [FXGL Background Thread 3 ] DEBUG Engine               - soundMenuBack: menu/back.wav
09:33:55.267 [FXGL Background Thread 3 ] DEBUG Engine               - soundMenuPress: menu/press.wav
09:33:55.267 [FXGL Background Thread 3 ] DEBUG Engine               - soundMenuSelect: menu/select.wav
09:33:55.267 [FXGL Background Thread 3 ] DEBUG Engine               - soundNotification: core/notification.wav
09:33:55.267 [FXGL Background Thread 3 ] DEBUG Engine               - stageStyle: DECORATED
09:33:55.267 [FXGL Background Thread 3 ] DEBUG Engine               - supportedLanguages: [ENGLISH, FRENCH, GERMAN, HUNGARIAN, RUSSIAN]
09:33:55.267 [FXGL Background Thread 3 ] DEBUG Engine               - ticksPerSecond: -1
09:33:55.267 [FXGL Background Thread 3 ] DEBUG Engine               - title: Don't Jump in Lava
09:33:55.267 [FXGL Background Thread 3 ] DEBUG Engine               - urlGithub: https://github.com/AlmasB/FXGL
09:33:55.267 [FXGL Background Thread 3 ] DEBUG Engine               - urlLeaderboard: http://fxgl-top.herokuapp.com/
09:33:55.267 [FXGL Background Thread 3 ] DEBUG Engine               - urlPOM: https://raw.githubusercontent.com/AlmasB/FXGL/release/README.md
09:33:55.267 [FXGL Background Thread 3 ] DEBUG Engine               - userAppClass: class com.dontjumpinlava.Main
09:33:55.267 [FXGL Background Thread 3 ] DEBUG Engine               - version: 0.0
09:33:55.267 [FXGL Background Thread 3 ] DEBUG Engine               - versionCheckDays: 7
09:33:55.267 [FXGL Background Thread 3 ] DEBUG Engine               - width: 960
09:33:55.267 [FXGL Background Thread 3 ] DEBUG Engine               - Logging services
09:33:55.267 [FXGL Background Thread 3 ] DEBUG Engine               - class com.almasb.fxgl.app.services.FXGLAssetLoaderService
09:33:55.267 [FXGL Background Thread 3 ] DEBUG Engine               - class com.almasb.fxgl.app.FXGLApplication$GameApplicationService
09:33:55.267 [FXGL Background Thread 3 ] DEBUG Engine               - class com.almasb.fxgl.app.services.FXGLDialogService
09:33:55.267 [FXGL Background Thread 3 ] DEBUG Engine               - class com.almasb.fxgl.app.services.IOTaskExecutorService
09:33:55.267 [FXGL Background Thread 3 ] DEBUG Engine               - class com.almasb.fxgl.io.FileSystemService
09:33:55.267 [FXGL Background Thread 3 ] DEBUG Engine               - class com.almasb.fxgl.localization.LocalizationService
09:33:55.267 [FXGL Background Thread 3 ] DEBUG Engine               - class com.almasb.fxgl.app.services.SystemBundleService
09:33:55.267 [FXGL Background Thread 3 ] DEBUG Engine               - class com.almasb.fxgl.profile.SaveLoadService
09:33:55.267 [FXGL Background Thread 3 ] DEBUG Engine               - class com.almasb.fxgl.ui.FXGLUIFactoryServiceProvider
09:33:55.267 [FXGL Background Thread 3 ] DEBUG Engine               - class com.almasb.fxgl.ui.FXGLDialogFactoryServiceProvider
09:33:55.267 [FXGL Background Thread 3 ] DEBUG Engine               - class com.almasb.fxgl.audio.AudioPlayer
09:33:55.267 [FXGL Background Thread 3 ] DEBUG Engine               - class com.almasb.fxgl.notification.impl.NotificationServiceProvider
09:33:55.267 [FXGL Background Thread 3 ] DEBUG Engine               - class com.almasb.fxgl.achievement.AchievementService
09:33:55.267 [FXGL Background Thread 3 ] DEBUG Engine               - class com.almasb.fxgl.cutscene.CutsceneService
09:33:55.267 [FXGL Background Thread 3 ] DEBUG Engine               - class com.almasb.fxgl.minigames.MiniGameService
09:33:55.267 [FXGL Background Thread 3 ] DEBUG Engine               - class com.almasb.fxgl.net.NetService
09:33:55.267 [FXGL Background Thread 3 ] DEBUG Engine               - class com.almasb.fxgl.app.services.UpdaterService
09:33:55.267 [FXGL Background Thread 3 ] DEBUG Engine               - class com.almasb.fxgl.dev.DevService
09:33:58.008 [JavaFX Application Thread] DEBUG FXGLApplication      - Exiting FXGL
09:33:58.008 [JavaFX Application Thread] DEBUG Async                - Shutting down background threads
09:33:58.008 [JavaFX Application Thread] DEBUG PrimaryStageWindow   - Closing main window
09:33:58.023 [JavaFX Application Thread] DEBUG Logger               - Closing Logger
