09:07:23.140 [main                     ] DEBUG Logger               - Configured Logger
09:07:23.167 [main                     ] DEBUG GameApplication      - Logging settings
Title: Don't Jump in Lava
Version: 0.0
Width: 960
Height: 540
Fullscreen: false
Intro: false
Profiling: false
Single step:false
App Mode: DEVELOPER
Menu Key: ESCAPE
Stage Style: DECORATED
Scene Factory: class com.almasb.fxgl.app.scene.SceneFactory

09:07:23.617 [JavaFX Application Thread] DEBUG FXGLApplication      - Initializing FXGL
09:07:23.621 [JavaFX Application Thread] INFO  Engine               - FXGL-21.1 (27.03.2024 07.52) on WINDOWS (J:21.0.8 FX:17.0.1)
09:07:23.621 [JavaFX Application Thread] DEBUG Engine               - JRE Vendor Name: Eclipse Adoptium
09:07:23.621 [JavaFX Application Thread] DEBUG Engine               - Running on OS: Windows 11 version 10.0
09:07:23.621 [JavaFX Application Thread] DEBUG Engine               - Architecture: amd64
09:07:23.621 [JavaFX Application Thread] INFO  Engine               - Source code and latest versions at: https://github.com/AlmasB/FXGL
09:07:23.621 [JavaFX Application Thread] INFO  Engine               -       Ask questions and discuss at: https://github.com/AlmasB/FXGL/discussions
09:07:23.621 [JavaFX Application Thread] INFO  Engine               -              Join the FXGL chat at: https://gitter.im/AlmasB/FXGL
09:07:23.707 [JavaFX Application Thread] DEBUG PrimaryStageWindow   - Creating a JavaFX scene
09:07:23.742 [JavaFX Application Thread] DEBUG PrimaryStageWindow   - Target settings size: 960.0 x 540.0
09:07:23.742 [JavaFX Application Thread] DEBUG PrimaryStageWindow   - Scaled scene size:    960.0 x 540.0
09:07:23.742 [JavaFX Application Thread] DEBUG PrimaryStageWindow   - Scaled ratio: (1.0, 1.0)
09:07:23.743 [JavaFX Application Thread] DEBUG PrimaryStageWindow   - Set initial scene to FXGLStartupScene
09:07:23.748 [JavaFX Application Thread] DEBUG PrimaryStageWindow   - Opening main window
09:07:23.814 [JavaFX Application Thread] DEBUG PrimaryStageWindow   - Window border size: (16.0, 39.0)
09:07:23.814 [JavaFX Application Thread] DEBUG PrimaryStageWindow   - Scaled size: 960.0 x 540.0
09:07:23.814 [JavaFX Application Thread] DEBUG PrimaryStageWindow   - Scaled ratio: (1.0, 1.0)
09:07:23.814 [JavaFX Application Thread] DEBUG PrimaryStageWindow   - Scene size: 960.0 x 540.0
09:07:23.814 [JavaFX Application Thread] DEBUG PrimaryStageWindow   - Stage size: 976.0 x 579.0
09:07:23.820 [FXGL Background Thread 1 ] DEBUG Engine               - Initializing environment variables
09:07:23.861 [FXGL Background Thread 1 ] DEBUG FXGLAssetLoaderServi - User app class for loading assets: class com.dontjumpinlava.Main
09:07:23.861 [FXGL Background Thread 1 ] DEBUG GameApplicationServi - Applying CSS: fxgl_dark.css
09:07:23.862 [FXGL Background Thread 1 ] DEBUG FXGLAssetLoaderServi - Loading from file system: jar:file:/C:/Users/MichaelMgbeojirikwe/.m2/repository/com/github/almasb/fxgl/21.1/fxgl-21.1.jar!/fxglassets/ui/css/fxgl_dark.css
09:07:23.888 [FXGL Background Thread 1 ] DEBUG GameApplicationServi - Initializing application scenes
09:07:23.925 [FXGL Background Thread 1 ] DEBUG GameWorld            - Game world initialized
09:07:23.976 [FXGL Background Thread 1 ] DEBUG PhysicsWorld         - Physics world initialized: appHeight=540, physics.ppm=50.0
09:07:23.976 [FXGL Background Thread 1 ] DEBUG PhysicsWorld         - Using strategy: BRUTE_FORCE
09:07:23.979 [FXGL Background Thread 1 ] DEBUG GameScene            - Game scene initialized: 960x540
09:07:23.985 [FXGL Background Thread 1 ] WARN  FXGL.DefaultMenu     - FXGLDefaultMenu is not designed for resolutions < 800x600
09:07:23.986 [FXGL Background Thread 1 ] DEBUG FXGL.DefaultMenu     - createMenuBodyGameMenu()
09:07:23.994 [FXGL Background Thread 1 ] DEBUG FXGL.DefaultMenu     - createOptionsMenu()
09:07:23.999 [FXGL Background Thread 1 ] DEBUG FXGLAssetLoaderServi - Loading from file system: jar:file:/C:/Users/MichaelMgbeojirikwe/.m2/repository/com/github/almasb/fxgl/21.1/fxgl-21.1.jar!/fxglassets/textures/particles/smoke.png
09:07:24.083 [FXGL Background Thread 1 ] DEBUG FXGLAssetLoaderServi - Loading from file system: jar:file:/C:/Users/MichaelMgbeojirikwe/.m2/repository/com/github/almasb/fxgl/21.1/fxgl-21.1.jar!/fxglassets/textures/particles/trace_horizontal.png
09:07:24.101 [FXGL Background Thread 1 ] DEBUG GameApplicationServi - Application scenes initialized
09:07:24.111 [FXGL Background Thread 1 ] DEBUG SystemBundleService  - Loading FXGL system data
09:07:24.114 [FXGL Background Thread 1 ] DEBUG FileSystemAccess     - Reading from: C:\Users\MichaelMgbeojirikwe\OneDrive - NYC Public Schools\Desktop\Java\games\dontjumpinlava\system\fxgl.bundle
09:07:24.121 [FXGL Background Thread 1 ] DEBUG SystemBundleService  - Bundle FXGL: {}
09:07:24.121 [FXGL Background Thread 1 ] DEBUG UpdaterService       - Checking for updates
09:07:24.124 [FXGL Background Thread 4 ] DEBUG FXGLApplication      - Loading fonts
09:07:24.124 [FXGL Background Thread 4 ] DEBUG FXGLAssetLoaderServi - Loading from file system: jar:file:/C:/Users/MichaelMgbeojirikwe/.m2/repository/com/github/almasb/fxgl/21.1/fxgl-21.1.jar!/fxglassets/ui/fonts/VarelaRound-Regular.ttf
09:07:24.124 [FXGL Background Thread 1 ] DEBUG FXGLApplication      - Loading default localization
09:07:24.125 [FXGL Background Thread 1 ] DEBUG FXGLAssetLoaderServi - Loading from file system: jar:file:/C:/Users/MichaelMgbeojirikwe/.m2/repository/com/github/almasb/fxgl/21.1/fxgl-21.1.jar!/fxglassets/languages/english.lang
09:07:24.139 [FXGL Background Thread 1 ] INFO  FXGLApplication      - FXGL initialization took: 0.318 sec
09:07:24.147 [JavaFX Application Thread] DEBUG Input                - Registered new binding: Right - Right
09:07:24.148 [JavaFX Application Thread] DEBUG Input                - Registered new binding: Left - Left
09:07:24.148 [JavaFX Application Thread] DEBUG Input                - Registered new binding: Up - Up
09:07:24.148 [JavaFX Application Thread] DEBUG Input                - Registered new binding: Down - Down
09:07:24.148 [JavaFX Application Thread] DEBUG FXGLAssetLoaderServi - Loading from file system: jar:file:/C:/Users/MichaelMgbeojirikwe/.m2/repository/com/github/almasb/fxgl/21.1/fxgl-21.1.jar!/fxglassets/textures/fxgl_icon.png
09:07:24.158 [FXGL Background Thread 4 ] DEBUG FXGLAssetLoaderServi - Loading from file system: jar:file:/C:/Users/MichaelMgbeojirikwe/.m2/repository/com/github/almasb/fxgl/21.1/fxgl-21.1.jar!/fxglassets/ui/fonts/Abel-Regular.ttf
09:07:24.161 [JavaFX Application Thread] DEBUG FXGLAssetLoaderServi - Loading from file system: jar:file:/C:/Users/MichaelMgbeojirikwe/.m2/repository/com/github/almasb/fxgl/21.1/fxgl-21.1.jar!/fxglassets/textures/fxgl_default_cursor.png
09:07:24.163 [FXGL Background Thread 4 ] DEBUG FXGLAssetLoaderServi - Loading from file system: jar:file:/C:/Users/MichaelMgbeojirikwe/.m2/repository/com/github/almasb/fxgl/21.1/fxgl-21.1.jar!/fxglassets/ui/fonts/TerminalLandMono-Regular.otf
09:07:24.164 [JavaFX Application Thread] DEBUG Input                - Registered new binding: Screenshot - CTRL+8
09:07:24.165 [JavaFX Application Thread] DEBUG Input                - Registered new binding: System info dump - CTRL+9
09:07:24.165 [JavaFX Application Thread] DEBUG Input                - Registered new binding: Restart - CTRL+R
09:07:24.166 [JavaFX Application Thread] DEBUG Input                - Registered new binding: Toggle Debug Camera - CTRL+7
09:07:24.167 [FXGL Background Thread 4 ] DEBUG FXGLAssetLoaderServi - Loading from file system: jar:file:/C:/Users/MichaelMgbeojirikwe/.m2/repository/com/github/almasb/fxgl/21.1/fxgl-21.1.jar!/fxglassets/ui/fonts/Courier-Prime.ttf
09:07:24.168 [JavaFX Application Thread] DEBUG LoopRunner           - Starting loop
09:07:24.168 [JavaFX Application Thread] DEBUG LoopRunner           - Initializing JavaFX AnimationTimerLoop
09:07:24.169 [JavaFX Application Thread] DEBUG GameApplicationServi - Starting new game
09:07:24.169 [JavaFX Application Thread] DEBUG Input                - Clearing active input actions
09:07:24.182 [JavaFX Application Thread] DEBUG GameApplicationServi - Removing overlay from FXGLStartupScene and adding to FXGLLoadingScene
09:07:24.183 [JavaFX Application Thread] DEBUG PrimaryStageWindow   - FXGLStartupScene -> FXGLLoadingScene
09:07:24.183 [JavaFX Application Thread] DEBUG GameApplicationServi - Clearing previous game
09:07:24.183 [JavaFX Application Thread] DEBUG GameScene            - Clearing game scene
09:07:24.183 [JavaFX Application Thread] DEBUG GameWorld            - Clearing game world
09:07:24.183 [JavaFX Application Thread] DEBUG PhysicsWorld         - Clearing physics world
09:07:24.185 [JavaFX Application Thread] DEBUG FXGLApplication      - Registering font factories with UI factory
09:07:24.184 [FXGL Background Thread 4 ] DEBUG FXGLApplication      - Initializing game
09:07:24.479 [FXGL Background Thread 4 ] INFO  FXGLApplication      - Game initialization took: 0.295 sec
09:07:24.480 [JavaFX Application Thread] DEBUG Input                - Clearing active input actions
09:07:24.493 [JavaFX Application Thread] DEBUG GameApplicationServi - Removing overlay from FXGLLoadingScene and adding to GameScene
09:07:24.493 [JavaFX Application Thread] DEBUG PrimaryStageWindow   - FXGLLoadingScene -> GameScene
09:07:24.534 [JavaFX Application Thread] DEBUG LoopRunner           - Stopping loop
09:07:24.537 [JavaFX Application Thread] FATAL FXGLApplication      - Uncaught Exception:
java.lang.IndexOutOfBoundsException: Index -7657 out of bounds for length 2250
	at java.base/jdk.internal.util.Preconditions.outOfBounds(Unknown Source)
	at java.base/jdk.internal.util.Preconditions.outOfBoundsCheckIndex(Unknown Source)
	at java.base/jdk.internal.util.Preconditions.checkIndex(Unknown Source)
	at java.base/java.util.Objects.checkIndex(Unknown Source)
	at java.base/java.util.ArrayList.get(Unknown Source)
	at com.dontjumpinlava.Main.onUpdate(Main.java:338)
	at com.almasb.fxgl.app.FXGLApplication$GameApplicationService.onGameUpdate(FXGLApplication.kt:440)
	at com.almasb.fxgl.app.Engine.onGameUpdate(Engine.kt:138)
	at com.almasb.fxgl.app.FXGLApplication.postServicesInit$lambda$7(FXGLApplication.kt:184)
	at com.almasb.fxgl.scene.Scene.update(Scene.kt:113)
	at com.almasb.fxgl.app.MainWindow$update$1.invoke(MainWindow.kt:121)
	at com.almasb.fxgl.app.MainWindow$update$1.invoke(MainWindow.kt:121)
	at com.almasb.fxgl.core.fsm.StateMachine.runOnActiveStates(StateMachine.kt:69)
	at com.almasb.fxgl.app.MainWindow.update(MainWindow.kt:121)
	at com.almasb.fxgl.app.FXGLApplication$GameApplicationService.onUpdate(FXGLApplication.kt:445)
	at com.almasb.fxgl.app.Engine.loop(Engine.kt:134)
	at com.almasb.fxgl.app.Engine.access$loop(Engine.kt:24)
	at com.almasb.fxgl.app.Engine$loop$1.invoke(Engine.kt:28)
	at com.almasb.fxgl.app.Engine$loop$1.invoke(Engine.kt:28)
	at com.almasb.fxgl.app.LoopRunner.frame(LoopRunner.kt:103)
	at com.almasb.fxgl.app.LoopRunner.access$frame(LoopRunner.kt:23)
	at com.almasb.fxgl.app.LoopRunner$impl$2$1.onTick(LoopRunner.kt:57)
	at com.almasb.fxgl.app.AnimationTimerLoop$timer$1.handle(LoopRunner.kt:137)
	at javafx.animation.AnimationTimer$AnimationTimerReceiver.lambda$handle$0(AnimationTimer.java:58)
	at java.base/java.security.AccessController.doPrivileged(Unknown Source)
	at javafx.animation.AnimationTimer$AnimationTimerReceiver.handle(AnimationTimer.java:57)
	at com.sun.scenario.animation.AbstractPrimaryTimer.timePulseImpl(AbstractPrimaryTimer.java:356)
	at com.sun.scenario.animation.AbstractPrimaryTimer$MainLoop.run(AbstractPrimaryTimer.java:266)
	at com.sun.javafx.tk.quantum.QuantumToolkit.pulse(QuantumToolkit.java:571)
	at com.sun.javafx.tk.quantum.QuantumToolkit.pulse(QuantumToolkit.java:555)
	at com.sun.javafx.tk.quantum.QuantumToolkit.pulseFromQueue(QuantumToolkit.java:548)
	at com.sun.javafx.tk.quantum.QuantumToolkit.lambda$runToolkit$11(QuantumToolkit.java:353)
	at com.sun.glass.ui.InvokeLaterDispatcher$Future.run(InvokeLaterDispatcher.java:96)
	at com.sun.glass.ui.win.WinApplication._runLoop(Native Method)
	at com.sun.glass.ui.win.WinApplication.lambda$runLoop$3(WinApplication.java:184)
	at java.base/java.lang.Thread.run(Unknown Source)

09:07:24.538 [JavaFX Application Thread] FATAL FXGLApplication      - Application will now exit
09:07:24.561 [JavaFX Application Thread] DEBUG PrimaryStageWindow   - Push state: ErrorSubScene
09:07:24.562 [JavaFX Application Thread] DEBUG Input                - Clearing active input actions
09:07:24.573 [JavaFX Application Thread] DEBUG GameApplicationServi - Removing overlay from GameScene and adding to ErrorSubScene
09:07:24.573 [JavaFX Application Thread] DEBUG PrimaryStageWindow   - GameScene -> ErrorSubScene
09:07:25.927 [JavaFX Application Thread] DEBUG FXGLApplication      - Exiting FXGL
09:07:25.927 [JavaFX Application Thread] DEBUG Async                - Shutting down background threads
09:07:25.927 [JavaFX Application Thread] DEBUG PrimaryStageWindow   - Closing main window
09:07:25.940 [JavaFX Application Thread] DEBUG Logger               - Closing Logger
