09:11:46.821 [main                     ] DEBUG Logger               - Configured Logger
09:11:46.840 [main                     ] DEBUG GameApplication      - Logging settings
Title: Don't Jump in Lava
Version: 0.0
Width: 960
Height: 540
Fullscreen: false
Intro: false
Profiling: false
Single step:false
App Mode: DEVELOPER
Menu Key: ESCAPE
Stage Style: DECORATED
Scene Factory: class com.almasb.fxgl.app.scene.SceneFactory

09:11:47.173 [JavaFX Application Thread] DEBUG FXGLApplication      - Initializing FXGL
09:11:47.175 [JavaFX Application Thread] INFO  Engine               - FXGL-21+dev-SNAPSHOT (26.03.2024 21.04) on WINDOWS (J:21.0.6 FX:21)
09:11:47.175 [JavaFX Application Thread] DEBUG Engine               - JRE Vendor Name: Oracle Corporation
09:11:47.176 [JavaFX Application Thread] DEBUG Engine               - Running on OS: Windows 11 version 10.0
09:11:47.176 [JavaFX Application Thread] DEBUG Engine               - Architecture: amd64
09:11:47.176 [JavaFX Application Thread] INFO  Engine               - Source code and latest versions at: https://github.com/AlmasB/FXGL
09:11:47.176 [JavaFX Application Thread] INFO  Engine               -       Ask questions and discuss at: https://github.com/AlmasB/FXGL/discussions
09:11:47.176 [JavaFX Application Thread] INFO  Engine               -              Join the FXGL chat at: https://gitter.im/AlmasB/FXGL
09:11:47.239 [JavaFX Application Thread] DEBUG PrimaryStageWindow   - Creating a JavaFX scene
09:11:47.272 [JavaFX Application Thread] DEBUG PrimaryStageWindow   - Target settings size: 960.0 x 540.0
09:11:47.272 [JavaFX Application Thread] DEBUG PrimaryStageWindow   - Scaled scene size:    960.0 x 540.0
09:11:47.272 [JavaFX Application Thread] DEBUG PrimaryStageWindow   - Scaled ratio: (1.0, 1.0)
09:11:47.273 [JavaFX Application Thread] DEBUG PrimaryStageWindow   - Set initial scene to FXGLStartupScene
09:11:47.275 [JavaFX Application Thread] DEBUG PrimaryStageWindow   - Opening main window
09:11:47.339 [JavaFX Application Thread] DEBUG PrimaryStageWindow   - Window border size: (16.0, 39.0)
09:11:47.339 [JavaFX Application Thread] DEBUG PrimaryStageWindow   - Scaled size: 960.0 x 540.0
09:11:47.339 [JavaFX Application Thread] DEBUG PrimaryStageWindow   - Scaled ratio: (1.0, 1.0)
09:11:47.339 [JavaFX Application Thread] DEBUG PrimaryStageWindow   - Scene size: 960.0 x 540.0
09:11:47.339 [JavaFX Application Thread] DEBUG PrimaryStageWindow   - Stage size: 976.0 x 579.0
09:11:47.345 [FXGL Background Thread 1 ] DEBUG Engine               - Initializing environment variables
09:11:47.378 [FXGL Background Thread 1 ] DEBUG FXGLAssetLoaderServi - User app class for loading assets: class com.dontjumpinlava.Main
09:11:47.380 [FXGL Background Thread 1 ] DEBUG GameApplicationServi - Applying CSS: fxgl_dark.css
09:11:47.380 [FXGL Background Thread 1 ] DEBUG FXGLAssetLoaderServi - Loading from file system: jar:file:/C:/Users/MichaelMgbeojirikwe/.m2/repository/com/github/almasb/fxgl/fxgl/21.1/fxgl-21.1.jar!/fxglassets/ui/css/fxgl_dark.css
09:11:47.405 [FXGL Background Thread 1 ] DEBUG GameApplicationServi - Initializing application scenes
09:11:47.444 [FXGL Background Thread 1 ] DEBUG GameWorld            - Game world initialized
09:11:47.490 [FXGL Background Thread 1 ] DEBUG PhysicsWorld         - Physics world initialized: appHeight=540, physics.ppm=50.0
09:11:47.490 [FXGL Background Thread 1 ] DEBUG PhysicsWorld         - Using strategy: BRUTE_FORCE
09:11:47.493 [FXGL Background Thread 1 ] DEBUG GameScene            - Game scene initialized: 960x540
09:11:47.501 [FXGL Background Thread 1 ] WARN  FXGL.DefaultMenu     - FXGLDefaultMenu is not designed for resolutions < 800x600
09:11:47.501 [FXGL Background Thread 1 ] DEBUG FXGL.DefaultMenu     - createMenuBodyGameMenu()
09:11:47.512 [FXGL Background Thread 1 ] DEBUG FXGL.DefaultMenu     - createOptionsMenu()
09:11:47.518 [FXGL Background Thread 1 ] DEBUG FXGLAssetLoaderServi - Loading from file system: jar:file:/C:/Users/MichaelMgbeojirikwe/.m2/repository/com/github/almasb/fxgl/fxgl/21.1/fxgl-21.1.jar!/fxglassets/textures/particles/smoke.png
09:11:47.603 [FXGL Background Thread 1 ] DEBUG FXGLAssetLoaderServi - Loading from file system: jar:file:/C:/Users/MichaelMgbeojirikwe/.m2/repository/com/github/almasb/fxgl/fxgl/21.1/fxgl-21.1.jar!/fxglassets/textures/particles/trace_horizontal.png
09:11:47.621 [FXGL Background Thread 1 ] DEBUG GameApplicationServi - Application scenes initialized
09:11:47.629 [FXGL Background Thread 1 ] DEBUG SystemBundleService  - Loading FXGL system data
09:11:47.631 [FXGL Background Thread 1 ] DEBUG FileSystemAccess     - Reading from: C:\Users\MichaelMgbeojirikwe\OneDrive - NYC Public Schools\Desktop\Java\games\dontjumpinlava\system\fxgl.bundle
09:11:47.636 [FXGL Background Thread 1 ] DEBUG SystemBundleService  - Bundle FXGL: {}
09:11:47.637 [FXGL Background Thread 1 ] DEBUG UpdaterService       - Checking for updates
09:11:47.640 [FXGL Background Thread 4 ] DEBUG FXGLApplication      - Loading fonts
09:11:47.640 [FXGL Background Thread 1 ] DEBUG FXGLApplication      - Loading default localization
09:11:47.641 [FXGL Background Thread 4 ] DEBUG FXGLAssetLoaderServi - Loading from file system: jar:file:/C:/Users/MichaelMgbeojirikwe/.m2/repository/com/github/almasb/fxgl/fxgl/21.1/fxgl-21.1.jar!/fxglassets/ui/fonts/VarelaRound-Regular.ttf
09:11:47.641 [FXGL Background Thread 1 ] DEBUG FXGLAssetLoaderServi - Loading from file system: jar:file:/C:/Users/MichaelMgbeojirikwe/.m2/repository/com/github/almasb/fxgl/fxgl/21.1/fxgl-21.1.jar!/fxglassets/languages/english.lang
09:11:47.675 [FXGL Background Thread 4 ] DEBUG FXGLAssetLoaderServi - Loading from file system: jar:file:/C:/Users/MichaelMgbeojirikwe/.m2/repository/com/github/almasb/fxgl/fxgl/21.1/fxgl-21.1.jar!/fxglassets/ui/fonts/Abel-Regular.ttf
09:11:47.677 [FXGL Background Thread 1 ] INFO  FXGLApplication      - FXGL initialization took: 0.333 sec
09:11:47.679 [FXGL Background Thread 4 ] DEBUG FXGLAssetLoaderServi - Loading from file system: jar:file:/C:/Users/MichaelMgbeojirikwe/.m2/repository/com/github/almasb/fxgl/fxgl/21.1/fxgl-21.1.jar!/fxglassets/ui/fonts/TerminalLandMono-Regular.otf
09:11:47.683 [JavaFX Application Thread] DEBUG Input                - Registered new binding: Up - Up
09:11:47.683 [JavaFX Application Thread] DEBUG Input                - Registered new binding: Right - Right
09:11:47.683 [JavaFX Application Thread] DEBUG Input                - Registered new binding: Left - Left
09:11:47.683 [JavaFX Application Thread] DEBUG Input                - Registered new binding: Down - Down
09:11:47.683 [JavaFX Application Thread] DEBUG Input                - Registered new binding: W - W
09:11:47.683 [JavaFX Application Thread] DEBUG Input                - Registered new binding: A - A
09:11:47.683 [JavaFX Application Thread] DEBUG Input                - Registered new binding: S - S
09:11:47.683 [JavaFX Application Thread] DEBUG Input                - Registered new binding: D - D
09:11:47.684 [JavaFX Application Thread] DEBUG Input                - Registered new binding: E - E
09:11:47.684 [JavaFX Application Thread] DEBUG Input                - Registered new binding: Eyedrop - Q
09:11:47.684 [FXGL Background Thread 4 ] DEBUG FXGLAssetLoaderServi - Loading from file system: jar:file:/C:/Users/MichaelMgbeojirikwe/.m2/repository/com/github/almasb/fxgl/fxgl/21.1/fxgl-21.1.jar!/fxglassets/ui/fonts/Courier-Prime.ttf
09:11:47.684 [JavaFX Application Thread] DEBUG Input                - Registered new binding: Space - Space
09:11:47.686 [JavaFX Application Thread] DEBUG Input                - Registered new binding: Click - LMB
09:11:47.686 [JavaFX Application Thread] DEBUG Input                - Registered new binding: Grass - 1
09:11:47.686 [JavaFX Application Thread] DEBUG Input                - Registered new binding: Dirt - 2
09:11:47.686 [JavaFX Application Thread] DEBUG Input                - Registered new binding: Stone - 3
09:11:47.686 [JavaFX Application Thread] DEBUG Input                - Registered new binding: Bedrock - 4
09:11:47.686 [JavaFX Application Thread] DEBUG Input                - Registered new binding: L - L
09:11:47.686 [JavaFX Application Thread] DEBUG Input                - Registered new binding: R - R
09:11:47.687 [JavaFX Application Thread] DEBUG FXGLAssetLoaderServi - Loading from file system: jar:file:/C:/Users/MichaelMgbeojirikwe/.m2/repository/com/github/almasb/fxgl/fxgl/21.1/fxgl-21.1.jar!/fxglassets/textures/fxgl_icon.png
09:11:47.701 [JavaFX Application Thread] DEBUG FXGLAssetLoaderServi - Loading from file system: jar:file:/C:/Users/MichaelMgbeojirikwe/.m2/repository/com/github/almasb/fxgl/fxgl/21.1/fxgl-21.1.jar!/fxglassets/textures/fxgl_default_cursor.png
09:11:47.703 [JavaFX Application Thread] DEBUG Input                - Registered new binding: Screenshot - CTRL+8
09:11:47.704 [JavaFX Application Thread] DEBUG Input                - Registered new binding: System info dump - CTRL+9
09:11:47.705 [JavaFX Application Thread] DEBUG Input                - Registered new binding: Restart - CTRL+R
09:11:47.706 [JavaFX Application Thread] DEBUG Input                - Registered new binding: Toggle Debug Camera - CTRL+7
09:11:47.712 [JavaFX Application Thread] DEBUG LoopRunner           - Starting loop
09:11:47.712 [JavaFX Application Thread] DEBUG LoopRunner           - Initializing JavaFX AnimationTimerLoop
09:11:47.716 [JavaFX Application Thread] DEBUG GameApplicationServi - Starting new game
09:11:47.716 [JavaFX Application Thread] DEBUG Input                - Clearing active input actions
09:11:47.729 [JavaFX Application Thread] DEBUG GameApplicationServi - Removing overlay from FXGLStartupScene and adding to FXGLLoadingScene
09:11:47.729 [JavaFX Application Thread] DEBUG PrimaryStageWindow   - FXGLStartupScene -> FXGLLoadingScene
09:11:47.729 [JavaFX Application Thread] DEBUG GameApplicationServi - Clearing previous game
09:11:47.729 [JavaFX Application Thread] DEBUG GameScene            - Clearing game scene
09:11:47.729 [JavaFX Application Thread] DEBUG GameWorld            - Clearing game world
09:11:47.729 [JavaFX Application Thread] DEBUG PhysicsWorld         - Clearing physics world
09:11:47.731 [FXGL Background Thread 4 ] DEBUG FXGLApplication      - Initializing game
09:11:47.732 [JavaFX Application Thread] DEBUG FXGLApplication      - Registering font factories with UI factory
09:11:48.126 [FXGL Background Thread 2 ] INFO  UpdaterService       - Your current version:  21+dev-SNAPSHOT
09:11:48.126 [FXGL Background Thread 2 ] INFO  UpdaterService       - Latest stable version: 21.1
09:11:48.247 [FXGL Background Thread 4 ] INFO  FXGLApplication      - Game initialization took: 0.516 sec
09:11:48.248 [JavaFX Application Thread] DEBUG Input                - Clearing active input actions
09:11:48.261 [JavaFX Application Thread] DEBUG GameApplicationServi - Removing overlay from FXGLLoadingScene and adding to GameScene
09:11:48.261 [JavaFX Application Thread] DEBUG PrimaryStageWindow   - FXGLLoadingScene -> GameScene
09:11:50.639 [FXGL Background Thread 3 ] DEBUG Engine               - Logging environment variables
09:11:50.639 [FXGL Background Thread 3 ] DEBUG Engine               - achievements: []
09:11:50.639 [FXGL Background Thread 3 ] DEBUG Engine               - actualHeight: 540.0
09:11:50.639 [FXGL Background Thread 3 ] DEBUG Engine               - actualHeightProperty: ReadOnlyDoubleProperty [value: 540.0]
09:11:50.639 [FXGL Background Thread 3 ] DEBUG Engine               - actualWidth: 960.0
09:11:50.639 [FXGL Background Thread 3 ] DEBUG Engine               - actualWidthProperty: ReadOnlyDoubleProperty [value: 960.0]
09:11:50.639 [FXGL Background Thread 3 ] DEBUG Engine               - appIcon: fxgl_icon.png
09:11:50.639 [FXGL Background Thread 3 ] DEBUG Engine               - applicationMode: DEVELOPER
09:11:50.639 [FXGL Background Thread 3 ] DEBUG Engine               - cSSList: [fxgl_dark.css]
09:11:50.639 [FXGL Background Thread 3 ] DEBUG Engine               - collisionDetectionStrategy: BRUTE_FORCE
09:11:50.639 [FXGL Background Thread 3 ] DEBUG Engine               - configClass: Optional.empty
09:11:50.639 [FXGL Background Thread 3 ] DEBUG Engine               - credits: []
09:11:50.640 [FXGL Background Thread 3 ] DEBUG Engine               - defaultCursor: CursorInfo(imageName=fxgl_default_cursor.png, hotspotX=7.0, hotspotY=6.0)
09:11:50.640 [FXGL Background Thread 3 ] DEBUG Engine               - devBBoxColorProperty: ObjectProperty [value: 0xff0000ff]
09:11:50.640 [FXGL Background Thread 3 ] DEBUG Engine               - devEnableDebugCameraProperty: BooleanProperty [value: false]
09:11:50.640 [FXGL Background Thread 3 ] DEBUG Engine               - devSensorColorProperty: ObjectProperty [value: 0xffff00ff]
09:11:50.640 [FXGL Background Thread 3 ] DEBUG Engine               - devShowBBoxProperty: BooleanProperty [value: false]
09:11:50.640 [FXGL Background Thread 3 ] DEBUG Engine               - devShowPositionProperty: BooleanProperty [value: false]
09:11:50.640 [FXGL Background Thread 3 ] DEBUG Engine               - enabledMenuItems: []
09:11:50.640 [FXGL Background Thread 3 ] DEBUG Engine               - engineServices: [class com.almasb.fxgl.app.services.FXGLAssetLoaderService, class com.almasb.fxgl.app.FXGLApplication$GameApplicationService, class com.almasb.fxgl.app.services.FXGLDialogService, class com.almasb.fxgl.app.services.IOTaskExecutorService, class com.almasb.fxgl.io.FileSystemService, class com.almasb.fxgl.localization.LocalizationService, class com.almasb.fxgl.app.services.SystemBundleService, class com.almasb.fxgl.profile.SaveLoadService, class com.almasb.fxgl.ui.FXGLUIFactoryServiceProvider, class com.almasb.fxgl.ui.FXGLDialogFactoryServiceProvider, class com.almasb.fxgl.audio.AudioPlayer, class com.almasb.fxgl.notification.impl.NotificationServiceProvider, class com.almasb.fxgl.achievement.AchievementService, class com.almasb.fxgl.cutscene.CutsceneService, class com.almasb.fxgl.minigames.MiniGameService, class com.almasb.fxgl.net.NetService, class com.almasb.fxgl.app.services.UpdaterService, class com.almasb.fxgl.dev.DevService]
09:11:50.640 [FXGL Background Thread 3 ] DEBUG Engine               - fontGame: Abel-Regular.ttf
09:11:50.640 [FXGL Background Thread 3 ] DEBUG Engine               - fontMono: TerminalLandMono-Regular.otf
09:11:50.640 [FXGL Background Thread 3 ] DEBUG Engine               - fontSizeScaleUI: 1.0
09:11:50.640 [FXGL Background Thread 3 ] DEBUG Engine               - fontText: Courier-Prime.ttf
09:11:50.640 [FXGL Background Thread 3 ] DEBUG Engine               - fontUI: VarelaRound-Regular.ttf
09:11:50.640 [FXGL Background Thread 3 ] DEBUG Engine               - fullScreen: BooleanProperty [value: false]
09:11:50.640 [FXGL Background Thread 3 ] DEBUG Engine               - gameDifficulty: MEDIUM
09:11:50.640 [FXGL Background Thread 3 ] DEBUG Engine               - gameDifficultyProperty: ObjectProperty [value: MEDIUM]
09:11:50.640 [FXGL Background Thread 3 ] DEBUG Engine               - globalMusicVolume: 0.5
09:11:50.640 [FXGL Background Thread 3 ] DEBUG Engine               - globalMusicVolumeProperty: DoubleProperty [value: 0.5]
09:11:50.640 [FXGL Background Thread 3 ] DEBUG Engine               - globalSoundVolume: 0.5
09:11:50.641 [FXGL Background Thread 3 ] DEBUG Engine               - globalSoundVolumeProperty: DoubleProperty [value: 0.5]
09:11:50.641 [FXGL Background Thread 3 ] DEBUG Engine               - height: 540
09:11:50.641 [FXGL Background Thread 3 ] DEBUG Engine               - is3D: false
09:11:50.641 [FXGL Background Thread 3 ] DEBUG Engine               - isAndroid: false
09:11:50.641 [FXGL Background Thread 3 ] DEBUG Engine               - isBrowser: false
09:11:50.641 [FXGL Background Thread 3 ] DEBUG Engine               - isClickFeedbackEnabled: false
09:11:50.641 [FXGL Background Thread 3 ] DEBUG Engine               - isCloseConfirmation: false
09:11:50.641 [FXGL Background Thread 3 ] DEBUG Engine               - isDesktop: true
09:11:50.641 [FXGL Background Thread 3 ] DEBUG Engine               - isDeveloperMenuEnabled: false
09:11:50.641 [FXGL Background Thread 3 ] DEBUG Engine               - isEmbedded: false
09:11:50.641 [FXGL Background Thread 3 ] DEBUG Engine               - isEntityPreloadEnabled: true
09:11:50.641 [FXGL Background Thread 3 ] DEBUG Engine               - isExperimentalTiledLargeMap: false
09:11:50.641 [FXGL Background Thread 3 ] DEBUG Engine               - isFileSystemWriteAllowed: true
09:11:50.641 [FXGL Background Thread 3 ] DEBUG Engine               - isFullScreenAllowed: false
09:11:50.641 [FXGL Background Thread 3 ] DEBUG Engine               - isFullScreenFromStart: false
09:11:50.641 [FXGL Background Thread 3 ] DEBUG Engine               - isGameMenuEnabled: true
09:11:50.641 [FXGL Background Thread 3 ] DEBUG Engine               - isIOS: false
09:11:50.641 [FXGL Background Thread 3 ] DEBUG Engine               - isIntroEnabled: false
09:11:50.642 [FXGL Background Thread 3 ] DEBUG Engine               - isLinux: false
09:11:50.642 [FXGL Background Thread 3 ] DEBUG Engine               - isMac: false
09:11:50.642 [FXGL Background Thread 3 ] DEBUG Engine               - isMainMenuEnabled: false
09:11:50.642 [FXGL Background Thread 3 ] DEBUG Engine               - isManualResizeEnabled: false
09:11:50.642 [FXGL Background Thread 3 ] DEBUG Engine               - isMobile: false
09:11:50.642 [FXGL Background Thread 3 ] DEBUG Engine               - isNative: false
09:11:50.642 [FXGL Background Thread 3 ] DEBUG Engine               - isPauseMusicWhenMinimized: true
09:11:50.642 [FXGL Background Thread 3 ] DEBUG Engine               - isPreserveResizeRatio: false
09:11:50.642 [FXGL Background Thread 3 ] DEBUG Engine               - isProfilingEnabled: false
09:11:50.642 [FXGL Background Thread 3 ] DEBUG Engine               - isScaleAffectedOnResize: true
09:11:50.642 [FXGL Background Thread 3 ] DEBUG Engine               - isSingleStep: false
09:11:50.642 [FXGL Background Thread 3 ] DEBUG Engine               - isUserProfileEnabled: false
09:11:50.642 [FXGL Background Thread 3 ] DEBUG Engine               - isWindows: true
09:11:50.642 [FXGL Background Thread 3 ] DEBUG Engine               - language: ObjectProperty [value: ENGLISH]
09:11:50.642 [FXGL Background Thread 3 ] DEBUG Engine               - menuKey: ESCAPE
09:11:50.642 [FXGL Background Thread 3 ] DEBUG Engine               - mouseSensitivity: 0.2
09:11:50.642 [FXGL Background Thread 3 ] DEBUG Engine               - notificationViewClass: class com.almasb.fxgl.notification.view.XboxNotificationView
09:11:50.642 [FXGL Background Thread 3 ] DEBUG Engine               - pixelsPerMeter: 50.0
09:11:50.642 [FXGL Background Thread 3 ] DEBUG Engine               - platform: WINDOWS
09:11:50.642 [FXGL Background Thread 3 ] DEBUG Engine               - prefHeightProperty: ReadOnlyDoubleProperty [value: 540.0]
09:11:50.642 [FXGL Background Thread 3 ] DEBUG Engine               - prefWidthProperty: ReadOnlyDoubleProperty [value: 960.0]
09:11:50.642 [FXGL Background Thread 3 ] DEBUG Engine               - profileDir: profiles/
09:11:50.642 [FXGL Background Thread 3 ] DEBUG Engine               - profileName: StringProperty [value: DEFAULT]
09:11:50.642 [FXGL Background Thread 3 ] DEBUG Engine               - randomSeed: -1
09:11:50.642 [FXGL Background Thread 3 ] DEBUG Engine               - runtimeInfo: RuntimeInfo(platform=WINDOWS, version=21+dev-SNAPSHOT, build=26.03.2024 21.04)
09:11:50.642 [FXGL Background Thread 3 ] DEBUG Engine               - saveFileExt: sav
09:11:50.642 [FXGL Background Thread 3 ] DEBUG Engine               - scaledHeightProp$fxgl: DoubleProperty [bound, value: 540.0]
09:11:50.642 [FXGL Background Thread 3 ] DEBUG Engine               - scaledWidthProp$fxgl: DoubleProperty [bound, value: 960.0]
09:11:50.642 [FXGL Background Thread 3 ] DEBUG Engine               - sceneFactory: com.almasb.fxgl.app.scene.SceneFactory@434e6388
09:11:50.642 [FXGL Background Thread 3 ] DEBUG Engine               - secondsIn24h: 60
09:11:50.642 [FXGL Background Thread 3 ] DEBUG Engine               - soundMenuBack: menu/back.wav
09:11:50.642 [FXGL Background Thread 3 ] DEBUG Engine               - soundMenuPress: menu/press.wav
09:11:50.643 [FXGL Background Thread 3 ] DEBUG Engine               - soundMenuSelect: menu/select.wav
09:11:50.643 [FXGL Background Thread 3 ] DEBUG Engine               - soundNotification: core/notification.wav
09:11:50.643 [FXGL Background Thread 3 ] DEBUG Engine               - stageStyle: DECORATED
09:11:50.643 [FXGL Background Thread 3 ] DEBUG Engine               - supportedLanguages: [ENGLISH, FRENCH, GERMAN, HUNGARIAN, RUSSIAN]
09:11:50.643 [FXGL Background Thread 3 ] DEBUG Engine               - ticksPerSecond: -1
09:11:50.643 [FXGL Background Thread 3 ] DEBUG Engine               - title: Don't Jump in Lava
09:11:50.643 [FXGL Background Thread 3 ] DEBUG Engine               - urlGithub: https://github.com/AlmasB/FXGL
09:11:50.643 [FXGL Background Thread 3 ] DEBUG Engine               - urlLeaderboard: http://fxgl-top.herokuapp.com/
09:11:50.643 [FXGL Background Thread 3 ] DEBUG Engine               - urlPOM: https://raw.githubusercontent.com/AlmasB/FXGL/release/README.md
09:11:50.643 [FXGL Background Thread 3 ] DEBUG Engine               - userAppClass: class com.dontjumpinlava.Main
09:11:50.643 [FXGL Background Thread 3 ] DEBUG Engine               - version: 0.0
09:11:50.643 [FXGL Background Thread 3 ] DEBUG Engine               - versionCheckDays: 7
09:11:50.643 [FXGL Background Thread 3 ] DEBUG Engine               - width: 960
09:11:50.643 [FXGL Background Thread 3 ] DEBUG Engine               - Logging services
09:11:50.643 [FXGL Background Thread 3 ] DEBUG Engine               - class com.almasb.fxgl.app.services.FXGLAssetLoaderService
09:11:50.643 [FXGL Background Thread 3 ] DEBUG Engine               - class com.almasb.fxgl.app.FXGLApplication$GameApplicationService
09:11:50.643 [FXGL Background Thread 3 ] DEBUG Engine               - class com.almasb.fxgl.app.services.FXGLDialogService
09:11:50.644 [FXGL Background Thread 3 ] DEBUG Engine               - class com.almasb.fxgl.app.services.IOTaskExecutorService
09:11:50.644 [FXGL Background Thread 3 ] DEBUG Engine               - class com.almasb.fxgl.io.FileSystemService
09:11:50.644 [FXGL Background Thread 3 ] DEBUG Engine               - class com.almasb.fxgl.localization.LocalizationService
09:11:50.644 [FXGL Background Thread 3 ] DEBUG Engine               - class com.almasb.fxgl.app.services.SystemBundleService
09:11:50.644 [FXGL Background Thread 3 ] DEBUG Engine               - class com.almasb.fxgl.profile.SaveLoadService
09:11:50.644 [FXGL Background Thread 3 ] DEBUG Engine               - class com.almasb.fxgl.ui.FXGLUIFactoryServiceProvider
09:11:50.644 [FXGL Background Thread 3 ] DEBUG Engine               - class com.almasb.fxgl.ui.FXGLDialogFactoryServiceProvider
09:11:50.644 [FXGL Background Thread 3 ] DEBUG Engine               - class com.almasb.fxgl.audio.AudioPlayer
09:11:50.644 [FXGL Background Thread 3 ] DEBUG Engine               - class com.almasb.fxgl.notification.impl.NotificationServiceProvider
09:11:50.644 [FXGL Background Thread 3 ] DEBUG Engine               - class com.almasb.fxgl.achievement.AchievementService
09:11:50.644 [FXGL Background Thread 3 ] DEBUG Engine               - class com.almasb.fxgl.cutscene.CutsceneService
09:11:50.644 [FXGL Background Thread 3 ] DEBUG Engine               - class com.almasb.fxgl.minigames.MiniGameService
09:11:50.644 [FXGL Background Thread 3 ] DEBUG Engine               - class com.almasb.fxgl.net.NetService
09:11:50.644 [FXGL Background Thread 3 ] DEBUG Engine               - class com.almasb.fxgl.app.services.UpdaterService
09:11:50.644 [FXGL Background Thread 3 ] DEBUG Engine               - class com.almasb.fxgl.dev.DevService
09:11:56.084 [JavaFX Application Thread] DEBUG FXGLApplication      - Exiting FXGL
09:11:56.084 [JavaFX Application Thread] DEBUG LoopRunner           - Stopping loop
09:11:56.084 [JavaFX Application Thread] DEBUG SystemBundleService  - Saving FXGL system data
09:11:56.086 [JavaFX Application Thread] DEBUG FileSystemAccess     - Writing to: C:\Users\MichaelMgbeojirikwe\OneDrive - NYC Public Schools\Desktop\Java\games\dontjumpinlava\system\fxgl.bundle
09:11:56.088 [JavaFX Application Thread] DEBUG Async                - Shutting down background threads
09:11:56.088 [JavaFX Application Thread] DEBUG PrimaryStageWindow   - Closing main window
09:11:56.100 [JavaFX Application Thread] DEBUG Logger               - Closing Logger
