08:58:46.863 [main                     ] DEBUG Logger               - Configured Logger
08:58:46.883 [main                     ] DEBUG GameApplication      - Logging settings
Title: Don't Jump in Lava
Version: 0.0
Width: 960
Height: 540
Fullscreen: false
Intro: false
Profiling: false
Single step:false
App Mode: DEVELOPER
Menu Key: ESCAPE
Stage Style: DECORATED
Scene Factory: class com.almasb.fxgl.app.scene.SceneFactory

08:58:47.257 [JavaFX Application Thread] DEBUG FXGLApplication      - Initializing FXGL
08:58:47.259 [JavaFX Application Thread] INFO  Engine               - FXGL-21+dev-SNAPSHOT (26.03.2024 21.04) on WINDOWS (J:21.0.6 FX:21)
08:58:47.259 [JavaFX Application Thread] DEBUG Engine               - JRE Vendor Name: Oracle Corporation
08:58:47.260 [JavaFX Application Thread] DEBUG Engine               - Running on OS: Windows 11 version 10.0
08:58:47.260 [JavaFX Application Thread] DEBUG Engine               - Architecture: amd64
08:58:47.260 [JavaFX Application Thread] INFO  Engine               - Source code and latest versions at: https://github.com/AlmasB/FXGL
08:58:47.260 [JavaFX Application Thread] INFO  Engine               -       Ask questions and discuss at: https://github.com/AlmasB/FXGL/discussions
08:58:47.260 [JavaFX Application Thread] INFO  Engine               -              Join the FXGL chat at: https://gitter.im/AlmasB/FXGL
08:58:47.330 [JavaFX Application Thread] DEBUG PrimaryStageWindow   - Creating a JavaFX scene
08:58:47.365 [JavaFX Application Thread] DEBUG PrimaryStageWindow   - Target settings size: 960.0 x 540.0
08:58:47.365 [JavaFX Application Thread] DEBUG PrimaryStageWindow   - Scaled scene size:    960.0 x 540.0
08:58:47.365 [JavaFX Application Thread] DEBUG PrimaryStageWindow   - Scaled ratio: (1.0, 1.0)
08:58:47.366 [JavaFX Application Thread] DEBUG PrimaryStageWindow   - Set initial scene to FXGLStartupScene
08:58:47.368 [JavaFX Application Thread] DEBUG PrimaryStageWindow   - Opening main window
08:58:47.430 [JavaFX Application Thread] DEBUG PrimaryStageWindow   - Window border size: (16.0, 39.0)
08:58:47.430 [JavaFX Application Thread] DEBUG PrimaryStageWindow   - Scaled size: 960.0 x 540.0
08:58:47.430 [JavaFX Application Thread] DEBUG PrimaryStageWindow   - Scaled ratio: (1.0, 1.0)
08:58:47.430 [JavaFX Application Thread] DEBUG PrimaryStageWindow   - Scene size: 960.0 x 540.0
08:58:47.430 [JavaFX Application Thread] DEBUG PrimaryStageWindow   - Stage size: 976.0 x 579.0
08:58:47.435 [FXGL Background Thread 1 ] DEBUG Engine               - Initializing environment variables
08:58:47.471 [FXGL Background Thread 1 ] DEBUG FXGLAssetLoaderServi - User app class for loading assets: class com.dontjumpinlava.Main
08:58:47.471 [FXGL Background Thread 1 ] DEBUG GameApplicationServi - Applying CSS: fxgl_dark.css
08:58:47.471 [FXGL Background Thread 1 ] DEBUG FXGLAssetLoaderServi - Loading from file system: jar:file:/C:/Users/MichaelMgbeojirikwe/.m2/repository/com/github/almasb/fxgl/fxgl/21.1/fxgl-21.1.jar!/fxglassets/ui/css/fxgl_dark.css
08:58:47.500 [FXGL Background Thread 1 ] DEBUG GameApplicationServi - Initializing application scenes
08:58:47.545 [FXGL Background Thread 1 ] DEBUG GameWorld            - Game world initialized
08:58:47.594 [FXGL Background Thread 1 ] DEBUG PhysicsWorld         - Physics world initialized: appHeight=540, physics.ppm=50.0
08:58:47.594 [FXGL Background Thread 1 ] DEBUG PhysicsWorld         - Using strategy: BRUTE_FORCE
08:58:47.596 [FXGL Background Thread 1 ] DEBUG GameScene            - Game scene initialized: 960x540
08:58:47.605 [FXGL Background Thread 1 ] WARN  FXGL.DefaultMenu     - FXGLDefaultMenu is not designed for resolutions < 800x600
08:58:47.605 [FXGL Background Thread 1 ] DEBUG FXGL.DefaultMenu     - createMenuBodyGameMenu()
08:58:47.615 [FXGL Background Thread 1 ] DEBUG FXGL.DefaultMenu     - createOptionsMenu()
08:58:47.621 [FXGL Background Thread 1 ] DEBUG FXGLAssetLoaderServi - Loading from file system: jar:file:/C:/Users/MichaelMgbeojirikwe/.m2/repository/com/github/almasb/fxgl/fxgl/21.1/fxgl-21.1.jar!/fxglassets/textures/particles/smoke.png
08:58:47.706 [FXGL Background Thread 1 ] DEBUG FXGLAssetLoaderServi - Loading from file system: jar:file:/C:/Users/MichaelMgbeojirikwe/.m2/repository/com/github/almasb/fxgl/fxgl/21.1/fxgl-21.1.jar!/fxglassets/textures/particles/trace_horizontal.png
08:58:47.725 [FXGL Background Thread 1 ] DEBUG GameApplicationServi - Application scenes initialized
08:58:47.734 [FXGL Background Thread 1 ] DEBUG SystemBundleService  - Loading FXGL system data
08:58:47.736 [FXGL Background Thread 1 ] DEBUG FileSystemAccess     - Reading from: C:\Users\MichaelMgbeojirikwe\OneDrive - NYC Public Schools\Desktop\Java\games\dontjumpinlava\system\fxgl.bundle
08:58:47.742 [FXGL Background Thread 1 ] DEBUG SystemBundleService  - Bundle FXGL: {}
08:58:47.742 [FXGL Background Thread 1 ] DEBUG UpdaterService       - Checking for updates
08:58:47.744 [FXGL Background Thread 4 ] DEBUG FXGLApplication      - Loading fonts
08:58:47.745 [FXGL Background Thread 4 ] DEBUG FXGLAssetLoaderServi - Loading from file system: jar:file:/C:/Users/MichaelMgbeojirikwe/.m2/repository/com/github/almasb/fxgl/fxgl/21.1/fxgl-21.1.jar!/fxglassets/ui/fonts/VarelaRound-Regular.ttf
08:58:47.745 [FXGL Background Thread 1 ] DEBUG FXGLApplication      - Loading default localization
08:58:47.746 [FXGL Background Thread 1 ] DEBUG FXGLAssetLoaderServi - Loading from file system: jar:file:/C:/Users/MichaelMgbeojirikwe/.m2/repository/com/github/almasb/fxgl/fxgl/21.1/fxgl-21.1.jar!/fxglassets/languages/english.lang
08:58:47.774 [FXGL Background Thread 4 ] DEBUG FXGLAssetLoaderServi - Loading from file system: jar:file:/C:/Users/MichaelMgbeojirikwe/.m2/repository/com/github/almasb/fxgl/fxgl/21.1/fxgl-21.1.jar!/fxglassets/ui/fonts/Abel-Regular.ttf
08:58:47.778 [FXGL Background Thread 1 ] INFO  FXGLApplication      - FXGL initialization took: 0.342 sec
08:58:47.778 [FXGL Background Thread 4 ] DEBUG FXGLAssetLoaderServi - Loading from file system: jar:file:/C:/Users/MichaelMgbeojirikwe/.m2/repository/com/github/almasb/fxgl/fxgl/21.1/fxgl-21.1.jar!/fxglassets/ui/fonts/TerminalLandMono-Regular.otf
08:58:47.783 [FXGL Background Thread 4 ] DEBUG FXGLAssetLoaderServi - Loading from file system: jar:file:/C:/Users/MichaelMgbeojirikwe/.m2/repository/com/github/almasb/fxgl/fxgl/21.1/fxgl-21.1.jar!/fxglassets/ui/fonts/Courier-Prime.ttf
08:58:47.785 [JavaFX Application Thread] DEBUG Input                - Registered new binding: Up - Up
08:58:47.785 [JavaFX Application Thread] DEBUG Input                - Registered new binding: Right - Right
08:58:47.785 [JavaFX Application Thread] DEBUG Input                - Registered new binding: Left - Left
08:58:47.786 [JavaFX Application Thread] DEBUG Input                - Registered new binding: Down - Down
08:58:47.786 [JavaFX Application Thread] DEBUG Input                - Registered new binding: W - W
08:58:47.786 [JavaFX Application Thread] DEBUG Input                - Registered new binding: A - A
08:58:47.786 [JavaFX Application Thread] DEBUG Input                - Registered new binding: S - S
08:58:47.786 [JavaFX Application Thread] DEBUG Input                - Registered new binding: D - D
08:58:47.786 [JavaFX Application Thread] DEBUG Input                - Registered new binding: E - E
08:58:47.786 [JavaFX Application Thread] DEBUG Input                - Registered new binding: Eyedrop - Q
08:58:47.786 [JavaFX Application Thread] DEBUG Input                - Registered new binding: Space - Space
08:58:47.787 [JavaFX Application Thread] DEBUG Input                - Registered new binding: Click - LMB
08:58:47.787 [JavaFX Application Thread] DEBUG Input                - Registered new binding: Grass - 1
08:58:47.787 [JavaFX Application Thread] DEBUG Input                - Registered new binding: Dirt - 2
08:58:47.787 [JavaFX Application Thread] DEBUG Input                - Registered new binding: Stone - 3
08:58:47.787 [JavaFX Application Thread] DEBUG Input                - Registered new binding: Bedrock - 4
08:58:47.788 [JavaFX Application Thread] DEBUG FXGLAssetLoaderServi - Loading from file system: jar:file:/C:/Users/MichaelMgbeojirikwe/.m2/repository/com/github/almasb/fxgl/fxgl/21.1/fxgl-21.1.jar!/fxglassets/textures/fxgl_icon.png
08:58:47.801 [JavaFX Application Thread] DEBUG FXGLAssetLoaderServi - Loading from file system: jar:file:/C:/Users/MichaelMgbeojirikwe/.m2/repository/com/github/almasb/fxgl/fxgl/21.1/fxgl-21.1.jar!/fxglassets/textures/fxgl_default_cursor.png
08:58:47.804 [JavaFX Application Thread] DEBUG Input                - Registered new binding: Screenshot - CTRL+8
08:58:47.805 [JavaFX Application Thread] DEBUG Input                - Registered new binding: System info dump - CTRL+9
08:58:47.805 [JavaFX Application Thread] DEBUG Input                - Registered new binding: Restart - CTRL+R
08:58:47.807 [JavaFX Application Thread] DEBUG Input                - Registered new binding: Toggle Debug Camera - CTRL+7
08:58:47.813 [JavaFX Application Thread] DEBUG LoopRunner           - Starting loop
08:58:47.813 [JavaFX Application Thread] DEBUG LoopRunner           - Initializing JavaFX AnimationTimerLoop
08:58:47.817 [JavaFX Application Thread] DEBUG GameApplicationServi - Starting new game
08:58:47.818 [JavaFX Application Thread] DEBUG Input                - Clearing active input actions
08:58:47.830 [JavaFX Application Thread] DEBUG GameApplicationServi - Removing overlay from FXGLStartupScene and adding to FXGLLoadingScene
08:58:47.830 [JavaFX Application Thread] DEBUG PrimaryStageWindow   - FXGLStartupScene -> FXGLLoadingScene
08:58:47.831 [JavaFX Application Thread] DEBUG GameApplicationServi - Clearing previous game
08:58:47.831 [JavaFX Application Thread] DEBUG GameScene            - Clearing game scene
08:58:47.831 [JavaFX Application Thread] DEBUG GameWorld            - Clearing game world
08:58:47.831 [JavaFX Application Thread] DEBUG PhysicsWorld         - Clearing physics world
08:58:47.832 [FXGL Background Thread 4 ] DEBUG FXGLApplication      - Initializing game
08:58:47.832 [JavaFX Application Thread] DEBUG FXGLApplication      - Registering font factories with UI factory
08:58:48.265 [FXGL Background Thread 2 ] INFO  UpdaterService       - Your current version:  21+dev-SNAPSHOT
08:58:48.265 [FXGL Background Thread 2 ] INFO  UpdaterService       - Latest stable version: 21.1
08:58:48.408 [FXGL Background Thread 4 ] INFO  FXGLApplication      - Game initialization took: 0.576 sec
08:58:48.408 [JavaFX Application Thread] DEBUG Input                - Clearing active input actions
08:58:48.423 [JavaFX Application Thread] DEBUG GameApplicationServi - Removing overlay from FXGLLoadingScene and adding to GameScene
08:58:48.423 [JavaFX Application Thread] DEBUG PrimaryStageWindow   - FXGLLoadingScene -> GameScene
08:58:49.813 [JavaFX Application Thread] DEBUG FXGLApplication      - Exiting FXGL
08:58:49.813 [JavaFX Application Thread] DEBUG LoopRunner           - Stopping loop
08:58:49.813 [JavaFX Application Thread] DEBUG SystemBundleService  - Saving FXGL system data
08:58:49.817 [JavaFX Application Thread] DEBUG FileSystemAccess     - Writing to: C:\Users\MichaelMgbeojirikwe\OneDrive - NYC Public Schools\Desktop\Java\games\dontjumpinlava\system\fxgl.bundle
08:58:49.822 [JavaFX Application Thread] DEBUG Async                - Shutting down background threads
08:58:49.822 [JavaFX Application Thread] DEBUG PrimaryStageWindow   - Closing main window
08:58:49.833 [JavaFX Application Thread] DEBUG Logger               - Closing Logger
