08:56:44.757 [main                     ] DEBUG Logger               - Configured Logger
08:56:44.781 [main                     ] DEBUG GameApplication      - Logging settings
Title: Don't Jump in Lava
Version: 0.0
Width: 960
Height: 540
Fullscreen: false
Intro: false
Profiling: false
Single step:false
App Mode: DEVELOPER
Menu Key: ESCAPE
Stage Style: DECORATED
Scene Factory: class com.almasb.fxgl.app.scene.SceneFactory

08:56:45.159 [JavaFX Application Thread] DEBUG FXGLApplication      - Initializing FXGL
08:56:45.161 [JavaFX Application Thread] INFO  Engine               - FXGL-21+dev-SNAPSHOT (26.03.2024 21.04) on WINDOWS (J:21.0.6 FX:21)
08:56:45.161 [JavaFX Application Thread] DEBUG Engine               - JRE Vendor Name: Oracle Corporation
08:56:45.161 [JavaFX Application Thread] DEBUG Engine               - Running on OS: Windows 11 version 10.0
08:56:45.161 [JavaFX Application Thread] DEBUG Engine               - Architecture: amd64
08:56:45.162 [JavaFX Application Thread] INFO  Engine               - Source code and latest versions at: https://github.com/AlmasB/FXGL
08:56:45.162 [JavaFX Application Thread] INFO  Engine               -       Ask questions and discuss at: https://github.com/AlmasB/FXGL/discussions
08:56:45.162 [JavaFX Application Thread] INFO  Engine               -              Join the FXGL chat at: https://gitter.im/AlmasB/FXGL
08:56:45.227 [JavaFX Application Thread] DEBUG PrimaryStageWindow   - Creating a JavaFX scene
08:56:45.262 [JavaFX Application Thread] DEBUG PrimaryStageWindow   - Target settings size: 960.0 x 540.0
08:56:45.262 [JavaFX Application Thread] DEBUG PrimaryStageWindow   - Scaled scene size:    960.0 x 540.0
08:56:45.262 [JavaFX Application Thread] DEBUG PrimaryStageWindow   - Scaled ratio: (1.0, 1.0)
08:56:45.263 [JavaFX Application Thread] DEBUG PrimaryStageWindow   - Set initial scene to FXGLStartupScene
08:56:45.265 [JavaFX Application Thread] DEBUG PrimaryStageWindow   - Opening main window
08:56:45.330 [JavaFX Application Thread] DEBUG PrimaryStageWindow   - Window border size: (16.0, 39.0)
08:56:45.330 [JavaFX Application Thread] DEBUG PrimaryStageWindow   - Scaled size: 960.0 x 540.0
08:56:45.330 [JavaFX Application Thread] DEBUG PrimaryStageWindow   - Scaled ratio: (1.0, 1.0)
08:56:45.331 [JavaFX Application Thread] DEBUG PrimaryStageWindow   - Scene size: 960.0 x 540.0
08:56:45.331 [JavaFX Application Thread] DEBUG PrimaryStageWindow   - Stage size: 976.0 x 579.0
08:56:45.335 [FXGL Background Thread 1 ] DEBUG Engine               - Initializing environment variables
08:56:45.369 [FXGL Background Thread 1 ] DEBUG FXGLAssetLoaderServi - User app class for loading assets: class com.dontjumpinlava.Main
08:56:45.370 [FXGL Background Thread 1 ] DEBUG GameApplicationServi - Applying CSS: fxgl_dark.css
08:56:45.370 [FXGL Background Thread 1 ] DEBUG FXGLAssetLoaderServi - Loading from file system: jar:file:/C:/Users/MichaelMgbeojirikwe/.m2/repository/com/github/almasb/fxgl/fxgl/21.1/fxgl-21.1.jar!/fxglassets/ui/css/fxgl_dark.css
08:56:45.397 [FXGL Background Thread 1 ] DEBUG GameApplicationServi - Initializing application scenes
08:56:45.438 [FXGL Background Thread 1 ] DEBUG GameWorld            - Game world initialized
08:56:45.481 [FXGL Background Thread 1 ] DEBUG PhysicsWorld         - Physics world initialized: appHeight=540, physics.ppm=50.0
08:56:45.481 [FXGL Background Thread 1 ] DEBUG PhysicsWorld         - Using strategy: BRUTE_FORCE
08:56:45.484 [FXGL Background Thread 1 ] DEBUG GameScene            - Game scene initialized: 960x540
08:56:45.492 [FXGL Background Thread 1 ] WARN  FXGL.DefaultMenu     - FXGLDefaultMenu is not designed for resolutions < 800x600
08:56:45.493 [FXGL Background Thread 1 ] DEBUG FXGL.DefaultMenu     - createMenuBodyGameMenu()
08:56:45.502 [FXGL Background Thread 1 ] DEBUG FXGL.DefaultMenu     - createOptionsMenu()
08:56:45.512 [FXGL Background Thread 1 ] DEBUG FXGLAssetLoaderServi - Loading from file system: jar:file:/C:/Users/MichaelMgbeojirikwe/.m2/repository/com/github/almasb/fxgl/fxgl/21.1/fxgl-21.1.jar!/fxglassets/textures/particles/smoke.png
08:56:45.594 [FXGL Background Thread 1 ] DEBUG FXGLAssetLoaderServi - Loading from file system: jar:file:/C:/Users/MichaelMgbeojirikwe/.m2/repository/com/github/almasb/fxgl/fxgl/21.1/fxgl-21.1.jar!/fxglassets/textures/particles/trace_horizontal.png
08:56:45.614 [FXGL Background Thread 1 ] DEBUG GameApplicationServi - Application scenes initialized
08:56:45.623 [FXGL Background Thread 1 ] DEBUG SystemBundleService  - Loading FXGL system data
08:56:45.626 [FXGL Background Thread 1 ] DEBUG FileSystemAccess     - Reading from: C:\Users\MichaelMgbeojirikwe\OneDrive - NYC Public Schools\Desktop\Java\games\dontjumpinlava\system\fxgl.bundle
08:56:45.632 [FXGL Background Thread 1 ] DEBUG SystemBundleService  - Bundle FXGL: {}
08:56:45.632 [FXGL Background Thread 1 ] DEBUG UpdaterService       - Checking for updates
08:56:45.635 [FXGL Background Thread 4 ] DEBUG FXGLApplication      - Loading fonts
08:56:45.635 [FXGL Background Thread 1 ] DEBUG FXGLApplication      - Loading default localization
08:56:45.635 [FXGL Background Thread 4 ] DEBUG FXGLAssetLoaderServi - Loading from file system: jar:file:/C:/Users/MichaelMgbeojirikwe/.m2/repository/com/github/almasb/fxgl/fxgl/21.1/fxgl-21.1.jar!/fxglassets/ui/fonts/VarelaRound-Regular.ttf
08:56:45.635 [FXGL Background Thread 1 ] DEBUG FXGLAssetLoaderServi - Loading from file system: jar:file:/C:/Users/MichaelMgbeojirikwe/.m2/repository/com/github/almasb/fxgl/fxgl/21.1/fxgl-21.1.jar!/fxglassets/languages/english.lang
08:56:45.665 [FXGL Background Thread 4 ] DEBUG FXGLAssetLoaderServi - Loading from file system: jar:file:/C:/Users/MichaelMgbeojirikwe/.m2/repository/com/github/almasb/fxgl/fxgl/21.1/fxgl-21.1.jar!/fxglassets/ui/fonts/Abel-Regular.ttf
08:56:45.669 [FXGL Background Thread 1 ] INFO  FXGLApplication      - FXGL initialization took: 0.333 sec
08:56:45.669 [FXGL Background Thread 4 ] DEBUG FXGLAssetLoaderServi - Loading from file system: jar:file:/C:/Users/MichaelMgbeojirikwe/.m2/repository/com/github/almasb/fxgl/fxgl/21.1/fxgl-21.1.jar!/fxglassets/ui/fonts/TerminalLandMono-Regular.otf
08:56:45.674 [FXGL Background Thread 4 ] DEBUG FXGLAssetLoaderServi - Loading from file system: jar:file:/C:/Users/MichaelMgbeojirikwe/.m2/repository/com/github/almasb/fxgl/fxgl/21.1/fxgl-21.1.jar!/fxglassets/ui/fonts/Courier-Prime.ttf
08:56:45.675 [JavaFX Application Thread] DEBUG Input                - Registered new binding: Up - Up
08:56:45.676 [JavaFX Application Thread] DEBUG Input                - Registered new binding: Right - Right
08:56:45.676 [JavaFX Application Thread] DEBUG Input                - Registered new binding: Left - Left
08:56:45.676 [JavaFX Application Thread] DEBUG Input                - Registered new binding: Down - Down
08:56:45.676 [JavaFX Application Thread] DEBUG Input                - Registered new binding: W - W
08:56:45.676 [JavaFX Application Thread] DEBUG Input                - Registered new binding: A - A
08:56:45.676 [JavaFX Application Thread] DEBUG Input                - Registered new binding: S - S
08:56:45.676 [JavaFX Application Thread] DEBUG Input                - Registered new binding: D - D
08:56:45.676 [JavaFX Application Thread] DEBUG Input                - Registered new binding: E - E
08:56:45.676 [JavaFX Application Thread] DEBUG Input                - Registered new binding: Eyedrop - Q
08:56:45.676 [JavaFX Application Thread] DEBUG Input                - Registered new binding: Space - Space
08:56:45.677 [JavaFX Application Thread] DEBUG Input                - Registered new binding: Click - LMB
08:56:45.677 [JavaFX Application Thread] DEBUG Input                - Registered new binding: Grass - 1
08:56:45.677 [JavaFX Application Thread] DEBUG Input                - Registered new binding: Dirt - 2
08:56:45.677 [JavaFX Application Thread] DEBUG Input                - Registered new binding: Stone - 3
08:56:45.678 [JavaFX Application Thread] DEBUG Input                - Registered new binding: Bedrock - 4
08:56:45.678 [JavaFX Application Thread] DEBUG FXGLAssetLoaderServi - Loading from file system: jar:file:/C:/Users/MichaelMgbeojirikwe/.m2/repository/com/github/almasb/fxgl/fxgl/21.1/fxgl-21.1.jar!/fxglassets/textures/fxgl_icon.png
08:56:45.692 [JavaFX Application Thread] DEBUG FXGLAssetLoaderServi - Loading from file system: jar:file:/C:/Users/MichaelMgbeojirikwe/.m2/repository/com/github/almasb/fxgl/fxgl/21.1/fxgl-21.1.jar!/fxglassets/textures/fxgl_default_cursor.png
08:56:45.694 [JavaFX Application Thread] DEBUG Input                - Registered new binding: Screenshot - CTRL+8
08:56:45.695 [JavaFX Application Thread] DEBUG Input                - Registered new binding: System info dump - CTRL+9
08:56:45.696 [JavaFX Application Thread] DEBUG Input                - Registered new binding: Restart - CTRL+R
08:56:45.697 [JavaFX Application Thread] DEBUG Input                - Registered new binding: Toggle Debug Camera - CTRL+7
08:56:45.704 [JavaFX Application Thread] DEBUG LoopRunner           - Starting loop
08:56:45.704 [JavaFX Application Thread] DEBUG LoopRunner           - Initializing JavaFX AnimationTimerLoop
08:56:45.708 [JavaFX Application Thread] DEBUG GameApplicationServi - Starting new game
08:56:45.709 [JavaFX Application Thread] DEBUG Input                - Clearing active input actions
08:56:45.721 [JavaFX Application Thread] DEBUG GameApplicationServi - Removing overlay from FXGLStartupScene and adding to FXGLLoadingScene
08:56:45.721 [JavaFX Application Thread] DEBUG PrimaryStageWindow   - FXGLStartupScene -> FXGLLoadingScene
08:56:45.721 [JavaFX Application Thread] DEBUG GameApplicationServi - Clearing previous game
08:56:45.721 [JavaFX Application Thread] DEBUG GameScene            - Clearing game scene
08:56:45.721 [JavaFX Application Thread] DEBUG GameWorld            - Clearing game world
08:56:45.721 [JavaFX Application Thread] DEBUG PhysicsWorld         - Clearing physics world
08:56:45.724 [FXGL Background Thread 4 ] DEBUG FXGLApplication      - Initializing game
08:56:45.724 [JavaFX Application Thread] DEBUG FXGLApplication      - Registering font factories with UI factory
08:56:46.169 [FXGL Background Thread 2 ] INFO  UpdaterService       - Your current version:  21+dev-SNAPSHOT
08:56:46.169 [FXGL Background Thread 2 ] INFO  UpdaterService       - Latest stable version: 21.1
08:56:46.289 [FXGL Background Thread 4 ] INFO  FXGLApplication      - Game initialization took: 0.566 sec
08:56:46.289 [JavaFX Application Thread] DEBUG Input                - Clearing active input actions
08:56:46.306 [JavaFX Application Thread] DEBUG GameApplicationServi - Removing overlay from FXGLLoadingScene and adding to GameScene
08:56:46.306 [JavaFX Application Thread] DEBUG PrimaryStageWindow   - FXGLLoadingScene -> GameScene
08:56:47.532 [JavaFX Application Thread] DEBUG FXGLApplication      - Exiting FXGL
08:56:47.532 [JavaFX Application Thread] DEBUG LoopRunner           - Stopping loop
08:56:47.532 [JavaFX Application Thread] DEBUG SystemBundleService  - Saving FXGL system data
08:56:47.534 [JavaFX Application Thread] DEBUG FileSystemAccess     - Writing to: C:\Users\MichaelMgbeojirikwe\OneDrive - NYC Public Schools\Desktop\Java\games\dontjumpinlava\system\fxgl.bundle
08:56:47.536 [JavaFX Application Thread] DEBUG Async                - Shutting down background threads
08:56:47.537 [JavaFX Application Thread] DEBUG PrimaryStageWindow   - Closing main window
08:56:47.546 [JavaFX Application Thread] DEBUG Logger               - Closing Logger
