09:28:17.706 [main                     ] DEBUG Logger               - Configured Logger
09:28:17.729 [main                     ] DEBUG GameApplication      - Logging settings
Title: Don't Jump in Lava
Version: 0.0
Width: 960
Height: 540
Fullscreen: false
Intro: false
Profiling: false
Single step:false
App Mode: DEVELOPER
Menu Key: ESCAPE
Stage Style: DECORATED
Scene Factory: class com.almasb.fxgl.app.scene.SceneFactory

09:28:18.149 [JavaFX Application Thread] DEBUG FXGLApplication      - Initializing FXGL
09:28:18.151 [JavaFX Application Thread] INFO  Engine               - FXGL-21+dev-SNAPSHOT (26.03.2024 21.04) on WINDOWS (J:21.0.6 FX:21)
09:28:18.152 [JavaFX Application Thread] DEBUG Engine               - JRE Vendor Name: Oracle Corporation
09:28:18.152 [JavaFX Application Thread] DEBUG Engine               - Running on OS: Windows 11 version 10.0
09:28:18.152 [JavaFX Application Thread] DEBUG Engine               - Architecture: amd64
09:28:18.152 [JavaFX Application Thread] INFO  Engine               - Source code and latest versions at: https://github.com/AlmasB/FXGL
09:28:18.152 [JavaFX Application Thread] INFO  Engine               -       Ask questions and discuss at: https://github.com/AlmasB/FXGL/discussions
09:28:18.153 [JavaFX Application Thread] INFO  Engine               -              Join the FXGL chat at: https://gitter.im/AlmasB/FXGL
09:28:18.227 [JavaFX Application Thread] DEBUG PrimaryStageWindow   - Creating a JavaFX scene
09:28:18.267 [JavaFX Application Thread] DEBUG PrimaryStageWindow   - Target settings size: 960.0 x 540.0
09:28:18.268 [JavaFX Application Thread] DEBUG PrimaryStageWindow   - Scaled scene size:    960.0 x 540.0
09:28:18.268 [JavaFX Application Thread] DEBUG PrimaryStageWindow   - Scaled ratio: (1.0, 1.0)
09:28:18.269 [JavaFX Application Thread] DEBUG PrimaryStageWindow   - Set initial scene to FXGLStartupScene
09:28:18.272 [JavaFX Application Thread] DEBUG PrimaryStageWindow   - Opening main window
09:28:18.349 [JavaFX Application Thread] DEBUG PrimaryStageWindow   - Window border size: (16.0, 39.0)
09:28:18.349 [JavaFX Application Thread] DEBUG PrimaryStageWindow   - Scaled size: 960.0 x 540.0
09:28:18.349 [JavaFX Application Thread] DEBUG PrimaryStageWindow   - Scaled ratio: (1.0, 1.0)
09:28:18.350 [JavaFX Application Thread] DEBUG PrimaryStageWindow   - Scene size: 960.0 x 540.0
09:28:18.350 [JavaFX Application Thread] DEBUG PrimaryStageWindow   - Stage size: 976.0 x 579.0
09:28:18.356 [FXGL Background Thread 1 ] DEBUG Engine               - Initializing environment variables
09:28:18.399 [FXGL Background Thread 1 ] DEBUG FXGLAssetLoaderServi - User app class for loading assets: class com.dontjumpinlava.Main
09:28:18.399 [FXGL Background Thread 1 ] DEBUG GameApplicationServi - Applying CSS: fxgl_dark.css
09:28:18.399 [FXGL Background Thread 1 ] DEBUG FXGLAssetLoaderServi - Loading from file system: jar:file:/C:/Users/MichaelMgbeojirikwe/.m2/repository/com/github/almasb/fxgl/fxgl/21.1/fxgl-21.1.jar!/fxglassets/ui/css/fxgl_dark.css
09:28:18.433 [FXGL Background Thread 1 ] DEBUG GameApplicationServi - Initializing application scenes
09:28:18.483 [FXGL Background Thread 1 ] DEBUG GameWorld            - Game world initialized
09:28:18.548 [FXGL Background Thread 1 ] DEBUG PhysicsWorld         - Physics world initialized: appHeight=540, physics.ppm=50.0
09:28:18.548 [FXGL Background Thread 1 ] DEBUG PhysicsWorld         - Using strategy: BRUTE_FORCE
09:28:18.551 [FXGL Background Thread 1 ] DEBUG GameScene            - Game scene initialized: 960x540
09:28:18.562 [FXGL Background Thread 1 ] WARN  FXGL.DefaultMenu     - FXGLDefaultMenu is not designed for resolutions < 800x600
09:28:18.562 [FXGL Background Thread 1 ] DEBUG FXGL.DefaultMenu     - createMenuBodyGameMenu()
09:28:18.578 [FXGL Background Thread 1 ] DEBUG FXGL.DefaultMenu     - createOptionsMenu()
09:28:18.592 [FXGL Background Thread 1 ] DEBUG FXGLAssetLoaderServi - Loading from file system: jar:file:/C:/Users/MichaelMgbeojirikwe/.m2/repository/com/github/almasb/fxgl/fxgl/21.1/fxgl-21.1.jar!/fxglassets/textures/particles/smoke.png
09:28:18.702 [FXGL Background Thread 1 ] DEBUG FXGLAssetLoaderServi - Loading from file system: jar:file:/C:/Users/MichaelMgbeojirikwe/.m2/repository/com/github/almasb/fxgl/fxgl/21.1/fxgl-21.1.jar!/fxglassets/textures/particles/trace_horizontal.png
09:28:18.729 [FXGL Background Thread 1 ] DEBUG GameApplicationServi - Application scenes initialized
09:28:18.742 [FXGL Background Thread 1 ] DEBUG SystemBundleService  - Loading FXGL system data
09:28:18.746 [FXGL Background Thread 1 ] DEBUG FileSystemAccess     - Reading from: C:\Users\MichaelMgbeojirikwe\OneDrive - NYC Public Schools\Desktop\Java\games\dontjumpinlava\system\fxgl.bundle
09:28:18.754 [FXGL Background Thread 1 ] DEBUG SystemBundleService  - Bundle FXGL: {}
09:28:18.754 [FXGL Background Thread 1 ] DEBUG UpdaterService       - Checking for updates
09:28:18.757 [FXGL Background Thread 4 ] DEBUG FXGLApplication      - Loading fonts
09:28:18.758 [FXGL Background Thread 4 ] DEBUG FXGLAssetLoaderServi - Loading from file system: jar:file:/C:/Users/MichaelMgbeojirikwe/.m2/repository/com/github/almasb/fxgl/fxgl/21.1/fxgl-21.1.jar!/fxglassets/ui/fonts/VarelaRound-Regular.ttf
09:28:18.759 [FXGL Background Thread 1 ] DEBUG FXGLApplication      - Loading default localization
09:28:18.760 [FXGL Background Thread 1 ] DEBUG FXGLAssetLoaderServi - Loading from file system: jar:file:/C:/Users/MichaelMgbeojirikwe/.m2/repository/com/github/almasb/fxgl/fxgl/21.1/fxgl-21.1.jar!/fxglassets/languages/english.lang
09:28:18.804 [FXGL Background Thread 4 ] DEBUG FXGLAssetLoaderServi - Loading from file system: jar:file:/C:/Users/MichaelMgbeojirikwe/.m2/repository/com/github/almasb/fxgl/fxgl/21.1/fxgl-21.1.jar!/fxglassets/ui/fonts/Abel-Regular.ttf
09:28:18.805 [FXGL Background Thread 1 ] INFO  FXGLApplication      - FXGL initialization took: 0.449 sec
09:28:18.815 [FXGL Background Thread 4 ] DEBUG FXGLAssetLoaderServi - Loading from file system: jar:file:/C:/Users/MichaelMgbeojirikwe/.m2/repository/com/github/almasb/fxgl/fxgl/21.1/fxgl-21.1.jar!/fxglassets/ui/fonts/TerminalLandMono-Regular.otf
09:28:18.815 [JavaFX Application Thread] DEBUG Input                - Registered new binding: Right - Right
09:28:18.815 [JavaFX Application Thread] DEBUG Input                - Registered new binding: Left - Left
09:28:18.815 [JavaFX Application Thread] DEBUG Input                - Registered new binding: Up - Up
09:28:18.815 [JavaFX Application Thread] DEBUG Input                - Registered new binding: Down - Down
09:28:18.816 [JavaFX Application Thread] DEBUG FXGLAssetLoaderServi - Loading from file system: jar:file:/C:/Users/MichaelMgbeojirikwe/.m2/repository/com/github/almasb/fxgl/fxgl/21.1/fxgl-21.1.jar!/fxglassets/textures/fxgl_icon.png
09:28:18.824 [FXGL Background Thread 4 ] DEBUG FXGLAssetLoaderServi - Loading from file system: jar:file:/C:/Users/MichaelMgbeojirikwe/.m2/repository/com/github/almasb/fxgl/fxgl/21.1/fxgl-21.1.jar!/fxglassets/ui/fonts/Courier-Prime.ttf
09:28:18.837 [JavaFX Application Thread] DEBUG FXGLAssetLoaderServi - Loading from file system: jar:file:/C:/Users/MichaelMgbeojirikwe/.m2/repository/com/github/almasb/fxgl/fxgl/21.1/fxgl-21.1.jar!/fxglassets/textures/fxgl_default_cursor.png
09:28:18.841 [JavaFX Application Thread] DEBUG Input                - Registered new binding: Screenshot - CTRL+8
09:28:18.842 [JavaFX Application Thread] DEBUG Input                - Registered new binding: System info dump - CTRL+9
09:28:18.843 [JavaFX Application Thread] DEBUG Input                - Registered new binding: Restart - CTRL+R
09:28:18.845 [JavaFX Application Thread] DEBUG Input                - Registered new binding: Toggle Debug Camera - CTRL+7
09:28:18.855 [JavaFX Application Thread] DEBUG LoopRunner           - Starting loop
09:28:18.855 [JavaFX Application Thread] DEBUG LoopRunner           - Initializing JavaFX AnimationTimerLoop
09:28:18.861 [JavaFX Application Thread] DEBUG GameApplicationServi - Starting new game
09:28:18.861 [JavaFX Application Thread] DEBUG Input                - Clearing active input actions
09:28:18.880 [JavaFX Application Thread] DEBUG GameApplicationServi - Removing overlay from FXGLStartupScene and adding to FXGLLoadingScene
09:28:18.880 [JavaFX Application Thread] DEBUG PrimaryStageWindow   - FXGLStartupScene -> FXGLLoadingScene
09:28:18.880 [JavaFX Application Thread] DEBUG GameApplicationServi - Clearing previous game
09:28:18.880 [JavaFX Application Thread] DEBUG GameScene            - Clearing game scene
09:28:18.880 [JavaFX Application Thread] DEBUG GameWorld            - Clearing game world
09:28:18.880 [JavaFX Application Thread] DEBUG PhysicsWorld         - Clearing physics world
09:28:18.884 [FXGL Background Thread 4 ] DEBUG FXGLApplication      - Initializing game
09:28:18.886 [JavaFX Application Thread] DEBUG FXGLApplication      - Registering font factories with UI factory
09:28:19.659 [FXGL Background Thread 2 ] INFO  UpdaterService       - Your current version:  21+dev-SNAPSHOT
09:28:19.659 [FXGL Background Thread 2 ] INFO  UpdaterService       - Latest stable version: 21.1
09:28:19.683 [FXGL Background Thread 4 ] INFO  FXGLApplication      - Game initialization took: 0.799 sec
09:28:19.684 [JavaFX Application Thread] DEBUG Input                - Clearing active input actions
09:28:19.706 [JavaFX Application Thread] DEBUG GameApplicationServi - Removing overlay from FXGLLoadingScene and adding to GameScene
09:28:19.707 [JavaFX Application Thread] DEBUG PrimaryStageWindow   - FXGLLoadingScene -> GameScene
09:28:21.541 [JavaFX Application Thread] DEBUG FXGLApplication      - Exiting FXGL
09:28:21.541 [JavaFX Application Thread] DEBUG LoopRunner           - Stopping loop
09:28:21.541 [JavaFX Application Thread] DEBUG SystemBundleService  - Saving FXGL system data
09:28:21.543 [JavaFX Application Thread] DEBUG FileSystemAccess     - Writing to: C:\Users\MichaelMgbeojirikwe\OneDrive - NYC Public Schools\Desktop\Java\games\dontjumpinlava\system\fxgl.bundle
09:28:21.547 [JavaFX Application Thread] DEBUG Async                - Shutting down background threads
09:28:21.547 [JavaFX Application Thread] DEBUG PrimaryStageWindow   - Closing main window
09:28:21.557 [JavaFX Application Thread] DEBUG Logger               - Closing Logger
