08:59:01.607 [main                     ] DEBUG Logger               - Configured Logger
08:59:01.626 [main                     ] DEBUG GameApplication      - Logging settings
Title: Don't Jump in Lava
Version: 0.0
Width: 960
Height: 540
Fullscreen: false
Intro: false
Profiling: false
Single step:false
App Mode: DEVELOPER
Menu Key: ESCAPE
Stage Style: DECORATED
Scene Factory: class com.almasb.fxgl.app.scene.SceneFactory

08:59:02.003 [JavaFX Application Thread] DEBUG FXGLApplication      - Initializing FXGL
08:59:02.006 [JavaFX Application Thread] INFO  Engine               - FXGL-21+dev-SNAPSHOT (26.03.2024 21.04) on WINDOWS (J:21.0.6 FX:21)
08:59:02.006 [JavaFX Application Thread] DEBUG Engine               - JRE Vendor Name: Oracle Corporation
08:59:02.006 [JavaFX Application Thread] DEBUG Engine               - Running on OS: Windows 11 version 10.0
08:59:02.006 [JavaFX Application Thread] DEBUG Engine               - Architecture: amd64
08:59:02.007 [JavaFX Application Thread] INFO  Engine               - Source code and latest versions at: https://github.com/AlmasB/FXGL
08:59:02.007 [JavaFX Application Thread] INFO  Engine               -       Ask questions and discuss at: https://github.com/AlmasB/FXGL/discussions
08:59:02.007 [JavaFX Application Thread] INFO  Engine               -              Join the FXGL chat at: https://gitter.im/AlmasB/FXGL
08:59:02.070 [JavaFX Application Thread] DEBUG PrimaryStageWindow   - Creating a JavaFX scene
08:59:02.104 [JavaFX Application Thread] DEBUG PrimaryStageWindow   - Target settings size: 960.0 x 540.0
08:59:02.104 [JavaFX Application Thread] DEBUG PrimaryStageWindow   - Scaled scene size:    960.0 x 540.0
08:59:02.105 [JavaFX Application Thread] DEBUG PrimaryStageWindow   - Scaled ratio: (1.0, 1.0)
08:59:02.105 [JavaFX Application Thread] DEBUG PrimaryStageWindow   - Set initial scene to FXGLStartupScene
08:59:02.108 [JavaFX Application Thread] DEBUG PrimaryStageWindow   - Opening main window
08:59:02.169 [JavaFX Application Thread] DEBUG PrimaryStageWindow   - Window border size: (16.0, 39.0)
08:59:02.169 [JavaFX Application Thread] DEBUG PrimaryStageWindow   - Scaled size: 960.0 x 540.0
08:59:02.169 [JavaFX Application Thread] DEBUG PrimaryStageWindow   - Scaled ratio: (1.0, 1.0)
08:59:02.169 [JavaFX Application Thread] DEBUG PrimaryStageWindow   - Scene size: 960.0 x 540.0
08:59:02.169 [JavaFX Application Thread] DEBUG PrimaryStageWindow   - Stage size: 976.0 x 579.0
08:59:02.174 [FXGL Background Thread 1 ] DEBUG Engine               - Initializing environment variables
08:59:02.206 [FXGL Background Thread 1 ] DEBUG FXGLAssetLoaderServi - User app class for loading assets: class com.dontjumpinlava.Main
08:59:02.206 [FXGL Background Thread 1 ] DEBUG GameApplicationServi - Applying CSS: fxgl_dark.css
08:59:02.207 [FXGL Background Thread 1 ] DEBUG FXGLAssetLoaderServi - Loading from file system: jar:file:/C:/Users/MichaelMgbeojirikwe/.m2/repository/com/github/almasb/fxgl/fxgl/21.1/fxgl-21.1.jar!/fxglassets/ui/css/fxgl_dark.css
08:59:02.238 [FXGL Background Thread 1 ] DEBUG GameApplicationServi - Initializing application scenes
08:59:02.286 [FXGL Background Thread 1 ] DEBUG GameWorld            - Game world initialized
08:59:02.339 [FXGL Background Thread 1 ] DEBUG PhysicsWorld         - Physics world initialized: appHeight=540, physics.ppm=50.0
08:59:02.339 [FXGL Background Thread 1 ] DEBUG PhysicsWorld         - Using strategy: BRUTE_FORCE
08:59:02.341 [FXGL Background Thread 1 ] DEBUG GameScene            - Game scene initialized: 960x540
08:59:02.348 [FXGL Background Thread 1 ] WARN  FXGL.DefaultMenu     - FXGLDefaultMenu is not designed for resolutions < 800x600
08:59:02.348 [FXGL Background Thread 1 ] DEBUG FXGL.DefaultMenu     - createMenuBodyGameMenu()
08:59:02.358 [FXGL Background Thread 1 ] DEBUG FXGL.DefaultMenu     - createOptionsMenu()
08:59:02.364 [FXGL Background Thread 1 ] DEBUG FXGLAssetLoaderServi - Loading from file system: jar:file:/C:/Users/MichaelMgbeojirikwe/.m2/repository/com/github/almasb/fxgl/fxgl/21.1/fxgl-21.1.jar!/fxglassets/textures/particles/smoke.png
08:59:02.450 [FXGL Background Thread 1 ] DEBUG FXGLAssetLoaderServi - Loading from file system: jar:file:/C:/Users/MichaelMgbeojirikwe/.m2/repository/com/github/almasb/fxgl/fxgl/21.1/fxgl-21.1.jar!/fxglassets/textures/particles/trace_horizontal.png
08:59:02.466 [FXGL Background Thread 1 ] DEBUG GameApplicationServi - Application scenes initialized
08:59:02.476 [FXGL Background Thread 1 ] DEBUG SystemBundleService  - Loading FXGL system data
08:59:02.480 [FXGL Background Thread 1 ] DEBUG FileSystemAccess     - Reading from: C:\Users\MichaelMgbeojirikwe\OneDrive - NYC Public Schools\Desktop\Java\games\dontjumpinlava\system\fxgl.bundle
08:59:02.487 [FXGL Background Thread 1 ] DEBUG SystemBundleService  - Bundle FXGL: {}
08:59:02.487 [FXGL Background Thread 1 ] DEBUG UpdaterService       - Checking for updates
08:59:02.490 [FXGL Background Thread 4 ] DEBUG FXGLApplication      - Loading fonts
08:59:02.491 [FXGL Background Thread 4 ] DEBUG FXGLAssetLoaderServi - Loading from file system: jar:file:/C:/Users/MichaelMgbeojirikwe/.m2/repository/com/github/almasb/fxgl/fxgl/21.1/fxgl-21.1.jar!/fxglassets/ui/fonts/VarelaRound-Regular.ttf
08:59:02.491 [FXGL Background Thread 1 ] DEBUG FXGLApplication      - Loading default localization
08:59:02.491 [FXGL Background Thread 1 ] DEBUG FXGLAssetLoaderServi - Loading from file system: jar:file:/C:/Users/MichaelMgbeojirikwe/.m2/repository/com/github/almasb/fxgl/fxgl/21.1/fxgl-21.1.jar!/fxglassets/languages/english.lang
08:59:02.528 [FXGL Background Thread 4 ] DEBUG FXGLAssetLoaderServi - Loading from file system: jar:file:/C:/Users/MichaelMgbeojirikwe/.m2/repository/com/github/almasb/fxgl/fxgl/21.1/fxgl-21.1.jar!/fxglassets/ui/fonts/Abel-Regular.ttf
08:59:02.533 [FXGL Background Thread 4 ] DEBUG FXGLAssetLoaderServi - Loading from file system: jar:file:/C:/Users/MichaelMgbeojirikwe/.m2/repository/com/github/almasb/fxgl/fxgl/21.1/fxgl-21.1.jar!/fxglassets/ui/fonts/TerminalLandMono-Regular.otf
08:59:02.537 [FXGL Background Thread 1 ] INFO  FXGLApplication      - FXGL initialization took: 0.363 sec
08:59:02.537 [FXGL Background Thread 4 ] DEBUG FXGLAssetLoaderServi - Loading from file system: jar:file:/C:/Users/MichaelMgbeojirikwe/.m2/repository/com/github/almasb/fxgl/fxgl/21.1/fxgl-21.1.jar!/fxglassets/ui/fonts/Courier-Prime.ttf
08:59:02.545 [JavaFX Application Thread] DEBUG Input                - Registered new binding: Up - Up
08:59:02.545 [JavaFX Application Thread] DEBUG Input                - Registered new binding: Right - Right
08:59:02.545 [JavaFX Application Thread] DEBUG Input                - Registered new binding: Left - Left
08:59:02.545 [JavaFX Application Thread] DEBUG Input                - Registered new binding: Down - Down
08:59:02.545 [JavaFX Application Thread] DEBUG Input                - Registered new binding: W - W
08:59:02.545 [JavaFX Application Thread] DEBUG Input                - Registered new binding: A - A
08:59:02.545 [JavaFX Application Thread] DEBUG Input                - Registered new binding: S - S
08:59:02.545 [JavaFX Application Thread] DEBUG Input                - Registered new binding: D - D
08:59:02.545 [JavaFX Application Thread] DEBUG Input                - Registered new binding: E - E
08:59:02.545 [JavaFX Application Thread] DEBUG Input                - Registered new binding: Eyedrop - Q
08:59:02.545 [JavaFX Application Thread] DEBUG Input                - Registered new binding: Space - Space
08:59:02.546 [JavaFX Application Thread] DEBUG Input                - Registered new binding: Click - LMB
08:59:02.547 [JavaFX Application Thread] DEBUG Input                - Registered new binding: Grass - 1
08:59:02.547 [JavaFX Application Thread] DEBUG Input                - Registered new binding: Dirt - 2
08:59:02.547 [JavaFX Application Thread] DEBUG Input                - Registered new binding: Stone - 3
08:59:02.547 [JavaFX Application Thread] DEBUG Input                - Registered new binding: Bedrock - 4
08:59:02.547 [JavaFX Application Thread] DEBUG FXGLAssetLoaderServi - Loading from file system: jar:file:/C:/Users/MichaelMgbeojirikwe/.m2/repository/com/github/almasb/fxgl/fxgl/21.1/fxgl-21.1.jar!/fxglassets/textures/fxgl_icon.png
08:59:02.562 [JavaFX Application Thread] DEBUG FXGLAssetLoaderServi - Loading from file system: jar:file:/C:/Users/MichaelMgbeojirikwe/.m2/repository/com/github/almasb/fxgl/fxgl/21.1/fxgl-21.1.jar!/fxglassets/textures/fxgl_default_cursor.png
08:59:02.565 [JavaFX Application Thread] DEBUG Input                - Registered new binding: Screenshot - CTRL+8
08:59:02.566 [JavaFX Application Thread] DEBUG Input                - Registered new binding: System info dump - CTRL+9
08:59:02.567 [JavaFX Application Thread] DEBUG Input                - Registered new binding: Restart - CTRL+R
08:59:02.568 [JavaFX Application Thread] DEBUG Input                - Registered new binding: Toggle Debug Camera - CTRL+7
08:59:02.574 [JavaFX Application Thread] DEBUG LoopRunner           - Starting loop
08:59:02.574 [JavaFX Application Thread] DEBUG LoopRunner           - Initializing JavaFX AnimationTimerLoop
08:59:02.578 [JavaFX Application Thread] DEBUG GameApplicationServi - Starting new game
08:59:02.578 [JavaFX Application Thread] DEBUG Input                - Clearing active input actions
08:59:02.593 [JavaFX Application Thread] DEBUG GameApplicationServi - Removing overlay from FXGLStartupScene and adding to FXGLLoadingScene
08:59:02.593 [JavaFX Application Thread] DEBUG PrimaryStageWindow   - FXGLStartupScene -> FXGLLoadingScene
08:59:02.593 [JavaFX Application Thread] DEBUG GameApplicationServi - Clearing previous game
08:59:02.593 [JavaFX Application Thread] DEBUG GameScene            - Clearing game scene
08:59:02.593 [JavaFX Application Thread] DEBUG GameWorld            - Clearing game world
08:59:02.593 [JavaFX Application Thread] DEBUG PhysicsWorld         - Clearing physics world
08:59:02.597 [FXGL Background Thread 4 ] DEBUG FXGLApplication      - Initializing game
08:59:02.598 [JavaFX Application Thread] DEBUG FXGLApplication      - Registering font factories with UI factory
08:59:03.012 [FXGL Background Thread 2 ] INFO  UpdaterService       - Your current version:  21+dev-SNAPSHOT
08:59:03.013 [FXGL Background Thread 2 ] INFO  UpdaterService       - Latest stable version: 21.1
08:59:03.191 [FXGL Background Thread 4 ] INFO  FXGLApplication      - Game initialization took: 0.595 sec
08:59:03.192 [JavaFX Application Thread] DEBUG Input                - Clearing active input actions
08:59:03.208 [JavaFX Application Thread] DEBUG GameApplicationServi - Removing overlay from FXGLLoadingScene and adding to GameScene
08:59:03.208 [JavaFX Application Thread] DEBUG PrimaryStageWindow   - FXGLLoadingScene -> GameScene
08:59:04.761 [JavaFX Application Thread] DEBUG FXGLApplication      - Exiting FXGL
08:59:04.761 [JavaFX Application Thread] DEBUG LoopRunner           - Stopping loop
08:59:04.761 [JavaFX Application Thread] DEBUG SystemBundleService  - Saving FXGL system data
08:59:04.763 [JavaFX Application Thread] DEBUG FileSystemAccess     - Writing to: C:\Users\MichaelMgbeojirikwe\OneDrive - NYC Public Schools\Desktop\Java\games\dontjumpinlava\system\fxgl.bundle
08:59:04.766 [JavaFX Application Thread] DEBUG Async                - Shutting down background threads
08:59:04.766 [JavaFX Application Thread] DEBUG PrimaryStageWindow   - Closing main window
08:59:04.775 [JavaFX Application Thread] DEBUG Logger               - Closing Logger
