09:22:39.344 [main                     ] DEBUG Logger               - Configured Logger
09:22:39.370 [main                     ] DEBUG GameApplication      - Logging settings
Title: Don't Jump in Lava
Version: 0.0
Width: 960
Height: 540
Fullscreen: false
Intro: false
Profiling: false
Single step:false
App Mode: DEVELOPER
Menu Key: ESCAPE
Stage Style: DECORATED
Scene Factory: class com.almasb.fxgl.app.scene.SceneFactory

09:22:39.759 [JavaFX Application Thread] DEBUG FXGLApplication      - Initializing FXGL
09:22:39.761 [JavaFX Application Thread] INFO  Engine               - FXGL-21+dev-SNAPSHOT (26.03.2024 21.04) on WINDOWS (J:21.0.6 FX:21)
09:22:39.762 [JavaFX Application Thread] DEBUG Engine               - JRE Vendor Name: Oracle Corporation
09:22:39.762 [JavaFX Application Thread] DEBUG Engine               - Running on OS: Windows 11 version 10.0
09:22:39.762 [JavaFX Application Thread] DEBUG Engine               - Architecture: amd64
09:22:39.762 [JavaFX Application Thread] INFO  Engine               - Source code and latest versions at: https://github.com/AlmasB/FXGL
09:22:39.762 [JavaFX Application Thread] INFO  Engine               -       Ask questions and discuss at: https://github.com/AlmasB/FXGL/discussions
09:22:39.762 [JavaFX Application Thread] INFO  Engine               -              Join the FXGL chat at: https://gitter.im/AlmasB/FXGL
09:22:39.828 [JavaFX Application Thread] DEBUG PrimaryStageWindow   - Creating a JavaFX scene
09:22:39.863 [JavaFX Application Thread] DEBUG PrimaryStageWindow   - Target settings size: 960.0 x 540.0
09:22:39.863 [JavaFX Application Thread] DEBUG PrimaryStageWindow   - Scaled scene size:    960.0 x 540.0
09:22:39.863 [JavaFX Application Thread] DEBUG PrimaryStageWindow   - Scaled ratio: (1.0, 1.0)
09:22:39.864 [JavaFX Application Thread] DEBUG PrimaryStageWindow   - Set initial scene to FXGLStartupScene
09:22:39.866 [JavaFX Application Thread] DEBUG PrimaryStageWindow   - Opening main window
09:22:39.928 [JavaFX Application Thread] DEBUG PrimaryStageWindow   - Window border size: (16.0, 39.0)
09:22:39.928 [JavaFX Application Thread] DEBUG PrimaryStageWindow   - Scaled size: 960.0 x 540.0
09:22:39.928 [JavaFX Application Thread] DEBUG PrimaryStageWindow   - Scaled ratio: (1.0, 1.0)
09:22:39.929 [JavaFX Application Thread] DEBUG PrimaryStageWindow   - Scene size: 960.0 x 540.0
09:22:39.929 [JavaFX Application Thread] DEBUG PrimaryStageWindow   - Stage size: 976.0 x 579.0
09:22:39.934 [FXGL Background Thread 1 ] DEBUG Engine               - Initializing environment variables
09:22:39.968 [FXGL Background Thread 1 ] DEBUG FXGLAssetLoaderServi - User app class for loading assets: class com.dontjumpinlava.Main
09:22:39.968 [FXGL Background Thread 1 ] DEBUG GameApplicationServi - Applying CSS: fxgl_dark.css
09:22:39.969 [FXGL Background Thread 1 ] DEBUG FXGLAssetLoaderServi - Loading from file system: jar:file:/C:/Users/MichaelMgbeojirikwe/.m2/repository/com/github/almasb/fxgl/fxgl/21.1/fxgl-21.1.jar!/fxglassets/ui/css/fxgl_dark.css
09:22:39.997 [FXGL Background Thread 1 ] DEBUG GameApplicationServi - Initializing application scenes
09:22:40.037 [FXGL Background Thread 1 ] DEBUG GameWorld            - Game world initialized
09:22:40.090 [FXGL Background Thread 1 ] DEBUG PhysicsWorld         - Physics world initialized: appHeight=540, physics.ppm=50.0
09:22:40.090 [FXGL Background Thread 1 ] DEBUG PhysicsWorld         - Using strategy: BRUTE_FORCE
09:22:40.092 [FXGL Background Thread 1 ] DEBUG GameScene            - Game scene initialized: 960x540
09:22:40.100 [FXGL Background Thread 1 ] WARN  FXGL.DefaultMenu     - FXGLDefaultMenu is not designed for resolutions < 800x600
09:22:40.101 [FXGL Background Thread 1 ] DEBUG FXGL.DefaultMenu     - createMenuBodyGameMenu()
09:22:40.111 [FXGL Background Thread 1 ] DEBUG FXGL.DefaultMenu     - createOptionsMenu()
09:22:40.118 [FXGL Background Thread 1 ] DEBUG FXGLAssetLoaderServi - Loading from file system: jar:file:/C:/Users/MichaelMgbeojirikwe/.m2/repository/com/github/almasb/fxgl/fxgl/21.1/fxgl-21.1.jar!/fxglassets/textures/particles/smoke.png
09:22:40.215 [FXGL Background Thread 1 ] DEBUG FXGLAssetLoaderServi - Loading from file system: jar:file:/C:/Users/MichaelMgbeojirikwe/.m2/repository/com/github/almasb/fxgl/fxgl/21.1/fxgl-21.1.jar!/fxglassets/textures/particles/trace_horizontal.png
09:22:40.235 [FXGL Background Thread 1 ] DEBUG GameApplicationServi - Application scenes initialized
09:22:40.244 [FXGL Background Thread 1 ] DEBUG SystemBundleService  - Loading FXGL system data
09:22:40.247 [FXGL Background Thread 1 ] DEBUG FileSystemAccess     - Reading from: C:\Users\MichaelMgbeojirikwe\OneDrive - NYC Public Schools\Desktop\Java\games\dontjumpinlava\system\fxgl.bundle
09:22:40.253 [FXGL Background Thread 1 ] DEBUG SystemBundleService  - Bundle FXGL: {}
09:22:40.253 [FXGL Background Thread 1 ] DEBUG UpdaterService       - Checking for updates
09:22:40.256 [FXGL Background Thread 4 ] DEBUG FXGLApplication      - Loading fonts
09:22:40.256 [FXGL Background Thread 4 ] DEBUG FXGLAssetLoaderServi - Loading from file system: jar:file:/C:/Users/MichaelMgbeojirikwe/.m2/repository/com/github/almasb/fxgl/fxgl/21.1/fxgl-21.1.jar!/fxglassets/ui/fonts/VarelaRound-Regular.ttf
09:22:40.257 [FXGL Background Thread 1 ] DEBUG FXGLApplication      - Loading default localization
09:22:40.257 [FXGL Background Thread 1 ] DEBUG FXGLAssetLoaderServi - Loading from file system: jar:file:/C:/Users/MichaelMgbeojirikwe/.m2/repository/com/github/almasb/fxgl/fxgl/21.1/fxgl-21.1.jar!/fxglassets/languages/english.lang
09:22:40.296 [FXGL Background Thread 1 ] INFO  FXGLApplication      - FXGL initialization took: 0.363 sec
09:22:40.298 [FXGL Background Thread 4 ] DEBUG FXGLAssetLoaderServi - Loading from file system: jar:file:/C:/Users/MichaelMgbeojirikwe/.m2/repository/com/github/almasb/fxgl/fxgl/21.1/fxgl-21.1.jar!/fxglassets/ui/fonts/Abel-Regular.ttf
09:22:40.302 [FXGL Background Thread 4 ] DEBUG FXGLAssetLoaderServi - Loading from file system: jar:file:/C:/Users/MichaelMgbeojirikwe/.m2/repository/com/github/almasb/fxgl/fxgl/21.1/fxgl-21.1.jar!/fxglassets/ui/fonts/TerminalLandMono-Regular.otf
09:22:40.304 [JavaFX Application Thread] DEBUG Input                - Registered new binding: Up - Up
09:22:40.304 [JavaFX Application Thread] DEBUG Input                - Registered new binding: Right - Right
09:22:40.304 [JavaFX Application Thread] DEBUG Input                - Registered new binding: Left - Left
09:22:40.304 [JavaFX Application Thread] DEBUG Input                - Registered new binding: Down - Down
09:22:40.304 [JavaFX Application Thread] DEBUG Input                - Registered new binding: W - W
09:22:40.304 [JavaFX Application Thread] DEBUG Input                - Registered new binding: A - A
09:22:40.304 [JavaFX Application Thread] DEBUG Input                - Registered new binding: S - S
09:22:40.304 [JavaFX Application Thread] DEBUG Input                - Registered new binding: D - D
09:22:40.304 [JavaFX Application Thread] DEBUG Input                - Registered new binding: E - E
09:22:40.304 [JavaFX Application Thread] DEBUG Input                - Registered new binding: Eyedrop - Q
09:22:40.304 [JavaFX Application Thread] DEBUG Input                - Registered new binding: Space - Space
09:22:40.306 [JavaFX Application Thread] DEBUG Input                - Registered new binding: Click - LMB
09:22:40.306 [JavaFX Application Thread] DEBUG Input                - Registered new binding: Grass - 1
09:22:40.306 [JavaFX Application Thread] DEBUG Input                - Registered new binding: Dirt - 2
09:22:40.306 [JavaFX Application Thread] DEBUG Input                - Registered new binding: Stone - 3
09:22:40.306 [JavaFX Application Thread] DEBUG Input                - Registered new binding: Bedrock - 4
09:22:40.307 [JavaFX Application Thread] DEBUG FXGLAssetLoaderServi - Loading from file system: jar:file:/C:/Users/MichaelMgbeojirikwe/.m2/repository/com/github/almasb/fxgl/fxgl/21.1/fxgl-21.1.jar!/fxglassets/textures/fxgl_icon.png
09:22:40.307 [FXGL Background Thread 4 ] DEBUG FXGLAssetLoaderServi - Loading from file system: jar:file:/C:/Users/MichaelMgbeojirikwe/.m2/repository/com/github/almasb/fxgl/fxgl/21.1/fxgl-21.1.jar!/fxglassets/ui/fonts/Courier-Prime.ttf
09:22:40.321 [JavaFX Application Thread] DEBUG FXGLAssetLoaderServi - Loading from file system: jar:file:/C:/Users/MichaelMgbeojirikwe/.m2/repository/com/github/almasb/fxgl/fxgl/21.1/fxgl-21.1.jar!/fxglassets/textures/fxgl_default_cursor.png
09:22:40.324 [JavaFX Application Thread] DEBUG Input                - Registered new binding: Screenshot - CTRL+8
09:22:40.325 [JavaFX Application Thread] DEBUG Input                - Registered new binding: System info dump - CTRL+9
09:22:40.326 [JavaFX Application Thread] DEBUG Input                - Registered new binding: Restart - CTRL+R
09:22:40.327 [JavaFX Application Thread] DEBUG Input                - Registered new binding: Toggle Debug Camera - CTRL+7
09:22:40.333 [JavaFX Application Thread] DEBUG LoopRunner           - Starting loop
09:22:40.333 [JavaFX Application Thread] DEBUG LoopRunner           - Initializing JavaFX AnimationTimerLoop
09:22:40.336 [JavaFX Application Thread] DEBUG GameApplicationServi - Starting new game
09:22:40.336 [JavaFX Application Thread] DEBUG Input                - Clearing active input actions
09:22:40.348 [JavaFX Application Thread] DEBUG GameApplicationServi - Removing overlay from FXGLStartupScene and adding to FXGLLoadingScene
09:22:40.349 [JavaFX Application Thread] DEBUG PrimaryStageWindow   - FXGLStartupScene -> FXGLLoadingScene
09:22:40.349 [JavaFX Application Thread] DEBUG GameApplicationServi - Clearing previous game
09:22:40.349 [JavaFX Application Thread] DEBUG GameScene            - Clearing game scene
09:22:40.349 [JavaFX Application Thread] DEBUG GameWorld            - Clearing game world
09:22:40.349 [JavaFX Application Thread] DEBUG PhysicsWorld         - Clearing physics world
09:22:40.351 [FXGL Background Thread 4 ] DEBUG FXGLApplication      - Initializing game
09:22:40.353 [JavaFX Application Thread] DEBUG FXGLApplication      - Registering font factories with UI factory
09:22:40.795 [FXGL Background Thread 2 ] INFO  UpdaterService       - Your current version:  21+dev-SNAPSHOT
09:22:40.795 [FXGL Background Thread 2 ] INFO  UpdaterService       - Latest stable version: 21.1
09:22:40.907 [JavaFX Application Thread] DEBUG LoopRunner           - Stopping loop
09:22:40.908 [JavaFX Application Thread] FATAL FXGLApplication      - Uncaught Exception:
java.lang.RuntimeException: Initialization failed
	at com.almasb.fxgl.app.FXGLApplication$InitAppTask.failed(FXGLApplication.kt:347)
	at javafx.concurrent.Task.setState(Task.java:710)
	at javafx.concurrent.Task$TaskCallable.lambda$call$2(Task.java:1429)
	at com.sun.javafx.application.PlatformImpl.lambda$runLater$10(PlatformImpl.java:456)
	at java.base/java.security.AccessController.doPrivileged(AccessController.java:400)
	at com.sun.javafx.application.PlatformImpl.lambda$runLater$11(PlatformImpl.java:455)
	at com.sun.glass.ui.InvokeLaterDispatcher$Future.run(InvokeLaterDispatcher.java:95)
	at com.sun.glass.ui.win.WinApplication._runLoop(Native Method)
	at com.sun.glass.ui.win.WinApplication.lambda$runLoop$3(WinApplication.java:185)
	at java.base/java.lang.Thread.run(Thread.java:1583)
Caused by: java.lang.IndexOutOfBoundsException: Index 4000 out of bounds for length 4000
	at java.base/jdk.internal.util.Preconditions.outOfBounds(Preconditions.java:100)
	at java.base/jdk.internal.util.Preconditions.outOfBoundsCheckIndex(Preconditions.java:106)
	at java.base/jdk.internal.util.Preconditions.checkIndex(Preconditions.java:302)
	at java.base/java.util.Objects.checkIndex(Objects.java:385)
	at java.base/java.util.ArrayList.get(ArrayList.java:427)
	at com.dontjumpinlava.Main.encodeLevel(Main.java:1329)
	at com.dontjumpinlava.Main.initGame(Main.java:1396)
	at com.almasb.fxgl.app.FXGLApplication$InitAppTask.initGame(FXGLApplication.kt:343)
	at com.almasb.fxgl.app.FXGLApplication$InitAppTask.call(FXGLApplication.kt:321)
	at com.almasb.fxgl.app.FXGLApplication$InitAppTask.call(FXGLApplication.kt:313)
	at javafx.concurrent.Task$TaskCallable.call(Task.java:1399)
	at java.base/java.util.concurrent.FutureTask.run(FutureTask.java:317)
	at java.base/java.util.concurrent.Executors$RunnableAdapter.call(Executors.java:572)
	at java.base/java.util.concurrent.FutureTask.run(FutureTask.java:317)
	at java.base/java.util.concurrent.ThreadPoolExecutor.runWorker(ThreadPoolExecutor.java:1144)
	at java.base/java.util.concurrent.ThreadPoolExecutor$Worker.run(ThreadPoolExecutor.java:642)
	... 1 more

09:22:40.909 [JavaFX Application Thread] FATAL FXGLApplication      - Application will now exit
09:22:40.919 [JavaFX Application Thread] DEBUG PrimaryStageWindow   - Push state: ErrorSubScene
09:22:40.919 [JavaFX Application Thread] DEBUG Input                - Clearing active input actions
09:22:40.923 [JavaFX Application Thread] DEBUG GameApplicationServi - Removing overlay from FXGLLoadingScene and adding to ErrorSubScene
09:22:40.923 [JavaFX Application Thread] DEBUG PrimaryStageWindow   - FXGLLoadingScene -> ErrorSubScene
09:22:43.028 [JavaFX Application Thread] DEBUG FXGLApplication      - Exiting FXGL
09:22:43.028 [JavaFX Application Thread] DEBUG Async                - Shutting down background threads
09:22:43.028 [JavaFX Application Thread] DEBUG PrimaryStageWindow   - Closing main window
09:22:43.039 [JavaFX Application Thread] DEBUG Logger               - Closing Logger
