08:55:28.263 [main                     ] DEBUG Logger               - Configured Logger
08:55:28.284 [main                     ] DEBUG GameApplication      - Logging settings
Title: Don't Jump in Lava
Version: 0.0
Width: 960
Height: 540
Fullscreen: false
Intro: false
Profiling: false
Single step:false
App Mode: DEVELOPER
Menu Key: ESCAPE
Stage Style: DECORATED
Scene Factory: class com.almasb.fxgl.app.scene.SceneFactory

08:55:28.690 [JavaFX Application Thread] DEBUG FXGLApplication      - Initializing FXGL
08:55:28.692 [JavaFX Application Thread] INFO  Engine               - FXGL-21+dev-SNAPSHOT (26.03.2024 21.04) on WINDOWS (J:21.0.6 FX:21)
08:55:28.692 [JavaFX Application Thread] DEBUG Engine               - JRE Vendor Name: Oracle Corporation
08:55:28.693 [JavaFX Application Thread] DEBUG Engine               - Running on OS: Windows 11 version 10.0
08:55:28.693 [JavaFX Application Thread] DEBUG Engine               - Architecture: amd64
08:55:28.693 [JavaFX Application Thread] INFO  Engine               - Source code and latest versions at: https://github.com/AlmasB/FXGL
08:55:28.693 [JavaFX Application Thread] INFO  Engine               -       Ask questions and discuss at: https://github.com/AlmasB/FXGL/discussions
08:55:28.693 [JavaFX Application Thread] INFO  Engine               -              Join the FXGL chat at: https://gitter.im/AlmasB/FXGL
08:55:28.757 [JavaFX Application Thread] DEBUG PrimaryStageWindow   - Creating a JavaFX scene
08:55:28.788 [JavaFX Application Thread] DEBUG PrimaryStageWindow   - Target settings size: 960.0 x 540.0
08:55:28.788 [JavaFX Application Thread] DEBUG PrimaryStageWindow   - Scaled scene size:    960.0 x 540.0
08:55:28.788 [JavaFX Application Thread] DEBUG PrimaryStageWindow   - Scaled ratio: (1.0, 1.0)
08:55:28.789 [JavaFX Application Thread] DEBUG PrimaryStageWindow   - Set initial scene to FXGLStartupScene
08:55:28.791 [JavaFX Application Thread] DEBUG PrimaryStageWindow   - Opening main window
08:55:28.855 [JavaFX Application Thread] DEBUG PrimaryStageWindow   - Window border size: (16.0, 39.0)
08:55:28.856 [JavaFX Application Thread] DEBUG PrimaryStageWindow   - Scaled size: 960.0 x 540.0
08:55:28.856 [JavaFX Application Thread] DEBUG PrimaryStageWindow   - Scaled ratio: (1.0, 1.0)
08:55:28.856 [JavaFX Application Thread] DEBUG PrimaryStageWindow   - Scene size: 960.0 x 540.0
08:55:28.856 [JavaFX Application Thread] DEBUG PrimaryStageWindow   - Stage size: 976.0 x 579.0
08:55:28.861 [FXGL Background Thread 1 ] DEBUG Engine               - Initializing environment variables
08:55:28.898 [FXGL Background Thread 1 ] DEBUG FXGLAssetLoaderServi - User app class for loading assets: class com.dontjumpinlava.Main
08:55:28.898 [FXGL Background Thread 1 ] DEBUG GameApplicationServi - Applying CSS: fxgl_dark.css
08:55:28.899 [FXGL Background Thread 1 ] DEBUG FXGLAssetLoaderServi - Loading from file system: jar:file:/C:/Users/MichaelMgbeojirikwe/.m2/repository/com/github/almasb/fxgl/fxgl/21.1/fxgl-21.1.jar!/fxglassets/ui/css/fxgl_dark.css
08:55:28.925 [FXGL Background Thread 1 ] DEBUG GameApplicationServi - Initializing application scenes
08:55:28.965 [FXGL Background Thread 1 ] DEBUG GameWorld            - Game world initialized
08:55:29.012 [FXGL Background Thread 1 ] DEBUG PhysicsWorld         - Physics world initialized: appHeight=540, physics.ppm=50.0
08:55:29.012 [FXGL Background Thread 1 ] DEBUG PhysicsWorld         - Using strategy: BRUTE_FORCE
08:55:29.014 [FXGL Background Thread 1 ] DEBUG GameScene            - Game scene initialized: 960x540
08:55:29.024 [FXGL Background Thread 1 ] WARN  FXGL.DefaultMenu     - FXGLDefaultMenu is not designed for resolutions < 800x600
08:55:29.024 [FXGL Background Thread 1 ] DEBUG FXGL.DefaultMenu     - createMenuBodyGameMenu()
08:55:29.034 [FXGL Background Thread 1 ] DEBUG FXGL.DefaultMenu     - createOptionsMenu()
08:55:29.041 [FXGL Background Thread 1 ] DEBUG FXGLAssetLoaderServi - Loading from file system: jar:file:/C:/Users/MichaelMgbeojirikwe/.m2/repository/com/github/almasb/fxgl/fxgl/21.1/fxgl-21.1.jar!/fxglassets/textures/particles/smoke.png
08:55:29.122 [FXGL Background Thread 1 ] DEBUG FXGLAssetLoaderServi - Loading from file system: jar:file:/C:/Users/MichaelMgbeojirikwe/.m2/repository/com/github/almasb/fxgl/fxgl/21.1/fxgl-21.1.jar!/fxglassets/textures/particles/trace_horizontal.png
08:55:29.144 [FXGL Background Thread 1 ] DEBUG GameApplicationServi - Application scenes initialized
08:55:29.154 [FXGL Background Thread 1 ] DEBUG SystemBundleService  - Loading FXGL system data
08:55:29.157 [FXGL Background Thread 1 ] DEBUG FileSystemAccess     - Reading from: C:\Users\MichaelMgbeojirikwe\OneDrive - NYC Public Schools\Desktop\Java\games\dontjumpinlava\system\fxgl.bundle
08:55:29.164 [FXGL Background Thread 1 ] DEBUG SystemBundleService  - Bundle FXGL: {}
08:55:29.164 [FXGL Background Thread 1 ] DEBUG UpdaterService       - Checking for updates
08:55:29.167 [FXGL Background Thread 4 ] DEBUG FXGLApplication      - Loading fonts
08:55:29.167 [FXGL Background Thread 4 ] DEBUG FXGLAssetLoaderServi - Loading from file system: jar:file:/C:/Users/MichaelMgbeojirikwe/.m2/repository/com/github/almasb/fxgl/fxgl/21.1/fxgl-21.1.jar!/fxglassets/ui/fonts/VarelaRound-Regular.ttf
08:55:29.167 [FXGL Background Thread 1 ] DEBUG FXGLApplication      - Loading default localization
08:55:29.168 [FXGL Background Thread 1 ] DEBUG FXGLAssetLoaderServi - Loading from file system: jar:file:/C:/Users/MichaelMgbeojirikwe/.m2/repository/com/github/almasb/fxgl/fxgl/21.1/fxgl-21.1.jar!/fxglassets/languages/english.lang
08:55:29.198 [FXGL Background Thread 4 ] DEBUG FXGLAssetLoaderServi - Loading from file system: jar:file:/C:/Users/MichaelMgbeojirikwe/.m2/repository/com/github/almasb/fxgl/fxgl/21.1/fxgl-21.1.jar!/fxglassets/ui/fonts/Abel-Regular.ttf
08:55:29.199 [FXGL Background Thread 1 ] INFO  FXGLApplication      - FXGL initialization took: 0.338 sec
08:55:29.202 [FXGL Background Thread 4 ] DEBUG FXGLAssetLoaderServi - Loading from file system: jar:file:/C:/Users/MichaelMgbeojirikwe/.m2/repository/com/github/almasb/fxgl/fxgl/21.1/fxgl-21.1.jar!/fxglassets/ui/fonts/TerminalLandMono-Regular.otf
08:55:29.207 [FXGL Background Thread 4 ] DEBUG FXGLAssetLoaderServi - Loading from file system: jar:file:/C:/Users/MichaelMgbeojirikwe/.m2/repository/com/github/almasb/fxgl/fxgl/21.1/fxgl-21.1.jar!/fxglassets/ui/fonts/Courier-Prime.ttf
08:55:29.211 [JavaFX Application Thread] DEBUG Input                - Registered new binding: Up - Up
08:55:29.211 [JavaFX Application Thread] DEBUG Input                - Registered new binding: Right - Right
08:55:29.211 [JavaFX Application Thread] DEBUG Input                - Registered new binding: Left - Left
08:55:29.211 [JavaFX Application Thread] DEBUG Input                - Registered new binding: Down - Down
08:55:29.211 [JavaFX Application Thread] DEBUG Input                - Registered new binding: W - W
08:55:29.212 [JavaFX Application Thread] DEBUG Input                - Registered new binding: A - A
08:55:29.212 [JavaFX Application Thread] DEBUG Input                - Registered new binding: S - S
08:55:29.212 [JavaFX Application Thread] DEBUG Input                - Registered new binding: D - D
08:55:29.212 [JavaFX Application Thread] DEBUG Input                - Registered new binding: E - E
08:55:29.212 [JavaFX Application Thread] DEBUG Input                - Registered new binding: Eyedrop - Q
08:55:29.212 [JavaFX Application Thread] DEBUG Input                - Registered new binding: Space - Space
08:55:29.214 [JavaFX Application Thread] DEBUG Input                - Registered new binding: Click - LMB
08:55:29.214 [JavaFX Application Thread] DEBUG Input                - Registered new binding: Grass - 1
08:55:29.214 [JavaFX Application Thread] DEBUG Input                - Registered new binding: Dirt - 2
08:55:29.215 [JavaFX Application Thread] DEBUG Input                - Registered new binding: Stone - 3
08:55:29.215 [JavaFX Application Thread] DEBUG Input                - Registered new binding: Bedrock - 4
08:55:29.215 [JavaFX Application Thread] DEBUG FXGLAssetLoaderServi - Loading from file system: jar:file:/C:/Users/MichaelMgbeojirikwe/.m2/repository/com/github/almasb/fxgl/fxgl/21.1/fxgl-21.1.jar!/fxglassets/textures/fxgl_icon.png
08:55:29.232 [JavaFX Application Thread] DEBUG FXGLAssetLoaderServi - Loading from file system: jar:file:/C:/Users/MichaelMgbeojirikwe/.m2/repository/com/github/almasb/fxgl/fxgl/21.1/fxgl-21.1.jar!/fxglassets/textures/fxgl_default_cursor.png
08:55:29.236 [JavaFX Application Thread] DEBUG Input                - Registered new binding: Screenshot - CTRL+8
08:55:29.236 [JavaFX Application Thread] DEBUG Input                - Registered new binding: System info dump - CTRL+9
08:55:29.237 [JavaFX Application Thread] DEBUG Input                - Registered new binding: Restart - CTRL+R
08:55:29.239 [JavaFX Application Thread] DEBUG Input                - Registered new binding: Toggle Debug Camera - CTRL+7
08:55:29.245 [JavaFX Application Thread] DEBUG LoopRunner           - Starting loop
08:55:29.245 [JavaFX Application Thread] DEBUG LoopRunner           - Initializing JavaFX AnimationTimerLoop
08:55:29.250 [JavaFX Application Thread] DEBUG GameApplicationServi - Starting new game
08:55:29.251 [JavaFX Application Thread] DEBUG Input                - Clearing active input actions
08:55:29.263 [JavaFX Application Thread] DEBUG GameApplicationServi - Removing overlay from FXGLStartupScene and adding to FXGLLoadingScene
08:55:29.263 [JavaFX Application Thread] DEBUG PrimaryStageWindow   - FXGLStartupScene -> FXGLLoadingScene
08:55:29.263 [JavaFX Application Thread] DEBUG GameApplicationServi - Clearing previous game
08:55:29.263 [JavaFX Application Thread] DEBUG GameScene            - Clearing game scene
08:55:29.263 [JavaFX Application Thread] DEBUG GameWorld            - Clearing game world
08:55:29.264 [JavaFX Application Thread] DEBUG PhysicsWorld         - Clearing physics world
08:55:29.265 [FXGL Background Thread 4 ] DEBUG FXGLApplication      - Initializing game
08:55:29.267 [JavaFX Application Thread] DEBUG FXGLApplication      - Registering font factories with UI factory
08:55:29.708 [FXGL Background Thread 2 ] INFO  UpdaterService       - Your current version:  21+dev-SNAPSHOT
08:55:29.709 [FXGL Background Thread 2 ] INFO  UpdaterService       - Latest stable version: 21.1
08:55:29.846 [FXGL Background Thread 4 ] INFO  FXGLApplication      - Game initialization took: 0.580 sec
08:55:29.846 [JavaFX Application Thread] DEBUG Input                - Clearing active input actions
08:55:29.863 [JavaFX Application Thread] DEBUG GameApplicationServi - Removing overlay from FXGLLoadingScene and adding to GameScene
08:55:29.863 [JavaFX Application Thread] DEBUG PrimaryStageWindow   - FXGLLoadingScene -> GameScene
08:55:30.957 [JavaFX Application Thread] DEBUG FXGLApplication      - Exiting FXGL
08:55:30.957 [JavaFX Application Thread] DEBUG LoopRunner           - Stopping loop
08:55:30.957 [JavaFX Application Thread] DEBUG SystemBundleService  - Saving FXGL system data
08:55:30.960 [JavaFX Application Thread] DEBUG FileSystemAccess     - Writing to: C:\Users\MichaelMgbeojirikwe\OneDrive - NYC Public Schools\Desktop\Java\games\dontjumpinlava\system\fxgl.bundle
08:55:30.965 [JavaFX Application Thread] DEBUG Async                - Shutting down background threads
08:55:30.965 [JavaFX Application Thread] DEBUG PrimaryStageWindow   - Closing main window
08:55:30.973 [JavaFX Application Thread] DEBUG Logger               - Closing Logger
