09:00:06.489 [main                     ] DEBUG Logger               - Configured Logger
09:00:06.515 [main                     ] DEBUG GameApplication      - Logging settings
Title: Don't Jump in Lava
Version: 0.0
Width: 960
Height: 540
Fullscreen: false
Intro: false
Profiling: false
Single step:false
App Mode: DEVELOPER
Menu Key: ESCAPE
Stage Style: DECORATED
Scene Factory: class com.almasb.fxgl.app.scene.SceneFactory

09:00:06.967 [JavaFX Application Thread] DEBUG FXGLApplication      - Initializing FXGL
09:00:06.970 [JavaFX Application Thread] INFO  Engine               - FXGL-21+dev-SNAPSHOT (26.03.2024 21.04) on WINDOWS (J:21.0.6 FX:21)
09:00:06.970 [JavaFX Application Thread] DEBUG Engine               - JRE Vendor Name: Oracle Corporation
09:00:06.971 [JavaFX Application Thread] DEBUG Engine               - Running on OS: Windows 11 version 10.0
09:00:06.971 [JavaFX Application Thread] DEBUG Engine               - Architecture: amd64
09:00:06.971 [JavaFX Application Thread] INFO  Engine               - Source code and latest versions at: https://github.com/AlmasB/FXGL
09:00:06.971 [JavaFX Application Thread] INFO  Engine               -       Ask questions and discuss at: https://github.com/AlmasB/FXGL/discussions
09:00:06.971 [JavaFX Application Thread] INFO  Engine               -              Join the FXGL chat at: https://gitter.im/AlmasB/FXGL
09:00:07.053 [JavaFX Application Thread] DEBUG PrimaryStageWindow   - Creating a JavaFX scene
09:00:07.091 [JavaFX Application Thread] DEBUG PrimaryStageWindow   - Target settings size: 960.0 x 540.0
09:00:07.092 [JavaFX Application Thread] DEBUG PrimaryStageWindow   - Scaled scene size:    960.0 x 540.0
09:00:07.092 [JavaFX Application Thread] DEBUG PrimaryStageWindow   - Scaled ratio: (1.0, 1.0)
09:00:07.092 [JavaFX Application Thread] DEBUG PrimaryStageWindow   - Set initial scene to FXGLStartupScene
09:00:07.095 [JavaFX Application Thread] DEBUG PrimaryStageWindow   - Opening main window
09:00:07.164 [JavaFX Application Thread] DEBUG PrimaryStageWindow   - Window border size: (16.0, 39.0)
09:00:07.165 [JavaFX Application Thread] DEBUG PrimaryStageWindow   - Scaled size: 960.0 x 540.0
09:00:07.165 [JavaFX Application Thread] DEBUG PrimaryStageWindow   - Scaled ratio: (1.0, 1.0)
09:00:07.165 [JavaFX Application Thread] DEBUG PrimaryStageWindow   - Scene size: 960.0 x 540.0
09:00:07.165 [JavaFX Application Thread] DEBUG PrimaryStageWindow   - Stage size: 976.0 x 579.0
09:00:07.171 [FXGL Background Thread 1 ] DEBUG Engine               - Initializing environment variables
09:00:07.210 [FXGL Background Thread 1 ] DEBUG FXGLAssetLoaderServi - User app class for loading assets: class com.dontjumpinlava.Main
09:00:07.211 [FXGL Background Thread 1 ] DEBUG GameApplicationServi - Applying CSS: fxgl_dark.css
09:00:07.211 [FXGL Background Thread 1 ] DEBUG FXGLAssetLoaderServi - Loading from file system: jar:file:/C:/Users/MichaelMgbeojirikwe/.m2/repository/com/github/almasb/fxgl/fxgl/21.1/fxgl-21.1.jar!/fxglassets/ui/css/fxgl_dark.css
09:00:07.243 [FXGL Background Thread 1 ] DEBUG GameApplicationServi - Initializing application scenes
09:00:07.303 [FXGL Background Thread 1 ] DEBUG GameWorld            - Game world initialized
09:00:07.354 [FXGL Background Thread 1 ] DEBUG PhysicsWorld         - Physics world initialized: appHeight=540, physics.ppm=50.0
09:00:07.354 [FXGL Background Thread 1 ] DEBUG PhysicsWorld         - Using strategy: BRUTE_FORCE
09:00:07.357 [FXGL Background Thread 1 ] DEBUG GameScene            - Game scene initialized: 960x540
09:00:07.364 [FXGL Background Thread 1 ] WARN  FXGL.DefaultMenu     - FXGLDefaultMenu is not designed for resolutions < 800x600
09:00:07.365 [FXGL Background Thread 1 ] DEBUG FXGL.DefaultMenu     - createMenuBodyGameMenu()
09:00:07.377 [FXGL Background Thread 1 ] DEBUG FXGL.DefaultMenu     - createOptionsMenu()
09:00:07.390 [FXGL Background Thread 1 ] DEBUG FXGLAssetLoaderServi - Loading from file system: jar:file:/C:/Users/MichaelMgbeojirikwe/.m2/repository/com/github/almasb/fxgl/fxgl/21.1/fxgl-21.1.jar!/fxglassets/textures/particles/smoke.png
09:00:07.471 [FXGL Background Thread 1 ] DEBUG FXGLAssetLoaderServi - Loading from file system: jar:file:/C:/Users/MichaelMgbeojirikwe/.m2/repository/com/github/almasb/fxgl/fxgl/21.1/fxgl-21.1.jar!/fxglassets/textures/particles/trace_horizontal.png
09:00:07.489 [FXGL Background Thread 1 ] DEBUG GameApplicationServi - Application scenes initialized
09:00:07.497 [FXGL Background Thread 1 ] DEBUG SystemBundleService  - Loading FXGL system data
09:00:07.501 [FXGL Background Thread 1 ] DEBUG FileSystemAccess     - Reading from: C:\Users\MichaelMgbeojirikwe\OneDrive - NYC Public Schools\Desktop\Java\games\dontjumpinlava\system\fxgl.bundle
09:00:07.507 [FXGL Background Thread 1 ] DEBUG SystemBundleService  - Bundle FXGL: {}
09:00:07.507 [FXGL Background Thread 1 ] DEBUG UpdaterService       - Checking for updates
09:00:07.511 [FXGL Background Thread 4 ] DEBUG FXGLApplication      - Loading fonts
09:00:07.512 [FXGL Background Thread 4 ] DEBUG FXGLAssetLoaderServi - Loading from file system: jar:file:/C:/Users/MichaelMgbeojirikwe/.m2/repository/com/github/almasb/fxgl/fxgl/21.1/fxgl-21.1.jar!/fxglassets/ui/fonts/VarelaRound-Regular.ttf
09:00:07.512 [FXGL Background Thread 1 ] DEBUG FXGLApplication      - Loading default localization
09:00:07.513 [FXGL Background Thread 1 ] DEBUG FXGLAssetLoaderServi - Loading from file system: jar:file:/C:/Users/MichaelMgbeojirikwe/.m2/repository/com/github/almasb/fxgl/fxgl/21.1/fxgl-21.1.jar!/fxglassets/languages/english.lang
09:00:07.549 [FXGL Background Thread 4 ] DEBUG FXGLAssetLoaderServi - Loading from file system: jar:file:/C:/Users/MichaelMgbeojirikwe/.m2/repository/com/github/almasb/fxgl/fxgl/21.1/fxgl-21.1.jar!/fxglassets/ui/fonts/Abel-Regular.ttf
09:00:07.551 [FXGL Background Thread 1 ] INFO  FXGLApplication      - FXGL initialization took: 0.380 sec
09:00:07.554 [FXGL Background Thread 4 ] DEBUG FXGLAssetLoaderServi - Loading from file system: jar:file:/C:/Users/MichaelMgbeojirikwe/.m2/repository/com/github/almasb/fxgl/fxgl/21.1/fxgl-21.1.jar!/fxglassets/ui/fonts/TerminalLandMono-Regular.otf
09:00:07.557 [JavaFX Application Thread] DEBUG Input                - Registered new binding: Up - Up
09:00:07.558 [JavaFX Application Thread] DEBUG Input                - Registered new binding: Right - Right
09:00:07.558 [JavaFX Application Thread] DEBUG Input                - Registered new binding: Left - Left
09:00:07.558 [FXGL Background Thread 4 ] DEBUG FXGLAssetLoaderServi - Loading from file system: jar:file:/C:/Users/MichaelMgbeojirikwe/.m2/repository/com/github/almasb/fxgl/fxgl/21.1/fxgl-21.1.jar!/fxglassets/ui/fonts/Courier-Prime.ttf
09:00:07.558 [JavaFX Application Thread] DEBUG Input                - Registered new binding: Down - Down
09:00:07.558 [JavaFX Application Thread] DEBUG Input                - Registered new binding: W - W
09:00:07.558 [JavaFX Application Thread] DEBUG Input                - Registered new binding: A - A
09:00:07.558 [JavaFX Application Thread] DEBUG Input                - Registered new binding: S - S
09:00:07.558 [JavaFX Application Thread] DEBUG Input                - Registered new binding: D - D
09:00:07.558 [JavaFX Application Thread] DEBUG Input                - Registered new binding: E - E
09:00:07.558 [JavaFX Application Thread] DEBUG Input                - Registered new binding: Eyedrop - Q
09:00:07.558 [JavaFX Application Thread] DEBUG Input                - Registered new binding: Space - Space
09:00:07.560 [JavaFX Application Thread] DEBUG Input                - Registered new binding: Click - LMB
09:00:07.560 [JavaFX Application Thread] DEBUG Input                - Registered new binding: Grass - 1
09:00:07.560 [JavaFX Application Thread] DEBUG Input                - Registered new binding: Dirt - 2
09:00:07.560 [JavaFX Application Thread] DEBUG Input                - Registered new binding: Stone - 3
09:00:07.560 [JavaFX Application Thread] DEBUG Input                - Registered new binding: Bedrock - 4
09:00:07.561 [JavaFX Application Thread] DEBUG FXGLAssetLoaderServi - Loading from file system: jar:file:/C:/Users/MichaelMgbeojirikwe/.m2/repository/com/github/almasb/fxgl/fxgl/21.1/fxgl-21.1.jar!/fxglassets/textures/fxgl_icon.png
09:00:07.575 [JavaFX Application Thread] DEBUG FXGLAssetLoaderServi - Loading from file system: jar:file:/C:/Users/MichaelMgbeojirikwe/.m2/repository/com/github/almasb/fxgl/fxgl/21.1/fxgl-21.1.jar!/fxglassets/textures/fxgl_default_cursor.png
09:00:07.579 [JavaFX Application Thread] DEBUG Input                - Registered new binding: Screenshot - CTRL+8
09:00:07.579 [JavaFX Application Thread] DEBUG Input                - Registered new binding: System info dump - CTRL+9
09:00:07.580 [JavaFX Application Thread] DEBUG Input                - Registered new binding: Restart - CTRL+R
09:00:07.581 [JavaFX Application Thread] DEBUG Input                - Registered new binding: Toggle Debug Camera - CTRL+7
09:00:07.587 [JavaFX Application Thread] DEBUG LoopRunner           - Starting loop
09:00:07.587 [JavaFX Application Thread] DEBUG LoopRunner           - Initializing JavaFX AnimationTimerLoop
09:00:07.591 [JavaFX Application Thread] DEBUG GameApplicationServi - Starting new game
09:00:07.591 [JavaFX Application Thread] DEBUG Input                - Clearing active input actions
09:00:07.605 [JavaFX Application Thread] DEBUG GameApplicationServi - Removing overlay from FXGLStartupScene and adding to FXGLLoadingScene
09:00:07.605 [JavaFX Application Thread] DEBUG PrimaryStageWindow   - FXGLStartupScene -> FXGLLoadingScene
09:00:07.605 [JavaFX Application Thread] DEBUG GameApplicationServi - Clearing previous game
09:00:07.605 [JavaFX Application Thread] DEBUG GameScene            - Clearing game scene
09:00:07.605 [JavaFX Application Thread] DEBUG GameWorld            - Clearing game world
09:00:07.605 [JavaFX Application Thread] DEBUG PhysicsWorld         - Clearing physics world
09:00:07.608 [JavaFX Application Thread] DEBUG FXGLApplication      - Registering font factories with UI factory
09:00:07.608 [FXGL Background Thread 4 ] DEBUG FXGLApplication      - Initializing game
09:00:07.874 [JavaFX Application Thread] DEBUG LoopRunner           - Stopping loop
09:00:07.877 [JavaFX Application Thread] FATAL FXGLApplication      - Uncaught Exception:
java.lang.RuntimeException: Initialization failed
	at com.almasb.fxgl.app.FXGLApplication$InitAppTask.failed(FXGLApplication.kt:347)
	at javafx.concurrent.Task.setState(Task.java:710)
	at javafx.concurrent.Task$TaskCallable.lambda$call$2(Task.java:1429)
	at com.sun.javafx.application.PlatformImpl.lambda$runLater$10(PlatformImpl.java:456)
	at java.base/java.security.AccessController.doPrivileged(AccessController.java:400)
	at com.sun.javafx.application.PlatformImpl.lambda$runLater$11(PlatformImpl.java:455)
	at com.sun.glass.ui.InvokeLaterDispatcher$Future.run(InvokeLaterDispatcher.java:95)
	at com.sun.glass.ui.win.WinApplication._runLoop(Native Method)
	at com.sun.glass.ui.win.WinApplication.lambda$runLoop$3(WinApplication.java:185)
	at java.base/java.lang.Thread.run(Thread.java:1583)
Caused by: java.lang.IndexOutOfBoundsException: Index 4039 out of bounds for length 4000
	at java.base/jdk.internal.util.Preconditions.outOfBounds(Preconditions.java:100)
	at java.base/jdk.internal.util.Preconditions.outOfBoundsCheckIndex(Preconditions.java:106)
	at java.base/jdk.internal.util.Preconditions.checkIndex(Preconditions.java:302)
	at java.base/java.util.Objects.checkIndex(Objects.java:385)
	at java.base/java.util.ArrayList.get(ArrayList.java:427)
	at com.dontjumpinlava.Main.setup(Main.java:1242)
	at com.dontjumpinlava.Main.cloneLevelTiles(Main.java:1262)
	at com.dontjumpinlava.Main.initGame(Main.java:1595)
	at com.almasb.fxgl.app.FXGLApplication$InitAppTask.initGame(FXGLApplication.kt:343)
	at com.almasb.fxgl.app.FXGLApplication$InitAppTask.call(FXGLApplication.kt:321)
	at com.almasb.fxgl.app.FXGLApplication$InitAppTask.call(FXGLApplication.kt:313)
	at javafx.concurrent.Task$TaskCallable.call(Task.java:1399)
	at java.base/java.util.concurrent.FutureTask.run(FutureTask.java:317)
	at java.base/java.util.concurrent.Executors$RunnableAdapter.call(Executors.java:572)
	at java.base/java.util.concurrent.FutureTask.run(FutureTask.java:317)
	at java.base/java.util.concurrent.ThreadPoolExecutor.runWorker(ThreadPoolExecutor.java:1144)
	at java.base/java.util.concurrent.ThreadPoolExecutor$Worker.run(ThreadPoolExecutor.java:642)
	... 1 more

09:00:07.878 [JavaFX Application Thread] FATAL FXGLApplication      - Application will now exit
09:00:07.891 [JavaFX Application Thread] DEBUG PrimaryStageWindow   - Push state: ErrorSubScene
09:00:07.892 [JavaFX Application Thread] DEBUG Input                - Clearing active input actions
09:00:07.892 [FXGL Background Thread 2 ] INFO  UpdaterService       - Your current version:  21+dev-SNAPSHOT
09:00:07.893 [FXGL Background Thread 2 ] INFO  UpdaterService       - Latest stable version: 21.1
09:00:07.900 [JavaFX Application Thread] DEBUG GameApplicationServi - Removing overlay from FXGLLoadingScene and adding to ErrorSubScene
09:00:07.901 [JavaFX Application Thread] DEBUG PrimaryStageWindow   - FXGLLoadingScene -> ErrorSubScene
09:00:09.182 [JavaFX Application Thread] DEBUG FXGLApplication      - Exiting FXGL
09:00:09.182 [JavaFX Application Thread] DEBUG Async                - Shutting down background threads
09:00:09.183 [JavaFX Application Thread] DEBUG PrimaryStageWindow   - Closing main window
09:00:09.193 [JavaFX Application Thread] DEBUG Logger               - Closing Logger
