09:13:06.468 [main                     ] DEBUG Logger               - Configured Logger
09:13:06.492 [main                     ] DEBUG GameApplication      - Logging settings
Title: Don't Jump in Lava
Version: 0.0
Width: 960
Height: 540
Fullscreen: false
Intro: false
Profiling: false
Single step:false
App Mode: DEVELOPER
Menu Key: ESCAPE
Stage Style: DECORATED
Scene Factory: class com.almasb.fxgl.app.scene.SceneFactory

09:13:06.943 [JavaFX Application Thread] DEBUG FXGLApplication      - Initializing FXGL
09:13:06.946 [JavaFX Application Thread] INFO  Engine               - FXGL-21+dev-SNAPSHOT (26.03.2024 21.04) on WINDOWS (J:21.0.6 FX:21)
09:13:06.946 [JavaFX Application Thread] DEBUG Engine               - JRE Vendor Name: Oracle Corporation
09:13:06.946 [JavaFX Application Thread] DEBUG Engine               - Running on OS: Windows 11 version 10.0
09:13:06.947 [JavaFX Application Thread] DEBUG Engine               - Architecture: amd64
09:13:06.947 [JavaFX Application Thread] INFO  Engine               - Source code and latest versions at: https://github.com/AlmasB/FXGL
09:13:06.947 [JavaFX Application Thread] INFO  Engine               -       Ask questions and discuss at: https://github.com/AlmasB/FXGL/discussions
09:13:06.947 [JavaFX Application Thread] INFO  Engine               -              Join the FXGL chat at: https://gitter.im/AlmasB/FXGL
09:13:07.023 [JavaFX Application Thread] DEBUG PrimaryStageWindow   - Creating a JavaFX scene
09:13:07.062 [JavaFX Application Thread] DEBUG PrimaryStageWindow   - Target settings size: 960.0 x 540.0
09:13:07.062 [JavaFX Application Thread] DEBUG PrimaryStageWindow   - Scaled scene size:    960.0 x 540.0
09:13:07.062 [JavaFX Application Thread] DEBUG PrimaryStageWindow   - Scaled ratio: (1.0, 1.0)
09:13:07.063 [JavaFX Application Thread] DEBUG PrimaryStageWindow   - Set initial scene to FXGLStartupScene
09:13:07.066 [JavaFX Application Thread] DEBUG PrimaryStageWindow   - Opening main window
09:13:07.141 [JavaFX Application Thread] DEBUG PrimaryStageWindow   - Window border size: (16.0, 39.0)
09:13:07.141 [JavaFX Application Thread] DEBUG PrimaryStageWindow   - Scaled size: 960.0 x 540.0
09:13:07.141 [JavaFX Application Thread] DEBUG PrimaryStageWindow   - Scaled ratio: (1.0, 1.0)
09:13:07.141 [JavaFX Application Thread] DEBUG PrimaryStageWindow   - Scene size: 960.0 x 540.0
09:13:07.142 [JavaFX Application Thread] DEBUG PrimaryStageWindow   - Stage size: 976.0 x 579.0
09:13:07.148 [FXGL Background Thread 1 ] DEBUG Engine               - Initializing environment variables
09:13:07.192 [FXGL Background Thread 1 ] DEBUG FXGLAssetLoaderServi - User app class for loading assets: class com.dontjumpinlava.Main
09:13:07.192 [FXGL Background Thread 1 ] DEBUG GameApplicationServi - Applying CSS: fxgl_dark.css
09:13:07.193 [FXGL Background Thread 1 ] DEBUG FXGLAssetLoaderServi - Loading from file system: jar:file:/C:/Users/MichaelMgbeojirikwe/.m2/repository/com/github/almasb/fxgl/fxgl/21.1/fxgl-21.1.jar!/fxglassets/ui/css/fxgl_dark.css
09:13:07.229 [FXGL Background Thread 1 ] DEBUG GameApplicationServi - Initializing application scenes
09:13:07.286 [FXGL Background Thread 1 ] DEBUG GameWorld            - Game world initialized
09:13:07.361 [FXGL Background Thread 1 ] DEBUG PhysicsWorld         - Physics world initialized: appHeight=540, physics.ppm=50.0
09:13:07.361 [FXGL Background Thread 1 ] DEBUG PhysicsWorld         - Using strategy: BRUTE_FORCE
09:13:07.365 [FXGL Background Thread 1 ] DEBUG GameScene            - Game scene initialized: 960x540
09:13:07.375 [FXGL Background Thread 1 ] WARN  FXGL.DefaultMenu     - FXGLDefaultMenu is not designed for resolutions < 800x600
09:13:07.376 [FXGL Background Thread 1 ] DEBUG FXGL.DefaultMenu     - createMenuBodyGameMenu()
09:13:07.388 [FXGL Background Thread 1 ] DEBUG FXGL.DefaultMenu     - createOptionsMenu()
09:13:07.397 [FXGL Background Thread 1 ] DEBUG FXGLAssetLoaderServi - Loading from file system: jar:file:/C:/Users/MichaelMgbeojirikwe/.m2/repository/com/github/almasb/fxgl/fxgl/21.1/fxgl-21.1.jar!/fxglassets/textures/particles/smoke.png
09:13:07.503 [FXGL Background Thread 1 ] DEBUG FXGLAssetLoaderServi - Loading from file system: jar:file:/C:/Users/MichaelMgbeojirikwe/.m2/repository/com/github/almasb/fxgl/fxgl/21.1/fxgl-21.1.jar!/fxglassets/textures/particles/trace_horizontal.png
09:13:07.526 [FXGL Background Thread 1 ] DEBUG GameApplicationServi - Application scenes initialized
09:13:07.538 [FXGL Background Thread 1 ] DEBUG SystemBundleService  - Loading FXGL system data
09:13:07.542 [FXGL Background Thread 1 ] DEBUG FileSystemAccess     - Reading from: C:\Users\MichaelMgbeojirikwe\OneDrive - NYC Public Schools\Desktop\Java\games\dontjumpinlava\system\fxgl.bundle
09:13:07.550 [FXGL Background Thread 1 ] DEBUG SystemBundleService  - Bundle FXGL: {}
09:13:07.551 [FXGL Background Thread 1 ] DEBUG UpdaterService       - Checking for updates
09:13:07.555 [FXGL Background Thread 4 ] DEBUG FXGLApplication      - Loading fonts
09:13:07.555 [FXGL Background Thread 4 ] DEBUG FXGLAssetLoaderServi - Loading from file system: jar:file:/C:/Users/MichaelMgbeojirikwe/.m2/repository/com/github/almasb/fxgl/fxgl/21.1/fxgl-21.1.jar!/fxglassets/ui/fonts/VarelaRound-Regular.ttf
09:13:07.557 [FXGL Background Thread 1 ] DEBUG FXGLApplication      - Loading default localization
09:13:07.558 [FXGL Background Thread 1 ] DEBUG FXGLAssetLoaderServi - Loading from file system: jar:file:/C:/Users/MichaelMgbeojirikwe/.m2/repository/com/github/almasb/fxgl/fxgl/21.1/fxgl-21.1.jar!/fxglassets/languages/english.lang
09:13:07.605 [FXGL Background Thread 1 ] INFO  FXGLApplication      - FXGL initialization took: 0.457 sec
09:13:07.608 [FXGL Background Thread 4 ] DEBUG FXGLAssetLoaderServi - Loading from file system: jar:file:/C:/Users/MichaelMgbeojirikwe/.m2/repository/com/github/almasb/fxgl/fxgl/21.1/fxgl-21.1.jar!/fxglassets/ui/fonts/Abel-Regular.ttf
09:13:07.614 [JavaFX Application Thread] DEBUG Input                - Registered new binding: Right - Right
09:13:07.615 [JavaFX Application Thread] DEBUG Input                - Registered new binding: Left - Left
09:13:07.615 [JavaFX Application Thread] DEBUG Input                - Registered new binding: Up - Up
09:13:07.615 [JavaFX Application Thread] DEBUG Input                - Registered new binding: Down - Down
09:13:07.615 [JavaFX Application Thread] DEBUG FXGLAssetLoaderServi - Loading from file system: jar:file:/C:/Users/MichaelMgbeojirikwe/.m2/repository/com/github/almasb/fxgl/fxgl/21.1/fxgl-21.1.jar!/fxglassets/textures/fxgl_icon.png
09:13:07.621 [FXGL Background Thread 4 ] DEBUG FXGLAssetLoaderServi - Loading from file system: jar:file:/C:/Users/MichaelMgbeojirikwe/.m2/repository/com/github/almasb/fxgl/fxgl/21.1/fxgl-21.1.jar!/fxglassets/ui/fonts/TerminalLandMono-Regular.otf
09:13:07.629 [FXGL Background Thread 4 ] DEBUG FXGLAssetLoaderServi - Loading from file system: jar:file:/C:/Users/MichaelMgbeojirikwe/.m2/repository/com/github/almasb/fxgl/fxgl/21.1/fxgl-21.1.jar!/fxglassets/ui/fonts/Courier-Prime.ttf
09:13:07.633 [JavaFX Application Thread] DEBUG FXGLAssetLoaderServi - Loading from file system: jar:file:/C:/Users/MichaelMgbeojirikwe/.m2/repository/com/github/almasb/fxgl/fxgl/21.1/fxgl-21.1.jar!/fxglassets/textures/fxgl_default_cursor.png
09:13:07.637 [JavaFX Application Thread] DEBUG Input                - Registered new binding: Screenshot - CTRL+8
09:13:07.638 [JavaFX Application Thread] DEBUG Input                - Registered new binding: System info dump - CTRL+9
09:13:07.639 [JavaFX Application Thread] DEBUG Input                - Registered new binding: Restart - CTRL+R
09:13:07.642 [JavaFX Application Thread] DEBUG Input                - Registered new binding: Toggle Debug Camera - CTRL+7
09:13:07.652 [JavaFX Application Thread] DEBUG LoopRunner           - Starting loop
09:13:07.653 [JavaFX Application Thread] DEBUG LoopRunner           - Initializing JavaFX AnimationTimerLoop
09:13:07.657 [JavaFX Application Thread] DEBUG GameApplicationServi - Starting new game
09:13:07.658 [JavaFX Application Thread] DEBUG Input                - Clearing active input actions
09:13:07.674 [JavaFX Application Thread] DEBUG GameApplicationServi - Removing overlay from FXGLStartupScene and adding to FXGLLoadingScene
09:13:07.674 [JavaFX Application Thread] DEBUG PrimaryStageWindow   - FXGLStartupScene -> FXGLLoadingScene
09:13:07.674 [JavaFX Application Thread] DEBUG GameApplicationServi - Clearing previous game
09:13:07.675 [JavaFX Application Thread] DEBUG GameScene            - Clearing game scene
09:13:07.675 [JavaFX Application Thread] DEBUG GameWorld            - Clearing game world
09:13:07.675 [JavaFX Application Thread] DEBUG PhysicsWorld         - Clearing physics world
09:13:07.678 [FXGL Background Thread 4 ] DEBUG FXGLApplication      - Initializing game
09:13:07.680 [JavaFX Application Thread] DEBUG FXGLApplication      - Registering font factories with UI factory
09:13:08.369 [FXGL Background Thread 2 ] INFO  UpdaterService       - Your current version:  21+dev-SNAPSHOT
09:13:08.369 [FXGL Background Thread 2 ] INFO  UpdaterService       - Latest stable version: 21.1
09:13:08.453 [FXGL Background Thread 4 ] INFO  FXGLApplication      - Game initialization took: 0.775 sec
09:13:08.454 [JavaFX Application Thread] DEBUG Input                - Clearing active input actions
09:13:08.477 [JavaFX Application Thread] DEBUG GameApplicationServi - Removing overlay from FXGLLoadingScene and adding to GameScene
09:13:08.477 [JavaFX Application Thread] DEBUG PrimaryStageWindow   - FXGLLoadingScene -> GameScene
09:13:08.489 [JavaFX Application Thread] DEBUG LoopRunner           - Stopping loop
09:13:08.495 [JavaFX Application Thread] FATAL FXGLApplication      - Uncaught Exception:
java.lang.IndexOutOfBoundsException: Index -16 out of bounds for length 2250
	at java.base/jdk.internal.util.Preconditions.outOfBounds(Preconditions.java:100)
	at java.base/jdk.internal.util.Preconditions.outOfBoundsCheckIndex(Preconditions.java:106)
	at java.base/jdk.internal.util.Preconditions.checkIndex(Preconditions.java:302)
	at java.base/java.util.Objects.checkIndex(Objects.java:385)
	at java.base/java.util.ArrayList.get(ArrayList.java:427)
	at com.dontjumpinlava.Block.stupid(Main.java:94)
	at com.dontjumpinlava.Block.loopTileY(Main.java:109)
	at com.dontjumpinlava.Block.onUpdate(Main.java:174)
	at com.almasb.fxgl.entity.Entity$ComponentMap.update(Entity.java:60)
	at com.almasb.fxgl.entity.Entity.update(Entity.java:248)
	at com.almasb.fxgl.entity.GameWorld.onUpdate(GameWorld.kt:177)
	at com.almasb.fxgl.app.scene.GameScene.step(GameScene.kt:228)
	at com.almasb.fxgl.app.scene.GameScene.onUpdate(GameScene.kt:224)
	at com.almasb.fxgl.scene.Scene.update(Scene.kt:105)
	at com.almasb.fxgl.app.MainWindow$update$1.invoke(MainWindow.kt:121)
	at com.almasb.fxgl.app.MainWindow$update$1.invoke(MainWindow.kt:121)
	at com.almasb.fxgl.core.fsm.StateMachine.runOnActiveStates(StateMachine.kt:69)
	at com.almasb.fxgl.app.MainWindow.update(MainWindow.kt:121)
	at com.almasb.fxgl.app.FXGLApplication$GameApplicationService.onUpdate(FXGLApplication.kt:445)
	at com.almasb.fxgl.app.Engine.loop(Engine.kt:134)
	at com.almasb.fxgl.app.Engine.access$loop(Engine.kt:24)
	at com.almasb.fxgl.app.Engine$loop$1.invoke(Engine.kt:28)
	at com.almasb.fxgl.app.Engine$loop$1.invoke(Engine.kt:28)
	at com.almasb.fxgl.app.LoopRunner.frame(LoopRunner.kt:103)
	at com.almasb.fxgl.app.LoopRunner.access$frame(LoopRunner.kt:23)
	at com.almasb.fxgl.app.LoopRunner$impl$2$1.onTick(LoopRunner.kt:57)
	at com.almasb.fxgl.app.AnimationTimerLoop$timer$1.handle(LoopRunner.kt:137)
	at javafx.animation.AnimationTimer$AnimationTimerReceiver.lambda$handle$0(AnimationTimer.java:58)
	at java.base/java.security.AccessController.doPrivileged(AccessController.java:400)
	at javafx.animation.AnimationTimer$AnimationTimerReceiver.handle(AnimationTimer.java:57)
	at com.sun.scenario.animation.AbstractPrimaryTimer.timePulseImpl(AbstractPrimaryTimer.java:356)
	at com.sun.scenario.animation.AbstractPrimaryTimer$MainLoop.run(AbstractPrimaryTimer.java:266)
	at com.sun.javafx.tk.quantum.QuantumToolkit.pulse(QuantumToolkit.java:588)
	at com.sun.javafx.tk.quantum.QuantumToolkit.pulse(QuantumToolkit.java:572)
	at com.sun.javafx.tk.quantum.QuantumToolkit.pulseFromQueue(QuantumToolkit.java:565)
	at com.sun.javafx.tk.quantum.QuantumToolkit.lambda$runToolkit$11(QuantumToolkit.java:352)
	at com.sun.glass.ui.InvokeLaterDispatcher$Future.run(InvokeLaterDispatcher.java:95)
	at com.sun.glass.ui.win.WinApplication._runLoop(Native Method)
	at com.sun.glass.ui.win.WinApplication.lambda$runLoop$3(WinApplication.java:185)
	at java.base/java.lang.Thread.run(Thread.java:1583)

09:13:08.497 [JavaFX Application Thread] FATAL FXGLApplication      - Application will now exit
09:13:08.519 [JavaFX Application Thread] DEBUG PrimaryStageWindow   - Push state: ErrorSubScene
09:13:08.519 [JavaFX Application Thread] DEBUG Input                - Clearing active input actions
09:13:08.529 [JavaFX Application Thread] DEBUG GameApplicationServi - Removing overlay from GameScene and adding to ErrorSubScene
09:13:08.530 [JavaFX Application Thread] DEBUG PrimaryStageWindow   - GameScene -> ErrorSubScene
09:13:10.323 [JavaFX Application Thread] DEBUG FXGLApplication      - Exiting FXGL
09:13:10.323 [JavaFX Application Thread] DEBUG Async                - Shutting down background threads
09:13:10.323 [JavaFX Application Thread] DEBUG PrimaryStageWindow   - Closing main window
09:13:10.331 [JavaFX Application Thread] DEBUG Logger               - Closing Logger
