09:33:11.326 [main                     ] DEBUG Logger               - Configured Logger
09:33:11.346 [main                     ] DEBUG GameApplication      - Logging settings
Title: Don't Jump in Lava
Version: 0.0
Width: 960
Height: 540
Fullscreen: false
Intro: false
Profiling: false
Single step:false
App Mode: DEVELOPER
Menu Key: ESCAPE
Stage Style: DECORATED
Scene Factory: class com.almasb.fxgl.app.scene.SceneFactory

09:33:11.732 [JavaFX Application Thread] DEBUG FXGLApplication      - Initializing FXGL
09:33:11.734 [JavaFX Application Thread] INFO  Engine               - FXGL-21+dev-SNAPSHOT (26.03.2024 21.04) on WINDOWS (J:21.0.6 FX:21)
09:33:11.735 [JavaFX Application Thread] DEBUG Engine               - JRE Vendor Name: Oracle Corporation
09:33:11.735 [JavaFX Application Thread] DEBUG Engine               - Running on OS: Windows 11 version 10.0
09:33:11.735 [JavaFX Application Thread] DEBUG Engine               - Architecture: amd64
09:33:11.735 [JavaFX Application Thread] INFO  Engine               - Source code and latest versions at: https://github.com/AlmasB/FXGL
09:33:11.735 [JavaFX Application Thread] INFO  Engine               -       Ask questions and discuss at: https://github.com/AlmasB/FXGL/discussions
09:33:11.735 [JavaFX Application Thread] INFO  Engine               -              Join the FXGL chat at: https://gitter.im/AlmasB/FXGL
09:33:11.807 [JavaFX Application Thread] DEBUG PrimaryStageWindow   - Creating a JavaFX scene
09:33:11.845 [JavaFX Application Thread] DEBUG PrimaryStageWindow   - Target settings size: 960.0 x 540.0
09:33:11.845 [JavaFX Application Thread] DEBUG PrimaryStageWindow   - Scaled scene size:    960.0 x 540.0
09:33:11.845 [JavaFX Application Thread] DEBUG PrimaryStageWindow   - Scaled ratio: (1.0, 1.0)
09:33:11.846 [JavaFX Application Thread] DEBUG PrimaryStageWindow   - Set initial scene to FXGLStartupScene
09:33:11.849 [JavaFX Application Thread] DEBUG PrimaryStageWindow   - Opening main window
09:33:11.916 [JavaFX Application Thread] DEBUG PrimaryStageWindow   - Window border size: (16.0, 39.0)
09:33:11.916 [JavaFX Application Thread] DEBUG PrimaryStageWindow   - Scaled size: 960.0 x 540.0
09:33:11.916 [JavaFX Application Thread] DEBUG PrimaryStageWindow   - Scaled ratio: (1.0, 1.0)
09:33:11.916 [JavaFX Application Thread] DEBUG PrimaryStageWindow   - Scene size: 960.0 x 540.0
09:33:11.917 [JavaFX Application Thread] DEBUG PrimaryStageWindow   - Stage size: 976.0 x 579.0
09:33:11.921 [FXGL Background Thread 1 ] DEBUG Engine               - Initializing environment variables
09:33:11.957 [FXGL Background Thread 1 ] DEBUG FXGLAssetLoaderServi - User app class for loading assets: class com.dontjumpinlava.Main
09:33:11.957 [FXGL Background Thread 1 ] DEBUG GameApplicationServi - Applying CSS: fxgl_dark.css
09:33:11.957 [FXGL Background Thread 1 ] DEBUG FXGLAssetLoaderServi - Loading from file system: jar:file:/C:/Users/MichaelMgbeojirikwe/.m2/repository/com/github/almasb/fxgl/fxgl/21.1/fxgl-21.1.jar!/fxglassets/ui/css/fxgl_dark.css
09:33:11.985 [FXGL Background Thread 1 ] DEBUG GameApplicationServi - Initializing application scenes
09:33:12.022 [FXGL Background Thread 1 ] DEBUG GameWorld            - Game world initialized
09:33:12.072 [FXGL Background Thread 1 ] DEBUG PhysicsWorld         - Physics world initialized: appHeight=540, physics.ppm=50.0
09:33:12.072 [FXGL Background Thread 1 ] DEBUG PhysicsWorld         - Using strategy: BRUTE_FORCE
09:33:12.074 [FXGL Background Thread 1 ] DEBUG GameScene            - Game scene initialized: 960x540
09:33:12.082 [FXGL Background Thread 1 ] WARN  FXGL.DefaultMenu     - FXGLDefaultMenu is not designed for resolutions < 800x600
09:33:12.083 [FXGL Background Thread 1 ] DEBUG FXGL.DefaultMenu     - createMenuBodyGameMenu()
09:33:12.094 [FXGL Background Thread 1 ] DEBUG FXGL.DefaultMenu     - createOptionsMenu()
09:33:12.100 [FXGL Background Thread 1 ] DEBUG FXGLAssetLoaderServi - Loading from file system: jar:file:/C:/Users/MichaelMgbeojirikwe/.m2/repository/com/github/almasb/fxgl/fxgl/21.1/fxgl-21.1.jar!/fxglassets/textures/particles/smoke.png
09:33:12.190 [FXGL Background Thread 1 ] DEBUG FXGLAssetLoaderServi - Loading from file system: jar:file:/C:/Users/MichaelMgbeojirikwe/.m2/repository/com/github/almasb/fxgl/fxgl/21.1/fxgl-21.1.jar!/fxglassets/textures/particles/trace_horizontal.png
09:33:12.212 [FXGL Background Thread 1 ] DEBUG GameApplicationServi - Application scenes initialized
09:33:12.224 [FXGL Background Thread 1 ] DEBUG SystemBundleService  - Loading FXGL system data
09:33:12.227 [FXGL Background Thread 1 ] DEBUG FileSystemAccess     - Reading from: C:\Users\MichaelMgbeojirikwe\OneDrive - NYC Public Schools\Desktop\Java\games\dontjumpinlava\system\fxgl.bundle
09:33:12.232 [FXGL Background Thread 1 ] DEBUG SystemBundleService  - Bundle FXGL: {}
09:33:12.232 [FXGL Background Thread 1 ] DEBUG UpdaterService       - Checking for updates
09:33:12.236 [FXGL Background Thread 4 ] DEBUG FXGLApplication      - Loading fonts
09:33:12.236 [FXGL Background Thread 4 ] DEBUG FXGLAssetLoaderServi - Loading from file system: jar:file:/C:/Users/MichaelMgbeojirikwe/.m2/repository/com/github/almasb/fxgl/fxgl/21.1/fxgl-21.1.jar!/fxglassets/ui/fonts/VarelaRound-Regular.ttf
09:33:12.237 [FXGL Background Thread 1 ] DEBUG FXGLApplication      - Loading default localization
09:33:12.237 [FXGL Background Thread 1 ] DEBUG FXGLAssetLoaderServi - Loading from file system: jar:file:/C:/Users/MichaelMgbeojirikwe/.m2/repository/com/github/almasb/fxgl/fxgl/21.1/fxgl-21.1.jar!/fxglassets/languages/english.lang
09:33:12.273 [FXGL Background Thread 4 ] DEBUG FXGLAssetLoaderServi - Loading from file system: jar:file:/C:/Users/MichaelMgbeojirikwe/.m2/repository/com/github/almasb/fxgl/fxgl/21.1/fxgl-21.1.jar!/fxglassets/ui/fonts/Abel-Regular.ttf
09:33:12.278 [FXGL Background Thread 4 ] DEBUG FXGLAssetLoaderServi - Loading from file system: jar:file:/C:/Users/MichaelMgbeojirikwe/.m2/repository/com/github/almasb/fxgl/fxgl/21.1/fxgl-21.1.jar!/fxglassets/ui/fonts/TerminalLandMono-Regular.otf
09:33:12.279 [FXGL Background Thread 1 ] INFO  FXGLApplication      - FXGL initialization took: 0.357 sec
09:33:12.282 [FXGL Background Thread 4 ] DEBUG FXGLAssetLoaderServi - Loading from file system: jar:file:/C:/Users/MichaelMgbeojirikwe/.m2/repository/com/github/almasb/fxgl/fxgl/21.1/fxgl-21.1.jar!/fxglassets/ui/fonts/Courier-Prime.ttf
09:33:12.285 [JavaFX Application Thread] DEBUG Input                - Registered new binding: Up - Up
09:33:12.286 [JavaFX Application Thread] DEBUG Input                - Registered new binding: Right - Right
09:33:12.286 [JavaFX Application Thread] DEBUG Input                - Registered new binding: Left - Left
09:33:12.286 [JavaFX Application Thread] DEBUG Input                - Registered new binding: Down - Down
09:33:12.286 [JavaFX Application Thread] DEBUG Input                - Registered new binding: W - W
09:33:12.286 [JavaFX Application Thread] DEBUG Input                - Registered new binding: A - A
09:33:12.286 [JavaFX Application Thread] DEBUG Input                - Registered new binding: S - S
09:33:12.286 [JavaFX Application Thread] DEBUG Input                - Registered new binding: D - D
09:33:12.286 [JavaFX Application Thread] DEBUG Input                - Registered new binding: E - E
09:33:12.286 [JavaFX Application Thread] DEBUG Input                - Registered new binding: Eyedrop - Q
09:33:12.286 [JavaFX Application Thread] DEBUG Input                - Registered new binding: Space - Space
09:33:12.288 [JavaFX Application Thread] DEBUG Input                - Registered new binding: Click - LMB
09:33:12.288 [JavaFX Application Thread] DEBUG Input                - Registered new binding: Grass - 1
09:33:12.288 [JavaFX Application Thread] DEBUG Input                - Registered new binding: Dirt - 2
09:33:12.288 [JavaFX Application Thread] DEBUG Input                - Registered new binding: Stone - 3
09:33:12.288 [JavaFX Application Thread] DEBUG Input                - Registered new binding: Bedrock - 4
09:33:12.289 [JavaFX Application Thread] DEBUG FXGLAssetLoaderServi - Loading from file system: jar:file:/C:/Users/MichaelMgbeojirikwe/.m2/repository/com/github/almasb/fxgl/fxgl/21.1/fxgl-21.1.jar!/fxglassets/textures/fxgl_icon.png
09:33:12.301 [JavaFX Application Thread] DEBUG FXGLAssetLoaderServi - Loading from file system: jar:file:/C:/Users/MichaelMgbeojirikwe/.m2/repository/com/github/almasb/fxgl/fxgl/21.1/fxgl-21.1.jar!/fxglassets/textures/fxgl_default_cursor.png
09:33:12.304 [JavaFX Application Thread] DEBUG Input                - Registered new binding: Screenshot - CTRL+8
09:33:12.304 [JavaFX Application Thread] DEBUG Input                - Registered new binding: System info dump - CTRL+9
09:33:12.305 [JavaFX Application Thread] DEBUG Input                - Registered new binding: Restart - CTRL+R
09:33:12.306 [JavaFX Application Thread] DEBUG Input                - Registered new binding: Toggle Debug Camera - CTRL+7
09:33:12.313 [JavaFX Application Thread] DEBUG LoopRunner           - Starting loop
09:33:12.313 [JavaFX Application Thread] DEBUG LoopRunner           - Initializing JavaFX AnimationTimerLoop
09:33:12.318 [JavaFX Application Thread] DEBUG GameApplicationServi - Starting new game
09:33:12.319 [JavaFX Application Thread] DEBUG Input                - Clearing active input actions
09:33:12.331 [JavaFX Application Thread] DEBUG GameApplicationServi - Removing overlay from FXGLStartupScene and adding to FXGLLoadingScene
09:33:12.331 [JavaFX Application Thread] DEBUG PrimaryStageWindow   - FXGLStartupScene -> FXGLLoadingScene
09:33:12.331 [JavaFX Application Thread] DEBUG GameApplicationServi - Clearing previous game
09:33:12.331 [JavaFX Application Thread] DEBUG GameScene            - Clearing game scene
09:33:12.331 [JavaFX Application Thread] DEBUG GameWorld            - Clearing game world
09:33:12.331 [JavaFX Application Thread] DEBUG PhysicsWorld         - Clearing physics world
09:33:12.333 [FXGL Background Thread 4 ] DEBUG FXGLApplication      - Initializing game
09:33:12.818 [FXGL Background Thread 2 ] INFO  UpdaterService       - Your current version:  21+dev-SNAPSHOT
09:33:12.818 [FXGL Background Thread 2 ] INFO  UpdaterService       - Latest stable version: 21.1
09:33:12.887 [JavaFX Application Thread] DEBUG LoopRunner           - Stopping loop
09:33:12.888 [JavaFX Application Thread] FATAL FXGLApplication      - Uncaught Exception:
java.lang.RuntimeException: Initialization failed
	at com.almasb.fxgl.app.FXGLApplication$InitAppTask.failed(FXGLApplication.kt:347)
	at javafx.concurrent.Task.setState(Task.java:710)
	at javafx.concurrent.Task$TaskCallable.lambda$call$2(Task.java:1429)
	at com.sun.javafx.application.PlatformImpl.lambda$runLater$10(PlatformImpl.java:456)
	at java.base/java.security.AccessController.doPrivileged(AccessController.java:400)
	at com.sun.javafx.application.PlatformImpl.lambda$runLater$11(PlatformImpl.java:455)
	at com.sun.glass.ui.InvokeLaterDispatcher$Future.run(InvokeLaterDispatcher.java:95)
	at com.sun.glass.ui.win.WinApplication._runLoop(Native Method)
	at com.sun.glass.ui.win.WinApplication.lambda$runLoop$3(WinApplication.java:185)
	at java.base/java.lang.Thread.run(Thread.java:1583)
Caused by: java.lang.StringIndexOutOfBoundsException: Index 25 out of bounds for length 25
	at java.base/jdk.internal.util.Preconditions$1.apply(Preconditions.java:55)
	at java.base/jdk.internal.util.Preconditions$1.apply(Preconditions.java:52)
	at java.base/jdk.internal.util.Preconditions$4.apply(Preconditions.java:213)
	at java.base/jdk.internal.util.Preconditions$4.apply(Preconditions.java:210)
	at java.base/jdk.internal.util.Preconditions.outOfBounds(Preconditions.java:98)
	at java.base/jdk.internal.util.Preconditions.outOfBoundsCheckIndex(Preconditions.java:106)
	at java.base/jdk.internal.util.Preconditions.checkIndex(Preconditions.java:302)
	at java.base/java.lang.String.checkIndex(String.java:4832)
	at java.base/java.lang.StringLatin1.charAt(StringLatin1.java:46)
	at java.base/java.lang.String.charAt(String.java:1555)
	at com.dontjumpinlava.Main.encodeLevel(Main.java:1336)
	at com.dontjumpinlava.Main.initGame(Main.java:1399)
	at com.almasb.fxgl.app.FXGLApplication$InitAppTask.initGame(FXGLApplication.kt:343)
	at com.almasb.fxgl.app.FXGLApplication$InitAppTask.call(FXGLApplication.kt:321)
	at com.almasb.fxgl.app.FXGLApplication$InitAppTask.call(FXGLApplication.kt:313)
	at javafx.concurrent.Task$TaskCallable.call(Task.java:1399)
	at java.base/java.util.concurrent.FutureTask.run(FutureTask.java:317)
	at java.base/java.util.concurrent.Executors$RunnableAdapter.call(Executors.java:572)
	at java.base/java.util.concurrent.FutureTask.run(FutureTask.java:317)
	at java.base/java.util.concurrent.ThreadPoolExecutor.runWorker(ThreadPoolExecutor.java:1144)
	at java.base/java.util.concurrent.ThreadPoolExecutor$Worker.run(ThreadPoolExecutor.java:642)
	... 1 more

09:33:12.889 [JavaFX Application Thread] FATAL FXGLApplication      - Application will now exit
09:33:12.900 [JavaFX Application Thread] DEBUG PrimaryStageWindow   - Push state: ErrorSubScene
09:33:12.901 [JavaFX Application Thread] DEBUG Input                - Clearing active input actions
09:33:12.905 [JavaFX Application Thread] DEBUG GameApplicationServi - Removing overlay from FXGLLoadingScene and adding to ErrorSubScene
09:33:12.905 [JavaFX Application Thread] DEBUG PrimaryStageWindow   - FXGLLoadingScene -> ErrorSubScene
09:33:14.365 [JavaFX Application Thread] DEBUG FXGLApplication      - Exiting FXGL
09:33:14.366 [JavaFX Application Thread] DEBUG Async                - Shutting down background threads
09:33:14.366 [JavaFX Application Thread] DEBUG PrimaryStageWindow   - Closing main window
09:33:14.376 [JavaFX Application Thread] DEBUG Logger               - Closing Logger
