08:58:05.236 [main                     ] DEBUG Logger               - Configured Logger
08:58:05.256 [main                     ] DEBUG GameApplication      - Logging settings
Title: Don't Jump in Lava
Version: 0.0
Width: 960
Height: 540
Fullscreen: false
Intro: false
Profiling: false
Single step:false
App Mode: DEVELOPER
Menu Key: ESCAPE
Stage Style: DECORATED
Scene Factory: class com.almasb.fxgl.app.scene.SceneFactory

08:58:05.663 [JavaFX Application Thread] DEBUG FXGLApplication      - Initializing FXGL
08:58:05.666 [JavaFX Application Thread] INFO  Engine               - FXGL-21+dev-SNAPSHOT (26.03.2024 21.04) on WINDOWS (J:21.0.6 FX:21)
08:58:05.667 [JavaFX Application Thread] DEBUG Engine               - JRE Vendor Name: Oracle Corporation
08:58:05.667 [JavaFX Application Thread] DEBUG Engine               - Running on OS: Windows 11 version 10.0
08:58:05.667 [JavaFX Application Thread] DEBUG Engine               - Architecture: amd64
08:58:05.667 [JavaFX Application Thread] INFO  Engine               - Source code and latest versions at: https://github.com/AlmasB/FXGL
08:58:05.667 [JavaFX Application Thread] INFO  Engine               -       Ask questions and discuss at: https://github.com/AlmasB/FXGL/discussions
08:58:05.667 [JavaFX Application Thread] INFO  Engine               -              Join the FXGL chat at: https://gitter.im/AlmasB/FXGL
08:58:05.749 [JavaFX Application Thread] DEBUG PrimaryStageWindow   - Creating a JavaFX scene
08:58:05.794 [JavaFX Application Thread] DEBUG PrimaryStageWindow   - Target settings size: 960.0 x 540.0
08:58:05.794 [JavaFX Application Thread] DEBUG PrimaryStageWindow   - Scaled scene size:    960.0 x 540.0
08:58:05.794 [JavaFX Application Thread] DEBUG PrimaryStageWindow   - Scaled ratio: (1.0, 1.0)
08:58:05.795 [JavaFX Application Thread] DEBUG PrimaryStageWindow   - Set initial scene to FXGLStartupScene
08:58:05.798 [JavaFX Application Thread] DEBUG PrimaryStageWindow   - Opening main window
08:58:05.870 [JavaFX Application Thread] DEBUG PrimaryStageWindow   - Window border size: (16.0, 39.0)
08:58:05.870 [JavaFX Application Thread] DEBUG PrimaryStageWindow   - Scaled size: 960.0 x 540.0
08:58:05.870 [JavaFX Application Thread] DEBUG PrimaryStageWindow   - Scaled ratio: (1.0, 1.0)
08:58:05.870 [JavaFX Application Thread] DEBUG PrimaryStageWindow   - Scene size: 960.0 x 540.0
08:58:05.870 [JavaFX Application Thread] DEBUG PrimaryStageWindow   - Stage size: 976.0 x 579.0
08:58:05.876 [FXGL Background Thread 1 ] DEBUG Engine               - Initializing environment variables
08:58:05.913 [FXGL Background Thread 1 ] DEBUG FXGLAssetLoaderServi - User app class for loading assets: class com.dontjumpinlava.Main
08:58:05.913 [FXGL Background Thread 1 ] DEBUG GameApplicationServi - Applying CSS: fxgl_dark.css
08:58:05.914 [FXGL Background Thread 1 ] DEBUG FXGLAssetLoaderServi - Loading from file system: jar:file:/C:/Users/MichaelMgbeojirikwe/.m2/repository/com/github/almasb/fxgl/fxgl/21.1/fxgl-21.1.jar!/fxglassets/ui/css/fxgl_dark.css
08:58:05.942 [FXGL Background Thread 1 ] DEBUG GameApplicationServi - Initializing application scenes
08:58:05.980 [FXGL Background Thread 1 ] DEBUG GameWorld            - Game world initialized
08:58:06.028 [FXGL Background Thread 1 ] DEBUG PhysicsWorld         - Physics world initialized: appHeight=540, physics.ppm=50.0
08:58:06.028 [FXGL Background Thread 1 ] DEBUG PhysicsWorld         - Using strategy: BRUTE_FORCE
08:58:06.030 [FXGL Background Thread 1 ] DEBUG GameScene            - Game scene initialized: 960x540
08:58:06.040 [FXGL Background Thread 1 ] WARN  FXGL.DefaultMenu     - FXGLDefaultMenu is not designed for resolutions < 800x600
08:58:06.041 [FXGL Background Thread 1 ] DEBUG FXGL.DefaultMenu     - createMenuBodyGameMenu()
08:58:06.052 [FXGL Background Thread 1 ] DEBUG FXGL.DefaultMenu     - createOptionsMenu()
08:58:06.058 [FXGL Background Thread 1 ] DEBUG FXGLAssetLoaderServi - Loading from file system: jar:file:/C:/Users/MichaelMgbeojirikwe/.m2/repository/com/github/almasb/fxgl/fxgl/21.1/fxgl-21.1.jar!/fxglassets/textures/particles/smoke.png
08:58:06.154 [FXGL Background Thread 1 ] DEBUG FXGLAssetLoaderServi - Loading from file system: jar:file:/C:/Users/MichaelMgbeojirikwe/.m2/repository/com/github/almasb/fxgl/fxgl/21.1/fxgl-21.1.jar!/fxglassets/textures/particles/trace_horizontal.png
08:58:06.173 [FXGL Background Thread 1 ] DEBUG GameApplicationServi - Application scenes initialized
08:58:06.181 [FXGL Background Thread 1 ] DEBUG SystemBundleService  - Loading FXGL system data
08:58:06.185 [FXGL Background Thread 1 ] DEBUG FileSystemAccess     - Reading from: C:\Users\MichaelMgbeojirikwe\OneDrive - NYC Public Schools\Desktop\Java\games\dontjumpinlava\system\fxgl.bundle
08:58:06.192 [FXGL Background Thread 1 ] DEBUG SystemBundleService  - Bundle FXGL: {}
08:58:06.192 [FXGL Background Thread 1 ] DEBUG UpdaterService       - Checking for updates
08:58:06.195 [FXGL Background Thread 4 ] DEBUG FXGLApplication      - Loading fonts
08:58:06.196 [FXGL Background Thread 4 ] DEBUG FXGLAssetLoaderServi - Loading from file system: jar:file:/C:/Users/MichaelMgbeojirikwe/.m2/repository/com/github/almasb/fxgl/fxgl/21.1/fxgl-21.1.jar!/fxglassets/ui/fonts/VarelaRound-Regular.ttf
08:58:06.196 [FXGL Background Thread 1 ] DEBUG FXGLApplication      - Loading default localization
08:58:06.196 [FXGL Background Thread 1 ] DEBUG FXGLAssetLoaderServi - Loading from file system: jar:file:/C:/Users/MichaelMgbeojirikwe/.m2/repository/com/github/almasb/fxgl/fxgl/21.1/fxgl-21.1.jar!/fxglassets/languages/english.lang
08:58:06.232 [FXGL Background Thread 4 ] DEBUG FXGLAssetLoaderServi - Loading from file system: jar:file:/C:/Users/MichaelMgbeojirikwe/.m2/repository/com/github/almasb/fxgl/fxgl/21.1/fxgl-21.1.jar!/fxglassets/ui/fonts/Abel-Regular.ttf
08:58:06.236 [FXGL Background Thread 1 ] INFO  FXGLApplication      - FXGL initialization took: 0.360 sec
08:58:06.236 [FXGL Background Thread 4 ] DEBUG FXGLAssetLoaderServi - Loading from file system: jar:file:/C:/Users/MichaelMgbeojirikwe/.m2/repository/com/github/almasb/fxgl/fxgl/21.1/fxgl-21.1.jar!/fxglassets/ui/fonts/TerminalLandMono-Regular.otf
08:58:06.240 [FXGL Background Thread 4 ] DEBUG FXGLAssetLoaderServi - Loading from file system: jar:file:/C:/Users/MichaelMgbeojirikwe/.m2/repository/com/github/almasb/fxgl/fxgl/21.1/fxgl-21.1.jar!/fxglassets/ui/fonts/Courier-Prime.ttf
08:58:06.242 [JavaFX Application Thread] DEBUG Input                - Registered new binding: Up - Up
08:58:06.242 [JavaFX Application Thread] DEBUG Input                - Registered new binding: Right - Right
08:58:06.243 [JavaFX Application Thread] DEBUG Input                - Registered new binding: Left - Left
08:58:06.243 [JavaFX Application Thread] DEBUG Input                - Registered new binding: Down - Down
08:58:06.243 [JavaFX Application Thread] DEBUG Input                - Registered new binding: W - W
08:58:06.243 [JavaFX Application Thread] DEBUG Input                - Registered new binding: A - A
08:58:06.243 [JavaFX Application Thread] DEBUG Input                - Registered new binding: S - S
08:58:06.243 [JavaFX Application Thread] DEBUG Input                - Registered new binding: D - D
08:58:06.243 [JavaFX Application Thread] DEBUG Input                - Registered new binding: E - E
08:58:06.243 [JavaFX Application Thread] DEBUG Input                - Registered new binding: Eyedrop - Q
08:58:06.243 [JavaFX Application Thread] DEBUG Input                - Registered new binding: Space - Space
08:58:06.246 [JavaFX Application Thread] DEBUG Input                - Registered new binding: Click - LMB
08:58:06.248 [JavaFX Application Thread] DEBUG Input                - Registered new binding: Grass - 1
08:58:06.248 [JavaFX Application Thread] DEBUG Input                - Registered new binding: Dirt - 2
08:58:06.248 [JavaFX Application Thread] DEBUG Input                - Registered new binding: Stone - 3
08:58:06.248 [JavaFX Application Thread] DEBUG Input                - Registered new binding: Bedrock - 4
08:58:06.248 [JavaFX Application Thread] DEBUG Input                - Registered new binding: Enemy - 5
08:58:06.248 [JavaFX Application Thread] DEBUG Input                - Registered new binding: L - L
08:58:06.248 [JavaFX Application Thread] DEBUG Input                - Registered new binding: R - R
08:58:06.248 [JavaFX Application Thread] DEBUG Input                - Registered new binding: G - G
08:58:06.249 [JavaFX Application Thread] DEBUG FXGLAssetLoaderServi - Loading from file system: jar:file:/C:/Users/MichaelMgbeojirikwe/.m2/repository/com/github/almasb/fxgl/fxgl/21.1/fxgl-21.1.jar!/fxglassets/textures/fxgl_icon.png
08:58:06.265 [JavaFX Application Thread] DEBUG FXGLAssetLoaderServi - Loading from file system: jar:file:/C:/Users/MichaelMgbeojirikwe/.m2/repository/com/github/almasb/fxgl/fxgl/21.1/fxgl-21.1.jar!/fxglassets/textures/fxgl_default_cursor.png
08:58:06.269 [JavaFX Application Thread] DEBUG Input                - Registered new binding: Screenshot - CTRL+8
08:58:06.269 [JavaFX Application Thread] DEBUG Input                - Registered new binding: System info dump - CTRL+9
08:58:06.270 [JavaFX Application Thread] DEBUG Input                - Registered new binding: Restart - CTRL+R
08:58:06.271 [JavaFX Application Thread] DEBUG Input                - Registered new binding: Toggle Debug Camera - CTRL+7
08:58:06.278 [JavaFX Application Thread] DEBUG LoopRunner           - Starting loop
08:58:06.278 [JavaFX Application Thread] DEBUG LoopRunner           - Initializing JavaFX AnimationTimerLoop
08:58:06.280 [JavaFX Application Thread] DEBUG GameApplicationServi - Starting new game
08:58:06.281 [JavaFX Application Thread] DEBUG Input                - Clearing active input actions
08:58:06.293 [JavaFX Application Thread] DEBUG GameApplicationServi - Removing overlay from FXGLStartupScene and adding to FXGLLoadingScene
08:58:06.293 [JavaFX Application Thread] DEBUG PrimaryStageWindow   - FXGLStartupScene -> FXGLLoadingScene
08:58:06.293 [JavaFX Application Thread] DEBUG GameApplicationServi - Clearing previous game
08:58:06.294 [JavaFX Application Thread] DEBUG GameScene            - Clearing game scene
08:58:06.294 [JavaFX Application Thread] DEBUG GameWorld            - Clearing game world
08:58:06.294 [JavaFX Application Thread] DEBUG PhysicsWorld         - Clearing physics world
08:58:06.296 [FXGL Background Thread 4 ] DEBUG FXGLApplication      - Initializing game
08:58:06.297 [JavaFX Application Thread] DEBUG FXGLApplication      - Registering font factories with UI factory
08:58:06.847 [FXGL Background Thread 4 ] INFO  FXGLApplication      - Game initialization took: 0.551 sec
08:58:06.850 [JavaFX Application Thread] DEBUG Input                - Clearing active input actions
08:58:06.862 [FXGL Background Thread 2 ] INFO  UpdaterService       - Your current version:  21+dev-SNAPSHOT
08:58:06.862 [FXGL Background Thread 2 ] INFO  UpdaterService       - Latest stable version: 21.1
08:58:06.869 [JavaFX Application Thread] DEBUG GameApplicationServi - Removing overlay from FXGLLoadingScene and adding to GameScene
08:58:06.870 [JavaFX Application Thread] DEBUG PrimaryStageWindow   - FXGLLoadingScene -> GameScene
08:58:08.211 [JavaFX Application Thread] DEBUG FXGLAssetLoaderServi - Loading from file system: file:/C:/Users/MichaelMgbeojirikwe/OneDrive%20-%20NYC%20Public%20Schools/Desktop/Java/games/dontjumpinlava/target/classes/assets/textures/EnemyStand.png
08:58:09.194 [FXGL Background Thread 3 ] DEBUG Engine               - Logging environment variables
08:58:09.194 [FXGL Background Thread 3 ] DEBUG Engine               - achievements: []
08:58:09.194 [FXGL Background Thread 3 ] DEBUG Engine               - actualHeight: 540.0
08:58:09.194 [FXGL Background Thread 3 ] DEBUG Engine               - actualHeightProperty: ReadOnlyDoubleProperty [value: 540.0]
08:58:09.194 [FXGL Background Thread 3 ] DEBUG Engine               - actualWidth: 960.0
08:58:09.194 [FXGL Background Thread 3 ] DEBUG Engine               - actualWidthProperty: ReadOnlyDoubleProperty [value: 960.0]
08:58:09.194 [FXGL Background Thread 3 ] DEBUG Engine               - appIcon: fxgl_icon.png
08:58:09.194 [FXGL Background Thread 3 ] DEBUG Engine               - applicationMode: DEVELOPER
08:58:09.194 [FXGL Background Thread 3 ] DEBUG Engine               - cSSList: [fxgl_dark.css]
08:58:09.194 [FXGL Background Thread 3 ] DEBUG Engine               - collisionDetectionStrategy: BRUTE_FORCE
08:58:09.194 [FXGL Background Thread 3 ] DEBUG Engine               - configClass: Optional.empty
08:58:09.194 [FXGL Background Thread 3 ] DEBUG Engine               - credits: []
08:58:09.195 [FXGL Background Thread 3 ] DEBUG Engine               - defaultCursor: CursorInfo(imageName=fxgl_default_cursor.png, hotspotX=7.0, hotspotY=6.0)
08:58:09.195 [FXGL Background Thread 3 ] DEBUG Engine               - devBBoxColorProperty: ObjectProperty [value: 0xff0000ff]
08:58:09.195 [FXGL Background Thread 3 ] DEBUG Engine               - devEnableDebugCameraProperty: BooleanProperty [value: false]
08:58:09.195 [FXGL Background Thread 3 ] DEBUG Engine               - devSensorColorProperty: ObjectProperty [value: 0xffff00ff]
08:58:09.195 [FXGL Background Thread 3 ] DEBUG Engine               - devShowBBoxProperty: BooleanProperty [value: false]
08:58:09.195 [FXGL Background Thread 3 ] DEBUG Engine               - devShowPositionProperty: BooleanProperty [value: false]
08:58:09.195 [FXGL Background Thread 3 ] DEBUG Engine               - enabledMenuItems: []
08:58:09.195 [FXGL Background Thread 3 ] DEBUG Engine               - engineServices: [class com.almasb.fxgl.app.services.FXGLAssetLoaderService, class com.almasb.fxgl.app.FXGLApplication$GameApplicationService, class com.almasb.fxgl.app.services.FXGLDialogService, class com.almasb.fxgl.app.services.IOTaskExecutorService, class com.almasb.fxgl.io.FileSystemService, class com.almasb.fxgl.localization.LocalizationService, class com.almasb.fxgl.app.services.SystemBundleService, class com.almasb.fxgl.profile.SaveLoadService, class com.almasb.fxgl.ui.FXGLUIFactoryServiceProvider, class com.almasb.fxgl.ui.FXGLDialogFactoryServiceProvider, class com.almasb.fxgl.audio.AudioPlayer, class com.almasb.fxgl.notification.impl.NotificationServiceProvider, class com.almasb.fxgl.achievement.AchievementService, class com.almasb.fxgl.cutscene.CutsceneService, class com.almasb.fxgl.minigames.MiniGameService, class com.almasb.fxgl.net.NetService, class com.almasb.fxgl.app.services.UpdaterService, class com.almasb.fxgl.dev.DevService]
08:58:09.195 [FXGL Background Thread 3 ] DEBUG Engine               - fontGame: Abel-Regular.ttf
08:58:09.195 [FXGL Background Thread 3 ] DEBUG Engine               - fontMono: TerminalLandMono-Regular.otf
08:58:09.195 [FXGL Background Thread 3 ] DEBUG Engine               - fontSizeScaleUI: 1.0
08:58:09.195 [FXGL Background Thread 3 ] DEBUG Engine               - fontText: Courier-Prime.ttf
08:58:09.195 [FXGL Background Thread 3 ] DEBUG Engine               - fontUI: VarelaRound-Regular.ttf
08:58:09.195 [FXGL Background Thread 3 ] DEBUG Engine               - fullScreen: BooleanProperty [value: false]
08:58:09.195 [FXGL Background Thread 3 ] DEBUG Engine               - gameDifficulty: MEDIUM
08:58:09.195 [FXGL Background Thread 3 ] DEBUG Engine               - gameDifficultyProperty: ObjectProperty [value: MEDIUM]
08:58:09.195 [FXGL Background Thread 3 ] DEBUG Engine               - globalMusicVolume: 0.5
08:58:09.195 [FXGL Background Thread 3 ] DEBUG Engine               - globalMusicVolumeProperty: DoubleProperty [value: 0.5]
08:58:09.195 [FXGL Background Thread 3 ] DEBUG Engine               - globalSoundVolume: 0.5
08:58:09.195 [FXGL Background Thread 3 ] DEBUG Engine               - globalSoundVolumeProperty: DoubleProperty [value: 0.5]
08:58:09.195 [FXGL Background Thread 3 ] DEBUG Engine               - height: 540
08:58:09.195 [FXGL Background Thread 3 ] DEBUG Engine               - is3D: false
08:58:09.195 [FXGL Background Thread 3 ] DEBUG Engine               - isAndroid: false
08:58:09.195 [FXGL Background Thread 3 ] DEBUG Engine               - isBrowser: false
08:58:09.195 [FXGL Background Thread 3 ] DEBUG Engine               - isClickFeedbackEnabled: false
08:58:09.195 [FXGL Background Thread 3 ] DEBUG Engine               - isCloseConfirmation: false
08:58:09.195 [FXGL Background Thread 3 ] DEBUG Engine               - isDesktop: true
08:58:09.195 [FXGL Background Thread 3 ] DEBUG Engine               - isDeveloperMenuEnabled: false
08:58:09.195 [FXGL Background Thread 3 ] DEBUG Engine               - isEmbedded: false
08:58:09.195 [FXGL Background Thread 3 ] DEBUG Engine               - isEntityPreloadEnabled: true
08:58:09.195 [FXGL Background Thread 3 ] DEBUG Engine               - isExperimentalTiledLargeMap: false
08:58:09.196 [FXGL Background Thread 3 ] DEBUG Engine               - isFileSystemWriteAllowed: true
08:58:09.196 [FXGL Background Thread 3 ] DEBUG Engine               - isFullScreenAllowed: false
08:58:09.196 [FXGL Background Thread 3 ] DEBUG Engine               - isFullScreenFromStart: false
08:58:09.196 [FXGL Background Thread 3 ] DEBUG Engine               - isGameMenuEnabled: true
08:58:09.196 [FXGL Background Thread 3 ] DEBUG Engine               - isIOS: false
08:58:09.196 [FXGL Background Thread 3 ] DEBUG Engine               - isIntroEnabled: false
08:58:09.196 [FXGL Background Thread 3 ] DEBUG Engine               - isLinux: false
08:58:09.196 [FXGL Background Thread 3 ] DEBUG Engine               - isMac: false
08:58:09.196 [FXGL Background Thread 3 ] DEBUG Engine               - isMainMenuEnabled: false
08:58:09.196 [FXGL Background Thread 3 ] DEBUG Engine               - isManualResizeEnabled: false
08:58:09.196 [FXGL Background Thread 3 ] DEBUG Engine               - isMobile: false
08:58:09.196 [FXGL Background Thread 3 ] DEBUG Engine               - isNative: false
08:58:09.196 [FXGL Background Thread 3 ] DEBUG Engine               - isPauseMusicWhenMinimized: true
08:58:09.196 [FXGL Background Thread 3 ] DEBUG Engine               - isPreserveResizeRatio: false
08:58:09.196 [FXGL Background Thread 3 ] DEBUG Engine               - isProfilingEnabled: false
08:58:09.196 [FXGL Background Thread 3 ] DEBUG Engine               - isScaleAffectedOnResize: true
08:58:09.196 [FXGL Background Thread 3 ] DEBUG Engine               - isSingleStep: false
08:58:09.196 [FXGL Background Thread 3 ] DEBUG Engine               - isUserProfileEnabled: false
08:58:09.196 [FXGL Background Thread 3 ] DEBUG Engine               - isWindows: true
08:58:09.196 [FXGL Background Thread 3 ] DEBUG Engine               - language: ObjectProperty [value: ENGLISH]
08:58:09.196 [FXGL Background Thread 3 ] DEBUG Engine               - menuKey: ESCAPE
08:58:09.196 [FXGL Background Thread 3 ] DEBUG Engine               - mouseSensitivity: 0.2
08:58:09.196 [FXGL Background Thread 3 ] DEBUG Engine               - notificationViewClass: class com.almasb.fxgl.notification.view.XboxNotificationView
08:58:09.196 [FXGL Background Thread 3 ] DEBUG Engine               - pixelsPerMeter: 50.0
08:58:09.196 [FXGL Background Thread 3 ] DEBUG Engine               - platform: WINDOWS
08:58:09.196 [FXGL Background Thread 3 ] DEBUG Engine               - prefHeightProperty: ReadOnlyDoubleProperty [value: 540.0]
08:58:09.196 [FXGL Background Thread 3 ] DEBUG Engine               - prefWidthProperty: ReadOnlyDoubleProperty [value: 960.0]
08:58:09.196 [FXGL Background Thread 3 ] DEBUG Engine               - profileDir: profiles/
08:58:09.196 [FXGL Background Thread 3 ] DEBUG Engine               - profileName: StringProperty [value: DEFAULT]
08:58:09.196 [FXGL Background Thread 3 ] DEBUG Engine               - randomSeed: -1
08:58:09.196 [FXGL Background Thread 3 ] DEBUG Engine               - runtimeInfo: RuntimeInfo(platform=WINDOWS, version=21+dev-SNAPSHOT, build=26.03.2024 21.04)
08:58:09.196 [FXGL Background Thread 3 ] DEBUG Engine               - saveFileExt: sav
08:58:09.196 [FXGL Background Thread 3 ] DEBUG Engine               - scaledHeightProp$fxgl: DoubleProperty [bound, value: 540.0]
08:58:09.196 [FXGL Background Thread 3 ] DEBUG Engine               - scaledWidthProp$fxgl: DoubleProperty [bound, value: 960.0]
08:58:09.196 [FXGL Background Thread 3 ] DEBUG Engine               - sceneFactory: com.almasb.fxgl.app.scene.SceneFactory@15c3c3c0
08:58:09.196 [FXGL Background Thread 3 ] DEBUG Engine               - secondsIn24h: 60
08:58:09.196 [FXGL Background Thread 3 ] DEBUG Engine               - soundMenuBack: menu/back.wav
08:58:09.196 [FXGL Background Thread 3 ] DEBUG Engine               - soundMenuPress: menu/press.wav
08:58:09.196 [FXGL Background Thread 3 ] DEBUG Engine               - soundMenuSelect: menu/select.wav
08:58:09.196 [FXGL Background Thread 3 ] DEBUG Engine               - soundNotification: core/notification.wav
08:58:09.196 [FXGL Background Thread 3 ] DEBUG Engine               - stageStyle: DECORATED
08:58:09.196 [FXGL Background Thread 3 ] DEBUG Engine               - supportedLanguages: [ENGLISH, FRENCH, GERMAN, HUNGARIAN, RUSSIAN]
08:58:09.196 [FXGL Background Thread 3 ] DEBUG Engine               - ticksPerSecond: -1
08:58:09.196 [FXGL Background Thread 3 ] DEBUG Engine               - title: Don't Jump in Lava
08:58:09.196 [FXGL Background Thread 3 ] DEBUG Engine               - urlGithub: https://github.com/AlmasB/FXGL
08:58:09.196 [FXGL Background Thread 3 ] DEBUG Engine               - urlLeaderboard: http://fxgl-top.herokuapp.com/
08:58:09.196 [FXGL Background Thread 3 ] DEBUG Engine               - urlPOM: https://raw.githubusercontent.com/AlmasB/FXGL/release/README.md
08:58:09.196 [FXGL Background Thread 3 ] DEBUG Engine               - userAppClass: class com.dontjumpinlava.Main
08:58:09.196 [FXGL Background Thread 3 ] DEBUG Engine               - version: 0.0
08:58:09.196 [FXGL Background Thread 3 ] DEBUG Engine               - versionCheckDays: 7
08:58:09.198 [FXGL Background Thread 3 ] DEBUG Engine               - width: 960
08:58:09.198 [FXGL Background Thread 3 ] DEBUG Engine               - Logging services
08:58:09.198 [FXGL Background Thread 3 ] DEBUG Engine               - class com.almasb.fxgl.app.services.FXGLAssetLoaderService
08:58:09.198 [FXGL Background Thread 3 ] DEBUG Engine               - class com.almasb.fxgl.app.FXGLApplication$GameApplicationService
08:58:09.198 [FXGL Background Thread 3 ] DEBUG Engine               - class com.almasb.fxgl.app.services.FXGLDialogService
08:58:09.198 [FXGL Background Thread 3 ] DEBUG Engine               - class com.almasb.fxgl.app.services.IOTaskExecutorService
08:58:09.198 [FXGL Background Thread 3 ] DEBUG Engine               - class com.almasb.fxgl.io.FileSystemService
08:58:09.198 [FXGL Background Thread 3 ] DEBUG Engine               - class com.almasb.fxgl.localization.LocalizationService
08:58:09.198 [FXGL Background Thread 3 ] DEBUG Engine               - class com.almasb.fxgl.app.services.SystemBundleService
08:58:09.198 [FXGL Background Thread 3 ] DEBUG Engine               - class com.almasb.fxgl.profile.SaveLoadService
08:58:09.198 [FXGL Background Thread 3 ] DEBUG Engine               - class com.almasb.fxgl.ui.FXGLUIFactoryServiceProvider
08:58:09.198 [FXGL Background Thread 3 ] DEBUG Engine               - class com.almasb.fxgl.ui.FXGLDialogFactoryServiceProvider
08:58:09.198 [FXGL Background Thread 3 ] DEBUG Engine               - class com.almasb.fxgl.audio.AudioPlayer
08:58:09.198 [FXGL Background Thread 3 ] DEBUG Engine               - class com.almasb.fxgl.notification.impl.NotificationServiceProvider
08:58:09.198 [FXGL Background Thread 3 ] DEBUG Engine               - class com.almasb.fxgl.achievement.AchievementService
08:58:09.198 [FXGL Background Thread 3 ] DEBUG Engine               - class com.almasb.fxgl.cutscene.CutsceneService
08:58:09.198 [FXGL Background Thread 3 ] DEBUG Engine               - class com.almasb.fxgl.minigames.MiniGameService
08:58:09.198 [FXGL Background Thread 3 ] DEBUG Engine               - class com.almasb.fxgl.net.NetService
08:58:09.198 [FXGL Background Thread 3 ] DEBUG Engine               - class com.almasb.fxgl.app.services.UpdaterService
08:58:09.198 [FXGL Background Thread 3 ] DEBUG Engine               - class com.almasb.fxgl.dev.DevService
08:58:12.870 [JavaFX Application Thread] DEBUG FXGLAssetLoaderServi - Loading from file system: file:/C:/Users/MichaelMgbeojirikwe/OneDrive%20-%20NYC%20Public%20Schools/Desktop/Java/games/dontjumpinlava/target/classes/assets/textures/Smoke1.png
08:58:53.134 [JavaFX Application Thread] DEBUG FXGLApplication      - Exiting FXGL
08:58:53.134 [JavaFX Application Thread] DEBUG LoopRunner           - Stopping loop
08:58:53.134 [JavaFX Application Thread] DEBUG SystemBundleService  - Saving FXGL system data
08:58:53.139 [JavaFX Application Thread] DEBUG FileSystemAccess     - Writing to: C:\Users\MichaelMgbeojirikwe\OneDrive - NYC Public Schools\Desktop\Java\games\dontjumpinlava\system\fxgl.bundle
08:58:53.142 [JavaFX Application Thread] DEBUG Async                - Shutting down background threads
08:58:53.143 [JavaFX Application Thread] DEBUG PrimaryStageWindow   - Closing main window
08:58:53.154 [JavaFX Application Thread] DEBUG Logger               - Closing Logger
