09:24:30.772 [main                     ] DEBUG Logger               - Configured Logger
09:24:30.796 [main                     ] DEBUG GameApplication      - Logging settings
Title: Don't Jump in Lava
Version: 0.0
Width: 960
Height: 540
Fullscreen: false
Intro: false
Profiling: false
Single step:false
App Mode: DEVELOPER
Menu Key: ESCAPE
Stage Style: DECORATED
Scene Factory: class com.almasb.fxgl.app.scene.SceneFactory

09:24:31.217 [JavaFX Application Thread] DEBUG FXGLApplication      - Initializing FXGL
09:24:31.220 [JavaFX Application Thread] INFO  Engine               - FXGL-21.1 (27.03.2024 07.52) on WINDOWS (J:21.0.8 FX:17.0.1)
09:24:31.220 [JavaFX Application Thread] DEBUG Engine               - JRE Vendor Name: Eclipse Adoptium
09:24:31.221 [JavaFX Application Thread] DEBUG Engine               - Running on OS: Windows 11 version 10.0
09:24:31.221 [JavaFX Application Thread] DEBUG Engine               - Architecture: amd64
09:24:31.221 [JavaFX Application Thread] INFO  Engine               - Source code and latest versions at: https://github.com/AlmasB/FXGL
09:24:31.221 [JavaFX Application Thread] INFO  Engine               -       Ask questions and discuss at: https://github.com/AlmasB/FXGL/discussions
09:24:31.221 [JavaFX Application Thread] INFO  Engine               -              Join the FXGL chat at: https://gitter.im/AlmasB/FXGL
09:24:31.300 [JavaFX Application Thread] DEBUG PrimaryStageWindow   - Creating a JavaFX scene
09:24:31.337 [JavaFX Application Thread] DEBUG PrimaryStageWindow   - Target settings size: 960.0 x 540.0
09:24:31.337 [JavaFX Application Thread] DEBUG PrimaryStageWindow   - Scaled scene size:    960.0 x 540.0
09:24:31.337 [JavaFX Application Thread] DEBUG PrimaryStageWindow   - Scaled ratio: (1.0, 1.0)
09:24:31.338 [JavaFX Application Thread] DEBUG PrimaryStageWindow   - Set initial scene to FXGLStartupScene
09:24:31.342 [JavaFX Application Thread] DEBUG PrimaryStageWindow   - Opening main window
09:24:31.414 [JavaFX Application Thread] DEBUG PrimaryStageWindow   - Window border size: (16.0, 39.0)
09:24:31.414 [JavaFX Application Thread] DEBUG PrimaryStageWindow   - Scaled size: 960.0 x 540.0
09:24:31.415 [JavaFX Application Thread] DEBUG PrimaryStageWindow   - Scaled ratio: (1.0, 1.0)
09:24:31.415 [JavaFX Application Thread] DEBUG PrimaryStageWindow   - Scene size: 960.0 x 540.0
09:24:31.415 [JavaFX Application Thread] DEBUG PrimaryStageWindow   - Stage size: 976.0 x 579.0
09:24:31.420 [FXGL Background Thread 1 ] DEBUG Engine               - Initializing environment variables
09:24:31.464 [FXGL Background Thread 1 ] DEBUG FXGLAssetLoaderServi - User app class for loading assets: class com.dontjumpinlava.Main
09:24:31.464 [FXGL Background Thread 1 ] DEBUG GameApplicationServi - Applying CSS: fxgl_dark.css
09:24:31.465 [FXGL Background Thread 1 ] DEBUG FXGLAssetLoaderServi - Loading from file system: jar:file:/C:/Users/MichaelMgbeojirikwe/.m2/repository/com/github/almasb/fxgl/21.1/fxgl-21.1.jar!/fxglassets/ui/css/fxgl_dark.css
09:24:31.492 [FXGL Background Thread 1 ] DEBUG GameApplicationServi - Initializing application scenes
09:24:31.538 [FXGL Background Thread 1 ] DEBUG GameWorld            - Game world initialized
09:24:31.586 [FXGL Background Thread 1 ] DEBUG PhysicsWorld         - Physics world initialized: appHeight=540, physics.ppm=50.0
09:24:31.586 [FXGL Background Thread 1 ] DEBUG PhysicsWorld         - Using strategy: BRUTE_FORCE
09:24:31.588 [FXGL Background Thread 1 ] DEBUG GameScene            - Game scene initialized: 960x540
09:24:31.596 [FXGL Background Thread 1 ] WARN  FXGL.DefaultMenu     - FXGLDefaultMenu is not designed for resolutions < 800x600
09:24:31.596 [FXGL Background Thread 1 ] DEBUG FXGL.DefaultMenu     - createMenuBodyGameMenu()
09:24:31.604 [FXGL Background Thread 1 ] DEBUG FXGL.DefaultMenu     - createOptionsMenu()
09:24:31.609 [FXGL Background Thread 1 ] DEBUG FXGLAssetLoaderServi - Loading from file system: jar:file:/C:/Users/MichaelMgbeojirikwe/.m2/repository/com/github/almasb/fxgl/21.1/fxgl-21.1.jar!/fxglassets/textures/particles/smoke.png
09:24:31.682 [FXGL Background Thread 1 ] DEBUG FXGLAssetLoaderServi - Loading from file system: jar:file:/C:/Users/MichaelMgbeojirikwe/.m2/repository/com/github/almasb/fxgl/21.1/fxgl-21.1.jar!/fxglassets/textures/particles/trace_horizontal.png
09:24:31.698 [FXGL Background Thread 1 ] DEBUG GameApplicationServi - Application scenes initialized
09:24:31.707 [FXGL Background Thread 1 ] DEBUG SystemBundleService  - Loading FXGL system data
09:24:31.710 [FXGL Background Thread 1 ] DEBUG FileSystemAccess     - Reading from: C:\Users\MichaelMgbeojirikwe\OneDrive - NYC Public Schools\Desktop\Java\games\dontjumpinlava\system\fxgl.bundle
09:24:31.716 [FXGL Background Thread 1 ] DEBUG SystemBundleService  - Bundle FXGL: {}
09:24:31.716 [FXGL Background Thread 1 ] DEBUG UpdaterService       - Checking for updates
09:24:31.719 [FXGL Background Thread 4 ] DEBUG FXGLApplication      - Loading fonts
09:24:31.719 [FXGL Background Thread 4 ] DEBUG FXGLAssetLoaderServi - Loading from file system: jar:file:/C:/Users/MichaelMgbeojirikwe/.m2/repository/com/github/almasb/fxgl/21.1/fxgl-21.1.jar!/fxglassets/ui/fonts/VarelaRound-Regular.ttf
09:24:31.720 [FXGL Background Thread 1 ] DEBUG FXGLApplication      - Loading default localization
09:24:31.720 [FXGL Background Thread 1 ] DEBUG FXGLAssetLoaderServi - Loading from file system: jar:file:/C:/Users/MichaelMgbeojirikwe/.m2/repository/com/github/almasb/fxgl/21.1/fxgl-21.1.jar!/fxglassets/languages/english.lang
09:24:31.754 [FXGL Background Thread 1 ] INFO  FXGLApplication      - FXGL initialization took: 0.335 sec
09:24:31.754 [FXGL Background Thread 4 ] DEBUG FXGLAssetLoaderServi - Loading from file system: jar:file:/C:/Users/MichaelMgbeojirikwe/.m2/repository/com/github/almasb/fxgl/21.1/fxgl-21.1.jar!/fxglassets/ui/fonts/Abel-Regular.ttf
09:24:31.760 [JavaFX Application Thread] DEBUG Input                - Registered new binding: Right - Right
09:24:31.760 [JavaFX Application Thread] DEBUG Input                - Registered new binding: Left - Left
09:24:31.760 [JavaFX Application Thread] DEBUG Input                - Registered new binding: Up - Up
09:24:31.760 [JavaFX Application Thread] DEBUG Input                - Registered new binding: Down - Down
09:24:31.760 [FXGL Background Thread 4 ] DEBUG FXGLAssetLoaderServi - Loading from file system: jar:file:/C:/Users/MichaelMgbeojirikwe/.m2/repository/com/github/almasb/fxgl/21.1/fxgl-21.1.jar!/fxglassets/ui/fonts/TerminalLandMono-Regular.otf
09:24:31.760 [JavaFX Application Thread] DEBUG FXGLAssetLoaderServi - Loading from file system: jar:file:/C:/Users/MichaelMgbeojirikwe/.m2/repository/com/github/almasb/fxgl/21.1/fxgl-21.1.jar!/fxglassets/textures/fxgl_icon.png
09:24:31.765 [FXGL Background Thread 4 ] DEBUG FXGLAssetLoaderServi - Loading from file system: jar:file:/C:/Users/MichaelMgbeojirikwe/.m2/repository/com/github/almasb/fxgl/21.1/fxgl-21.1.jar!/fxglassets/ui/fonts/Courier-Prime.ttf
09:24:31.775 [JavaFX Application Thread] DEBUG FXGLAssetLoaderServi - Loading from file system: jar:file:/C:/Users/MichaelMgbeojirikwe/.m2/repository/com/github/almasb/fxgl/21.1/fxgl-21.1.jar!/fxglassets/textures/fxgl_default_cursor.png
09:24:31.776 [JavaFX Application Thread] DEBUG Input                - Registered new binding: Screenshot - CTRL+8
09:24:31.777 [JavaFX Application Thread] DEBUG Input                - Registered new binding: System info dump - CTRL+9
09:24:31.777 [JavaFX Application Thread] DEBUG Input                - Registered new binding: Restart - CTRL+R
09:24:31.779 [JavaFX Application Thread] DEBUG Input                - Registered new binding: Toggle Debug Camera - CTRL+7
09:24:31.784 [JavaFX Application Thread] DEBUG LoopRunner           - Starting loop
09:24:31.784 [JavaFX Application Thread] DEBUG LoopRunner           - Initializing JavaFX AnimationTimerLoop
09:24:31.789 [JavaFX Application Thread] DEBUG GameApplicationServi - Starting new game
09:24:31.790 [JavaFX Application Thread] DEBUG Input                - Clearing active input actions
09:24:31.803 [JavaFX Application Thread] DEBUG GameApplicationServi - Removing overlay from FXGLStartupScene and adding to FXGLLoadingScene
09:24:31.803 [JavaFX Application Thread] DEBUG PrimaryStageWindow   - FXGLStartupScene -> FXGLLoadingScene
09:24:31.803 [JavaFX Application Thread] DEBUG GameApplicationServi - Clearing previous game
09:24:31.803 [JavaFX Application Thread] DEBUG GameScene            - Clearing game scene
09:24:31.803 [JavaFX Application Thread] DEBUG GameWorld            - Clearing game world
09:24:31.803 [JavaFX Application Thread] DEBUG PhysicsWorld         - Clearing physics world
09:24:31.805 [FXGL Background Thread 4 ] DEBUG FXGLApplication      - Initializing game
09:24:31.806 [JavaFX Application Thread] DEBUG FXGLApplication      - Registering font factories with UI factory
09:24:32.124 [FXGL Background Thread 4 ] INFO  FXGLApplication      - Game initialization took: 0.319 sec
09:24:32.132 [JavaFX Application Thread] DEBUG Input                - Clearing active input actions
09:24:32.145 [JavaFX Application Thread] DEBUG GameApplicationServi - Removing overlay from FXGLLoadingScene and adding to GameScene
09:24:32.146 [JavaFX Application Thread] DEBUG PrimaryStageWindow   - FXGLLoadingScene -> GameScene
09:24:34.463 [JavaFX Application Thread] DEBUG FXGLApplication      - Exiting FXGL
09:24:34.464 [JavaFX Application Thread] DEBUG LoopRunner           - Stopping loop
09:24:34.464 [JavaFX Application Thread] DEBUG SystemBundleService  - Saving FXGL system data
09:24:34.466 [JavaFX Application Thread] DEBUG FileSystemAccess     - Writing to: C:\Users\MichaelMgbeojirikwe\OneDrive - NYC Public Schools\Desktop\Java\games\dontjumpinlava\system\fxgl.bundle
09:24:34.470 [JavaFX Application Thread] DEBUG Async                - Shutting down background threads
09:24:34.470 [JavaFX Application Thread] DEBUG PrimaryStageWindow   - Closing main window
09:24:34.482 [JavaFX Application Thread] DEBUG Logger               - Closing Logger
