09:10:23.551 [main                     ] DEBUG Logger               - Configured Logger
09:10:23.571 [main                     ] DEBUG GameApplication      - Logging settings
Title: Don't Jump in Lava
Version: 0.0
Width: 960
Height: 540
Fullscreen: false
Intro: false
Profiling: false
Single step:false
App Mode: DEVELOPER
Menu Key: ESCAPE
Stage Style: DECORATED
Scene Factory: class com.almasb.fxgl.app.scene.SceneFactory

09:10:23.946 [JavaFX Application Thread] DEBUG FXGLApplication      - Initializing FXGL
09:10:23.949 [JavaFX Application Thread] INFO  Engine               - FXGL-21.1 (27.03.2024 07.52) on WINDOWS (J:21.0.8 FX:17.0.1)
09:10:23.949 [JavaFX Application Thread] DEBUG Engine               - JRE Vendor Name: Eclipse Adoptium
09:10:23.949 [JavaFX Application Thread] DEBUG Engine               - Running on OS: Windows 11 version 10.0
09:10:23.949 [JavaFX Application Thread] DEBUG Engine               - Architecture: amd64
09:10:23.949 [JavaFX Application Thread] INFO  Engine               - Source code and latest versions at: https://github.com/AlmasB/FXGL
09:10:23.950 [JavaFX Application Thread] INFO  Engine               -       Ask questions and discuss at: https://github.com/AlmasB/FXGL/discussions
09:10:23.950 [JavaFX Application Thread] INFO  Engine               -              Join the FXGL chat at: https://gitter.im/AlmasB/FXGL
09:10:24.010 [JavaFX Application Thread] DEBUG PrimaryStageWindow   - Creating a JavaFX scene
09:10:24.039 [JavaFX Application Thread] DEBUG PrimaryStageWindow   - Target settings size: 960.0 x 540.0
09:10:24.039 [JavaFX Application Thread] DEBUG PrimaryStageWindow   - Scaled scene size:    960.0 x 540.0
09:10:24.039 [JavaFX Application Thread] DEBUG PrimaryStageWindow   - Scaled ratio: (1.0, 1.0)
09:10:24.040 [JavaFX Application Thread] DEBUG PrimaryStageWindow   - Set initial scene to FXGLStartupScene
09:10:24.045 [JavaFX Application Thread] DEBUG PrimaryStageWindow   - Opening main window
09:10:24.109 [JavaFX Application Thread] DEBUG PrimaryStageWindow   - Window border size: (16.0, 39.0)
09:10:24.109 [JavaFX Application Thread] DEBUG PrimaryStageWindow   - Scaled size: 960.0 x 540.0
09:10:24.109 [JavaFX Application Thread] DEBUG PrimaryStageWindow   - Scaled ratio: (1.0, 1.0)
09:10:24.109 [JavaFX Application Thread] DEBUG PrimaryStageWindow   - Scene size: 960.0 x 540.0
09:10:24.109 [JavaFX Application Thread] DEBUG PrimaryStageWindow   - Stage size: 976.0 x 579.0
09:10:24.116 [FXGL Background Thread 1 ] DEBUG Engine               - Initializing environment variables
09:10:24.152 [FXGL Background Thread 1 ] DEBUG FXGLAssetLoaderServi - User app class for loading assets: class com.dontjumpinlava.Main
09:10:24.153 [FXGL Background Thread 1 ] DEBUG GameApplicationServi - Applying CSS: fxgl_dark.css
09:10:24.153 [FXGL Background Thread 1 ] DEBUG FXGLAssetLoaderServi - Loading from file system: jar:file:/C:/Users/MichaelMgbeojirikwe/.m2/repository/com/github/almasb/fxgl/21.1/fxgl-21.1.jar!/fxglassets/ui/css/fxgl_dark.css
09:10:24.183 [FXGL Background Thread 1 ] DEBUG GameApplicationServi - Initializing application scenes
09:10:24.229 [FXGL Background Thread 1 ] DEBUG GameWorld            - Game world initialized
09:10:24.280 [FXGL Background Thread 1 ] DEBUG PhysicsWorld         - Physics world initialized: appHeight=540, physics.ppm=50.0
09:10:24.280 [FXGL Background Thread 1 ] DEBUG PhysicsWorld         - Using strategy: BRUTE_FORCE
09:10:24.282 [FXGL Background Thread 1 ] DEBUG GameScene            - Game scene initialized: 960x540
09:10:24.290 [FXGL Background Thread 1 ] WARN  FXGL.DefaultMenu     - FXGLDefaultMenu is not designed for resolutions < 800x600
09:10:24.290 [FXGL Background Thread 1 ] DEBUG FXGL.DefaultMenu     - createMenuBodyGameMenu()
09:10:24.300 [FXGL Background Thread 1 ] DEBUG FXGL.DefaultMenu     - createOptionsMenu()
09:10:24.306 [FXGL Background Thread 1 ] DEBUG FXGLAssetLoaderServi - Loading from file system: jar:file:/C:/Users/MichaelMgbeojirikwe/.m2/repository/com/github/almasb/fxgl/21.1/fxgl-21.1.jar!/fxglassets/textures/particles/smoke.png
09:10:24.398 [FXGL Background Thread 1 ] DEBUG FXGLAssetLoaderServi - Loading from file system: jar:file:/C:/Users/MichaelMgbeojirikwe/.m2/repository/com/github/almasb/fxgl/21.1/fxgl-21.1.jar!/fxglassets/textures/particles/trace_horizontal.png
09:10:24.417 [FXGL Background Thread 1 ] DEBUG GameApplicationServi - Application scenes initialized
09:10:24.427 [FXGL Background Thread 1 ] DEBUG SystemBundleService  - Loading FXGL system data
09:10:24.430 [FXGL Background Thread 1 ] DEBUG FileSystemAccess     - Reading from: C:\Users\MichaelMgbeojirikwe\OneDrive - NYC Public Schools\Desktop\Java\games\dontjumpinlava\system\fxgl.bundle
09:10:24.436 [FXGL Background Thread 1 ] DEBUG SystemBundleService  - Bundle FXGL: {}
09:10:24.436 [FXGL Background Thread 1 ] DEBUG UpdaterService       - Checking for updates
09:10:24.439 [FXGL Background Thread 4 ] DEBUG FXGLApplication      - Loading fonts
09:10:24.439 [FXGL Background Thread 4 ] DEBUG FXGLAssetLoaderServi - Loading from file system: jar:file:/C:/Users/MichaelMgbeojirikwe/.m2/repository/com/github/almasb/fxgl/21.1/fxgl-21.1.jar!/fxglassets/ui/fonts/VarelaRound-Regular.ttf
09:10:24.439 [FXGL Background Thread 1 ] DEBUG FXGLApplication      - Loading default localization
09:10:24.440 [FXGL Background Thread 1 ] DEBUG FXGLAssetLoaderServi - Loading from file system: jar:file:/C:/Users/MichaelMgbeojirikwe/.m2/repository/com/github/almasb/fxgl/21.1/fxgl-21.1.jar!/fxglassets/languages/english.lang
09:10:24.468 [FXGL Background Thread 1 ] INFO  FXGLApplication      - FXGL initialization took: 0.353 sec
09:10:24.469 [FXGL Background Thread 4 ] DEBUG FXGLAssetLoaderServi - Loading from file system: jar:file:/C:/Users/MichaelMgbeojirikwe/.m2/repository/com/github/almasb/fxgl/21.1/fxgl-21.1.jar!/fxglassets/ui/fonts/Abel-Regular.ttf
09:10:24.473 [FXGL Background Thread 4 ] DEBUG FXGLAssetLoaderServi - Loading from file system: jar:file:/C:/Users/MichaelMgbeojirikwe/.m2/repository/com/github/almasb/fxgl/21.1/fxgl-21.1.jar!/fxglassets/ui/fonts/TerminalLandMono-Regular.otf
09:10:24.476 [JavaFX Application Thread] DEBUG Input                - Registered new binding: Right - Right
09:10:24.476 [JavaFX Application Thread] DEBUG Input                - Registered new binding: Left - Left
09:10:24.476 [JavaFX Application Thread] DEBUG Input                - Registered new binding: Up - Up
09:10:24.476 [JavaFX Application Thread] DEBUG Input                - Registered new binding: Down - Down
09:10:24.476 [JavaFX Application Thread] DEBUG FXGLAssetLoaderServi - Loading from file system: jar:file:/C:/Users/MichaelMgbeojirikwe/.m2/repository/com/github/almasb/fxgl/21.1/fxgl-21.1.jar!/fxglassets/textures/fxgl_icon.png
09:10:24.477 [FXGL Background Thread 4 ] DEBUG FXGLAssetLoaderServi - Loading from file system: jar:file:/C:/Users/MichaelMgbeojirikwe/.m2/repository/com/github/almasb/fxgl/21.1/fxgl-21.1.jar!/fxglassets/ui/fonts/Courier-Prime.ttf
09:10:24.488 [JavaFX Application Thread] DEBUG FXGLAssetLoaderServi - Loading from file system: jar:file:/C:/Users/MichaelMgbeojirikwe/.m2/repository/com/github/almasb/fxgl/21.1/fxgl-21.1.jar!/fxglassets/textures/fxgl_default_cursor.png
09:10:24.491 [JavaFX Application Thread] DEBUG Input                - Registered new binding: Screenshot - CTRL+8
09:10:24.492 [JavaFX Application Thread] DEBUG Input                - Registered new binding: System info dump - CTRL+9
09:10:24.493 [JavaFX Application Thread] DEBUG Input                - Registered new binding: Restart - CTRL+R
09:10:24.494 [JavaFX Application Thread] DEBUG Input                - Registered new binding: Toggle Debug Camera - CTRL+7
09:10:24.497 [JavaFX Application Thread] DEBUG LoopRunner           - Starting loop
09:10:24.497 [JavaFX Application Thread] DEBUG LoopRunner           - Initializing JavaFX AnimationTimerLoop
09:10:24.498 [JavaFX Application Thread] DEBUG GameApplicationServi - Starting new game
09:10:24.499 [JavaFX Application Thread] DEBUG Input                - Clearing active input actions
09:10:24.509 [JavaFX Application Thread] DEBUG GameApplicationServi - Removing overlay from FXGLStartupScene and adding to FXGLLoadingScene
09:10:24.509 [JavaFX Application Thread] DEBUG PrimaryStageWindow   - FXGLStartupScene -> FXGLLoadingScene
09:10:24.509 [JavaFX Application Thread] DEBUG GameApplicationServi - Clearing previous game
09:10:24.509 [JavaFX Application Thread] DEBUG GameScene            - Clearing game scene
09:10:24.509 [JavaFX Application Thread] DEBUG GameWorld            - Clearing game world
09:10:24.509 [JavaFX Application Thread] DEBUG PhysicsWorld         - Clearing physics world
09:10:24.511 [JavaFX Application Thread] DEBUG FXGLApplication      - Registering font factories with UI factory
09:10:24.511 [FXGL Background Thread 4 ] DEBUG FXGLApplication      - Initializing game
09:10:24.801 [FXGL Background Thread 4 ] INFO  FXGLApplication      - Game initialization took: 0.290 sec
09:10:24.807 [JavaFX Application Thread] DEBUG Input                - Clearing active input actions
09:10:24.826 [JavaFX Application Thread] DEBUG GameApplicationServi - Removing overlay from FXGLLoadingScene and adding to GameScene
09:10:24.826 [JavaFX Application Thread] DEBUG PrimaryStageWindow   - FXGLLoadingScene -> GameScene
09:10:27.420 [JavaFX Application Thread] DEBUG FXGLApplication      - Exiting FXGL
09:10:27.420 [JavaFX Application Thread] DEBUG LoopRunner           - Stopping loop
09:10:27.420 [JavaFX Application Thread] DEBUG SystemBundleService  - Saving FXGL system data
09:10:27.422 [JavaFX Application Thread] DEBUG FileSystemAccess     - Writing to: C:\Users\MichaelMgbeojirikwe\OneDrive - NYC Public Schools\Desktop\Java\games\dontjumpinlava\system\fxgl.bundle
09:10:27.425 [JavaFX Application Thread] DEBUG Async                - Shutting down background threads
09:10:27.425 [JavaFX Application Thread] DEBUG PrimaryStageWindow   - Closing main window
09:10:27.435 [JavaFX Application Thread] DEBUG Logger               - Closing Logger
