08:48:54.532 [main                     ] DEBUG Logger               - Configured Logger
08:48:54.558 [main                     ] DEBUG GameApplication      - Logging settings
Title: Don't Jump in Lava
Version: 0.0
Width: 960
Height: 540
Fullscreen: false
Intro: false
Profiling: false
Single step:false
App Mode: DEVELOPER
Menu Key: ESCAPE
Stage Style: DECORATED
Scene Factory: class com.almasb.fxgl.app.scene.SceneFactory

08:48:55.030 [JavaFX Application Thread] DEBUG FXGLApplication      - Initializing FXGL
08:48:55.033 [JavaFX Application Thread] INFO  Engine               - FXGL-21+dev-SNAPSHOT (26.03.2024 21.04) on WINDOWS (J:21.0.6 FX:21)
08:48:55.034 [JavaFX Application Thread] DEBUG Engine               - JRE Vendor Name: Oracle Corporation
08:48:55.034 [JavaFX Application Thread] DEBUG Engine               - Running on OS: Windows 11 version 10.0
08:48:55.034 [JavaFX Application Thread] DEBUG Engine               - Architecture: amd64
08:48:55.034 [JavaFX Application Thread] INFO  Engine               - Source code and latest versions at: https://github.com/AlmasB/FXGL
08:48:55.034 [JavaFX Application Thread] INFO  Engine               -       Ask questions and discuss at: https://github.com/AlmasB/FXGL/discussions
08:48:55.035 [JavaFX Application Thread] INFO  Engine               -              Join the FXGL chat at: https://gitter.im/AlmasB/FXGL
08:48:55.111 [JavaFX Application Thread] DEBUG PrimaryStageWindow   - Creating a JavaFX scene
08:48:55.150 [JavaFX Application Thread] DEBUG PrimaryStageWindow   - Target settings size: 960.0 x 540.0
08:48:55.150 [JavaFX Application Thread] DEBUG PrimaryStageWindow   - Scaled scene size:    960.0 x 540.0
08:48:55.151 [JavaFX Application Thread] DEBUG PrimaryStageWindow   - Scaled ratio: (1.0, 1.0)
08:48:55.151 [JavaFX Application Thread] DEBUG PrimaryStageWindow   - Set initial scene to FXGLStartupScene
08:48:55.154 [JavaFX Application Thread] DEBUG PrimaryStageWindow   - Opening main window
08:48:55.238 [JavaFX Application Thread] DEBUG PrimaryStageWindow   - Window border size: (16.0, 39.0)
08:48:55.238 [JavaFX Application Thread] DEBUG PrimaryStageWindow   - Scaled size: 960.0 x 540.0
08:48:55.238 [JavaFX Application Thread] DEBUG PrimaryStageWindow   - Scaled ratio: (1.0, 1.0)
08:48:55.239 [JavaFX Application Thread] DEBUG PrimaryStageWindow   - Scene size: 960.0 x 540.0
08:48:55.239 [JavaFX Application Thread] DEBUG PrimaryStageWindow   - Stage size: 976.0 x 579.0
08:48:55.245 [FXGL Background Thread 1 ] DEBUG Engine               - Initializing environment variables
08:48:55.291 [FXGL Background Thread 1 ] DEBUG FXGLAssetLoaderServi - User app class for loading assets: class com.dontjumpinlava.Main
08:48:55.291 [FXGL Background Thread 1 ] DEBUG GameApplicationServi - Applying CSS: fxgl_dark.css
08:48:55.292 [FXGL Background Thread 1 ] DEBUG FXGLAssetLoaderServi - Loading from file system: jar:file:/C:/Users/MichaelMgbeojirikwe/.m2/repository/com/github/almasb/fxgl/fxgl/21.1/fxgl-21.1.jar!/fxglassets/ui/css/fxgl_dark.css
08:48:55.327 [FXGL Background Thread 1 ] DEBUG GameApplicationServi - Initializing application scenes
08:48:55.377 [FXGL Background Thread 1 ] DEBUG GameWorld            - Game world initialized
08:48:55.430 [FXGL Background Thread 1 ] DEBUG PhysicsWorld         - Physics world initialized: appHeight=540, physics.ppm=50.0
08:48:55.430 [FXGL Background Thread 1 ] DEBUG PhysicsWorld         - Using strategy: BRUTE_FORCE
08:48:55.434 [FXGL Background Thread 1 ] DEBUG GameScene            - Game scene initialized: 960x540
08:48:55.443 [FXGL Background Thread 1 ] WARN  FXGL.DefaultMenu     - FXGLDefaultMenu is not designed for resolutions < 800x600
08:48:55.443 [FXGL Background Thread 1 ] DEBUG FXGL.DefaultMenu     - createMenuBodyGameMenu()
08:48:55.457 [FXGL Background Thread 1 ] DEBUG FXGL.DefaultMenu     - createOptionsMenu()
08:48:55.465 [FXGL Background Thread 1 ] DEBUG FXGLAssetLoaderServi - Loading from file system: jar:file:/C:/Users/MichaelMgbeojirikwe/.m2/repository/com/github/almasb/fxgl/fxgl/21.1/fxgl-21.1.jar!/fxglassets/textures/particles/smoke.png
08:48:55.570 [FXGL Background Thread 1 ] DEBUG FXGLAssetLoaderServi - Loading from file system: jar:file:/C:/Users/MichaelMgbeojirikwe/.m2/repository/com/github/almasb/fxgl/fxgl/21.1/fxgl-21.1.jar!/fxglassets/textures/particles/trace_horizontal.png
08:48:55.594 [FXGL Background Thread 1 ] DEBUG GameApplicationServi - Application scenes initialized
08:48:55.607 [FXGL Background Thread 1 ] DEBUG SystemBundleService  - Loading FXGL system data
08:48:55.610 [FXGL Background Thread 1 ] DEBUG FileSystemAccess     - Reading from: C:\Users\MichaelMgbeojirikwe\OneDrive - NYC Public Schools\Desktop\Java\games\dontjumpinlava\system\fxgl.bundle
08:48:55.620 [FXGL Background Thread 1 ] DEBUG SystemBundleService  - Bundle FXGL: {}
08:48:55.620 [FXGL Background Thread 1 ] DEBUG UpdaterService       - Checking for updates
08:48:55.624 [FXGL Background Thread 4 ] DEBUG FXGLApplication      - Loading fonts
08:48:55.624 [FXGL Background Thread 4 ] DEBUG FXGLAssetLoaderServi - Loading from file system: jar:file:/C:/Users/MichaelMgbeojirikwe/.m2/repository/com/github/almasb/fxgl/fxgl/21.1/fxgl-21.1.jar!/fxglassets/ui/fonts/VarelaRound-Regular.ttf
08:48:55.625 [FXGL Background Thread 1 ] DEBUG FXGLApplication      - Loading default localization
08:48:55.625 [FXGL Background Thread 1 ] DEBUG FXGLAssetLoaderServi - Loading from file system: jar:file:/C:/Users/MichaelMgbeojirikwe/.m2/repository/com/github/almasb/fxgl/fxgl/21.1/fxgl-21.1.jar!/fxglassets/languages/english.lang
08:48:55.675 [FXGL Background Thread 1 ] INFO  FXGLApplication      - FXGL initialization took: 0.430 sec
08:48:55.676 [FXGL Background Thread 4 ] DEBUG FXGLAssetLoaderServi - Loading from file system: jar:file:/C:/Users/MichaelMgbeojirikwe/.m2/repository/com/github/almasb/fxgl/fxgl/21.1/fxgl-21.1.jar!/fxglassets/ui/fonts/Abel-Regular.ttf
08:48:55.683 [JavaFX Application Thread] DEBUG Input                - Registered new binding: Right - Right
08:48:55.683 [JavaFX Application Thread] DEBUG Input                - Registered new binding: Left - Left
08:48:55.684 [JavaFX Application Thread] DEBUG Input                - Registered new binding: Up - Up
08:48:55.684 [JavaFX Application Thread] DEBUG Input                - Registered new binding: Down - Down
08:48:55.684 [JavaFX Application Thread] DEBUG FXGLAssetLoaderServi - Loading from file system: jar:file:/C:/Users/MichaelMgbeojirikwe/.m2/repository/com/github/almasb/fxgl/fxgl/21.1/fxgl-21.1.jar!/fxglassets/textures/fxgl_icon.png
08:48:55.686 [FXGL Background Thread 4 ] DEBUG FXGLAssetLoaderServi - Loading from file system: jar:file:/C:/Users/MichaelMgbeojirikwe/.m2/repository/com/github/almasb/fxgl/fxgl/21.1/fxgl-21.1.jar!/fxglassets/ui/fonts/TerminalLandMono-Regular.otf
08:48:55.696 [FXGL Background Thread 4 ] DEBUG FXGLAssetLoaderServi - Loading from file system: jar:file:/C:/Users/MichaelMgbeojirikwe/.m2/repository/com/github/almasb/fxgl/fxgl/21.1/fxgl-21.1.jar!/fxglassets/ui/fonts/Courier-Prime.ttf
08:48:55.703 [JavaFX Application Thread] DEBUG FXGLAssetLoaderServi - Loading from file system: jar:file:/C:/Users/MichaelMgbeojirikwe/.m2/repository/com/github/almasb/fxgl/fxgl/21.1/fxgl-21.1.jar!/fxglassets/textures/fxgl_default_cursor.png
08:48:55.707 [JavaFX Application Thread] DEBUG Input                - Registered new binding: Screenshot - CTRL+8
08:48:55.709 [JavaFX Application Thread] DEBUG Input                - Registered new binding: System info dump - CTRL+9
08:48:55.710 [JavaFX Application Thread] DEBUG Input                - Registered new binding: Restart - CTRL+R
08:48:55.713 [JavaFX Application Thread] DEBUG Input                - Registered new binding: Toggle Debug Camera - CTRL+7
08:48:55.721 [JavaFX Application Thread] DEBUG LoopRunner           - Starting loop
08:48:55.721 [JavaFX Application Thread] DEBUG LoopRunner           - Initializing JavaFX AnimationTimerLoop
08:48:55.726 [JavaFX Application Thread] DEBUG GameApplicationServi - Starting new game
08:48:55.727 [JavaFX Application Thread] DEBUG Input                - Clearing active input actions
08:48:55.743 [JavaFX Application Thread] DEBUG GameApplicationServi - Removing overlay from FXGLStartupScene and adding to FXGLLoadingScene
08:48:55.744 [JavaFX Application Thread] DEBUG PrimaryStageWindow   - FXGLStartupScene -> FXGLLoadingScene
08:48:55.744 [JavaFX Application Thread] DEBUG GameApplicationServi - Clearing previous game
08:48:55.744 [JavaFX Application Thread] DEBUG GameScene            - Clearing game scene
08:48:55.744 [JavaFX Application Thread] DEBUG GameWorld            - Clearing game world
08:48:55.744 [JavaFX Application Thread] DEBUG PhysicsWorld         - Clearing physics world
08:48:55.748 [FXGL Background Thread 4 ] DEBUG FXGLApplication      - Initializing game
08:48:55.810 [JavaFX Application Thread] DEBUG FXGLApplication      - Registering font factories with UI factory
08:48:56.476 [FXGL Background Thread 2 ] INFO  UpdaterService       - Your current version:  21+dev-SNAPSHOT
08:48:56.477 [FXGL Background Thread 2 ] INFO  UpdaterService       - Latest stable version: 21.1
08:48:56.506 [FXGL Background Thread 4 ] INFO  FXGLApplication      - Game initialization took: 0.758 sec
08:48:56.507 [JavaFX Application Thread] DEBUG Input                - Clearing active input actions
08:48:56.531 [JavaFX Application Thread] DEBUG GameApplicationServi - Removing overlay from FXGLLoadingScene and adding to GameScene
08:48:56.531 [JavaFX Application Thread] DEBUG PrimaryStageWindow   - FXGLLoadingScene -> GameScene
08:48:58.624 [FXGL Background Thread 3 ] DEBUG Engine               - Logging environment variables
08:48:58.624 [FXGL Background Thread 3 ] DEBUG Engine               - achievements: []
08:48:58.624 [FXGL Background Thread 3 ] DEBUG Engine               - actualHeight: 540.0
08:48:58.624 [FXGL Background Thread 3 ] DEBUG Engine               - actualHeightProperty: ReadOnlyDoubleProperty [value: 540.0]
08:48:58.624 [FXGL Background Thread 3 ] DEBUG Engine               - actualWidth: 960.0
08:48:58.624 [FXGL Background Thread 3 ] DEBUG Engine               - actualWidthProperty: ReadOnlyDoubleProperty [value: 960.0]
08:48:58.624 [FXGL Background Thread 3 ] DEBUG Engine               - appIcon: fxgl_icon.png
08:48:58.624 [FXGL Background Thread 3 ] DEBUG Engine               - applicationMode: DEVELOPER
08:48:58.624 [FXGL Background Thread 3 ] DEBUG Engine               - cSSList: [fxgl_dark.css]
08:48:58.625 [FXGL Background Thread 3 ] DEBUG Engine               - collisionDetectionStrategy: BRUTE_FORCE
08:48:58.625 [FXGL Background Thread 3 ] DEBUG Engine               - configClass: Optional.empty
08:48:58.625 [FXGL Background Thread 3 ] DEBUG Engine               - credits: []
08:48:58.625 [FXGL Background Thread 3 ] DEBUG Engine               - defaultCursor: CursorInfo(imageName=fxgl_default_cursor.png, hotspotX=7.0, hotspotY=6.0)
08:48:58.625 [FXGL Background Thread 3 ] DEBUG Engine               - devBBoxColorProperty: ObjectProperty [value: 0xff0000ff]
08:48:58.625 [FXGL Background Thread 3 ] DEBUG Engine               - devEnableDebugCameraProperty: BooleanProperty [value: false]
08:48:58.625 [FXGL Background Thread 3 ] DEBUG Engine               - devSensorColorProperty: ObjectProperty [value: 0xffff00ff]
08:48:58.625 [FXGL Background Thread 3 ] DEBUG Engine               - devShowBBoxProperty: BooleanProperty [value: false]
08:48:58.625 [FXGL Background Thread 3 ] DEBUG Engine               - devShowPositionProperty: BooleanProperty [value: false]
08:48:58.625 [FXGL Background Thread 3 ] DEBUG Engine               - enabledMenuItems: []
08:48:58.625 [FXGL Background Thread 3 ] DEBUG Engine               - engineServices: [class com.almasb.fxgl.app.services.FXGLAssetLoaderService, class com.almasb.fxgl.app.FXGLApplication$GameApplicationService, class com.almasb.fxgl.app.services.FXGLDialogService, class com.almasb.fxgl.app.services.IOTaskExecutorService, class com.almasb.fxgl.io.FileSystemService, class com.almasb.fxgl.localization.LocalizationService, class com.almasb.fxgl.app.services.SystemBundleService, class com.almasb.fxgl.profile.SaveLoadService, class com.almasb.fxgl.ui.FXGLUIFactoryServiceProvider, class com.almasb.fxgl.ui.FXGLDialogFactoryServiceProvider, class com.almasb.fxgl.audio.AudioPlayer, class com.almasb.fxgl.notification.impl.NotificationServiceProvider, class com.almasb.fxgl.achievement.AchievementService, class com.almasb.fxgl.cutscene.CutsceneService, class com.almasb.fxgl.minigames.MiniGameService, class com.almasb.fxgl.net.NetService, class com.almasb.fxgl.app.services.UpdaterService, class com.almasb.fxgl.dev.DevService]
08:48:58.625 [FXGL Background Thread 3 ] DEBUG Engine               - fontGame: Abel-Regular.ttf
08:48:58.625 [FXGL Background Thread 3 ] DEBUG Engine               - fontMono: TerminalLandMono-Regular.otf
08:48:58.626 [FXGL Background Thread 3 ] DEBUG Engine               - fontSizeScaleUI: 1.0
08:48:58.626 [FXGL Background Thread 3 ] DEBUG Engine               - fontText: Courier-Prime.ttf
08:48:58.626 [FXGL Background Thread 3 ] DEBUG Engine               - fontUI: VarelaRound-Regular.ttf
08:48:58.626 [FXGL Background Thread 3 ] DEBUG Engine               - fullScreen: BooleanProperty [value: false]
08:48:58.626 [FXGL Background Thread 3 ] DEBUG Engine               - gameDifficulty: MEDIUM
08:48:58.626 [FXGL Background Thread 3 ] DEBUG Engine               - gameDifficultyProperty: ObjectProperty [value: MEDIUM]
08:48:58.626 [FXGL Background Thread 3 ] DEBUG Engine               - globalMusicVolume: 0.5
08:48:58.626 [FXGL Background Thread 3 ] DEBUG Engine               - globalMusicVolumeProperty: DoubleProperty [value: 0.5]
08:48:58.626 [FXGL Background Thread 3 ] DEBUG Engine               - globalSoundVolume: 0.5
08:48:58.626 [FXGL Background Thread 3 ] DEBUG Engine               - globalSoundVolumeProperty: DoubleProperty [value: 0.5]
08:48:58.626 [FXGL Background Thread 3 ] DEBUG Engine               - height: 540
08:48:58.626 [FXGL Background Thread 3 ] DEBUG Engine               - is3D: false
08:48:58.626 [FXGL Background Thread 3 ] DEBUG Engine               - isAndroid: false
08:48:58.626 [FXGL Background Thread 3 ] DEBUG Engine               - isBrowser: false
08:48:58.626 [FXGL Background Thread 3 ] DEBUG Engine               - isClickFeedbackEnabled: false
08:48:58.626 [FXGL Background Thread 3 ] DEBUG Engine               - isCloseConfirmation: false
08:48:58.626 [FXGL Background Thread 3 ] DEBUG Engine               - isDesktop: true
08:48:58.626 [FXGL Background Thread 3 ] DEBUG Engine               - isDeveloperMenuEnabled: false
08:48:58.627 [FXGL Background Thread 3 ] DEBUG Engine               - isEmbedded: false
08:48:58.627 [FXGL Background Thread 3 ] DEBUG Engine               - isEntityPreloadEnabled: true
08:48:58.627 [FXGL Background Thread 3 ] DEBUG Engine               - isExperimentalTiledLargeMap: false
08:48:58.627 [FXGL Background Thread 3 ] DEBUG Engine               - isFileSystemWriteAllowed: true
08:48:58.627 [FXGL Background Thread 3 ] DEBUG Engine               - isFullScreenAllowed: false
08:48:58.627 [FXGL Background Thread 3 ] DEBUG Engine               - isFullScreenFromStart: false
08:48:58.627 [FXGL Background Thread 3 ] DEBUG Engine               - isGameMenuEnabled: true
08:48:58.627 [FXGL Background Thread 3 ] DEBUG Engine               - isIOS: false
08:48:58.627 [FXGL Background Thread 3 ] DEBUG Engine               - isIntroEnabled: false
08:48:58.627 [FXGL Background Thread 3 ] DEBUG Engine               - isLinux: false
08:48:58.627 [FXGL Background Thread 3 ] DEBUG Engine               - isMac: false
08:48:58.627 [FXGL Background Thread 3 ] DEBUG Engine               - isMainMenuEnabled: false
08:48:58.627 [FXGL Background Thread 3 ] DEBUG Engine               - isManualResizeEnabled: false
08:48:58.627 [FXGL Background Thread 3 ] DEBUG Engine               - isMobile: false
08:48:58.627 [FXGL Background Thread 3 ] DEBUG Engine               - isNative: false
08:48:58.627 [FXGL Background Thread 3 ] DEBUG Engine               - isPauseMusicWhenMinimized: true
08:48:58.627 [FXGL Background Thread 3 ] DEBUG Engine               - isPreserveResizeRatio: false
08:48:58.627 [FXGL Background Thread 3 ] DEBUG Engine               - isProfilingEnabled: false
08:48:58.627 [FXGL Background Thread 3 ] DEBUG Engine               - isScaleAffectedOnResize: true
08:48:58.627 [FXGL Background Thread 3 ] DEBUG Engine               - isSingleStep: false
08:48:58.627 [FXGL Background Thread 3 ] DEBUG Engine               - isUserProfileEnabled: false
08:48:58.628 [FXGL Background Thread 3 ] DEBUG Engine               - isWindows: true
08:48:58.628 [FXGL Background Thread 3 ] DEBUG Engine               - language: ObjectProperty [value: ENGLISH]
08:48:58.628 [FXGL Background Thread 3 ] DEBUG Engine               - menuKey: ESCAPE
08:48:58.628 [FXGL Background Thread 3 ] DEBUG Engine               - mouseSensitivity: 0.2
08:48:58.628 [FXGL Background Thread 3 ] DEBUG Engine               - notificationViewClass: class com.almasb.fxgl.notification.view.XboxNotificationView
08:48:58.628 [FXGL Background Thread 3 ] DEBUG Engine               - pixelsPerMeter: 50.0
08:48:58.628 [FXGL Background Thread 3 ] DEBUG Engine               - platform: WINDOWS
08:48:58.628 [FXGL Background Thread 3 ] DEBUG Engine               - prefHeightProperty: ReadOnlyDoubleProperty [value: 540.0]
08:48:58.628 [FXGL Background Thread 3 ] DEBUG Engine               - prefWidthProperty: ReadOnlyDoubleProperty [value: 960.0]
08:48:58.628 [FXGL Background Thread 3 ] DEBUG Engine               - profileDir: profiles/
08:48:58.628 [FXGL Background Thread 3 ] DEBUG Engine               - profileName: StringProperty [value: DEFAULT]
08:48:58.628 [FXGL Background Thread 3 ] DEBUG Engine               - randomSeed: -1
08:48:58.628 [FXGL Background Thread 3 ] DEBUG Engine               - runtimeInfo: RuntimeInfo(platform=WINDOWS, version=21+dev-SNAPSHOT, build=26.03.2024 21.04)
08:48:58.628 [FXGL Background Thread 3 ] DEBUG Engine               - saveFileExt: sav
08:48:58.628 [FXGL Background Thread 3 ] DEBUG Engine               - scaledHeightProp$fxgl: DoubleProperty [bound, value: 540.0]
08:48:58.628 [FXGL Background Thread 3 ] DEBUG Engine               - scaledWidthProp$fxgl: DoubleProperty [bound, value: 960.0]
08:48:58.628 [FXGL Background Thread 3 ] DEBUG Engine               - sceneFactory: com.almasb.fxgl.app.scene.SceneFactory@4ac80d4
08:48:58.628 [FXGL Background Thread 3 ] DEBUG Engine               - secondsIn24h: 60
08:48:58.628 [FXGL Background Thread 3 ] DEBUG Engine               - soundMenuBack: menu/back.wav
08:48:58.628 [FXGL Background Thread 3 ] DEBUG Engine               - soundMenuPress: menu/press.wav
08:48:58.628 [FXGL Background Thread 3 ] DEBUG Engine               - soundMenuSelect: menu/select.wav
08:48:58.628 [FXGL Background Thread 3 ] DEBUG Engine               - soundNotification: core/notification.wav
08:48:58.628 [FXGL Background Thread 3 ] DEBUG Engine               - stageStyle: DECORATED
08:48:58.628 [FXGL Background Thread 3 ] DEBUG Engine               - supportedLanguages: [ENGLISH, FRENCH, GERMAN, HUNGARIAN, RUSSIAN]
08:48:58.628 [FXGL Background Thread 3 ] DEBUG Engine               - ticksPerSecond: -1
08:48:58.628 [FXGL Background Thread 3 ] DEBUG Engine               - title: Don't Jump in Lava
08:48:58.629 [FXGL Background Thread 3 ] DEBUG Engine               - urlGithub: https://github.com/AlmasB/FXGL
08:48:58.629 [FXGL Background Thread 3 ] DEBUG Engine               - urlLeaderboard: http://fxgl-top.herokuapp.com/
08:48:58.629 [FXGL Background Thread 3 ] DEBUG Engine               - urlPOM: https://raw.githubusercontent.com/AlmasB/FXGL/release/README.md
08:48:58.629 [FXGL Background Thread 3 ] DEBUG Engine               - userAppClass: class com.dontjumpinlava.Main
08:48:58.629 [FXGL Background Thread 3 ] DEBUG Engine               - version: 0.0
08:48:58.629 [FXGL Background Thread 3 ] DEBUG Engine               - versionCheckDays: 7
08:48:58.629 [FXGL Background Thread 3 ] DEBUG Engine               - width: 960
08:48:58.629 [FXGL Background Thread 3 ] DEBUG Engine               - Logging services
08:48:58.629 [FXGL Background Thread 3 ] DEBUG Engine               - class com.almasb.fxgl.app.services.FXGLAssetLoaderService
08:48:58.629 [FXGL Background Thread 3 ] DEBUG Engine               - class com.almasb.fxgl.app.FXGLApplication$GameApplicationService
08:48:58.629 [FXGL Background Thread 3 ] DEBUG Engine               - class com.almasb.fxgl.app.services.FXGLDialogService
08:48:58.629 [FXGL Background Thread 3 ] DEBUG Engine               - class com.almasb.fxgl.app.services.IOTaskExecutorService
08:48:58.629 [FXGL Background Thread 3 ] DEBUG Engine               - class com.almasb.fxgl.io.FileSystemService
08:48:58.629 [FXGL Background Thread 3 ] DEBUG Engine               - class com.almasb.fxgl.localization.LocalizationService
08:48:58.629 [FXGL Background Thread 3 ] DEBUG Engine               - class com.almasb.fxgl.app.services.SystemBundleService
08:48:58.629 [FXGL Background Thread 3 ] DEBUG Engine               - class com.almasb.fxgl.profile.SaveLoadService
08:48:58.629 [FXGL Background Thread 3 ] DEBUG Engine               - class com.almasb.fxgl.ui.FXGLUIFactoryServiceProvider
08:48:58.629 [FXGL Background Thread 3 ] DEBUG Engine               - class com.almasb.fxgl.ui.FXGLDialogFactoryServiceProvider
08:48:58.629 [FXGL Background Thread 3 ] DEBUG Engine               - class com.almasb.fxgl.audio.AudioPlayer
08:48:58.629 [FXGL Background Thread 3 ] DEBUG Engine               - class com.almasb.fxgl.notification.impl.NotificationServiceProvider
08:48:58.629 [FXGL Background Thread 3 ] DEBUG Engine               - class com.almasb.fxgl.achievement.AchievementService
08:48:58.629 [FXGL Background Thread 3 ] DEBUG Engine               - class com.almasb.fxgl.cutscene.CutsceneService
08:48:58.629 [FXGL Background Thread 3 ] DEBUG Engine               - class com.almasb.fxgl.minigames.MiniGameService
08:48:58.629 [FXGL Background Thread 3 ] DEBUG Engine               - class com.almasb.fxgl.net.NetService
08:48:58.629 [FXGL Background Thread 3 ] DEBUG Engine               - class com.almasb.fxgl.app.services.UpdaterService
08:48:58.629 [FXGL Background Thread 3 ] DEBUG Engine               - class com.almasb.fxgl.dev.DevService
08:48:59.415 [JavaFX Application Thread] DEBUG FXGLApplication      - Exiting FXGL
08:48:59.415 [JavaFX Application Thread] DEBUG LoopRunner           - Stopping loop
08:48:59.415 [JavaFX Application Thread] DEBUG SystemBundleService  - Saving FXGL system data
08:48:59.419 [JavaFX Application Thread] DEBUG FileSystemAccess     - Writing to: C:\Users\MichaelMgbeojirikwe\OneDrive - NYC Public Schools\Desktop\Java\games\dontjumpinlava\system\fxgl.bundle
08:48:59.425 [JavaFX Application Thread] DEBUG Async                - Shutting down background threads
08:48:59.425 [JavaFX Application Thread] DEBUG PrimaryStageWindow   - Closing main window
08:48:59.436 [JavaFX Application Thread] DEBUG Logger               - Closing Logger
