09:17:55.681 [main                     ] DEBUG Logger               - Configured Logger
09:17:55.700 [main                     ] DEBUG GameApplication      - Logging settings
Title: Don't Jump in Lava
Version: 0.0
Width: 960
Height: 540
Fullscreen: false
Intro: false
Profiling: false
Single step:false
App Mode: DEVELOPER
Menu Key: ESCAPE
Stage Style: DECORATED
Scene Factory: class com.almasb.fxgl.app.scene.SceneFactory

09:17:56.047 [JavaFX Application Thread] DEBUG FXGLApplication      - Initializing FXGL
09:17:56.049 [JavaFX Application Thread] INFO  Engine               - FXGL-21+dev-SNAPSHOT (26.03.2024 21.04) on WINDOWS (J:21.0.6 FX:21)
09:17:56.050 [JavaFX Application Thread] DEBUG Engine               - JRE Vendor Name: Oracle Corporation
09:17:56.050 [JavaFX Application Thread] DEBUG Engine               - Running on OS: Windows 11 version 10.0
09:17:56.050 [JavaFX Application Thread] DEBUG Engine               - Architecture: amd64
09:17:56.050 [JavaFX Application Thread] INFO  Engine               - Source code and latest versions at: https://github.com/AlmasB/FXGL
09:17:56.050 [JavaFX Application Thread] INFO  Engine               -       Ask questions and discuss at: https://github.com/AlmasB/FXGL/discussions
09:17:56.050 [JavaFX Application Thread] INFO  Engine               -              Join the FXGL chat at: https://gitter.im/AlmasB/FXGL
09:17:56.113 [JavaFX Application Thread] DEBUG PrimaryStageWindow   - Creating a JavaFX scene
09:17:56.147 [JavaFX Application Thread] DEBUG PrimaryStageWindow   - Target settings size: 960.0 x 540.0
09:17:56.147 [JavaFX Application Thread] DEBUG PrimaryStageWindow   - Scaled scene size:    960.0 x 540.0
09:17:56.148 [JavaFX Application Thread] DEBUG PrimaryStageWindow   - Scaled ratio: (1.0, 1.0)
09:17:56.148 [JavaFX Application Thread] DEBUG PrimaryStageWindow   - Set initial scene to FXGLStartupScene
09:17:56.150 [JavaFX Application Thread] DEBUG PrimaryStageWindow   - Opening main window
09:17:56.209 [JavaFX Application Thread] DEBUG PrimaryStageWindow   - Window border size: (16.0, 39.0)
09:17:56.209 [JavaFX Application Thread] DEBUG PrimaryStageWindow   - Scaled size: 960.0 x 540.0
09:17:56.209 [JavaFX Application Thread] DEBUG PrimaryStageWindow   - Scaled ratio: (1.0, 1.0)
09:17:56.209 [JavaFX Application Thread] DEBUG PrimaryStageWindow   - Scene size: 960.0 x 540.0
09:17:56.209 [JavaFX Application Thread] DEBUG PrimaryStageWindow   - Stage size: 976.0 x 579.0
09:17:56.214 [FXGL Background Thread 1 ] DEBUG Engine               - Initializing environment variables
09:17:56.247 [FXGL Background Thread 1 ] DEBUG FXGLAssetLoaderServi - User app class for loading assets: class com.dontjumpinlava.Main
09:17:56.247 [FXGL Background Thread 1 ] DEBUG GameApplicationServi - Applying CSS: fxgl_dark.css
09:17:56.248 [FXGL Background Thread 1 ] DEBUG FXGLAssetLoaderServi - Loading from file system: jar:file:/C:/Users/MichaelMgbeojirikwe/.m2/repository/com/github/almasb/fxgl/fxgl/21.1/fxgl-21.1.jar!/fxglassets/ui/css/fxgl_dark.css
09:17:56.274 [FXGL Background Thread 1 ] DEBUG GameApplicationServi - Initializing application scenes
09:17:56.310 [FXGL Background Thread 1 ] DEBUG GameWorld            - Game world initialized
09:17:56.359 [FXGL Background Thread 1 ] DEBUG PhysicsWorld         - Physics world initialized: appHeight=540, physics.ppm=50.0
09:17:56.359 [FXGL Background Thread 1 ] DEBUG PhysicsWorld         - Using strategy: BRUTE_FORCE
09:17:56.362 [FXGL Background Thread 1 ] DEBUG GameScene            - Game scene initialized: 960x540
09:17:56.369 [FXGL Background Thread 1 ] WARN  FXGL.DefaultMenu     - FXGLDefaultMenu is not designed for resolutions < 800x600
09:17:56.369 [FXGL Background Thread 1 ] DEBUG FXGL.DefaultMenu     - createMenuBodyGameMenu()
09:17:56.379 [FXGL Background Thread 1 ] DEBUG FXGL.DefaultMenu     - createOptionsMenu()
09:17:56.385 [FXGL Background Thread 1 ] DEBUG FXGLAssetLoaderServi - Loading from file system: jar:file:/C:/Users/MichaelMgbeojirikwe/.m2/repository/com/github/almasb/fxgl/fxgl/21.1/fxgl-21.1.jar!/fxglassets/textures/particles/smoke.png
09:17:56.462 [FXGL Background Thread 1 ] DEBUG FXGLAssetLoaderServi - Loading from file system: jar:file:/C:/Users/MichaelMgbeojirikwe/.m2/repository/com/github/almasb/fxgl/fxgl/21.1/fxgl-21.1.jar!/fxglassets/textures/particles/trace_horizontal.png
09:17:56.483 [FXGL Background Thread 1 ] DEBUG GameApplicationServi - Application scenes initialized
09:17:56.494 [FXGL Background Thread 1 ] DEBUG SystemBundleService  - Loading FXGL system data
09:17:56.496 [FXGL Background Thread 1 ] DEBUG FileSystemAccess     - Reading from: C:\Users\MichaelMgbeojirikwe\OneDrive - NYC Public Schools\Desktop\Java\games\dontjumpinlava\system\fxgl.bundle
09:17:56.502 [FXGL Background Thread 1 ] DEBUG SystemBundleService  - Bundle FXGL: {}
09:17:56.502 [FXGL Background Thread 1 ] DEBUG UpdaterService       - Checking for updates
09:17:56.505 [FXGL Background Thread 4 ] DEBUG FXGLApplication      - Loading fonts
09:17:56.505 [FXGL Background Thread 4 ] DEBUG FXGLAssetLoaderServi - Loading from file system: jar:file:/C:/Users/MichaelMgbeojirikwe/.m2/repository/com/github/almasb/fxgl/fxgl/21.1/fxgl-21.1.jar!/fxglassets/ui/fonts/VarelaRound-Regular.ttf
09:17:56.505 [FXGL Background Thread 1 ] DEBUG FXGLApplication      - Loading default localization
09:17:56.506 [FXGL Background Thread 1 ] DEBUG FXGLAssetLoaderServi - Loading from file system: jar:file:/C:/Users/MichaelMgbeojirikwe/.m2/repository/com/github/almasb/fxgl/fxgl/21.1/fxgl-21.1.jar!/fxglassets/languages/english.lang
09:17:56.525 [FXGL Background Thread 1 ] INFO  FXGLApplication      - FXGL initialization took: 0.311 sec
09:17:56.533 [FXGL Background Thread 4 ] DEBUG FXGLAssetLoaderServi - Loading from file system: jar:file:/C:/Users/MichaelMgbeojirikwe/.m2/repository/com/github/almasb/fxgl/fxgl/21.1/fxgl-21.1.jar!/fxglassets/ui/fonts/Abel-Regular.ttf
09:17:56.534 [JavaFX Application Thread] DEBUG Input                - Registered new binding: Up - Up
09:17:56.534 [JavaFX Application Thread] DEBUG Input                - Registered new binding: Right - Right
09:17:56.534 [JavaFX Application Thread] DEBUG Input                - Registered new binding: Left - Left
09:17:56.534 [JavaFX Application Thread] DEBUG Input                - Registered new binding: Down - Down
09:17:56.534 [JavaFX Application Thread] DEBUG Input                - Registered new binding: W - W
09:17:56.534 [JavaFX Application Thread] DEBUG Input                - Registered new binding: A - A
09:17:56.534 [JavaFX Application Thread] DEBUG Input                - Registered new binding: S - S
09:17:56.535 [JavaFX Application Thread] DEBUG Input                - Registered new binding: D - D
09:17:56.535 [JavaFX Application Thread] DEBUG Input                - Registered new binding: E - E
09:17:56.535 [JavaFX Application Thread] DEBUG Input                - Registered new binding: Eyedrop - Q
09:17:56.535 [JavaFX Application Thread] DEBUG Input                - Registered new binding: Space - Space
09:17:56.536 [JavaFX Application Thread] DEBUG Input                - Registered new binding: Click - LMB
09:17:56.536 [JavaFX Application Thread] DEBUG Input                - Registered new binding: Grass - 1
09:17:56.536 [JavaFX Application Thread] DEBUG Input                - Registered new binding: Dirt - 2
09:17:56.536 [JavaFX Application Thread] DEBUG Input                - Registered new binding: Stone - 3
09:17:56.536 [JavaFX Application Thread] DEBUG Input                - Registered new binding: Bedrock - 4
09:17:56.536 [JavaFX Application Thread] DEBUG LoopRunner           - Stopping loop
09:17:56.536 [JavaFX Application Thread] DEBUG LoopRunner           - Initializing JavaFX AnimationTimerLoop
09:17:56.538 [FXGL Background Thread 4 ] DEBUG FXGLAssetLoaderServi - Loading from file system: jar:file:/C:/Users/MichaelMgbeojirikwe/.m2/repository/com/github/almasb/fxgl/fxgl/21.1/fxgl-21.1.jar!/fxglassets/ui/fonts/TerminalLandMono-Regular.otf
09:17:56.542 [FXGL Background Thread 4 ] DEBUG FXGLAssetLoaderServi - Loading from file system: jar:file:/C:/Users/MichaelMgbeojirikwe/.m2/repository/com/github/almasb/fxgl/fxgl/21.1/fxgl-21.1.jar!/fxglassets/ui/fonts/Courier-Prime.ttf
09:17:56.542 [JavaFX Application Thread] FATAL FXGLApplication      - Uncaught Exception:
java.lang.IllegalArgumentException: Action already exists: Bedrock
	at com.almasb.fxgl.input.Input.addBinding(Input.kt:504)
	at com.almasb.fxgl.input.Input.addAction(Input.kt:500)
	at com.almasb.fxgl.input.Input.addAction$default(Input.kt:497)
	at com.almasb.fxgl.input.Input.addAction(Input.kt)
	at com.dontjumpinlava.Main.initInput(Main.java:406)
	at com.almasb.fxgl.app.FXGLApplication$GameApplicationService.onMainLoopStarting(FXGLApplication.kt:548)
	at com.almasb.fxgl.app.Engine.startLoop(Engine.kt:154)
	at com.almasb.fxgl.app.FXGLApplication.startImpl$lambda$3(FXGLApplication.kt:147)
	at com.almasb.fxgl.core.concurrent.IOTask.succeed(IOTask.java:164)
	at com.almasb.fxgl.core.concurrent.IOTask$1.succeeded(IOTask.java:153)
	at javafx.concurrent.Task.setState(Task.java:726)
	at javafx.concurrent.Task$TaskCallable.lambda$call$1(Task.java:1410)
	at com.sun.javafx.application.PlatformImpl.lambda$runLater$10(PlatformImpl.java:456)
	at java.base/java.security.AccessController.doPrivileged(AccessController.java:400)
	at com.sun.javafx.application.PlatformImpl.lambda$runLater$11(PlatformImpl.java:455)
	at com.sun.glass.ui.InvokeLaterDispatcher$Future.run(InvokeLaterDispatcher.java:95)
	at com.sun.glass.ui.win.WinApplication._runLoop(Native Method)
	at com.sun.glass.ui.win.WinApplication.lambda$runLoop$3(WinApplication.java:185)
	at java.base/java.lang.Thread.run(Thread.java:1583)

09:17:56.543 [JavaFX Application Thread] FATAL FXGLApplication      - Application will now exit
09:17:56.556 [JavaFX Application Thread] DEBUG PrimaryStageWindow   - Push state: ErrorSubScene
09:17:56.556 [JavaFX Application Thread] DEBUG Input                - Clearing active input actions
09:17:56.566 [JavaFX Application Thread] DEBUG GameApplicationServi - Removing overlay from FXGLStartupScene and adding to ErrorSubScene
09:17:56.566 [JavaFX Application Thread] DEBUG PrimaryStageWindow   - FXGLStartupScene -> ErrorSubScene
09:17:56.566 [JavaFX Application Thread] DEBUG FXGLApplication      - Registering font factories with UI factory
09:17:56.890 [FXGL Background Thread 2 ] INFO  UpdaterService       - Your current version:  21+dev-SNAPSHOT
09:17:56.891 [FXGL Background Thread 2 ] INFO  UpdaterService       - Latest stable version: 21.1
09:17:59.246 [JavaFX Application Thread] DEBUG FXGLApplication      - Exiting FXGL
09:17:59.246 [JavaFX Application Thread] DEBUG Async                - Shutting down background threads
09:17:59.247 [JavaFX Application Thread] DEBUG PrimaryStageWindow   - Closing main window
09:17:59.264 [JavaFX Application Thread] DEBUG Logger               - Closing Logger
