08:51:51.302 [main                     ] DEBUG Logger               - Configured Logger
08:51:51.324 [main                     ] DEBUG GameApplication      - Logging settings
Title: Don't Jump in Lava
Version: 0.0
Width: 960
Height: 540
Fullscreen: false
Intro: false
Profiling: false
Single step:false
App Mode: DEVELOPER
Menu Key: ESCAPE
Stage Style: DECORATED
Scene Factory: class com.almasb.fxgl.app.scene.SceneFactory

08:51:51.682 [JavaFX Application Thread] DEBUG FXGLApplication      - Initializing FXGL
08:51:51.685 [JavaFX Application Thread] INFO  Engine               - FXGL-21.1 (27.03.2024 07.52) on WINDOWS (J:21.0.8 FX:17.0.1)
08:51:51.686 [JavaFX Application Thread] DEBUG Engine               - JRE Vendor Name: Eclipse Adoptium
08:51:51.686 [JavaFX Application Thread] DEBUG Engine               - Running on OS: Windows 11 version 10.0
08:51:51.686 [JavaFX Application Thread] DEBUG Engine               - Architecture: amd64
08:51:51.686 [JavaFX Application Thread] INFO  Engine               - Source code and latest versions at: https://github.com/AlmasB/FXGL
08:51:51.686 [JavaFX Application Thread] INFO  Engine               -       Ask questions and discuss at: https://github.com/AlmasB/FXGL/discussions
08:51:51.686 [JavaFX Application Thread] INFO  Engine               -              Join the FXGL chat at: https://gitter.im/AlmasB/FXGL
08:51:51.746 [JavaFX Application Thread] DEBUG PrimaryStageWindow   - Creating a JavaFX scene
08:51:51.776 [JavaFX Application Thread] DEBUG PrimaryStageWindow   - Target settings size: 960.0 x 540.0
08:51:51.777 [JavaFX Application Thread] DEBUG PrimaryStageWindow   - Scaled scene size:    960.0 x 540.0
08:51:51.777 [JavaFX Application Thread] DEBUG PrimaryStageWindow   - Scaled ratio: (1.0, 1.0)
08:51:51.777 [JavaFX Application Thread] DEBUG PrimaryStageWindow   - Set initial scene to FXGLStartupScene
08:51:51.781 [JavaFX Application Thread] DEBUG PrimaryStageWindow   - Opening main window
08:51:51.848 [JavaFX Application Thread] DEBUG PrimaryStageWindow   - Window border size: (16.0, 39.0)
08:51:51.848 [JavaFX Application Thread] DEBUG PrimaryStageWindow   - Scaled size: 960.0 x 540.0
08:51:51.848 [JavaFX Application Thread] DEBUG PrimaryStageWindow   - Scaled ratio: (1.0, 1.0)
08:51:51.848 [JavaFX Application Thread] DEBUG PrimaryStageWindow   - Scene size: 960.0 x 540.0
08:51:51.849 [JavaFX Application Thread] DEBUG PrimaryStageWindow   - Stage size: 976.0 x 579.0
08:51:51.853 [FXGL Background Thread 1 ] DEBUG Engine               - Initializing environment variables
08:51:51.888 [FXGL Background Thread 1 ] DEBUG FXGLAssetLoaderServi - User app class for loading assets: class com.dontjumpinlava.Main
08:51:51.888 [FXGL Background Thread 1 ] DEBUG GameApplicationServi - Applying CSS: fxgl_dark.css
08:51:51.888 [FXGL Background Thread 1 ] DEBUG FXGLAssetLoaderServi - Loading from file system: jar:file:/C:/Users/MichaelMgbeojirikwe/.m2/repository/com/github/almasb/fxgl/21.1/fxgl-21.1.jar!/fxglassets/ui/css/fxgl_dark.css
08:51:51.913 [FXGL Background Thread 1 ] DEBUG GameApplicationServi - Initializing application scenes
08:51:51.950 [FXGL Background Thread 1 ] DEBUG GameWorld            - Game world initialized
08:51:51.996 [FXGL Background Thread 1 ] DEBUG PhysicsWorld         - Physics world initialized: appHeight=540, physics.ppm=50.0
08:51:51.996 [FXGL Background Thread 1 ] DEBUG PhysicsWorld         - Using strategy: BRUTE_FORCE
08:51:51.998 [FXGL Background Thread 1 ] DEBUG GameScene            - Game scene initialized: 960x540
08:51:52.004 [FXGL Background Thread 1 ] WARN  FXGL.DefaultMenu     - FXGLDefaultMenu is not designed for resolutions < 800x600
08:51:52.005 [FXGL Background Thread 1 ] DEBUG FXGL.DefaultMenu     - createMenuBodyGameMenu()
08:51:52.013 [FXGL Background Thread 1 ] DEBUG FXGL.DefaultMenu     - createOptionsMenu()
08:51:52.018 [FXGL Background Thread 1 ] DEBUG FXGLAssetLoaderServi - Loading from file system: jar:file:/C:/Users/MichaelMgbeojirikwe/.m2/repository/com/github/almasb/fxgl/21.1/fxgl-21.1.jar!/fxglassets/textures/particles/smoke.png
08:51:52.109 [FXGL Background Thread 1 ] DEBUG FXGLAssetLoaderServi - Loading from file system: jar:file:/C:/Users/MichaelMgbeojirikwe/.m2/repository/com/github/almasb/fxgl/21.1/fxgl-21.1.jar!/fxglassets/textures/particles/trace_horizontal.png
08:51:52.128 [FXGL Background Thread 1 ] DEBUG GameApplicationServi - Application scenes initialized
08:51:52.139 [FXGL Background Thread 1 ] DEBUG SystemBundleService  - Loading FXGL system data
08:51:52.141 [FXGL Background Thread 1 ] DEBUG FileSystemAccess     - Reading from: C:\Users\MichaelMgbeojirikwe\OneDrive - NYC Public Schools\Desktop\Java\games\dontjumpinlava\system\fxgl.bundle
08:51:52.148 [FXGL Background Thread 1 ] DEBUG SystemBundleService  - Bundle FXGL: {}
08:51:52.148 [FXGL Background Thread 1 ] DEBUG UpdaterService       - Checking for updates
08:51:52.152 [FXGL Background Thread 4 ] DEBUG FXGLApplication      - Loading fonts
08:51:52.152 [FXGL Background Thread 4 ] DEBUG FXGLAssetLoaderServi - Loading from file system: jar:file:/C:/Users/MichaelMgbeojirikwe/.m2/repository/com/github/almasb/fxgl/21.1/fxgl-21.1.jar!/fxglassets/ui/fonts/VarelaRound-Regular.ttf
08:51:52.153 [FXGL Background Thread 1 ] DEBUG FXGLApplication      - Loading default localization
08:51:52.153 [FXGL Background Thread 1 ] DEBUG FXGLAssetLoaderServi - Loading from file system: jar:file:/C:/Users/MichaelMgbeojirikwe/.m2/repository/com/github/almasb/fxgl/21.1/fxgl-21.1.jar!/fxglassets/languages/english.lang
08:51:52.167 [FXGL Background Thread 1 ] INFO  FXGLApplication      - FXGL initialization took: 0.315 sec
08:51:52.168 [JavaFX Application Thread] DEBUG FXGLAssetLoaderServi - Loading from file system: jar:file:/C:/Users/MichaelMgbeojirikwe/.m2/repository/com/github/almasb/fxgl/21.1/fxgl-21.1.jar!/fxglassets/textures/fxgl_icon.png
08:51:52.185 [JavaFX Application Thread] DEBUG FXGLAssetLoaderServi - Loading from file system: jar:file:/C:/Users/MichaelMgbeojirikwe/.m2/repository/com/github/almasb/fxgl/21.1/fxgl-21.1.jar!/fxglassets/textures/fxgl_default_cursor.png
08:51:52.191 [FXGL Background Thread 4 ] DEBUG FXGLAssetLoaderServi - Loading from file system: jar:file:/C:/Users/MichaelMgbeojirikwe/.m2/repository/com/github/almasb/fxgl/21.1/fxgl-21.1.jar!/fxglassets/ui/fonts/Abel-Regular.ttf
08:51:52.196 [FXGL Background Thread 4 ] DEBUG FXGLAssetLoaderServi - Loading from file system: jar:file:/C:/Users/MichaelMgbeojirikwe/.m2/repository/com/github/almasb/fxgl/21.1/fxgl-21.1.jar!/fxglassets/ui/fonts/TerminalLandMono-Regular.otf
08:51:52.199 [JavaFX Application Thread] DEBUG Input                - Registered new binding: Screenshot - CTRL+8
08:51:52.200 [JavaFX Application Thread] DEBUG Input                - Registered new binding: System info dump - CTRL+9
08:51:52.200 [FXGL Background Thread 4 ] DEBUG FXGLAssetLoaderServi - Loading from file system: jar:file:/C:/Users/MichaelMgbeojirikwe/.m2/repository/com/github/almasb/fxgl/21.1/fxgl-21.1.jar!/fxglassets/ui/fonts/Courier-Prime.ttf
08:51:52.202 [JavaFX Application Thread] DEBUG Input                - Registered new binding: Restart - CTRL+R
08:51:52.204 [JavaFX Application Thread] DEBUG Input                - Registered new binding: Toggle Debug Camera - CTRL+7
08:51:52.208 [JavaFX Application Thread] DEBUG LoopRunner           - Starting loop
08:51:52.208 [JavaFX Application Thread] DEBUG LoopRunner           - Initializing JavaFX AnimationTimerLoop
08:51:52.210 [JavaFX Application Thread] DEBUG GameApplicationServi - Starting new game
08:51:52.210 [JavaFX Application Thread] DEBUG Input                - Clearing active input actions
08:51:52.221 [JavaFX Application Thread] DEBUG GameApplicationServi - Removing overlay from FXGLStartupScene and adding to FXGLLoadingScene
08:51:52.222 [JavaFX Application Thread] DEBUG PrimaryStageWindow   - FXGLStartupScene -> FXGLLoadingScene
08:51:52.222 [JavaFX Application Thread] DEBUG GameApplicationServi - Clearing previous game
08:51:52.222 [JavaFX Application Thread] DEBUG GameScene            - Clearing game scene
08:51:52.222 [JavaFX Application Thread] DEBUG GameWorld            - Clearing game world
08:51:52.222 [JavaFX Application Thread] DEBUG PhysicsWorld         - Clearing physics world
08:51:52.223 [FXGL Background Thread 4 ] DEBUG FXGLApplication      - Initializing game
08:51:52.223 [JavaFX Application Thread] DEBUG FXGLApplication      - Registering font factories with UI factory
08:51:52.641 [FXGL Background Thread 4 ] INFO  FXGLApplication      - Game initialization took: 0.417 sec
08:51:52.642 [JavaFX Application Thread] DEBUG Input                - Clearing active input actions
08:51:52.655 [JavaFX Application Thread] DEBUG GameApplicationServi - Removing overlay from FXGLLoadingScene and adding to GameScene
08:51:52.655 [JavaFX Application Thread] DEBUG PrimaryStageWindow   - FXGLLoadingScene -> GameScene
08:51:53.967 [JavaFX Application Thread] DEBUG FXGLApplication      - Exiting FXGL
08:51:53.967 [JavaFX Application Thread] DEBUG LoopRunner           - Stopping loop
08:51:53.968 [JavaFX Application Thread] DEBUG SystemBundleService  - Saving FXGL system data
08:51:53.970 [JavaFX Application Thread] DEBUG FileSystemAccess     - Writing to: C:\Users\MichaelMgbeojirikwe\OneDrive - NYC Public Schools\Desktop\Java\games\dontjumpinlava\system\fxgl.bundle
08:51:53.973 [JavaFX Application Thread] DEBUG Async                - Shutting down background threads
08:51:53.973 [JavaFX Application Thread] DEBUG PrimaryStageWindow   - Closing main window
08:51:53.983 [JavaFX Application Thread] DEBUG Logger               - Closing Logger
