08:49:41.685 [main                     ] DEBUG Logger               - Configured Logger
08:49:41.708 [main                     ] DEBUG GameApplication      - Logging settings
Title: Don't Jump in Lava
Version: 0.0
Width: 960
Height: 540
Fullscreen: false
Intro: false
Profiling: false
Single step:false
App Mode: DEVELOPER
Menu Key: ESCAPE
Stage Style: DECORATED
Scene Factory: class com.almasb.fxgl.app.scene.SceneFactory

08:49:42.080 [JavaFX Application Thread] DEBUG FXGLApplication      - Initializing FXGL
08:49:42.082 [JavaFX Application Thread] INFO  Engine               - FXGL-21.1 (27.03.2024 07.52) on WINDOWS (J:21.0.8 FX:17.0.1)
08:49:42.083 [JavaFX Application Thread] DEBUG Engine               - JRE Vendor Name: Eclipse Adoptium
08:49:42.083 [JavaFX Application Thread] DEBUG Engine               - Running on OS: Windows 11 version 10.0
08:49:42.083 [JavaFX Application Thread] DEBUG Engine               - Architecture: amd64
08:49:42.083 [JavaFX Application Thread] INFO  Engine               - Source code and latest versions at: https://github.com/AlmasB/FXGL
08:49:42.083 [JavaFX Application Thread] INFO  Engine               -       Ask questions and discuss at: https://github.com/AlmasB/FXGL/discussions
08:49:42.083 [JavaFX Application Thread] INFO  Engine               -              Join the FXGL chat at: https://gitter.im/AlmasB/FXGL
08:49:42.143 [JavaFX Application Thread] DEBUG PrimaryStageWindow   - Creating a JavaFX scene
08:49:42.175 [JavaFX Application Thread] DEBUG PrimaryStageWindow   - Target settings size: 960.0 x 540.0
08:49:42.175 [JavaFX Application Thread] DEBUG PrimaryStageWindow   - Scaled scene size:    960.0 x 540.0
08:49:42.175 [JavaFX Application Thread] DEBUG PrimaryStageWindow   - Scaled ratio: (1.0, 1.0)
08:49:42.176 [JavaFX Application Thread] DEBUG PrimaryStageWindow   - Set initial scene to FXGLStartupScene
08:49:42.180 [JavaFX Application Thread] DEBUG PrimaryStageWindow   - Opening main window
08:49:42.252 [JavaFX Application Thread] DEBUG PrimaryStageWindow   - Window border size: (16.0, 39.0)
08:49:42.252 [JavaFX Application Thread] DEBUG PrimaryStageWindow   - Scaled size: 960.0 x 540.0
08:49:42.252 [JavaFX Application Thread] DEBUG PrimaryStageWindow   - Scaled ratio: (1.0, 1.0)
08:49:42.252 [JavaFX Application Thread] DEBUG PrimaryStageWindow   - Scene size: 960.0 x 540.0
08:49:42.252 [JavaFX Application Thread] DEBUG PrimaryStageWindow   - Stage size: 976.0 x 579.0
08:49:42.257 [FXGL Background Thread 1 ] DEBUG Engine               - Initializing environment variables
08:49:42.293 [FXGL Background Thread 1 ] DEBUG FXGLAssetLoaderServi - User app class for loading assets: class com.dontjumpinlava.Main
08:49:42.293 [FXGL Background Thread 1 ] DEBUG GameApplicationServi - Applying CSS: fxgl_dark.css
08:49:42.293 [FXGL Background Thread 1 ] DEBUG FXGLAssetLoaderServi - Loading from file system: jar:file:/C:/Users/MichaelMgbeojirikwe/.m2/repository/com/github/almasb/fxgl/21.1/fxgl-21.1.jar!/fxglassets/ui/css/fxgl_dark.css
08:49:42.319 [FXGL Background Thread 1 ] DEBUG GameApplicationServi - Initializing application scenes
08:49:42.356 [FXGL Background Thread 1 ] DEBUG GameWorld            - Game world initialized
08:49:42.400 [FXGL Background Thread 1 ] DEBUG PhysicsWorld         - Physics world initialized: appHeight=540, physics.ppm=50.0
08:49:42.401 [FXGL Background Thread 1 ] DEBUG PhysicsWorld         - Using strategy: BRUTE_FORCE
08:49:42.403 [FXGL Background Thread 1 ] DEBUG GameScene            - Game scene initialized: 960x540
08:49:42.410 [FXGL Background Thread 1 ] WARN  FXGL.DefaultMenu     - FXGLDefaultMenu is not designed for resolutions < 800x600
08:49:42.411 [FXGL Background Thread 1 ] DEBUG FXGL.DefaultMenu     - createMenuBodyGameMenu()
08:49:42.419 [FXGL Background Thread 1 ] DEBUG FXGL.DefaultMenu     - createOptionsMenu()
08:49:42.425 [FXGL Background Thread 1 ] DEBUG FXGLAssetLoaderServi - Loading from file system: jar:file:/C:/Users/MichaelMgbeojirikwe/.m2/repository/com/github/almasb/fxgl/21.1/fxgl-21.1.jar!/fxglassets/textures/particles/smoke.png
08:49:42.503 [FXGL Background Thread 1 ] DEBUG FXGLAssetLoaderServi - Loading from file system: jar:file:/C:/Users/MichaelMgbeojirikwe/.m2/repository/com/github/almasb/fxgl/21.1/fxgl-21.1.jar!/fxglassets/textures/particles/trace_horizontal.png
08:49:42.521 [FXGL Background Thread 1 ] DEBUG GameApplicationServi - Application scenes initialized
08:49:42.533 [FXGL Background Thread 1 ] DEBUG SystemBundleService  - Loading FXGL system data
08:49:42.536 [FXGL Background Thread 1 ] DEBUG FileSystemAccess     - Reading from: C:\Users\MichaelMgbeojirikwe\OneDrive - NYC Public Schools\Desktop\Java\games\dontjumpinlava\system\fxgl.bundle
08:49:42.544 [FXGL Background Thread 1 ] DEBUG SystemBundleService  - Bundle FXGL: {}
08:49:42.544 [FXGL Background Thread 1 ] DEBUG UpdaterService       - Checking for updates
08:49:42.548 [FXGL Background Thread 4 ] DEBUG FXGLApplication      - Loading fonts
08:49:42.548 [FXGL Background Thread 4 ] DEBUG FXGLAssetLoaderServi - Loading from file system: jar:file:/C:/Users/MichaelMgbeojirikwe/.m2/repository/com/github/almasb/fxgl/21.1/fxgl-21.1.jar!/fxglassets/ui/fonts/VarelaRound-Regular.ttf
08:49:42.549 [FXGL Background Thread 1 ] DEBUG FXGLApplication      - Loading default localization
08:49:42.550 [FXGL Background Thread 1 ] DEBUG FXGLAssetLoaderServi - Loading from file system: jar:file:/C:/Users/MichaelMgbeojirikwe/.m2/repository/com/github/almasb/fxgl/21.1/fxgl-21.1.jar!/fxglassets/languages/english.lang
08:49:42.587 [FXGL Background Thread 1 ] INFO  FXGLApplication      - FXGL initialization took: 0.330 sec
08:49:42.588 [FXGL Background Thread 4 ] DEBUG FXGLAssetLoaderServi - Loading from file system: jar:file:/C:/Users/MichaelMgbeojirikwe/.m2/repository/com/github/almasb/fxgl/21.1/fxgl-21.1.jar!/fxglassets/ui/fonts/Abel-Regular.ttf
08:49:42.588 [JavaFX Application Thread] DEBUG FXGLAssetLoaderServi - Loading from file system: jar:file:/C:/Users/MichaelMgbeojirikwe/.m2/repository/com/github/almasb/fxgl/21.1/fxgl-21.1.jar!/fxglassets/textures/fxgl_icon.png
08:49:42.592 [FXGL Background Thread 4 ] DEBUG FXGLAssetLoaderServi - Loading from file system: jar:file:/C:/Users/MichaelMgbeojirikwe/.m2/repository/com/github/almasb/fxgl/21.1/fxgl-21.1.jar!/fxglassets/ui/fonts/TerminalLandMono-Regular.otf
08:49:42.597 [FXGL Background Thread 4 ] DEBUG FXGLAssetLoaderServi - Loading from file system: jar:file:/C:/Users/MichaelMgbeojirikwe/.m2/repository/com/github/almasb/fxgl/21.1/fxgl-21.1.jar!/fxglassets/ui/fonts/Courier-Prime.ttf
08:49:42.600 [JavaFX Application Thread] DEBUG FXGLAssetLoaderServi - Loading from file system: jar:file:/C:/Users/MichaelMgbeojirikwe/.m2/repository/com/github/almasb/fxgl/21.1/fxgl-21.1.jar!/fxglassets/textures/fxgl_default_cursor.png
08:49:42.610 [JavaFX Application Thread] DEBUG Input                - Registered new binding: Screenshot - CTRL+8
08:49:42.610 [JavaFX Application Thread] DEBUG Input                - Registered new binding: System info dump - CTRL+9
08:49:42.611 [JavaFX Application Thread] DEBUG Input                - Registered new binding: Restart - CTRL+R
08:49:42.611 [JavaFX Application Thread] DEBUG Input                - Registered new binding: Toggle Debug Camera - CTRL+7
08:49:42.613 [JavaFX Application Thread] DEBUG LoopRunner           - Starting loop
08:49:42.613 [JavaFX Application Thread] DEBUG LoopRunner           - Initializing JavaFX AnimationTimerLoop
08:49:42.614 [JavaFX Application Thread] DEBUG GameApplicationServi - Starting new game
08:49:42.614 [JavaFX Application Thread] DEBUG Input                - Clearing active input actions
08:49:42.626 [JavaFX Application Thread] DEBUG GameApplicationServi - Removing overlay from FXGLStartupScene and adding to FXGLLoadingScene
08:49:42.626 [JavaFX Application Thread] DEBUG PrimaryStageWindow   - FXGLStartupScene -> FXGLLoadingScene
08:49:42.626 [JavaFX Application Thread] DEBUG GameApplicationServi - Clearing previous game
08:49:42.626 [JavaFX Application Thread] DEBUG GameScene            - Clearing game scene
08:49:42.626 [JavaFX Application Thread] DEBUG GameWorld            - Clearing game world
08:49:42.627 [JavaFX Application Thread] DEBUG PhysicsWorld         - Clearing physics world
08:49:42.629 [FXGL Background Thread 4 ] DEBUG FXGLApplication      - Initializing game
08:49:42.629 [JavaFX Application Thread] DEBUG FXGLApplication      - Registering font factories with UI factory
08:49:43.079 [FXGL Background Thread 4 ] INFO  FXGLApplication      - Game initialization took: 0.450 sec
08:49:43.088 [JavaFX Application Thread] DEBUG Input                - Clearing active input actions
08:49:43.099 [JavaFX Application Thread] DEBUG GameApplicationServi - Removing overlay from FXGLLoadingScene and adding to GameScene
08:49:43.099 [JavaFX Application Thread] DEBUG PrimaryStageWindow   - FXGLLoadingScene -> GameScene
08:49:44.240 [JavaFX Application Thread] DEBUG FXGLApplication      - Exiting FXGL
08:49:44.240 [JavaFX Application Thread] DEBUG LoopRunner           - Stopping loop
08:49:44.240 [JavaFX Application Thread] DEBUG SystemBundleService  - Saving FXGL system data
08:49:44.244 [JavaFX Application Thread] DEBUG FileSystemAccess     - Writing to: C:\Users\MichaelMgbeojirikwe\OneDrive - NYC Public Schools\Desktop\Java\games\dontjumpinlava\system\fxgl.bundle
08:49:44.247 [JavaFX Application Thread] DEBUG Async                - Shutting down background threads
08:49:44.247 [JavaFX Application Thread] DEBUG PrimaryStageWindow   - Closing main window
08:49:44.258 [JavaFX Application Thread] DEBUG Logger               - Closing Logger
