09:16:01.198 [main                     ] DEBUG Logger               - Configured Logger
09:16:01.216 [main                     ] DEBUG GameApplication      - Logging settings
Title: Don't Jump in Lava
Version: 0.0
Width: 960
Height: 540
Fullscreen: false
Intro: false
Profiling: false
Single step:false
App Mode: DEVELOPER
Menu Key: ESCAPE
Stage Style: DECORATED
Scene Factory: class com.almasb.fxgl.app.scene.SceneFactory

09:16:01.571 [JavaFX Application Thread] DEBUG FXGLApplication      - Initializing FXGL
09:16:01.573 [JavaFX Application Thread] INFO  Engine               - FXGL-21+dev-SNAPSHOT (26.03.2024 21.04) on WINDOWS (J:21.0.6 FX:21)
09:16:01.573 [JavaFX Application Thread] DEBUG Engine               - JRE Vendor Name: Oracle Corporation
09:16:01.574 [JavaFX Application Thread] DEBUG Engine               - Running on OS: Windows 11 version 10.0
09:16:01.574 [JavaFX Application Thread] DEBUG Engine               - Architecture: amd64
09:16:01.574 [JavaFX Application Thread] INFO  Engine               - Source code and latest versions at: https://github.com/AlmasB/FXGL
09:16:01.574 [JavaFX Application Thread] INFO  Engine               -       Ask questions and discuss at: https://github.com/AlmasB/FXGL/discussions
09:16:01.574 [JavaFX Application Thread] INFO  Engine               -              Join the FXGL chat at: https://gitter.im/AlmasB/FXGL
09:16:01.634 [JavaFX Application Thread] DEBUG PrimaryStageWindow   - Creating a JavaFX scene
09:16:01.667 [JavaFX Application Thread] DEBUG PrimaryStageWindow   - Target settings size: 960.0 x 540.0
09:16:01.667 [JavaFX Application Thread] DEBUG PrimaryStageWindow   - Scaled scene size:    960.0 x 540.0
09:16:01.667 [JavaFX Application Thread] DEBUG PrimaryStageWindow   - Scaled ratio: (1.0, 1.0)
09:16:01.668 [JavaFX Application Thread] DEBUG PrimaryStageWindow   - Set initial scene to FXGLStartupScene
09:16:01.670 [JavaFX Application Thread] DEBUG PrimaryStageWindow   - Opening main window
09:16:01.728 [JavaFX Application Thread] DEBUG PrimaryStageWindow   - Window border size: (16.0, 39.0)
09:16:01.728 [JavaFX Application Thread] DEBUG PrimaryStageWindow   - Scaled size: 960.0 x 540.0
09:16:01.728 [JavaFX Application Thread] DEBUG PrimaryStageWindow   - Scaled ratio: (1.0, 1.0)
09:16:01.729 [JavaFX Application Thread] DEBUG PrimaryStageWindow   - Scene size: 960.0 x 540.0
09:16:01.729 [JavaFX Application Thread] DEBUG PrimaryStageWindow   - Stage size: 976.0 x 579.0
09:16:01.733 [FXGL Background Thread 1 ] DEBUG Engine               - Initializing environment variables
09:16:01.769 [FXGL Background Thread 1 ] DEBUG FXGLAssetLoaderServi - User app class for loading assets: class com.dontjumpinlava.Main
09:16:01.769 [FXGL Background Thread 1 ] DEBUG GameApplicationServi - Applying CSS: fxgl_dark.css
09:16:01.769 [FXGL Background Thread 1 ] DEBUG FXGLAssetLoaderServi - Loading from file system: jar:file:/C:/Users/MichaelMgbeojirikwe/.m2/repository/com/github/almasb/fxgl/fxgl/21.1/fxgl-21.1.jar!/fxglassets/ui/css/fxgl_dark.css
09:16:01.797 [FXGL Background Thread 1 ] DEBUG GameApplicationServi - Initializing application scenes
09:16:01.837 [FXGL Background Thread 1 ] DEBUG GameWorld            - Game world initialized
09:16:01.887 [FXGL Background Thread 1 ] DEBUG PhysicsWorld         - Physics world initialized: appHeight=540, physics.ppm=50.0
09:16:01.887 [FXGL Background Thread 1 ] DEBUG PhysicsWorld         - Using strategy: BRUTE_FORCE
09:16:01.890 [FXGL Background Thread 1 ] DEBUG GameScene            - Game scene initialized: 960x540
09:16:01.897 [FXGL Background Thread 1 ] WARN  FXGL.DefaultMenu     - FXGLDefaultMenu is not designed for resolutions < 800x600
09:16:01.897 [FXGL Background Thread 1 ] DEBUG FXGL.DefaultMenu     - createMenuBodyGameMenu()
09:16:01.907 [FXGL Background Thread 1 ] DEBUG FXGL.DefaultMenu     - createOptionsMenu()
09:16:01.918 [FXGL Background Thread 1 ] DEBUG FXGLAssetLoaderServi - Loading from file system: jar:file:/C:/Users/MichaelMgbeojirikwe/.m2/repository/com/github/almasb/fxgl/fxgl/21.1/fxgl-21.1.jar!/fxglassets/textures/particles/smoke.png
09:16:01.995 [FXGL Background Thread 1 ] DEBUG FXGLAssetLoaderServi - Loading from file system: jar:file:/C:/Users/MichaelMgbeojirikwe/.m2/repository/com/github/almasb/fxgl/fxgl/21.1/fxgl-21.1.jar!/fxglassets/textures/particles/trace_horizontal.png
09:16:02.013 [FXGL Background Thread 1 ] DEBUG GameApplicationServi - Application scenes initialized
09:16:02.022 [FXGL Background Thread 1 ] DEBUG SystemBundleService  - Loading FXGL system data
09:16:02.024 [FXGL Background Thread 1 ] DEBUG FileSystemAccess     - Reading from: C:\Users\MichaelMgbeojirikwe\OneDrive - NYC Public Schools\Desktop\Java\games\dontjumpinlava\system\fxgl.bundle
09:16:02.030 [FXGL Background Thread 1 ] DEBUG SystemBundleService  - Bundle FXGL: {}
09:16:02.030 [FXGL Background Thread 1 ] DEBUG UpdaterService       - Checking for updates
09:16:02.033 [FXGL Background Thread 4 ] DEBUG FXGLApplication      - Loading fonts
09:16:02.033 [FXGL Background Thread 4 ] DEBUG FXGLAssetLoaderServi - Loading from file system: jar:file:/C:/Users/MichaelMgbeojirikwe/.m2/repository/com/github/almasb/fxgl/fxgl/21.1/fxgl-21.1.jar!/fxglassets/ui/fonts/VarelaRound-Regular.ttf
09:16:02.034 [FXGL Background Thread 1 ] DEBUG FXGLApplication      - Loading default localization
09:16:02.034 [FXGL Background Thread 1 ] DEBUG FXGLAssetLoaderServi - Loading from file system: jar:file:/C:/Users/MichaelMgbeojirikwe/.m2/repository/com/github/almasb/fxgl/fxgl/21.1/fxgl-21.1.jar!/fxglassets/languages/english.lang
09:16:02.052 [FXGL Background Thread 1 ] INFO  FXGLApplication      - FXGL initialization took: 0.318 sec
09:16:02.064 [JavaFX Application Thread] DEBUG Input                - Registered new binding: Right - Right
09:16:02.064 [JavaFX Application Thread] DEBUG Input                - Registered new binding: Left - Left
09:16:02.064 [JavaFX Application Thread] DEBUG Input                - Registered new binding: Up - Up
09:16:02.064 [JavaFX Application Thread] DEBUG Input                - Registered new binding: Down - Down
09:16:02.065 [JavaFX Application Thread] DEBUG FXGLAssetLoaderServi - Loading from file system: jar:file:/C:/Users/MichaelMgbeojirikwe/.m2/repository/com/github/almasb/fxgl/fxgl/21.1/fxgl-21.1.jar!/fxglassets/textures/fxgl_icon.png
09:16:02.069 [FXGL Background Thread 4 ] DEBUG FXGLAssetLoaderServi - Loading from file system: jar:file:/C:/Users/MichaelMgbeojirikwe/.m2/repository/com/github/almasb/fxgl/fxgl/21.1/fxgl-21.1.jar!/fxglassets/ui/fonts/Abel-Regular.ttf
09:16:02.073 [FXGL Background Thread 4 ] DEBUG FXGLAssetLoaderServi - Loading from file system: jar:file:/C:/Users/MichaelMgbeojirikwe/.m2/repository/com/github/almasb/fxgl/fxgl/21.1/fxgl-21.1.jar!/fxglassets/ui/fonts/TerminalLandMono-Regular.otf
09:16:02.077 [JavaFX Application Thread] DEBUG FXGLAssetLoaderServi - Loading from file system: jar:file:/C:/Users/MichaelMgbeojirikwe/.m2/repository/com/github/almasb/fxgl/fxgl/21.1/fxgl-21.1.jar!/fxglassets/textures/fxgl_default_cursor.png
09:16:02.078 [FXGL Background Thread 4 ] DEBUG FXGLAssetLoaderServi - Loading from file system: jar:file:/C:/Users/MichaelMgbeojirikwe/.m2/repository/com/github/almasb/fxgl/fxgl/21.1/fxgl-21.1.jar!/fxglassets/ui/fonts/Courier-Prime.ttf
09:16:02.080 [JavaFX Application Thread] DEBUG Input                - Registered new binding: Screenshot - CTRL+8
09:16:02.081 [JavaFX Application Thread] DEBUG Input                - Registered new binding: System info dump - CTRL+9
09:16:02.081 [JavaFX Application Thread] DEBUG Input                - Registered new binding: Restart - CTRL+R
09:16:02.082 [JavaFX Application Thread] DEBUG Input                - Registered new binding: Toggle Debug Camera - CTRL+7
09:16:02.087 [JavaFX Application Thread] DEBUG LoopRunner           - Starting loop
09:16:02.088 [JavaFX Application Thread] DEBUG LoopRunner           - Initializing JavaFX AnimationTimerLoop
09:16:02.090 [JavaFX Application Thread] DEBUG GameApplicationServi - Starting new game
09:16:02.091 [JavaFX Application Thread] DEBUG Input                - Clearing active input actions
09:16:02.104 [JavaFX Application Thread] DEBUG GameApplicationServi - Removing overlay from FXGLStartupScene and adding to FXGLLoadingScene
09:16:02.105 [JavaFX Application Thread] DEBUG PrimaryStageWindow   - FXGLStartupScene -> FXGLLoadingScene
09:16:02.105 [JavaFX Application Thread] DEBUG GameApplicationServi - Clearing previous game
09:16:02.105 [JavaFX Application Thread] DEBUG GameScene            - Clearing game scene
09:16:02.105 [JavaFX Application Thread] DEBUG GameWorld            - Clearing game world
09:16:02.105 [JavaFX Application Thread] DEBUG PhysicsWorld         - Clearing physics world
09:16:02.106 [FXGL Background Thread 4 ] DEBUG FXGLApplication      - Initializing game
09:16:02.106 [JavaFX Application Thread] DEBUG FXGLApplication      - Registering font factories with UI factory
09:16:02.505 [FXGL Background Thread 2 ] INFO  UpdaterService       - Your current version:  21+dev-SNAPSHOT
09:16:02.505 [FXGL Background Thread 2 ] INFO  UpdaterService       - Latest stable version: 21.1
09:16:02.591 [FXGL Background Thread 4 ] INFO  FXGLApplication      - Game initialization took: 0.484 sec
09:16:02.598 [JavaFX Application Thread] DEBUG Input                - Clearing active input actions
09:16:02.613 [JavaFX Application Thread] DEBUG GameApplicationServi - Removing overlay from FXGLLoadingScene and adding to GameScene
09:16:02.614 [JavaFX Application Thread] DEBUG PrimaryStageWindow   - FXGLLoadingScene -> GameScene
09:16:05.034 [FXGL Background Thread 3 ] DEBUG Engine               - Logging environment variables
09:16:05.034 [FXGL Background Thread 3 ] DEBUG Engine               - achievements: []
09:16:05.035 [FXGL Background Thread 3 ] DEBUG Engine               - actualHeight: 540.0
09:16:05.035 [FXGL Background Thread 3 ] DEBUG Engine               - actualHeightProperty: ReadOnlyDoubleProperty [value: 540.0]
09:16:05.035 [FXGL Background Thread 3 ] DEBUG Engine               - actualWidth: 960.0
09:16:05.035 [FXGL Background Thread 3 ] DEBUG Engine               - actualWidthProperty: ReadOnlyDoubleProperty [value: 960.0]
09:16:05.035 [FXGL Background Thread 3 ] DEBUG Engine               - appIcon: fxgl_icon.png
09:16:05.035 [FXGL Background Thread 3 ] DEBUG Engine               - applicationMode: DEVELOPER
09:16:05.035 [FXGL Background Thread 3 ] DEBUG Engine               - cSSList: [fxgl_dark.css]
09:16:05.035 [FXGL Background Thread 3 ] DEBUG Engine               - collisionDetectionStrategy: BRUTE_FORCE
09:16:05.035 [FXGL Background Thread 3 ] DEBUG Engine               - configClass: Optional.empty
09:16:05.035 [FXGL Background Thread 3 ] DEBUG Engine               - credits: []
09:16:05.036 [FXGL Background Thread 3 ] DEBUG Engine               - defaultCursor: CursorInfo(imageName=fxgl_default_cursor.png, hotspotX=7.0, hotspotY=6.0)
09:16:05.036 [FXGL Background Thread 3 ] DEBUG Engine               - devBBoxColorProperty: ObjectProperty [value: 0xff0000ff]
09:16:05.036 [FXGL Background Thread 3 ] DEBUG Engine               - devEnableDebugCameraProperty: BooleanProperty [value: false]
09:16:05.036 [FXGL Background Thread 3 ] DEBUG Engine               - devSensorColorProperty: ObjectProperty [value: 0xffff00ff]
09:16:05.036 [FXGL Background Thread 3 ] DEBUG Engine               - devShowBBoxProperty: BooleanProperty [value: false]
09:16:05.036 [FXGL Background Thread 3 ] DEBUG Engine               - devShowPositionProperty: BooleanProperty [value: false]
09:16:05.036 [FXGL Background Thread 3 ] DEBUG Engine               - enabledMenuItems: []
09:16:05.036 [FXGL Background Thread 3 ] DEBUG Engine               - engineServices: [class com.almasb.fxgl.app.services.FXGLAssetLoaderService, class com.almasb.fxgl.app.FXGLApplication$GameApplicationService, class com.almasb.fxgl.app.services.FXGLDialogService, class com.almasb.fxgl.app.services.IOTaskExecutorService, class com.almasb.fxgl.io.FileSystemService, class com.almasb.fxgl.localization.LocalizationService, class com.almasb.fxgl.app.services.SystemBundleService, class com.almasb.fxgl.profile.SaveLoadService, class com.almasb.fxgl.ui.FXGLUIFactoryServiceProvider, class com.almasb.fxgl.ui.FXGLDialogFactoryServiceProvider, class com.almasb.fxgl.audio.AudioPlayer, class com.almasb.fxgl.notification.impl.NotificationServiceProvider, class com.almasb.fxgl.achievement.AchievementService, class com.almasb.fxgl.cutscene.CutsceneService, class com.almasb.fxgl.minigames.MiniGameService, class com.almasb.fxgl.net.NetService, class com.almasb.fxgl.app.services.UpdaterService, class com.almasb.fxgl.dev.DevService]
09:16:05.036 [FXGL Background Thread 3 ] DEBUG Engine               - fontGame: Abel-Regular.ttf
09:16:05.036 [FXGL Background Thread 3 ] DEBUG Engine               - fontMono: TerminalLandMono-Regular.otf
09:16:05.037 [FXGL Background Thread 3 ] DEBUG Engine               - fontSizeScaleUI: 1.0
09:16:05.037 [FXGL Background Thread 3 ] DEBUG Engine               - fontText: Courier-Prime.ttf
09:16:05.037 [FXGL Background Thread 3 ] DEBUG Engine               - fontUI: VarelaRound-Regular.ttf
09:16:05.037 [FXGL Background Thread 3 ] DEBUG Engine               - fullScreen: BooleanProperty [value: false]
09:16:05.037 [FXGL Background Thread 3 ] DEBUG Engine               - gameDifficulty: MEDIUM
09:16:05.037 [FXGL Background Thread 3 ] DEBUG Engine               - gameDifficultyProperty: ObjectProperty [value: MEDIUM]
09:16:05.037 [FXGL Background Thread 3 ] DEBUG Engine               - globalMusicVolume: 0.5
09:16:05.037 [FXGL Background Thread 3 ] DEBUG Engine               - globalMusicVolumeProperty: DoubleProperty [value: 0.5]
09:16:05.037 [FXGL Background Thread 3 ] DEBUG Engine               - globalSoundVolume: 0.5
09:16:05.037 [FXGL Background Thread 3 ] DEBUG Engine               - globalSoundVolumeProperty: DoubleProperty [value: 0.5]
09:16:05.037 [FXGL Background Thread 3 ] DEBUG Engine               - height: 540
09:16:05.037 [FXGL Background Thread 3 ] DEBUG Engine               - is3D: false
09:16:05.037 [FXGL Background Thread 3 ] DEBUG Engine               - isAndroid: false
09:16:05.037 [FXGL Background Thread 3 ] DEBUG Engine               - isBrowser: false
09:16:05.037 [FXGL Background Thread 3 ] DEBUG Engine               - isClickFeedbackEnabled: false
09:16:05.037 [FXGL Background Thread 3 ] DEBUG Engine               - isCloseConfirmation: false
09:16:05.037 [FXGL Background Thread 3 ] DEBUG Engine               - isDesktop: true
09:16:05.037 [FXGL Background Thread 3 ] DEBUG Engine               - isDeveloperMenuEnabled: false
09:16:05.037 [FXGL Background Thread 3 ] DEBUG Engine               - isEmbedded: false
09:16:05.037 [FXGL Background Thread 3 ] DEBUG Engine               - isEntityPreloadEnabled: true
09:16:05.037 [FXGL Background Thread 3 ] DEBUG Engine               - isExperimentalTiledLargeMap: false
09:16:05.037 [FXGL Background Thread 3 ] DEBUG Engine               - isFileSystemWriteAllowed: true
09:16:05.037 [FXGL Background Thread 3 ] DEBUG Engine               - isFullScreenAllowed: false
09:16:05.037 [FXGL Background Thread 3 ] DEBUG Engine               - isFullScreenFromStart: false
09:16:05.037 [FXGL Background Thread 3 ] DEBUG Engine               - isGameMenuEnabled: true
09:16:05.037 [FXGL Background Thread 3 ] DEBUG Engine               - isIOS: false
09:16:05.037 [FXGL Background Thread 3 ] DEBUG Engine               - isIntroEnabled: false
09:16:05.037 [FXGL Background Thread 3 ] DEBUG Engine               - isLinux: false
09:16:05.037 [FXGL Background Thread 3 ] DEBUG Engine               - isMac: false
09:16:05.037 [FXGL Background Thread 3 ] DEBUG Engine               - isMainMenuEnabled: false
09:16:05.037 [FXGL Background Thread 3 ] DEBUG Engine               - isManualResizeEnabled: false
09:16:05.037 [FXGL Background Thread 3 ] DEBUG Engine               - isMobile: false
09:16:05.038 [FXGL Background Thread 3 ] DEBUG Engine               - isNative: false
09:16:05.038 [FXGL Background Thread 3 ] DEBUG Engine               - isPauseMusicWhenMinimized: true
09:16:05.038 [FXGL Background Thread 3 ] DEBUG Engine               - isPreserveResizeRatio: false
09:16:05.038 [FXGL Background Thread 3 ] DEBUG Engine               - isProfilingEnabled: false
09:16:05.038 [FXGL Background Thread 3 ] DEBUG Engine               - isScaleAffectedOnResize: true
09:16:05.038 [FXGL Background Thread 3 ] DEBUG Engine               - isSingleStep: false
09:16:05.038 [FXGL Background Thread 3 ] DEBUG Engine               - isUserProfileEnabled: false
09:16:05.038 [FXGL Background Thread 3 ] DEBUG Engine               - isWindows: true
09:16:05.038 [FXGL Background Thread 3 ] DEBUG Engine               - language: ObjectProperty [value: ENGLISH]
09:16:05.038 [FXGL Background Thread 3 ] DEBUG Engine               - menuKey: ESCAPE
09:16:05.038 [FXGL Background Thread 3 ] DEBUG Engine               - mouseSensitivity: 0.2
09:16:05.038 [FXGL Background Thread 3 ] DEBUG Engine               - notificationViewClass: class com.almasb.fxgl.notification.view.XboxNotificationView
09:16:05.038 [FXGL Background Thread 3 ] DEBUG Engine               - pixelsPerMeter: 50.0
09:16:05.038 [FXGL Background Thread 3 ] DEBUG Engine               - platform: WINDOWS
09:16:05.038 [FXGL Background Thread 3 ] DEBUG Engine               - prefHeightProperty: ReadOnlyDoubleProperty [value: 540.0]
09:16:05.038 [FXGL Background Thread 3 ] DEBUG Engine               - prefWidthProperty: ReadOnlyDoubleProperty [value: 960.0]
09:16:05.038 [FXGL Background Thread 3 ] DEBUG Engine               - profileDir: profiles/
09:16:05.038 [FXGL Background Thread 3 ] DEBUG Engine               - profileName: StringProperty [value: DEFAULT]
09:16:05.038 [FXGL Background Thread 3 ] DEBUG Engine               - randomSeed: -1
09:16:05.038 [FXGL Background Thread 3 ] DEBUG Engine               - runtimeInfo: RuntimeInfo(platform=WINDOWS, version=21+dev-SNAPSHOT, build=26.03.2024 21.04)
09:16:05.038 [FXGL Background Thread 3 ] DEBUG Engine               - saveFileExt: sav
09:16:05.038 [FXGL Background Thread 3 ] DEBUG Engine               - scaledHeightProp$fxgl: DoubleProperty [bound, value: 540.0]
09:16:05.038 [FXGL Background Thread 3 ] DEBUG Engine               - scaledWidthProp$fxgl: DoubleProperty [bound, value: 960.0]
09:16:05.038 [FXGL Background Thread 3 ] DEBUG Engine               - sceneFactory: com.almasb.fxgl.app.scene.SceneFactory@3dd1bac4
09:16:05.038 [FXGL Background Thread 3 ] DEBUG Engine               - secondsIn24h: 60
09:16:05.038 [FXGL Background Thread 3 ] DEBUG Engine               - soundMenuBack: menu/back.wav
09:16:05.038 [FXGL Background Thread 3 ] DEBUG Engine               - soundMenuPress: menu/press.wav
09:16:05.038 [FXGL Background Thread 3 ] DEBUG Engine               - soundMenuSelect: menu/select.wav
09:16:05.038 [FXGL Background Thread 3 ] DEBUG Engine               - soundNotification: core/notification.wav
09:16:05.038 [FXGL Background Thread 3 ] DEBUG Engine               - stageStyle: DECORATED
09:16:05.038 [FXGL Background Thread 3 ] DEBUG Engine               - supportedLanguages: [ENGLISH, FRENCH, GERMAN, HUNGARIAN, RUSSIAN]
09:16:05.038 [FXGL Background Thread 3 ] DEBUG Engine               - ticksPerSecond: -1
09:16:05.038 [FXGL Background Thread 3 ] DEBUG Engine               - title: Don't Jump in Lava
09:16:05.038 [FXGL Background Thread 3 ] DEBUG Engine               - urlGithub: https://github.com/AlmasB/FXGL
09:16:05.038 [FXGL Background Thread 3 ] DEBUG Engine               - urlLeaderboard: http://fxgl-top.herokuapp.com/
09:16:05.038 [FXGL Background Thread 3 ] DEBUG Engine               - urlPOM: https://raw.githubusercontent.com/AlmasB/FXGL/release/README.md
09:16:05.038 [FXGL Background Thread 3 ] DEBUG Engine               - userAppClass: class com.dontjumpinlava.Main
09:16:05.038 [FXGL Background Thread 3 ] DEBUG Engine               - version: 0.0
09:16:05.038 [FXGL Background Thread 3 ] DEBUG Engine               - versionCheckDays: 7
09:16:05.038 [FXGL Background Thread 3 ] DEBUG Engine               - width: 960
09:16:05.038 [FXGL Background Thread 3 ] DEBUG Engine               - Logging services
09:16:05.038 [FXGL Background Thread 3 ] DEBUG Engine               - class com.almasb.fxgl.app.services.FXGLAssetLoaderService
09:16:05.038 [FXGL Background Thread 3 ] DEBUG Engine               - class com.almasb.fxgl.app.FXGLApplication$GameApplicationService
09:16:05.038 [FXGL Background Thread 3 ] DEBUG Engine               - class com.almasb.fxgl.app.services.FXGLDialogService
09:16:05.038 [FXGL Background Thread 3 ] DEBUG Engine               - class com.almasb.fxgl.app.services.IOTaskExecutorService
09:16:05.038 [FXGL Background Thread 3 ] DEBUG Engine               - class com.almasb.fxgl.io.FileSystemService
09:16:05.039 [FXGL Background Thread 3 ] DEBUG Engine               - class com.almasb.fxgl.localization.LocalizationService
09:16:05.039 [FXGL Background Thread 3 ] DEBUG Engine               - class com.almasb.fxgl.app.services.SystemBundleService
09:16:05.039 [FXGL Background Thread 3 ] DEBUG Engine               - class com.almasb.fxgl.profile.SaveLoadService
09:16:05.039 [FXGL Background Thread 3 ] DEBUG Engine               - class com.almasb.fxgl.ui.FXGLUIFactoryServiceProvider
09:16:05.039 [FXGL Background Thread 3 ] DEBUG Engine               - class com.almasb.fxgl.ui.FXGLDialogFactoryServiceProvider
09:16:05.039 [FXGL Background Thread 3 ] DEBUG Engine               - class com.almasb.fxgl.audio.AudioPlayer
09:16:05.039 [FXGL Background Thread 3 ] DEBUG Engine               - class com.almasb.fxgl.notification.impl.NotificationServiceProvider
09:16:05.039 [FXGL Background Thread 3 ] DEBUG Engine               - class com.almasb.fxgl.achievement.AchievementService
09:16:05.039 [FXGL Background Thread 3 ] DEBUG Engine               - class com.almasb.fxgl.cutscene.CutsceneService
09:16:05.039 [FXGL Background Thread 3 ] DEBUG Engine               - class com.almasb.fxgl.minigames.MiniGameService
09:16:05.039 [FXGL Background Thread 3 ] DEBUG Engine               - class com.almasb.fxgl.net.NetService
09:16:05.039 [FXGL Background Thread 3 ] DEBUG Engine               - class com.almasb.fxgl.app.services.UpdaterService
09:16:05.039 [FXGL Background Thread 3 ] DEBUG Engine               - class com.almasb.fxgl.dev.DevService
09:16:32.222 [JavaFX Application Thread] DEBUG FXGLApplication      - Exiting FXGL
09:16:32.223 [JavaFX Application Thread] DEBUG LoopRunner           - Stopping loop
09:16:32.223 [JavaFX Application Thread] DEBUG SystemBundleService  - Saving FXGL system data
09:16:32.228 [JavaFX Application Thread] DEBUG FileSystemAccess     - Writing to: C:\Users\MichaelMgbeojirikwe\OneDrive - NYC Public Schools\Desktop\Java\games\dontjumpinlava\system\fxgl.bundle
09:16:32.232 [JavaFX Application Thread] DEBUG Async                - Shutting down background threads
09:16:32.232 [JavaFX Application Thread] DEBUG PrimaryStageWindow   - Closing main window
09:16:32.243 [JavaFX Application Thread] DEBUG Logger               - Closing Logger
