09:01:16.543 [main                     ] DEBUG Logger               - Configured Logger
09:01:16.562 [main                     ] DEBUG GameApplication      - Logging settings
Title: Don't Jump in Lava
Version: 0.0
Width: 960
Height: 540
Fullscreen: false
Intro: false
Profiling: false
Single step:false
App Mode: DEVELOPER
Menu Key: ESCAPE
Stage Style: DECORATED
Scene Factory: class com.almasb.fxgl.app.scene.SceneFactory

09:01:16.921 [JavaFX Application Thread] DEBUG FXGLApplication      - Initializing FXGL
09:01:16.923 [JavaFX Application Thread] INFO  Engine               - FXGL-21+dev-SNAPSHOT (26.03.2024 21.04) on WINDOWS (J:21.0.6 FX:21)
09:01:16.923 [JavaFX Application Thread] DEBUG Engine               - JRE Vendor Name: Oracle Corporation
09:01:16.924 [JavaFX Application Thread] DEBUG Engine               - Running on OS: Windows 11 version 10.0
09:01:16.924 [JavaFX Application Thread] DEBUG Engine               - Architecture: amd64
09:01:16.924 [JavaFX Application Thread] INFO  Engine               - Source code and latest versions at: https://github.com/AlmasB/FXGL
09:01:16.924 [JavaFX Application Thread] INFO  Engine               -       Ask questions and discuss at: https://github.com/AlmasB/FXGL/discussions
09:01:16.924 [JavaFX Application Thread] INFO  Engine               -              Join the FXGL chat at: https://gitter.im/AlmasB/FXGL
09:01:16.987 [JavaFX Application Thread] DEBUG PrimaryStageWindow   - Creating a JavaFX scene
09:01:17.021 [JavaFX Application Thread] DEBUG PrimaryStageWindow   - Target settings size: 960.0 x 540.0
09:01:17.021 [JavaFX Application Thread] DEBUG PrimaryStageWindow   - Scaled scene size:    960.0 x 540.0
09:01:17.021 [JavaFX Application Thread] DEBUG PrimaryStageWindow   - Scaled ratio: (1.0, 1.0)
09:01:17.022 [JavaFX Application Thread] DEBUG PrimaryStageWindow   - Set initial scene to FXGLStartupScene
09:01:17.024 [JavaFX Application Thread] DEBUG PrimaryStageWindow   - Opening main window
09:01:17.086 [JavaFX Application Thread] DEBUG PrimaryStageWindow   - Window border size: (16.0, 39.0)
09:01:17.086 [JavaFX Application Thread] DEBUG PrimaryStageWindow   - Scaled size: 960.0 x 540.0
09:01:17.086 [JavaFX Application Thread] DEBUG PrimaryStageWindow   - Scaled ratio: (1.0, 1.0)
09:01:17.087 [JavaFX Application Thread] DEBUG PrimaryStageWindow   - Scene size: 960.0 x 540.0
09:01:17.087 [JavaFX Application Thread] DEBUG PrimaryStageWindow   - Stage size: 976.0 x 579.0
09:01:17.092 [FXGL Background Thread 1 ] DEBUG Engine               - Initializing environment variables
09:01:17.126 [FXGL Background Thread 1 ] DEBUG FXGLAssetLoaderServi - User app class for loading assets: class com.dontjumpinlava.Main
09:01:17.126 [FXGL Background Thread 1 ] DEBUG GameApplicationServi - Applying CSS: fxgl_dark.css
09:01:17.126 [FXGL Background Thread 1 ] DEBUG FXGLAssetLoaderServi - Loading from file system: jar:file:/C:/Users/MichaelMgbeojirikwe/.m2/repository/com/github/almasb/fxgl/fxgl/21.1/fxgl-21.1.jar!/fxglassets/ui/css/fxgl_dark.css
09:01:17.153 [FXGL Background Thread 1 ] DEBUG GameApplicationServi - Initializing application scenes
09:01:17.191 [FXGL Background Thread 1 ] DEBUG GameWorld            - Game world initialized
09:01:17.234 [FXGL Background Thread 1 ] DEBUG PhysicsWorld         - Physics world initialized: appHeight=540, physics.ppm=50.0
09:01:17.234 [FXGL Background Thread 1 ] DEBUG PhysicsWorld         - Using strategy: BRUTE_FORCE
09:01:17.237 [FXGL Background Thread 1 ] DEBUG GameScene            - Game scene initialized: 960x540
09:01:17.244 [FXGL Background Thread 1 ] WARN  FXGL.DefaultMenu     - FXGLDefaultMenu is not designed for resolutions < 800x600
09:01:17.244 [FXGL Background Thread 1 ] DEBUG FXGL.DefaultMenu     - createMenuBodyGameMenu()
09:01:17.253 [FXGL Background Thread 1 ] DEBUG FXGL.DefaultMenu     - createOptionsMenu()
09:01:17.259 [FXGL Background Thread 1 ] DEBUG FXGLAssetLoaderServi - Loading from file system: jar:file:/C:/Users/MichaelMgbeojirikwe/.m2/repository/com/github/almasb/fxgl/fxgl/21.1/fxgl-21.1.jar!/fxglassets/textures/particles/smoke.png
09:01:17.340 [FXGL Background Thread 1 ] DEBUG FXGLAssetLoaderServi - Loading from file system: jar:file:/C:/Users/MichaelMgbeojirikwe/.m2/repository/com/github/almasb/fxgl/fxgl/21.1/fxgl-21.1.jar!/fxglassets/textures/particles/trace_horizontal.png
09:01:17.356 [FXGL Background Thread 1 ] DEBUG GameApplicationServi - Application scenes initialized
09:01:17.365 [FXGL Background Thread 1 ] DEBUG SystemBundleService  - Loading FXGL system data
09:01:17.368 [FXGL Background Thread 1 ] DEBUG FileSystemAccess     - Reading from: C:\Users\MichaelMgbeojirikwe\OneDrive - NYC Public Schools\Desktop\Java\games\dontjumpinlava\system\fxgl.bundle
09:01:17.374 [FXGL Background Thread 1 ] DEBUG SystemBundleService  - Bundle FXGL: {}
09:01:17.374 [FXGL Background Thread 1 ] DEBUG UpdaterService       - Checking for updates
09:01:17.377 [FXGL Background Thread 4 ] DEBUG FXGLApplication      - Loading fonts
09:01:17.378 [FXGL Background Thread 4 ] DEBUG FXGLAssetLoaderServi - Loading from file system: jar:file:/C:/Users/MichaelMgbeojirikwe/.m2/repository/com/github/almasb/fxgl/fxgl/21.1/fxgl-21.1.jar!/fxglassets/ui/fonts/VarelaRound-Regular.ttf
09:01:17.379 [FXGL Background Thread 1 ] DEBUG FXGLApplication      - Loading default localization
09:01:17.379 [FXGL Background Thread 1 ] DEBUG FXGLAssetLoaderServi - Loading from file system: jar:file:/C:/Users/MichaelMgbeojirikwe/.m2/repository/com/github/almasb/fxgl/fxgl/21.1/fxgl-21.1.jar!/fxglassets/languages/english.lang
09:01:17.408 [FXGL Background Thread 4 ] DEBUG FXGLAssetLoaderServi - Loading from file system: jar:file:/C:/Users/MichaelMgbeojirikwe/.m2/repository/com/github/almasb/fxgl/fxgl/21.1/fxgl-21.1.jar!/fxglassets/ui/fonts/Abel-Regular.ttf
09:01:17.412 [FXGL Background Thread 4 ] DEBUG FXGLAssetLoaderServi - Loading from file system: jar:file:/C:/Users/MichaelMgbeojirikwe/.m2/repository/com/github/almasb/fxgl/fxgl/21.1/fxgl-21.1.jar!/fxglassets/ui/fonts/TerminalLandMono-Regular.otf
09:01:17.412 [FXGL Background Thread 1 ] INFO  FXGLApplication      - FXGL initialization took: 0.320 sec
09:01:17.416 [FXGL Background Thread 4 ] DEBUG FXGLAssetLoaderServi - Loading from file system: jar:file:/C:/Users/MichaelMgbeojirikwe/.m2/repository/com/github/almasb/fxgl/fxgl/21.1/fxgl-21.1.jar!/fxglassets/ui/fonts/Courier-Prime.ttf
09:01:17.421 [JavaFX Application Thread] DEBUG Input                - Registered new binding: Up - Up
09:01:17.421 [JavaFX Application Thread] DEBUG Input                - Registered new binding: Right - Right
09:01:17.421 [JavaFX Application Thread] DEBUG Input                - Registered new binding: Left - Left
09:01:17.421 [JavaFX Application Thread] DEBUG Input                - Registered new binding: Down - Down
09:01:17.421 [JavaFX Application Thread] DEBUG Input                - Registered new binding: W - W
09:01:17.421 [JavaFX Application Thread] DEBUG Input                - Registered new binding: A - A
09:01:17.421 [JavaFX Application Thread] DEBUG Input                - Registered new binding: S - S
09:01:17.421 [JavaFX Application Thread] DEBUG Input                - Registered new binding: D - D
09:01:17.421 [JavaFX Application Thread] DEBUG Input                - Registered new binding: E - E
09:01:17.421 [JavaFX Application Thread] DEBUG Input                - Registered new binding: Eyedrop - Q
09:01:17.422 [JavaFX Application Thread] DEBUG Input                - Registered new binding: Space - Space
09:01:17.424 [JavaFX Application Thread] DEBUG Input                - Registered new binding: Click - LMB
09:01:17.424 [JavaFX Application Thread] DEBUG Input                - Registered new binding: Grass - 1
09:01:17.424 [JavaFX Application Thread] DEBUG Input                - Registered new binding: Dirt - 2
09:01:17.424 [JavaFX Application Thread] DEBUG Input                - Registered new binding: Stone - 3
09:01:17.424 [JavaFX Application Thread] DEBUG Input                - Registered new binding: Bedrock - 4
09:01:17.424 [JavaFX Application Thread] DEBUG FXGLAssetLoaderServi - Loading from file system: jar:file:/C:/Users/MichaelMgbeojirikwe/.m2/repository/com/github/almasb/fxgl/fxgl/21.1/fxgl-21.1.jar!/fxglassets/textures/fxgl_icon.png
09:01:17.437 [JavaFX Application Thread] DEBUG FXGLAssetLoaderServi - Loading from file system: jar:file:/C:/Users/MichaelMgbeojirikwe/.m2/repository/com/github/almasb/fxgl/fxgl/21.1/fxgl-21.1.jar!/fxglassets/textures/fxgl_default_cursor.png
09:01:17.440 [JavaFX Application Thread] DEBUG Input                - Registered new binding: Screenshot - CTRL+8
09:01:17.441 [JavaFX Application Thread] DEBUG Input                - Registered new binding: System info dump - CTRL+9
09:01:17.441 [JavaFX Application Thread] DEBUG Input                - Registered new binding: Restart - CTRL+R
09:01:17.442 [JavaFX Application Thread] DEBUG Input                - Registered new binding: Toggle Debug Camera - CTRL+7
09:01:17.449 [JavaFX Application Thread] DEBUG LoopRunner           - Starting loop
09:01:17.449 [JavaFX Application Thread] DEBUG LoopRunner           - Initializing JavaFX AnimationTimerLoop
09:01:17.452 [JavaFX Application Thread] DEBUG GameApplicationServi - Starting new game
09:01:17.453 [JavaFX Application Thread] DEBUG Input                - Clearing active input actions
09:01:17.465 [JavaFX Application Thread] DEBUG GameApplicationServi - Removing overlay from FXGLStartupScene and adding to FXGLLoadingScene
09:01:17.465 [JavaFX Application Thread] DEBUG PrimaryStageWindow   - FXGLStartupScene -> FXGLLoadingScene
09:01:17.465 [JavaFX Application Thread] DEBUG GameApplicationServi - Clearing previous game
09:01:17.465 [JavaFX Application Thread] DEBUG GameScene            - Clearing game scene
09:01:17.465 [JavaFX Application Thread] DEBUG GameWorld            - Clearing game world
09:01:17.465 [JavaFX Application Thread] DEBUG PhysicsWorld         - Clearing physics world
09:01:17.468 [JavaFX Application Thread] DEBUG FXGLApplication      - Registering font factories with UI factory
09:01:17.468 [FXGL Background Thread 4 ] DEBUG FXGLApplication      - Initializing game
09:01:17.929 [FXGL Background Thread 2 ] INFO  UpdaterService       - Your current version:  21+dev-SNAPSHOT
09:01:17.930 [FXGL Background Thread 2 ] INFO  UpdaterService       - Latest stable version: 21.1
09:01:18.019 [FXGL Background Thread 4 ] INFO  FXGLApplication      - Game initialization took: 0.551 sec
09:01:18.029 [JavaFX Application Thread] DEBUG Input                - Clearing active input actions
09:01:18.046 [JavaFX Application Thread] DEBUG GameApplicationServi - Removing overlay from FXGLLoadingScene and adding to GameScene
09:01:18.046 [JavaFX Application Thread] DEBUG PrimaryStageWindow   - FXGLLoadingScene -> GameScene
09:01:19.300 [JavaFX Application Thread] DEBUG FXGLApplication      - Exiting FXGL
09:01:19.300 [JavaFX Application Thread] DEBUG LoopRunner           - Stopping loop
09:01:19.300 [JavaFX Application Thread] DEBUG SystemBundleService  - Saving FXGL system data
09:01:19.304 [JavaFX Application Thread] DEBUG FileSystemAccess     - Writing to: C:\Users\MichaelMgbeojirikwe\OneDrive - NYC Public Schools\Desktop\Java\games\dontjumpinlava\system\fxgl.bundle
09:01:19.308 [JavaFX Application Thread] DEBUG Async                - Shutting down background threads
09:01:19.308 [JavaFX Application Thread] DEBUG PrimaryStageWindow   - Closing main window
09:01:19.322 [JavaFX Application Thread] DEBUG Logger               - Closing Logger
